
           Lattice Mapping Report File for Design Module 'topkey00'


Design Information
------------------

Command line:   map -a MachXO2 -p LCMXO2-7000HE -t TQFP144 -s 4 -oc Commercial
     key00_key00.ngd -o key00_key00_map.ncd -pr key00_key00.prf -mp
     key00_key00.mrp -lpf C:/Users/ELITH/Documents/GitHub/arqui3CM3/key00/key00/
     key00_key00_synplify.lpf -lpf
     C:/Users/ELITH/Documents/GitHub/arqui3CM3/key00/key00.lpf -c 0 -gui -msgset
     C:/Users/ELITH/Documents/GitHub/arqui3CM3/key00/promote.xml 
Target Vendor:  LATTICE
Target Device:  LCMXO2-7000HETQFP144
Target Performance:   4
Mapper:  xo2c00,  version:  Diamond (64-bit) 3.9.1.119
Mapped on:  10/12/17  19:55:20

Design Summary
--------------

   Number of registers:     39 out of  7209 (1%)
      PFU registers:           32 out of  6864 (0%)
      PIO registers:            7 out of   345 (2%)
   Number of SLICEs:        39 out of  3432 (1%)
      SLICEs as Logic/ROM:     39 out of  3432 (1%)
      SLICEs as RAM:            0 out of  2574 (0%)
      SLICEs as Carry:         12 out of  3432 (0%)
   Number of LUT4s:         77 out of  6864 (1%)
      Number used as logic LUTs:         53
      Number used as distributed RAM:     0
      Number used as ripple logic:       24
      Number used as shift registers:     0
   Number of PIO sites used: 25 + 4(JTAG) out of 115 (25%)
   Number of block RAMs:  0 out of 26 (0%)
   Number of GSRs:  0 out of 1 (0%)
   EFB used :       No
   JTAG used :      No
   Readback used :  No
   Oscillator used :  Yes
   Startup used :   No
   POR :            On
   Bandgap :        On
   Number of Power Controller:  0 out of 1 (0%)
   Number of Dynamic Bank Controller (BCINRD):  0 out of 6 (0%)
   Number of Dynamic Bank Controller (BCLVDSO):  0 out of 1 (0%)
   Number of DCCA:  0 out of 8 (0%)
   Number of DCMA:  0 out of 2 (0%)
   Number of PLLs:  0 out of 2 (0%)
   Number of DQSDLLs:  0 out of 2 (0%)
   Number of CLKDIVC:  0 out of 4 (0%)
   Number of ECLKSYNCA:  0 out of 4 (0%)
   Number of ECLKBRIDGECS:  0 out of 2 (0%)
   Notes:-
      1. Total number of LUT4s = (Number of logic LUT4s) + 2*(Number of
     distributed RAMs) + 2*(Number of ripple logic)
      2. Number of logic LUT4s does not include count of distributed RAM and
     ripple logic.
   Number of clocks:  1
     Net K00.sclk_0: 27 loads, 27 rising, 0 falling (Driver: K00/D00/OSCInst0 )
   Number of Clock Enables:  5

                                    Page 1




Design:  topkey00                                      Date:  10/12/17  19:55:20

Design Summary (cont)
---------------------
     Net aux0_RNIR351B: 7 loads, 0 LSLICEs
     Net G_2: 3 loads, 3 LSLICEs
     Net K02/aux3_RNO: 1 loads, 1 LSLICEs
     Net K02/aux2_RNO: 1 loads, 1 LSLICEs
     Net K02/aux1_RNO: 1 loads, 1 LSLICEs
   Number of LSRs:  3
     Net G_4: 2 loads, 2 LSLICEs
     Net K01/fb: 1 loads, 1 LSLICEs
     Net K00/DO1/N_18_i: 12 loads, 12 LSLICEs
   Number of nets driven by tri-state buffers:  0
   Top 10 highest fanout non-clock nets:
     Net outr0_c[1]: 14 loads
     Net K00/DO1/N_18_i: 12 loads
     Net outr0_c[2]: 12 loads
     Net inkey0_c[1]: 11 loads
     Net outr0_c[0]: 11 loads
     Net outr0_c[3]: 10 loads
     Net G_2: 9 loads
     Net inkey0_c[3]: 9 loads
     Net cdiv0_c[3]: 8 loads
     Net inkey0_c[2]: 8 loads




   Number of warnings:  0
   Number of errors:    0
     

Design Errors/Warnings
----------------------

   No errors or warnings present.

IO (PIO) Attributes
-------------------

+---------------------+-----------+-----------+------------+
| IO Name             | Direction | Levelmode | IO         |
|                     |           |  IO_TYPE  | Register   |
+---------------------+-----------+-----------+------------+
| clk0                | OUTPUT    | LVCMOS25  |            |
+---------------------+-----------+-----------+------------+
| cdiv0[0]            | INPUT     | LVCMOS25  |            |
+---------------------+-----------+-----------+------------+
| outcoder0[6]        | OUTPUT    | LVCMOS25  | OUT        |
+---------------------+-----------+-----------+------------+
| outcoder0[5]        | OUTPUT    | LVCMOS25  | OUT        |
+---------------------+-----------+-----------+------------+
| outcoder0[4]        | OUTPUT    | LVCMOS25  | OUT        |
+---------------------+-----------+-----------+------------+
| outcoder0[3]        | OUTPUT    | LVCMOS25  | OUT        |
+---------------------+-----------+-----------+------------+
| outcoder0[2]        | OUTPUT    | LVCMOS25  | OUT        |
+---------------------+-----------+-----------+------------+
| outcoder0[1]        | OUTPUT    | LVCMOS25  | OUT        |

                                    Page 2




Design:  topkey00                                      Date:  10/12/17  19:55:20

IO (PIO) Attributes (cont)
--------------------------
+---------------------+-----------+-----------+------------+
| outcoder0[0]        | OUTPUT    | LVCMOS25  | OUT        |
+---------------------+-----------+-----------+------------+
| outtransist0[3]     | OUTPUT    | LVCMOS25  |            |
+---------------------+-----------+-----------+------------+
| outtransist0[2]     | OUTPUT    | LVCMOS25  |            |
+---------------------+-----------+-----------+------------+
| outtransist0[1]     | OUTPUT    | LVCMOS25  |            |
+---------------------+-----------+-----------+------------+
| outtransist0[0]     | OUTPUT    | LVCMOS25  |            |
+---------------------+-----------+-----------+------------+
| outr0[3]            | OUTPUT    | LVCMOS25  |            |
+---------------------+-----------+-----------+------------+
| outr0[2]            | OUTPUT    | LVCMOS25  |            |
+---------------------+-----------+-----------+------------+
| outr0[1]            | OUTPUT    | LVCMOS25  |            |
+---------------------+-----------+-----------+------------+
| outr0[0]            | OUTPUT    | LVCMOS25  |            |
+---------------------+-----------+-----------+------------+
| inkey0[3]           | INPUT     | LVCMOS25  |            |
+---------------------+-----------+-----------+------------+
| inkey0[2]           | INPUT     | LVCMOS25  |            |
+---------------------+-----------+-----------+------------+
| inkey0[1]           | INPUT     | LVCMOS25  |            |
+---------------------+-----------+-----------+------------+
| inkey0[0]           | INPUT     | LVCMOS25  |            |
+---------------------+-----------+-----------+------------+
| en0                 | INPUT     | LVCMOS25  |            |
+---------------------+-----------+-----------+------------+
| cdiv0[3]            | INPUT     | LVCMOS25  |            |
+---------------------+-----------+-----------+------------+
| cdiv0[2]            | INPUT     | LVCMOS25  |            |
+---------------------+-----------+-----------+------------+
| cdiv0[1]            | INPUT     | LVCMOS25  |            |
+---------------------+-----------+-----------+------------+

Removed logic
-------------

Block GSR_INST undriven or does not drive anything - clipped.
Block K00/DO1/VCC undriven or does not drive anything - clipped.
Block K01/VCC undriven or does not drive anything - clipped.
Block K01/GND undriven or does not drive anything - clipped.
Block K02/GND undriven or does not drive anything - clipped.
Block K02/VCC undriven or does not drive anything - clipped.
Signal K00/D00/GND undriven or does not drive anything - clipped.
Signal K00/DO1/GND undriven or does not drive anything - clipped.
Signal K00/D00/OSCInst0_SEDSTDBY undriven or does not drive anything - clipped.
Signal K00/DO1/un2_sdiv_s_21_0_S1 undriven or does not drive anything - clipped.
     
Signal K00/DO1/un2_sdiv_s_21_0_COUT undriven or does not drive anything -
     clipped.
Signal K00/DO1/un2_sdiv_cry_0_0_S0 undriven or does not drive anything -
     clipped.
Signal K00/DO1/N_1 undriven or does not drive anything - clipped.
Block K00/D00/GND was optimized away.

                                    Page 3




Design:  topkey00                                      Date:  10/12/17  19:55:20

Removed logic (cont)
--------------------
Block K00/DO1/GND was optimized away.

Memory Usage
------------


     

OSC Summary
-----------

OSC 1:                                     Pin/Node Value
  OSC Instance Name:                                K00/D00/OSCInst0
  OSC Type:                                         OSCH
  STDBY Input:                                      NONE
  OSC Output:                              NODE     K00.sclk_0
  OSC Nominal Frequency (MHz):                      2.08

ASIC Components
---------------

Instance Name: K00/D00/OSCInst0
         Type: OSCH

Run Time and Memory Usage
-------------------------

   Total CPU Time: 0 secs  
   Total REAL Time: 0 secs  
   Peak Memory Usage: 58 MB
        


























                                    Page 4


Copyright (c) 1991-1994 by NeoCAD Inc. All rights reserved.
     Copyright (c) 1995 AT&T Corp.   All rights reserved.
     Copyright (c) 1995-2001 Lucent Technologies Inc.  All rights reserved.
     Copyright (c) 2001 Agere Systems   All rights reserved.
     Copyright (c) 2002-2017 Lattice Semiconductor Corporation,  All rights
     reserved.
