# Synopsys Constraint Checker, version maplat, Build 1682R, built Mar 10 2017
# Copyright (C) 1994-2017 Synopsys, Inc. This Synopsys software and all associated documentation are proprietary to Synopsys, Inc. and may only be used pursuant to the terms and conditions of a written license agreement with Synopsys, Inc. All other use, reproduction, modification, or distribution of the Synopsys software or the associated documentation is strictly prohibited.

# Written on Wed Dec 06 21:59:40 2017


##### DESIGN INFO #######################################################

Top View:                "topp04"
Constraint File(s):      (none)




##### SUMMARY ############################################################

Found 0 issues in 0 out of 0 constraints


##### DETAILS ############################################################



Clock Relationships
*******************

Starting                            Ending                              |     rise to rise     |     fall to fall     |     rise to fall     |     fall to rise                     
-----------------------------------------------------------------------------------------------------------------------------------------------------------------------------------
osc00|osc_int_inferred_clock        osc00|osc_int_inferred_clock        |     480.769          |     No paths         |     No paths         |     No paths                         
div00|outdiv_derived_clock          System                              |     480.769          |     No paths         |     No paths         |     No paths                         
div00|outdiv_derived_clock          div00|outdiv_derived_clock          |     480.769          |     No paths         |     No paths         |     No paths                         
div00|outdiv_derived_clock          pcinc04|outFlagpc_derived_clock     |     480.769          |     No paths         |     No paths         |     No paths                         
pcinc04|outFlagpc_derived_clock     div00|outdiv_derived_clock          |     No paths         |     No paths         |     No paths         |     240.385                          
===================================================================================================================================================================================
 Note: 'No paths' indicates there are no paths in the design for that pair of clock edges.
       'Diff grp' indicates that paths exist but the starting clock and ending clock are in different clock groups.


Unconstrained Start/End Points
******************************

p:cdiv0[0]
p:cdiv0[1]
p:cdiv0[2]
p:cdiv0[3]
p:inport8a0[0]
p:inport8a0[1]
p:inport8a0[2]
p:inport8a0[3]
p:inport8a0[4]
p:inport8a0[5]
p:inport8a0[6]
p:inport8a0[7]
p:outDisplay[0]
p:outDisplay[1]
p:outDisplay[2]
p:outDisplay[3]
p:outDisplay[4]
p:outDisplay[5]
p:outDisplay[6]
p:outTransist0[0]
p:outTransist0[1]
p:outTransist0[2]
p:outTransist0[3]
p:outcodeport[0]
p:outcodeport[1]
p:outcodeport[2]
p:outcodeport[3]
p:outpcport[0]
p:outpcport[1]
p:outpcport[2]
p:outpcport[3]
p:outport8a0[0]
p:outport8a0[1]
p:outport8a0[2]
p:outport8a0[3]
p:outport8a0[4]
p:outport8a0[5]
p:outport8a0[6]
p:outport8a0[7]
p:outport120[0]
p:outport120[1]
p:outport120[2]
p:outport120[3]
p:outport120[4]
p:outport120[5]
p:outport120[6]
p:outport120[7]
p:outport120[8]
p:outport120[9]
p:outport120[10]
p:outport120[11]
p:reset0
p:sFlag8out
p:sFlag12B (bidir end point)
p:sFlag12B (bidir start point)
p:sFlag12out
p:sFlagInst (bidir end point)
p:sFlagInst (bidir start point)


Inapplicable constraints
************************

(none)


Applicable constraints with issues
**********************************

(none)


Constraints with matching wildcard expressions
**********************************************

(none)


Library Report
**************


# End of Constraint Checker Report
