Running in Lattice mode


Starting:    C:\lscc\diamond\3.9_x64\synpbase\bin64\mbin\synbatch.exe
Install:     C:\lscc\diamond\3.9_x64\synpbase
Hostname:    ELIOTH
Date:        Wed Dec 06 21:59:35 2017
Version:     L-2016.09L-1

Arguments:   -product synplify_pro -batch bcd00_bcd00_synplify.tcl
ProductType: synplify_pro





Technology initialized from device list to: LATTICE-XP

log file: "C:\Users\ELITH\Documents\GitHub\arqui3CM3\bcd01\bcd00\bcd00_bcd00.srr"

Running: hdl_info_gen in foreground



Generating HDL info...


hdl_info_gen completed
# Wed Dec 06 21:59:36 2017

Return Code: 0
Run Time:00h:00m:01s

log file: "C:\Users\ELITH\Documents\GitHub\arqui3CM3\bcd01\bcd00\bcd00_bcd00.srr"

Running: bcd00 in foreground



Running proj_1|bcd00


Running: compile (Compile) on proj_1|bcd00
# Wed Dec 06 21:59:36 2017


Running: compile_flow (Compile Process) on proj_1|bcd00
# Wed Dec 06 21:59:36 2017


Running: compiler (Compile Input) on proj_1|bcd00
# Wed Dec 06 21:59:36 2017

Copied C:\Users\ELITH\Documents\GitHub\arqui3CM3\bcd01\bcd00\synwork\bcd00_bcd00_comp.srs to C:\Users\ELITH\Documents\GitHub\arqui3CM3\bcd01\bcd00\bcd00_bcd00.srs


compiler completed
# Wed Dec 06 21:59:38 2017

Return Code: 0
Run Time:00h:00m:02s


Running: multi_srs_gen (Multi-srs Generator) on proj_1|bcd00
# Wed Dec 06 21:59:38 2017


multi_srs_gen completed
# Wed Dec 06 21:59:38 2017

Return Code: 0
Run Time:00h:00m:00s

Copied C:\Users\ELITH\Documents\GitHub\arqui3CM3\bcd01\bcd00\synwork\bcd00_bcd00_mult.srs to C:\Users\ELITH\Documents\GitHub\arqui3CM3\bcd01\bcd00\bcd00_bcd00.srs

Copied C:\Users\ELITH\Documents\GitHub\arqui3CM3\bcd01\bcd00\bcd00_bcd00.srr to C:\Users\ELITH\Documents\GitHub\arqui3CM3\bcd01\bcd00\bcd00_bcd00.srf

Complete: Compile Process on proj_1|bcd00


Running: premap (Pre-mapping) on proj_1|bcd00
# Wed Dec 06 21:59:38 2017


premap completed with warnings
# Wed Dec 06 21:59:40 2017

Return Code: 1
Run Time:00h:00m:02s

Complete: Compile on proj_1|bcd00


Running: map (Map) on proj_1|bcd00
# Wed Dec 06 21:59:40 2017

License granted for 4 parallel jobs


Running: fpga_mapper (Map & Optimize) on proj_1|bcd00
# Wed Dec 06 21:59:40 2017

Copied C:\Users\ELITH\Documents\GitHub\arqui3CM3\bcd01\bcd00\synwork\bcd00_bcd00_m.srm to C:\Users\ELITH\Documents\GitHub\arqui3CM3\bcd01\bcd00\bcd00_bcd00.srm


fpga_mapper completed with warnings
# Wed Dec 06 21:59:43 2017

Return Code: 1
Run Time:00h:00m:03s

Complete: Map on proj_1|bcd00

Copied C:\Users\ELITH\Documents\GitHub\arqui3CM3\bcd01\bcd00\bcd00_bcd00.srr to C:\Users\ELITH\Documents\GitHub\arqui3CM3\bcd01\bcd00\bcd00_bcd00.srf

Complete: Logic Synthesis on proj_1|bcd00

TCL script complete: "bcd00_bcd00_synplify.tcl"

exit status=0

exit status=0

Save changes for project:
C:\Users\ELITH\Documents\GitHub\arqui3CM3\bcd01\bcd00\proj_1.prj

batch mode default:no

