all messages logged in file hdlparser.log
Analyzing VHDL file C:/lscc/diamond/3.7_x64/ispfpga/vhdl_packages/standard.vhd (VHDL-1481)
INFO: C:/lscc/diamond/3.7_x64/ispfpga/vhdl_packages/standard.vhd(9): analyzing package standard (VHDL-1014)
Analyzing VHDL file C:/lscc/diamond/3.7_x64/ispfpga/vhdl_packages/std_1164.vhd (VHDL-1481)
INFO: C:/lscc/diamond/3.7_x64/ispfpga/vhdl_packages/std_1164.vhd(15): analyzing package std_logic_1164 (VHDL-1014)
INFO: C:/lscc/diamond/3.7_x64/ispfpga/vhdl_packages/std_1164.vhd(178): analyzing package body std_logic_1164 (VHDL-1013)
Analyzing VHDL file C:/lscc/diamond/3.7_x64/ispfpga/vhdl_packages/mgc_qsim.vhd (VHDL-1481)
INFO: C:/lscc/diamond/3.7_x64/ispfpga/vhdl_packages/mgc_qsim.vhd(18): analyzing package qsim_logic (VHDL-1014)
INFO: C:/lscc/diamond/3.7_x64/ispfpga/vhdl_packages/mgc_qsim.vhd(753): analyzing package body qsim_logic (VHDL-1013)
Analyzing VHDL file C:/lscc/diamond/3.7_x64/ispfpga/vhdl_packages/numeric_bit.vhd (VHDL-1481)
INFO: C:/lscc/diamond/3.7_x64/ispfpga/vhdl_packages/numeric_bit.vhd(54): analyzing package numeric_bit (VHDL-1014)
INFO: C:/lscc/diamond/3.7_x64/ispfpga/vhdl_packages/numeric_bit.vhd(834): analyzing package body numeric_bit (VHDL-1013)
Analyzing VHDL file C:/lscc/diamond/3.7_x64/ispfpga/vhdl_packages/numeric_std.vhd (VHDL-1481)
INFO: C:/lscc/diamond/3.7_x64/ispfpga/vhdl_packages/numeric_std.vhd(57): analyzing package numeric_std (VHDL-1014)
INFO: C:/lscc/diamond/3.7_x64/ispfpga/vhdl_packages/numeric_std.vhd(874): analyzing package body numeric_std (VHDL-1013)
Analyzing VHDL file C:/lscc/diamond/3.7_x64/ispfpga/vhdl_packages/textio.vhd (VHDL-1481)
INFO: C:/lscc/diamond/3.7_x64/ispfpga/vhdl_packages/textio.vhd(13): analyzing package textio (VHDL-1014)
INFO: C:/lscc/diamond/3.7_x64/ispfpga/vhdl_packages/textio.vhd(114): analyzing package body textio (VHDL-1013)
Analyzing VHDL file C:/lscc/diamond/3.7_x64/ispfpga/vhdl_packages/std_logic_textio.vhd (VHDL-1481)
INFO: C:/lscc/diamond/3.7_x64/ispfpga/vhdl_packages/std_logic_textio.vhd(26): analyzing package std_logic_textio (VHDL-1014)
INFO: C:/lscc/diamond/3.7_x64/ispfpga/vhdl_packages/std_logic_textio.vhd(72): analyzing package body std_logic_textio (VHDL-1013)
Analyzing VHDL file C:/lscc/diamond/3.7_x64/ispfpga/vhdl_packages/syn_attr.vhd (VHDL-1481)
INFO: C:/lscc/diamond/3.7_x64/ispfpga/vhdl_packages/syn_attr.vhd(39): analyzing package attributes (VHDL-1014)
Analyzing VHDL file C:/lscc/diamond/3.7_x64/ispfpga/vhdl_packages/syn_misc.vhd (VHDL-1481)
INFO: C:/lscc/diamond/3.7_x64/ispfpga/vhdl_packages/syn_misc.vhd(30): analyzing package std_logic_misc (VHDL-1014)
INFO: C:/lscc/diamond/3.7_x64/ispfpga/vhdl_packages/syn_misc.vhd(182): analyzing package body std_logic_misc (VHDL-1013)
INFO: ./.__tmp_vxr_0_(56): analyzing package math_real (VHDL-1014)
INFO: ./.__tmp_vxr_0_(685): analyzing package body math_real (VHDL-1013)
Analyzing VHDL file C:/lscc/diamond/3.7_x64/ispfpga/vhdl_packages/mixed_lang_vltype.vhd (VHDL-1481)
INFO: C:/lscc/diamond/3.7_x64/ispfpga/vhdl_packages/mixed_lang_vltype.vhd(9): analyzing package vl_types (VHDL-1014)
INFO: C:/lscc/diamond/3.7_x64/ispfpga/vhdl_packages/mixed_lang_vltype.vhd(88): analyzing package body vl_types (VHDL-1013)
Analyzing VHDL file C:/lscc/diamond/3.7_x64/ispfpga/vhdl_packages/syn_arit.vhd (VHDL-1481)
INFO: C:/lscc/diamond/3.7_x64/ispfpga/vhdl_packages/syn_arit.vhd(25): analyzing package std_logic_arith (VHDL-1014)
INFO: C:/lscc/diamond/3.7_x64/ispfpga/vhdl_packages/syn_arit.vhd(206): analyzing package body std_logic_arith (VHDL-1013)
Analyzing VHDL file C:/lscc/diamond/3.7_x64/ispfpga/vhdl_packages/syn_sign.vhd (VHDL-1481)
INFO: C:/lscc/diamond/3.7_x64/ispfpga/vhdl_packages/syn_sign.vhd(35): analyzing package std_logic_signed (VHDL-1014)
INFO: C:/lscc/diamond/3.7_x64/ispfpga/vhdl_packages/syn_sign.vhd(96): analyzing package body std_logic_signed (VHDL-1013)
Analyzing VHDL file C:/lscc/diamond/3.7_x64/ispfpga/vhdl_packages/syn_unsi.vhd (VHDL-1481)
INFO: C:/lscc/diamond/3.7_x64/ispfpga/vhdl_packages/syn_unsi.vhd(35): analyzing package std_logic_unsigned (VHDL-1014)
INFO: C:/lscc/diamond/3.7_x64/ispfpga/vhdl_packages/syn_unsi.vhd(94): analyzing package body std_logic_unsigned (VHDL-1013)
Analyzing VHDL file C:/lscc/diamond/3.7_x64/ispfpga/vhdl_packages/synattr.vhd (VHDL-1481)
INFO: C:/lscc/diamond/3.7_x64/ispfpga/vhdl_packages/synattr.vhd(50): analyzing package attributes (VHDL-1014)
Analyzing VHDL file C:/lscc/diamond/3.7_x64/cae_library/synthesis/vhdl/machxo2.vhd (VHDL-1481)
Analyzing VHDL file C:/Users/beatl/Desktop/Gelacip/LCDRAM/osc00.vhdl (VHDL-1481)
WARNING - C:/Users/beatl/Desktop/Gelacip/LCDRAM/osc00.vhdl(4): 'components' is not compiled in library lattice. VHDL-1240
INFO: C:/Users/beatl/Desktop/Gelacip/LCDRAM/osc00.vhdl(8): analyzing entity osc00 (VHDL-1012)
INFO: C:/Users/beatl/Desktop/Gelacip/LCDRAM/osc00.vhdl(13): analyzing architecture osc0 (VHDL-1010)
Analyzing VHDL file C:/Users/beatl/Desktop/Gelacip/LCDRAM/div00.vhdl (VHDL-1481)
WARNING - C:/Users/beatl/Desktop/Gelacip/LCDRAM/div00.vhdl(6): 'components' is not compiled in library lattice. VHDL-1240
INFO: C:/Users/beatl/Desktop/Gelacip/LCDRAM/div00.vhdl(10): analyzing entity div00 (VHDL-1012)
INFO: C:/Users/beatl/Desktop/Gelacip/LCDRAM/div00.vhdl(17): analyzing architecture div0 (VHDL-1010)
Analyzing VHDL file C:/Users/beatl/Desktop/Gelacip/LCDRAM/packageosc00.vhdl (VHDL-1481)
WARNING - C:/Users/beatl/Desktop/Gelacip/LCDRAM/packageosc00.vhdl(4): 'components' is not compiled in library lattice. VHDL-1240
INFO: C:/Users/beatl/Desktop/Gelacip/LCDRAM/packageosc00.vhdl(8): analyzing package packageosc00 (VHDL-1014)
Analyzing VHDL file C:/Users/beatl/Desktop/Gelacip/LCDRAM/toposc00.vhdl (VHDL-1481)
WARNING - C:/Users/beatl/Desktop/Gelacip/LCDRAM/toposc00.vhdl(4): 'components' is not compiled in library lattice. VHDL-1240
INFO: C:/Users/beatl/Desktop/Gelacip/LCDRAM/toposc00.vhdl(9): analyzing entity toposc00 (VHDL-1012)
INFO: C:/Users/beatl/Desktop/Gelacip/LCDRAM/toposc00.vhdl(15): analyzing architecture toposc0 (VHDL-1010)
Analyzing VHDL file C:/Users/beatl/Desktop/Gelacip/LCDRAM/ram00.vhdl (VHDL-1481)
WARNING - C:/Users/beatl/Desktop/Gelacip/LCDRAM/ram00.vhdl(6): 'components' is not compiled in library lattice. VHDL-1240
INFO: C:/Users/beatl/Desktop/Gelacip/LCDRAM/ram00.vhdl(10): analyzing entity ram00 (VHDL-1012)
INFO: C:/Users/beatl/Desktop/Gelacip/LCDRAM/ram00.vhdl(28): analyzing architecture ram0 (VHDL-1010)
Analyzing VHDL file C:/Users/beatl/Desktop/Gelacip/LCDRAM/contring00.vhdl (VHDL-1481)
WARNING - C:/Users/beatl/Desktop/Gelacip/LCDRAM/contring00.vhdl(6): 'components' is not compiled in library lattice. VHDL-1240
INFO: C:/Users/beatl/Desktop/Gelacip/LCDRAM/contring00.vhdl(10): analyzing entity contring00 (VHDL-1012)
INFO: C:/Users/beatl/Desktop/Gelacip/LCDRAM/contring00.vhdl(17): analyzing architecture contring0 (VHDL-1010)
Analyzing VHDL file C:/Users/beatl/Desktop/Gelacip/LCDRAM/coder00.vhdl (VHDL-1481)
WARNING - C:/Users/beatl/Desktop/Gelacip/LCDRAM/coder00.vhdl(6): 'components' is not compiled in library lattice. VHDL-1240
INFO: C:/Users/beatl/Desktop/Gelacip/LCDRAM/coder00.vhdl(10): analyzing entity coder00 (VHDL-1012)
INFO: C:/Users/beatl/Desktop/Gelacip/LCDRAM/coder00.vhdl(22): analyzing architecture coder0 (VHDL-1010)
Analyzing VHDL file C:/Users/beatl/Desktop/Gelacip/LCDRAM/packagekey00.vhdl (VHDL-1481)
WARNING - C:/Users/beatl/Desktop/Gelacip/LCDRAM/packagekey00.vhdl(6): 'components' is not compiled in library lattice. VHDL-1240
INFO: C:/Users/beatl/Desktop/Gelacip/LCDRAM/packagekey00.vhdl(10): analyzing package packagekey00 (VHDL-1014)
Analyzing VHDL file C:/Users/beatl/Desktop/Gelacip/LCDRAM/topkey00.vhdl (VHDL-1481)
WARNING - C:/Users/beatl/Desktop/Gelacip/LCDRAM/topkey00.vhdl(7): 'components' is not compiled in library lattice. VHDL-1240
INFO: C:/Users/beatl/Desktop/Gelacip/LCDRAM/topkey00.vhdl(11): analyzing entity topkey00 (VHDL-1012)
INFO: C:/Users/beatl/Desktop/Gelacip/LCDRAM/topkey00.vhdl(22): analyzing architecture topkey0 (VHDL-1010)
Analyzing VHDL file C:/Users/beatl/Desktop/Gelacip/LCDRAM/contread00.vhdl (VHDL-1481)
WARNING - C:/Users/beatl/Desktop/Gelacip/LCDRAM/contread00.vhdl(6): 'components' is not compiled in library lattice. VHDL-1240
INFO: C:/Users/beatl/Desktop/Gelacip/LCDRAM/contread00.vhdl(10): analyzing entity contread00 (VHDL-1012)
INFO: C:/Users/beatl/Desktop/Gelacip/LCDRAM/contread00.vhdl(23): analyzing architecture contread0 (VHDL-1010)
Analyzing VHDL file C:/Users/beatl/Desktop/Gelacip/LCDRAM/contconfig00.vhdl (VHDL-1481)
WARNING - C:/Users/beatl/Desktop/Gelacip/LCDRAM/contconfig00.vhdl(6): 'components' is not compiled in library lattice. VHDL-1240
INFO: C:/Users/beatl/Desktop/Gelacip/LCDRAM/contconfig00.vhdl(10): analyzing entity contconfig00 (VHDL-1012)
INFO: C:/Users/beatl/Desktop/Gelacip/LCDRAM/contconfig00.vhdl(18): analyzing architecture contconfig0 (VHDL-1010)
Analyzing VHDL file C:/Users/beatl/Desktop/Gelacip/LCDRAM/config00.vhdl (VHDL-1481)
WARNING - C:/Users/beatl/Desktop/Gelacip/LCDRAM/config00.vhdl(6): 'components' is not compiled in library lattice. VHDL-1240
INFO: C:/Users/beatl/Desktop/Gelacip/LCDRAM/config00.vhdl(10): analyzing entity config00 (VHDL-1012)
INFO: C:/Users/beatl/Desktop/Gelacip/LCDRAM/config00.vhdl(21): analyzing architecture config0 (VHDL-1010)
Analyzing VHDL file C:/Users/beatl/Desktop/Gelacip/LCDRAM/bufferlcd00.vhdl (VHDL-1481)
WARNING - C:/Users/beatl/Desktop/Gelacip/LCDRAM/bufferlcd00.vhdl(6): 'components' is not compiled in library lattice. VHDL-1240
INFO: C:/Users/beatl/Desktop/Gelacip/LCDRAM/bufferlcd00.vhdl(10): analyzing entity bufferlcd00 (VHDL-1012)
INFO: C:/Users/beatl/Desktop/Gelacip/LCDRAM/bufferlcd00.vhdl(27): analyzing architecture bufferlcd0 (VHDL-1010)
Analyzing VHDL file C:/Users/beatl/Desktop/Gelacip/LCDRAM/packagelcdram00.vhdl (VHDL-1481)
WARNING - C:/Users/beatl/Desktop/Gelacip/LCDRAM/packagelcdram00.vhdl(6): 'components' is not compiled in library lattice. VHDL-1240
INFO: C:/Users/beatl/Desktop/Gelacip/LCDRAM/packagelcdram00.vhdl(10): analyzing package packagelcdram00 (VHDL-1014)
Analyzing VHDL file C:/Users/beatl/Desktop/Gelacip/LCDRAM/toplcdram00.vhdl (VHDL-1481)
WARNING - C:/Users/beatl/Desktop/Gelacip/LCDRAM/toplcdram00.vhdl(7): 'components' is not compiled in library lattice. VHDL-1240
INFO: C:/Users/beatl/Desktop/Gelacip/LCDRAM/toplcdram00.vhdl(11): analyzing entity toplcdram00 (VHDL-1012)
INFO: C:/Users/beatl/Desktop/Gelacip/LCDRAM/toplcdram00.vhdl(35): analyzing architecture toplcdram0 (VHDL-1010)
