Running in Lattice mode


Starting:    C:\lscc\diamond\3.9_x64\synpbase\bin64\mbin\synbatch.exe
Install:     C:\lscc\diamond\3.9_x64\synpbase
Hostname:    ELIOTH
Date:        Mon Dec 11 20:11:42 2017
Version:     L-2016.09L-1

Arguments:   -product synplify_pro -batch generic01_generic01_synplify.tcl
ProductType: synplify_pro





Technology initialized from device list to: LATTICE-XP

log file: "C:\Users\ELITH\Documents\GitHub\arqui3CM3\generic01\generic01\generic01_generic01.srr"

Running: hdl_info_gen in foreground



Generating HDL info...


hdl_info_gen completed
# Mon Dec 11 20:11:43 2017

Return Code: 0
Run Time:00h:00m:01s

Copied C:\Users\ELITH\Documents\GitHub\arqui3CM3\generic01\generic01\generic01_generic01.srr to C:\Users\ELITH\Documents\GitHub\arqui3CM3\generic01\generic01\generic01_generic01.srf

log file: "C:\Users\ELITH\Documents\GitHub\arqui3CM3\generic01\generic01\generic01_generic01.srr"

Running: generic01 in foreground



Running proj_1|generic01


Running: compile (Compile) on proj_1|generic01
# Mon Dec 11 20:11:43 2017


Running: compile_flow (Compile Process) on proj_1|generic01
# Mon Dec 11 20:11:43 2017


Running: compiler (Compile Input) on proj_1|generic01
# Mon Dec 11 20:11:43 2017

Copied C:\Users\ELITH\Documents\GitHub\arqui3CM3\generic01\generic01\synwork\generic01_generic01_comp.srs to C:\Users\ELITH\Documents\GitHub\arqui3CM3\generic01\generic01\generic01_generic01.srs


compiler completed
# Mon Dec 11 20:11:45 2017

Return Code: 0
Run Time:00h:00m:02s


Running: multi_srs_gen (Multi-srs Generator) on proj_1|generic01
# Mon Dec 11 20:11:45 2017


multi_srs_gen completed
# Mon Dec 11 20:11:45 2017

Return Code: 0
Run Time:00h:00m:00s

Copied C:\Users\ELITH\Documents\GitHub\arqui3CM3\generic01\generic01\synwork\generic01_generic01_mult.srs to C:\Users\ELITH\Documents\GitHub\arqui3CM3\generic01\generic01\generic01_generic01.srs

Copied C:\Users\ELITH\Documents\GitHub\arqui3CM3\generic01\generic01\generic01_generic01.srr to C:\Users\ELITH\Documents\GitHub\arqui3CM3\generic01\generic01\generic01_generic01.srf

Complete: Compile Process on proj_1|generic01


Running: premap (Pre-mapping) on proj_1|generic01
# Mon Dec 11 20:11:45 2017


premap completed with warnings
# Mon Dec 11 20:11:47 2017

Return Code: 1
Run Time:00h:00m:02s

Complete: Compile on proj_1|generic01


Running: map (Map) on proj_1|generic01
# Mon Dec 11 20:11:47 2017

License granted for 4 parallel jobs


Running: fpga_mapper (Map & Optimize) on proj_1|generic01
# Mon Dec 11 20:11:47 2017

Copied C:\Users\ELITH\Documents\GitHub\arqui3CM3\generic01\generic01\synwork\generic01_generic01_m.srm to C:\Users\ELITH\Documents\GitHub\arqui3CM3\generic01\generic01\generic01_generic01.srm


fpga_mapper completed with warnings
# Mon Dec 11 20:11:53 2017

Return Code: 1
Run Time:00h:00m:06s

Complete: Map on proj_1|generic01

Copied C:\Users\ELITH\Documents\GitHub\arqui3CM3\generic01\generic01\generic01_generic01.srr to C:\Users\ELITH\Documents\GitHub\arqui3CM3\generic01\generic01\generic01_generic01.srf

Complete: Logic Synthesis on proj_1|generic01

TCL script complete: "generic01_generic01_synplify.tcl"

exit status=0

exit status=0

Save changes for project:
C:\Users\ELITH\Documents\GitHub\arqui3CM3\generic01\generic01\proj_1.prj

batch mode default:no

