
synpwrap -msg -prj "desplazamientos00_desplazamientos00_synplify.tcl" -log "desplazamientos00_desplazamientos00.srf"
Copyright (C) 1992-2017 Lattice Semiconductor Corporation. All rights reserved.
Lattice Diamond Version 3.9.1.119
    <postMsg mid="2011000" type="Info"    dynamic="0" navigation="0"  />

==contents of desplazamientos00_desplazamientos00.srf
#Build: Synplify Pro L-2016.09L-1, Build 147R, Mar  7 2017
#install: C:\lscc\diamond\3.9_x64\synpbase
#OS: Windows 8 6.2
#Hostname: ELIOTHLAPTOP

# Tue Sep 26 07:25:39 2017

#Implementation: desplazamientos00

Synopsys HDL Compiler, version comp2016q3p1, Build 284R, built Mar 10 2017
@N|Running in 64-bit mode
Copyright (C) 1994-2016 Synopsys, Inc. All rights reserved. This Synopsys software and all associated documentation are proprietary to Synopsys, Inc. and may only be used pursuant to the terms and conditions of a written license agreement with Synopsys, Inc. All other use, reproduction, modification, or distribution of the Synopsys software or the associated documentation is strictly prohibited.

Synopsys VHDL Compiler, version comp2016q3p1, Build 284R, built Mar 10 2017
@N|Running in 64-bit mode
Copyright (C) 1994-2016 Synopsys, Inc. All rights reserved. This Synopsys software and all associated documentation are proprietary to Synopsys, Inc. and may only be used pursuant to the terms and conditions of a written license agreement with Synopsys, Inc. All other use, reproduction, modification, or distribution of the Synopsys software or the associated documentation is strictly prohibited.

@N: CD720 :"C:\lscc\diamond\3.9_x64\synpbase\lib\vhd\std.vhd":123:18:123:21|Setting time resolution to ps
@N:"C:\Users\eliot\Documents\Github\arqui3CM3\desplazamientos00\topdesplazamientos00.vhdl":8:7:8:26|Top entity is set to topdesplazamientos00.
Options changed - recompiling
VHDL syntax check successful!
Options changed - recompiling
@N: CD630 :"C:\Users\eliot\Documents\Github\arqui3CM3\desplazamientos00\topdesplazamientos00.vhdl":8:7:8:26|Synthesizing work.topdesplazamientos00.topdesplazamientos0.
@N: CD630 :"C:\Users\eliot\Documents\Github\arqui3CM3\desplazamientos00\desplazamientos00.vhdl":8:7:8:23|Synthesizing work.desplazamientos00.desplazamientos0.
Post processing for work.desplazamientos00.desplazamientos0
@N: CD630 :"C:\Users\eliot\Documents\Github\arqui3CM3\desplazamientos00\desplazamientos00\source\toposcdiv00.vhdl":8:7:8:17|Synthesizing work.toposcdiv00.toposcdiv0.
@N: CD630 :"C:\Users\eliot\Documents\Github\arqui3CM3\desplazamientos00\desplazamientos00\source\div00.vhdl":7:7:7:11|Synthesizing work.div00.div0.
Post processing for work.div00.div0
@N: CD630 :"C:\Users\eliot\Documents\Github\arqui3CM3\desplazamientos00\desplazamientos00\source\osc00.vhdl":8:7:8:11|Synthesizing work.osc00.osc0.
@W: CD276 :"C:\lscc\diamond\3.9_x64\cae_library\synthesis\vhdl\machxo2.vhd":2297:8:2297:15|Map for port sedstdby of component osch not found
@N: CD630 :"C:\lscc\diamond\3.9_x64\cae_library\synthesis\vhdl\machxo2.vhd":2291:10:2291:13|Synthesizing work.osch.syn_black_box.
Post processing for work.osch.syn_black_box
Post processing for work.osc00.osc0
Post processing for work.toposcdiv00.toposcdiv0
Post processing for work.topdesplazamientos00.topdesplazamientos0

At c_vhdl Exit (Real Time elapsed 0h:00m:00s; CPU Time elapsed 0h:00m:00s; Memory used current: 75MB peak: 78MB)

Process took 0h:00m:01s realtime, 0h:00m:01s cputime

Process completed successfully.
# Tue Sep 26 07:25:40 2017

###########################################################]
Synopsys Netlist Linker, version comp2016q3p1, Build 279R, built Mar  8 2017
@N|Running in 64-bit mode
File C:\Users\ELITH\Documents\GitHub\arqui3CM3\desplazamientos00\desplazamientos00\synwork\layer0.srs changed - recompiling

At syn_nfilter Exit (Real Time elapsed 0h:00m:00s; CPU Time elapsed 0h:00m:00s; Memory used current: 67MB peak: 68MB)

Process took 0h:00m:01s realtime, 0h:00m:01s cputime

Process completed successfully.
# Tue Sep 26 07:25:40 2017

###########################################################]
@END

At c_hdl Exit (Real Time elapsed 0h:00m:00s; CPU Time elapsed 0h:00m:00s; Memory used current: 3MB peak: 4MB)

Process took 0h:00m:01s realtime, 0h:00m:01s cputime

Process completed successfully.
# Tue Sep 26 07:25:40 2017

###########################################################]
Synopsys Netlist Linker, version comp2016q3p1, Build 279R, built Mar  8 2017
@N|Running in 64-bit mode
File C:\Users\ELITH\Documents\GitHub\arqui3CM3\desplazamientos00\desplazamientos00\synwork\desplazamientos00_desplazamientos00_comp.srs changed - recompiling

At syn_nfilter Exit (Real Time elapsed 0h:00m:00s; CPU Time elapsed 0h:00m:00s; Memory used current: 67MB peak: 68MB)

Process took 0h:00m:01s realtime, 0h:00m:01s cputime

Process completed successfully.
# Tue Sep 26 07:25:41 2017

###########################################################]
Pre-mapping Report

# Tue Sep 26 07:25:41 2017

Synopsys Lattice Technology Pre-mapping, Version maplat, Build 1682R, Built Mar 10 2017 10:47:08
Copyright (C) 1994-2017 Synopsys, Inc. This Synopsys software and all associated documentation are proprietary to Synopsys, Inc. and may only be used pursuant to the terms and conditions of a written license agreement with Synopsys, Inc. All other use, reproduction, modification, or distribution of the Synopsys software or the associated documentation is strictly prohibited.
Product Version L-2016.09L-1

Mapper Startup Complete (Real Time elapsed 0h:00m:00s; CPU Time elapsed 0h:00m:00s; Memory used current: 99MB peak: 100MB)

@A: MF827 |No constraint file specified.
@L: C:\Users\eliot\Documents\Github\arqui3CM3\desplazamientos00\desplazamientos00\desplazamientos00_desplazamientos00_scck.rpt 
Printing clock  summary report in "C:\Users\eliot\Documents\Github\arqui3CM3\desplazamientos00\desplazamientos00\desplazamientos00_desplazamientos00_scck.rpt" file 
@N: MF248 |Running in 64-bit mode.
@N: MF666 |Clock conversion enabled. (Command "set_option -fix_gated_and_generated_clocks 1" in the project file.)

Design Input Complete (Real Time elapsed 0h:00m:00s; CPU Time elapsed 0h:00m:00s; Memory used current: 100MB peak: 102MB)


Mapper Initialization Complete (Real Time elapsed 0h:00m:00s; CPU Time elapsed 0h:00m:00s; Memory used current: 100MB peak: 102MB)


Start loading timing files (Real Time elapsed 0h:00m:00s; CPU Time elapsed 0h:00m:00s; Memory used current: 112MB peak: 112MB)


Finished loading timing files (Real Time elapsed 0h:00m:00s; CPU Time elapsed 0h:00m:00s; Memory used current: 112MB peak: 114MB)

ICG Latch Removal Summary:
Number of ICG latches removed:	0
Number of ICG latches not removed:	0
syn_allowed_resources : blockrams=26  set on top level netlist topdesplazamientos00

Finished netlist restructuring (Real Time elapsed 0h:00m:00s; CPU Time elapsed 0h:00m:00s; Memory used current: 139MB peak: 141MB)



Clock Summary
*****************

Start                            Requested     Requested     Clock                                           Clock                   Clock
Clock                            Frequency     Period        Type                                            Group                   Load 
------------------------------------------------------------------------------------------------------------------------------------------
div00|outdiv_derived_clock       2.1 MHz       480.769       derived (from osc00|osc_int_inferred_clock)     Inferred_clkgroup_0     16   
osc00|osc_int_inferred_clock     2.1 MHz       480.769       inferred                                        Inferred_clkgroup_0     23   
==========================================================================================================================================

@W: MT529 :"c:\users\eliot\documents\github\arqui3cm3\desplazamientos00\desplazamientos00\source\div00.vhdl":21:2:21:3|Found inferred clock osc00|osc_int_inferred_clock which controls 23 sequential elements including W00.DO1.sdiv[21:0]. This clock has no specified timing constraint which may prevent conversion of gated or generated clocks and may adversely impact design performance. 

Finished Pre Mapping Phase.

Starting constraint checker (Real Time elapsed 0h:00m:00s; CPU Time elapsed 0h:00m:00s; Memory used current: 140MB peak: 141MB)

None
None

Finished constraint checker (Real Time elapsed 0h:00m:00s; CPU Time elapsed 0h:00m:00s; Memory used current: 140MB peak: 141MB)

Pre-mapping successful!

At Mapper Exit (Real Time elapsed 0h:00m:00s; CPU Time elapsed 0h:00m:00s; Memory used current: 56MB peak: 141MB)

Process took 0h:00m:01s realtime, 0h:00m:01s cputime
# Tue Sep 26 07:25:41 2017

###########################################################]
Map & Optimize Report

# Tue Sep 26 07:25:42 2017

Synopsys Lattice Technology Mapper, Version maplat, Build 1682R, Built Mar 10 2017 10:47:08
Copyright (C) 1994-2017 Synopsys, Inc. This Synopsys software and all associated documentation are proprietary to Synopsys, Inc. and may only be used pursuant to the terms and conditions of a written license agreement with Synopsys, Inc. All other use, reproduction, modification, or distribution of the Synopsys software or the associated documentation is strictly prohibited.
Product Version L-2016.09L-1

Mapper Startup Complete (Real Time elapsed 0h:00m:00s; CPU Time elapsed 0h:00m:00s; Memory used current: 99MB peak: 99MB)

@N: MF248 |Running in 64-bit mode.
@N: MF666 |Clock conversion enabled. (Command "set_option -fix_gated_and_generated_clocks 1" in the project file.)

Design Input Complete (Real Time elapsed 0h:00m:00s; CPU Time elapsed 0h:00m:00s; Memory used current: 99MB peak: 100MB)


Mapper Initialization Complete (Real Time elapsed 0h:00m:00s; CPU Time elapsed 0h:00m:00s; Memory used current: 99MB peak: 100MB)


Start loading timing files (Real Time elapsed 0h:00m:00s; CPU Time elapsed 0h:00m:00s; Memory used current: 111MB peak: 112MB)


Finished loading timing files (Real Time elapsed 0h:00m:00s; CPU Time elapsed 0h:00m:00s; Memory used current: 111MB peak: 114MB)



Starting Optimization and Mapping (Real Time elapsed 0h:00m:00s; CPU Time elapsed 0h:00m:00s; Memory used current: 139MB peak: 141MB)


Available hyper_sources - for debug and ip models
	None Found


Finished RTL optimizations (Real Time elapsed 0h:00m:00s; CPU Time elapsed 0h:00m:00s; Memory used current: 139MB peak: 141MB)


Starting factoring (Real Time elapsed 0h:00m:00s; CPU Time elapsed 0h:00m:00s; Memory used current: 140MB peak: 141MB)


Finished factoring (Real Time elapsed 0h:00m:00s; CPU Time elapsed 0h:00m:00s; Memory used current: 140MB peak: 141MB)


Finished gated-clock and generated-clock conversion (Real Time elapsed 0h:00m:00s; CPU Time elapsed 0h:00m:00s; Memory used current: 140MB peak: 141MB)


Finished generic timing optimizations - Pass 1 (Real Time elapsed 0h:00m:00s; CPU Time elapsed 0h:00m:00s; Memory used current: 140MB peak: 141MB)


Starting Early Timing Optimization (Real Time elapsed 0h:00m:00s; CPU Time elapsed 0h:00m:00s; Memory used current: 140MB peak: 141MB)


Finished Early Timing Optimization (Real Time elapsed 0h:00m:00s; CPU Time elapsed 0h:00m:00s; Memory used current: 140MB peak: 141MB)


Finished generic timing optimizations - Pass 2 (Real Time elapsed 0h:00m:00s; CPU Time elapsed 0h:00m:00s; Memory used current: 140MB peak: 141MB)


Finished preparing to map (Real Time elapsed 0h:00m:00s; CPU Time elapsed 0h:00m:00s; Memory used current: 140MB peak: 141MB)


Finished technology mapping (Real Time elapsed 0h:00m:00s; CPU Time elapsed 0h:00m:00s; Memory used current: 140MB peak: 142MB)

Pass		 CPU time		Worst Slack		Luts / Registers
------------------------------------------------------------
   1		0h:00m:00s		   470.58ns		  44 /        39

Finished technology timing optimizations and critical path resynthesis (Real Time elapsed 0h:00m:00s; CPU Time elapsed 0h:00m:00s; Memory used current: 140MB peak: 142MB)

@N: FX164 |The option to pack registers in the IOB has not been specified. Please set syn_useioff attribute.  
@A: BN291 :"c:\users\eliot\documents\github\arqui3cm3\desplazamientos00\desplazamientos00.vhdl":22:2:22:3|Boundary register W01.outs_7_.fb (in view: work.topdesplazamientos00(topdesplazamientos0)) is packed into a complex cell. To disable register packing, set syn_keep=1 on the net between the register and the complex cell. 
@A: BN291 :"c:\users\eliot\documents\github\arqui3cm3\desplazamientos00\desplazamientos00.vhdl":22:2:22:3|Boundary register W01.outs_6_.fb (in view: work.topdesplazamientos00(topdesplazamientos0)) is packed into a complex cell. To disable register packing, set syn_keep=1 on the net between the register and the complex cell. 
@A: BN291 :"c:\users\eliot\documents\github\arqui3cm3\desplazamientos00\desplazamientos00.vhdl":22:2:22:3|Boundary register W01.outs_5_.fb (in view: work.topdesplazamientos00(topdesplazamientos0)) is packed into a complex cell. To disable register packing, set syn_keep=1 on the net between the register and the complex cell. 
@A: BN291 :"c:\users\eliot\documents\github\arqui3cm3\desplazamientos00\desplazamientos00.vhdl":22:2:22:3|Boundary register W01.outs_4_.fb (in view: work.topdesplazamientos00(topdesplazamientos0)) is packed into a complex cell. To disable register packing, set syn_keep=1 on the net between the register and the complex cell. 
@A: BN291 :"c:\users\eliot\documents\github\arqui3cm3\desplazamientos00\desplazamientos00.vhdl":22:2:22:3|Boundary register W01.outs_3_.fb (in view: work.topdesplazamientos00(topdesplazamientos0)) is packed into a complex cell. To disable register packing, set syn_keep=1 on the net between the register and the complex cell. 
@A: BN291 :"c:\users\eliot\documents\github\arqui3cm3\desplazamientos00\desplazamientos00.vhdl":22:2:22:3|Boundary register W01.outs_2_.fb (in view: work.topdesplazamientos00(topdesplazamientos0)) is packed into a complex cell. To disable register packing, set syn_keep=1 on the net between the register and the complex cell. 
@A: BN291 :"c:\users\eliot\documents\github\arqui3cm3\desplazamientos00\desplazamientos00.vhdl":22:2:22:3|Boundary register W01.outs_1_.fb (in view: work.topdesplazamientos00(topdesplazamientos0)) is packed into a complex cell. To disable register packing, set syn_keep=1 on the net between the register and the complex cell. 
@A: BN291 :"c:\users\eliot\documents\github\arqui3cm3\desplazamientos00\desplazamientos00.vhdl":22:2:22:3|Boundary register W01.outs_0_.fb (in view: work.topdesplazamientos00(topdesplazamientos0)) is packed into a complex cell. To disable register packing, set syn_keep=1 on the net between the register and the complex cell. 

Finished restoring hierarchy (Real Time elapsed 0h:00m:00s; CPU Time elapsed 0h:00m:00s; Memory used current: 140MB peak: 142MB)

@N: MT611 :|Automatically generated clock div00|outdiv_derived_clock is not used and is being removed


@S |Clock Optimization Summary


#### START OF CLOCK OPTIMIZATION REPORT #####[

0 non-gated/non-generated clock tree(s) driving 0 clock pin(s) of sequential element(s)
1 gated/generated clock tree(s) driving 39 clock pin(s) of sequential element(s)
0 instances converted, 39 sequential instances remain driven by gated/generated clocks

================================================================================================= Gated/Generated Clocks ==================================================================================================
Clock Tree ID     Driving Element      Drive Element Type     Fanout     Sample Instance     Explanation                                                                                                                   
---------------------------------------------------------------------------------------------------------------------------------------------------------------------------------------------------------------------------
@K:CKID0001       W00.D00.OSCInst0     OSCH                   39         W01_outsio[0]       Gating structure creates improper gating logic. See the Gated Clocks description in the user guide for conversion requirements
===========================================================================================================================================================================================================================


##### END OF CLOCK OPTIMIZATION REPORT ######]


Start Writing Netlists (Real Time elapsed 0h:00m:00s; CPU Time elapsed 0h:00m:00s; Memory used current: 108MB peak: 142MB)

Writing Analyst data base C:\Users\eliot\Documents\Github\arqui3CM3\desplazamientos00\desplazamientos00\synwork\desplazamientos00_desplazamientos00_m.srm

Finished Writing Netlist Databases (Real Time elapsed 0h:00m:00s; CPU Time elapsed 0h:00m:00s; Memory used current: 140MB peak: 142MB)

Writing EDIF Netlist and constraint files
@N: FX1056 |Writing EDF file: C:\Users\eliot\Documents\Github\arqui3CM3\desplazamientos00\desplazamientos00\desplazamientos00_desplazamientos00.edi
L-2016.09L-1
@N: BW106 |Synplicity Constraint File capacitance units using default value of 1pF 

Finished Writing EDIF Netlist and constraint files (Real Time elapsed 0h:00m:00s; CPU Time elapsed 0h:00m:00s; Memory used current: 144MB peak: 146MB)


Start final timing analysis (Real Time elapsed 0h:00m:01s; CPU Time elapsed 0h:00m:01s; Memory used current: 144MB peak: 146MB)

@W: MT420 |Found inferred clock osc00|osc_int_inferred_clock with period 480.77ns. Please declare a user-defined clock on object "n:W00.D00.osc_int"


##### START OF TIMING REPORT #####[
# Timing Report written on Tue Sep 26 07:25:43 2017
#


Top view:               topdesplazamientos00
Requested Frequency:    2.1 MHz
Wire load mode:         top
Paths requested:        5
Constraint File(s):    
@N: MT320 |This timing report is an estimate of place and route data. For final timing results, use the FPGA vendor place and route report.

@N: MT322 |Clock constraints include only register-to-register paths associated with each individual clock.



Performance Summary
*******************


Worst slack in design: 469.852

                                 Requested     Estimated     Requested     Estimated                 Clock        Clock              
Starting Clock                   Frequency     Frequency     Period        Period        Slack       Type         Group              
-------------------------------------------------------------------------------------------------------------------------------------
osc00|osc_int_inferred_clock     2.1 MHz       91.6 MHz      480.769       10.917        469.852     inferred     Inferred_clkgroup_0
=====================================================================================================================================





Clock Relationships
*******************

Clocks                                                      |    rise  to  rise     |    fall  to  fall   |    rise  to  fall   |    fall  to  rise 
----------------------------------------------------------------------------------------------------------------------------------------------------
Starting                      Ending                        |  constraint  slack    |  constraint  slack  |  constraint  slack  |  constraint  slack
----------------------------------------------------------------------------------------------------------------------------------------------------
osc00|osc_int_inferred_clock  osc00|osc_int_inferred_clock  |  480.769     469.852  |  No paths    -      |  No paths    -      |  No paths    -    
====================================================================================================================================================
 Note: 'No paths' indicates there are no paths in the design for that pair of clock edges.
       'Diff grp' indicates that paths exist but the starting clock and ending clock are in different clock groups.



Interface Information 
*********************

No IO constraint found



====================================
Detailed Report for Clock: osc00|osc_int_inferred_clock
====================================



Starting Points with Worst Slack
********************************

                     Starting                                                          Arrival            
Instance             Reference                        Type        Pin     Net          Time        Slack  
                     Clock                                                                                
----------------------------------------------------------------------------------------------------------
W00.DO1.sdiv[21]     osc00|osc_int_inferred_clock     FD1S3IX     Q       sdiv[21]     1.180       469.852
W00.DO1.sdiv[19]     osc00|osc_int_inferred_clock     FD1S3IX     Q       sdiv[19]     1.148       469.884
W00.DO1.sdiv[20]     osc00|osc_int_inferred_clock     FD1S3IX     Q       sdiv[20]     1.108       469.924
W00.DO1.sdiv[18]     osc00|osc_int_inferred_clock     FD1S3IX     Q       sdiv[18]     1.044       469.988
W00.DO1.sdiv[17]     osc00|osc_int_inferred_clock     FD1S3IX     Q       sdiv[17]     1.148       471.037
W00.DO1.sdiv[16]     osc00|osc_int_inferred_clock     FD1S3IX     Q       sdiv[16]     1.044       471.141
W00.DO1.sdiv[15]     osc00|osc_int_inferred_clock     FD1S3IX     Q       sdiv[15]     1.148       472.190
W00.DO1.sdiv[14]     osc00|osc_int_inferred_clock     FD1S3IX     Q       sdiv[14]     1.044       472.294
W00.DO1.sdiv[0]      osc00|osc_int_inferred_clock     FD1S3IX     Q       sdiv[0]      0.972       475.170
W00.DO1.sdiv[1]      osc00|osc_int_inferred_clock     FD1S3IX     Q       sdiv[1]      0.972       475.313
==========================================================================================================


Ending Points with Worst Slack
******************************

                     Starting                                                              Required            
Instance             Reference                        Type        Pin     Net              Time         Slack  
                     Clock                                                                                     
---------------------------------------------------------------------------------------------------------------
W00.DO1.sdiv[21]     osc00|osc_int_inferred_clock     FD1S3IX     D       un2_sdiv[21]     480.664      469.852
W00.DO1.sdiv[19]     osc00|osc_int_inferred_clock     FD1S3IX     D       un2_sdiv[19]     480.664      469.995
W00.DO1.sdiv[20]     osc00|osc_int_inferred_clock     FD1S3IX     D       un2_sdiv[20]     480.664      469.995
W00.DO1.sdiv[17]     osc00|osc_int_inferred_clock     FD1S3IX     D       un2_sdiv[17]     480.664      470.138
W00.DO1.sdiv[18]     osc00|osc_int_inferred_clock     FD1S3IX     D       un2_sdiv[18]     480.664      470.138
W00.DO1.sdiv[15]     osc00|osc_int_inferred_clock     FD1S3IX     D       un2_sdiv[15]     480.664      470.281
W00.DO1.sdiv[16]     osc00|osc_int_inferred_clock     FD1S3IX     D       un2_sdiv[16]     480.664      470.281
W00.DO1.sdiv[13]     osc00|osc_int_inferred_clock     FD1S3IX     D       un2_sdiv[13]     480.664      470.423
W00.DO1.sdiv[14]     osc00|osc_int_inferred_clock     FD1S3IX     D       un2_sdiv[14]     480.664      470.423
W00.DO1.sdiv[11]     osc00|osc_int_inferred_clock     FD1S3IX     D       un2_sdiv[11]     480.664      470.566
===============================================================================================================



Worst Path Information
***********************


Path information for path number 1: 
      Requested Period:                      480.769
    - Setup time:                            0.106
    + Clock delay at ending point:           0.000 (ideal)
    = Required time:                         480.664

    - Propagation time:                      10.811
    - Clock delay at starting point:         0.000 (ideal)
    = Slack (critical) :                     469.852

    Number of logic level(s):                18
    Starting point:                          W00.DO1.sdiv[21] / Q
    Ending point:                            W00.DO1.sdiv[21] / D
    The start point is clocked by            osc00|osc_int_inferred_clock [rising] on pin CK
    The end   point is clocked by            osc00|osc_int_inferred_clock [rising] on pin CK

Instance / Net                                  Pin      Pin                Arrival     No. of    
Name                               Type         Name     Dir     Delay      Time        Fan Out(s)
--------------------------------------------------------------------------------------------------
W00.DO1.sdiv[21]                   FD1S3IX      Q        Out     1.180      1.180       -         
sdiv[21]                           Net          -        -       -          -           5         
W00.DO1.sdiv_RNICFRU1[18]          ORCALUT4     C        In      0.000      1.180       -         
W00.DO1.sdiv_RNICFRU1[18]          ORCALUT4     Z        Out     1.153      2.333       -         
N_5                                Net          -        -       -          -           3         
W00.DO1.sdiv_RNI598U2[16]          ORCALUT4     A        In      0.000      2.333       -         
W00.DO1.sdiv_RNI598U2[16]          ORCALUT4     Z        Out     1.153      3.485       -         
N_7                                Net          -        -       -          -           3         
W00.DO1.sdiv_RNIQUKT3[14]          ORCALUT4     A        In      0.000      3.485       -         
W00.DO1.sdiv_RNIQUKT3[14]          ORCALUT4     Z        Out     1.089      4.574       -         
N_9                                Net          -        -       -          -           2         
W00.DO1.un2_sdiv_cry_0_0_RNO_5     ORCALUT4     A        In      0.000      4.574       -         
W00.DO1.un2_sdiv_cry_0_0_RNO_5     ORCALUT4     Z        Out     1.017      5.591       -         
un2_sdiv_cry_0_0_RNO_5             Net          -        -       -          -           1         
W00.DO1.un2_sdiv_cry_0_0_RNO_1     PFUMX        BLUT     In      0.000      5.591       -         
W00.DO1.un2_sdiv_cry_0_0_RNO_1     PFUMX        Z        Out     -0.033     5.558       -         
N_14                               Net          -        -       -          -           1         
W00.DO1.un2_sdiv_cry_0_0_RNO       L6MUX21      D0       In      0.000      5.558       -         
W00.DO1.un2_sdiv_cry_0_0_RNO       L6MUX21      Z        Out     0.732      6.290       -         
un1_outdiv_0_sqmuxa_1[0]           Net          -        -       -          -           1         
W00.DO1.un2_sdiv_cry_0_0           CCU2D        B0       In      0.000      6.290       -         
W00.DO1.un2_sdiv_cry_0_0           CCU2D        COUT     Out     1.545      7.834       -         
un2_sdiv_cry_0                     Net          -        -       -          -           1         
W00.DO1.un2_sdiv_cry_1_0           CCU2D        CIN      In      0.000      7.834       -         
W00.DO1.un2_sdiv_cry_1_0           CCU2D        COUT     Out     0.143      7.977       -         
un2_sdiv_cry_2                     Net          -        -       -          -           1         
W00.DO1.un2_sdiv_cry_3_0           CCU2D        CIN      In      0.000      7.977       -         
W00.DO1.un2_sdiv_cry_3_0           CCU2D        COUT     Out     0.143      8.120       -         
un2_sdiv_cry_4                     Net          -        -       -          -           1         
W00.DO1.un2_sdiv_cry_5_0           CCU2D        CIN      In      0.000      8.120       -         
W00.DO1.un2_sdiv_cry_5_0           CCU2D        COUT     Out     0.143      8.263       -         
un2_sdiv_cry_6                     Net          -        -       -          -           1         
W00.DO1.un2_sdiv_cry_7_0           CCU2D        CIN      In      0.000      8.263       -         
W00.DO1.un2_sdiv_cry_7_0           CCU2D        COUT     Out     0.143      8.406       -         
un2_sdiv_cry_8                     Net          -        -       -          -           1         
W00.DO1.un2_sdiv_cry_9_0           CCU2D        CIN      In      0.000      8.406       -         
W00.DO1.un2_sdiv_cry_9_0           CCU2D        COUT     Out     0.143      8.548       -         
un2_sdiv_cry_10                    Net          -        -       -          -           1         
W00.DO1.un2_sdiv_cry_11_0          CCU2D        CIN      In      0.000      8.548       -         
W00.DO1.un2_sdiv_cry_11_0          CCU2D        COUT     Out     0.143      8.691       -         
un2_sdiv_cry_12                    Net          -        -       -          -           1         
W00.DO1.un2_sdiv_cry_13_0          CCU2D        CIN      In      0.000      8.691       -         
W00.DO1.un2_sdiv_cry_13_0          CCU2D        COUT     Out     0.143      8.834       -         
un2_sdiv_cry_14                    Net          -        -       -          -           1         
W00.DO1.un2_sdiv_cry_15_0          CCU2D        CIN      In      0.000      8.834       -         
W00.DO1.un2_sdiv_cry_15_0          CCU2D        COUT     Out     0.143      8.977       -         
un2_sdiv_cry_16                    Net          -        -       -          -           1         
W00.DO1.un2_sdiv_cry_17_0          CCU2D        CIN      In      0.000      8.977       -         
W00.DO1.un2_sdiv_cry_17_0          CCU2D        COUT     Out     0.143      9.120       -         
un2_sdiv_cry_18                    Net          -        -       -          -           1         
W00.DO1.un2_sdiv_cry_19_0          CCU2D        CIN      In      0.000      9.120       -         
W00.DO1.un2_sdiv_cry_19_0          CCU2D        COUT     Out     0.143      9.262       -         
un2_sdiv_cry_20                    Net          -        -       -          -           1         
W00.DO1.un2_sdiv_s_21_0            CCU2D        CIN      In      0.000      9.262       -         
W00.DO1.un2_sdiv_s_21_0            CCU2D        S0       Out     1.549      10.811      -         
un2_sdiv[21]                       Net          -        -       -          -           1         
W00.DO1.sdiv[21]                   FD1S3IX      D        In      0.000      10.811      -         
==================================================================================================



##### END OF TIMING REPORT #####]

Timing exceptions that could not be applied
None

Finished final timing analysis (Real Time elapsed 0h:00m:01s; CPU Time elapsed 0h:00m:01s; Memory used current: 144MB peak: 146MB)


Finished timing report (Real Time elapsed 0h:00m:01s; CPU Time elapsed 0h:00m:01s; Memory used current: 144MB peak: 146MB)

---------------------------------------
Resource Usage Report
Part: lcmxo2_7000he-4

Register bits: 39 of 6864 (1%)
PIC Latch:       0
I/O cells:       24


Details:
CCU2D:          12
FD1P3AX:        8
FD1S3AX:        1
FD1S3IX:        22
GSR:            1
IB:             15
L6MUX21:        1
OB:             9
OFS1P3IX:       8
ORCALUT4:       44
OSCH:           1
PFUMX:          5
PUR:            1
VHI:            3
VLO:            4
false:          1
true:           2
Mapper successful!

At Mapper Exit (Real Time elapsed 0h:00m:01s; CPU Time elapsed 0h:00m:01s; Memory used current: 32MB peak: 146MB)

Process took 0h:00m:01s realtime, 0h:00m:01s cputime
# Tue Sep 26 07:25:43 2017

###########################################################]


Synthesis exit by 0.

edif2ngd  -l "MachXO2" -d LCMXO2-7000HE -path "C:/Users/eliot/Documents/Github/arqui3CM3/desplazamientos00/desplazamientos00" -path "C:/Users/eliot/Documents/Github/arqui3CM3/desplazamientos00"   "C:/Users/eliot/Documents/Github/arqui3CM3/desplazamientos00/desplazamientos00/desplazamientos00_desplazamientos00.edi" "desplazamientos00_desplazamientos00.ngo"   
edif2ngd:  version Diamond (64-bit) 3.9.1.119

Copyright (c) 1991-1994 by NeoCAD Inc. All rights reserved.
Copyright (c) 1995 AT&T Corp.   All rights reserved.
Copyright (c) 1995-2001 Lucent Technologies Inc.  All rights reserved.
Copyright (c) 2001 Agere Systems   All rights reserved.
Copyright (c) 2002-2017 Lattice Semiconductor Corporation,  All rights reserved.
Writing the design to desplazamientos00_desplazamientos00.ngo...

Total CPU Time: 0 secs  

Total REAL Time: 0 secs  


ngdbuild  -a "MachXO2" -d LCMXO2-7000HE  -p "C:/lscc/diamond/3.9_x64/ispfpga/xo2c00/data"  -p "C:/Users/eliot/Documents/Github/arqui3CM3/desplazamientos00/desplazamientos00" -p "C:/Users/eliot/Documents/Github/arqui3CM3/desplazamientos00"  "desplazamientos00_desplazamientos00.ngo" "desplazamientos00_desplazamientos00.ngd"  	
ngdbuild:  version Diamond (64-bit) 3.9.1.119

Copyright (c) 1991-1994 by NeoCAD Inc. All rights reserved.
Copyright (c) 1995 AT&T Corp.   All rights reserved.
Copyright (c) 1995-2001 Lucent Technologies Inc.  All rights reserved.
Copyright (c) 2001 Agere Systems   All rights reserved.
Copyright (c) 2002-2017 Lattice Semiconductor Corporation,  All rights reserved.
Reading 'desplazamientos00_desplazamientos00.ngo' ...
Loading NGL library 'C:/lscc/diamond/3.9_x64/ispfpga/xo2c00a/data/xo2alib.ngl'...
Loading NGL library 'C:/lscc/diamond/3.9_x64/ispfpga/xo2c00/data/xo2clib.ngl'...
Loading NGL library 'C:/lscc/diamond/3.9_x64/ispfpga/mg5g00/data/mg5glib.ngl'...
Loading NGL library 'C:/lscc/diamond/3.9_x64/ispfpga/or5g00/data/orc5glib.ngl'...


Running DRC...

    <postMsg mid="1166052" type="Warning" dynamic="2" navigation="1" arg0="logical" arg1="W00/DO1/un2_sdiv_s_21_0_COUT" arg2="W00/DO1/un2_sdiv_s_21_0_COUT"  />
    <postMsg mid="1166052" type="Warning" dynamic="2" navigation="1" arg0="logical" arg1="W00/DO1/un2_sdiv_s_21_0_S1" arg2="W00/DO1/un2_sdiv_s_21_0_S1"  />
    <postMsg mid="1166052" type="Warning" dynamic="2" navigation="1" arg0="logical" arg1="W00/DO1/un2_sdiv_cry_0_0_S0" arg2="W00/DO1/un2_sdiv_cry_0_0_S0"  />
    <postMsg mid="1166052" type="Warning" dynamic="2" navigation="1" arg0="logical" arg1="W00/D00/OSCInst0_SEDSTDBY" arg2="W00/D00/OSCInst0_SEDSTDBY"  />
    <postMsg mid="1163101" type="Warning" dynamic="1" navigation="0" arg0="4"  />

Design Results:
    134 blocks expanded
Complete the first expansion.
Writing 'desplazamientos00_desplazamientos00.ngd' ...
Total CPU Time: 0 secs  

Total REAL Time: 0 secs  


map -a "MachXO2" -p LCMXO2-7000HE -t TQFP144 -s 4 -oc Commercial   "desplazamientos00_desplazamientos00.ngd" -o "desplazamientos00_desplazamientos00_map.ncd" -pr "desplazamientos00_desplazamientos00.prf" -mp "desplazamientos00_desplazamientos00.mrp" -lpf "C:/Users/eliot/Documents/Github/arqui3CM3/desplazamientos00/desplazamientos00/desplazamientos00_desplazamientos00_synplify.lpf" -lpf "C:/Users/eliot/Documents/Github/arqui3CM3/desplazamientos00/desplazamientos00.lpf" -c 0            
map:  version Diamond (64-bit) 3.9.1.119

Copyright (c) 1991-1994 by NeoCAD Inc. All rights reserved.
Copyright (c) 1995 AT&T Corp.   All rights reserved.
Copyright (c) 1995-2001 Lucent Technologies Inc.  All rights reserved.
Copyright (c) 2001 Agere Systems   All rights reserved.
Copyright (c) 2002-2017 Lattice Semiconductor Corporation,  All rights reserved.
   Process the file: desplazamientos00_desplazamientos00.ngd
   Picdevice="LCMXO2-7000HE"

   Pictype="TQFP144"

   Picspeed=4

   Remove unused logic

   Do not produce over sized NCDs.

Part used: LCMXO2-7000HETQFP144, Performance used: 4.

Loading device for application map from file 'xo2c7000.nph' in environment: C:/lscc/diamond/3.9_x64/ispfpga.
Package Status:                     Final          Version 1.39.

Running general design DRC...

Removing unused logic...

Optimizing...




Design Summary:
   Number of registers:     39 out of  7209 (1%)
      PFU registers:           31 out of  6864 (0%)
      PIO registers:            8 out of   345 (2%)
   Number of SLICEs:        34 out of  3432 (1%)
      SLICEs as Logic/ROM:     34 out of  3432 (1%)
      SLICEs as RAM:            0 out of  2574 (0%)
      SLICEs as Carry:         12 out of  3432 (0%)
   Number of LUT4s:         68 out of  6864 (1%)
      Number used as logic LUTs:         44
      Number used as distributed RAM:     0
      Number used as ripple logic:       24
      Number used as shift registers:     0
   Number of PIO sites used: 24 + 4(JTAG) out of 115 (24%)
   Number of block RAMs:  0 out of 26 (0%)
   Number of GSRs:  0 out of 1 (0%)
   EFB used :       No
   JTAG used :      No
   Readback used :  No
   Oscillator used :  Yes
   Startup used :   No
   POR :            On
   Bandgap :        On
   Number of Power Controller:  0 out of 1 (0%)
   Number of Dynamic Bank Controller (BCINRD):  0 out of 6 (0%)
   Number of Dynamic Bank Controller (BCLVDSO):  0 out of 1 (0%)
   Number of DCCA:  0 out of 8 (0%)
   Number of DCMA:  0 out of 2 (0%)
   Number of PLLs:  0 out of 2 (0%)
   Number of DQSDLLs:  0 out of 2 (0%)
   Number of CLKDIVC:  0 out of 4 (0%)
   Number of ECLKSYNCA:  0 out of 4 (0%)
   Number of ECLKBRIDGECS:  0 out of 2 (0%)
   Notes:-
      1. Total number of LUT4s = (Number of logic LUT4s) + 2*(Number of distributed RAMs) + 2*(Number of ripple logic)
      2. Number of logic LUT4s does not include count of distributed RAM and ripple logic.
   Number of clocks:  1
     Net W00.sclk_0: 26 loads, 26 rising, 0 falling (Driver: W00/D00/OSCInst0 )
   Number of Clock Enables:  2
     Net outs_cnv[0]: 8 loads, 0 LSLICEs
     Net W01/sins_cnv[0]: 5 loads, 5 LSLICEs
   Number of LSRs:  2
     Net G_10: 8 loads, 0 LSLICEs
     Net W00/DO1/N_32_i: 12 loads, 12 LSLICEs
   Number of nets driven by tri-state buffers:  0
   Top 10 highest fanout non-clock nets:
     Net en0_c[2]: 13 loads
     Net W00/DO1/N_32_i: 12 loads
     Net cdiv0_c[1]: 8 loads
     Net cdiv0_c[3]: 8 loads
     Net G_10: 8 loads
     Net outs_cnv[0]: 8 loads
     Net W01/sins23: 8 loads
     Net W01/sins_10_sn_N_5: 8 loads
     Net en0_c[0]: 6 loads
     Net en0_c[1]: 6 loads
 

   Number of warnings:  0
   Number of errors:    0



Total CPU Time: 0 secs  
Total REAL Time: 0 secs  
Peak Memory Usage: 58 MB

Dumping design to file desplazamientos00_desplazamientos00_map.ncd.

mpartrce -p "desplazamientos00_desplazamientos00.p2t" -f "desplazamientos00_desplazamientos00.p3t" -tf "desplazamientos00_desplazamientos00.pt" "desplazamientos00_desplazamientos00_map.ncd" "desplazamientos00_desplazamientos00.ncd"

---- MParTrce Tool ----
Removing old design directory at request of -rem command line option to this program.
Running par. Please wait . . .

Lattice Place and Route Report for Design "desplazamientos00_desplazamientos00_map.ncd"
Tue Sep 26 07:25:45 2017

PAR: Place And Route Diamond (64-bit) 3.9.1.119.
Command Line: par -w -l 5 -i 6 -t 1 -c 0 -e 0 -gui -msgset C:/Users/eliot/Documents/Github/arqui3CM3/desplazamientos00/promote.xml -exp parUseNBR=1:parCDP=0:parCDR=0:parPathBased=OFF desplazamientos00_desplazamientos00_map.ncd desplazamientos00_desplazamientos00.dir/5_1.ncd desplazamientos00_desplazamientos00.prf
Preference file: desplazamientos00_desplazamientos00.prf.
Placement level-cost: 5-1.
Routing Iterations: 6

Loading design for application par from file desplazamientos00_desplazamientos00_map.ncd.
Design name: topdesplazamientos00
NCD version: 3.3
Vendor:      LATTICE
Device:      LCMXO2-7000HE
Package:     TQFP144
Performance: 4
Loading device for application par from file 'xo2c7000.nph' in environment: C:/lscc/diamond/3.9_x64/ispfpga.
Package Status:                     Final          Version 1.39.
Performance Hardware Data Status:   Final          Version 34.4.
License checked out.


Ignore Preference Error(s):  True
Device utilization summary:

   PIO (prelim)   24+4(JTAG)/336     8% used
                  24+4(JTAG)/115     24% bonded
   IOLOGIC            8/336           2% used

   SLICE             34/3432         <1% used

   OSC                1/1           100% used


Number of Signals: 128
Number of Connections: 294

Pin Constraint Summary:
   23 out of 24 pins locked (95% locked).

The following 1 signal is selected to use the primary clock routing resources:
    W00.sclk_0 (driver: W00/D00/OSCInst0, clk load #: 26)


The following 1 signal is selected to use the secondary clock routing resources:
    W00/DO1/N_32_i (driver: W00/DO1/SLICE_17, clk load #: 0, sr load #: 12, ce load #: 0)

No signal is selected as Global Set/Reset.
.
Starting Placer Phase 0.
.........
Finished Placer Phase 0.  REAL time: 0 secs 

Starting Placer Phase 1.
...................
Placer score = 28577.
Finished Placer Phase 1.  REAL time: 5 secs 

Starting Placer Phase 2.
.
Placer score =  28577
Finished Placer Phase 2.  REAL time: 5 secs 


------------------ Clock Report ------------------

Global Clock Resources:
  CLK_PIN    : 0 out of 8 (0%)
  PLL        : 0 out of 2 (0%)
  DCM        : 0 out of 2 (0%)
  DCC        : 0 out of 8 (0%)

Quadrants All (TL, TR, BL, BR) - Global Clocks:
  PRIMARY "W00.sclk_0" from OSC on comp "W00/D00/OSCInst0" on site "OSC", clk load = 26
  SECONDARY "W00/DO1/N_32_i" from F1 on comp "W00/DO1/SLICE_17" on site "R25C13C", clk load = 0, ce load = 0, sr load = 12

  PRIMARY  : 1 out of 8 (12%)
  SECONDARY: 1 out of 8 (12%)

Edge Clocks:
  No edge clock selected.

--------------- End of Clock Report ---------------


I/O Usage Summary (final):
   24 + 4(JTAG) out of 336 (8.3%) PIO sites used.
   24 + 4(JTAG) out of 115 (24.3%) bonded PIO sites used.
   Number of PIO comps: 24; differential: 0.
   Number of Vref pins used: 0.

I/O Bank Usage Summary:
+----------+----------------+------------+-----------+
| I/O Bank | Usage          | Bank Vccio | Bank Vref |
+----------+----------------+------------+-----------+
| 0        | 0 / 28 (  0%)  | -          | -         |
| 1        | 0 / 29 (  0%)  | -          | -         |
| 2        | 16 / 29 ( 55%) | 2.5V       | -         |
| 3        | 0 / 9 (  0%)   | -          | -         |
| 4        | 8 / 10 ( 80%)  | 2.5V       | -         |
| 5        | 0 / 10 (  0%)  | -          | -         |
+----------+----------------+------------+-----------+

Total placer CPU time: 4 secs 

Dumping design to file desplazamientos00_desplazamientos00.dir/5_1.ncd.

0 connections routed; 294 unrouted.
Starting router resource preassignment

Completed router resource preassignment. Real time: 6 secs 

Start NBR router at 07:25:51 09/26/17

*****************************************************************
Info: NBR allows conflicts(one node used by more than one signal)
      in the earlier iterations. In each iteration, it tries to  
      solve the conflicts while keeping the critical connections 
      routed as short as possible. The routing process is said to
      be completed when no conflicts exist and all connections   
      are routed.                                                
Note: NBR uses a different method to calculate timing slacks. The
      worst slack and total negative slack may not be the same as
      that in TRCE report. You should always run TRCE to verify  
      your design.                                               
*****************************************************************

Start NBR special constraint process at 07:25:51 09/26/17

Start NBR section for initial routing at 07:25:51 09/26/17
Level 4, iteration 1
0(0.00%) conflict; 0(0.00%) untouched conn; 0 (nbr) score; 
Estimated worst slack/total negative slack<setup>: 467.143ns/0.000ns; real time: 7 secs 

Info: Initial congestion level at 75% usage is 0
Info: Initial congestion area  at 75% usage is 0 (0.00%)

Start NBR section for normal routing at 07:25:52 09/26/17
Level 4, iteration 1
0(0.00%) conflict; 0(0.00%) untouched conn; 0 (nbr) score; 
Estimated worst slack/total negative slack<setup>: 467.143ns/0.000ns; real time: 7 secs 

Start NBR section for setup/hold timing optimization with effort level 3 at 07:25:52 09/26/17

Start NBR section for re-routing at 07:25:52 09/26/17
Level 4, iteration 1
0(0.00%) conflict; 0(0.00%) untouched conn; 0 (nbr) score; 
Estimated worst slack/total negative slack<setup>: 467.143ns/0.000ns; real time: 7 secs 

Start NBR section for post-routing at 07:25:52 09/26/17

End NBR router with 0 unrouted connection

NBR Summary
-----------
  Number of unrouted connections : 0 (0.00%)
  Number of connections with timing violations : 0 (0.00%)
  Estimated worst slack<setup> : 467.143ns
  Timing score<setup> : 0
-----------
Notes: The timing info is calculated for SETUP only and all PAR_ADJs are ignored.



Total CPU time 7 secs 
Total REAL time: 7 secs 
Completely routed.
End of route.  294 routed (100.00%); 0 unrouted.

Hold time timing score: 0, hold timing errors: 0

Timing score: 0 

Dumping design to file desplazamientos00_desplazamientos00.dir/5_1.ncd.


PAR_SUMMARY::Run status = completed
PAR_SUMMARY::Number of unrouted conns = 0
PAR_SUMMARY::Worst  slack<setup/<ns>> = 467.143
PAR_SUMMARY::Timing score<setup/<ns>> = 0.000
PAR_SUMMARY::Worst  slack<hold /<ns>> = 0.377
PAR_SUMMARY::Timing score<hold /<ns>> = 0.000
PAR_SUMMARY::Number of errors = 0

Total CPU  time to completion: 7 secs 
Total REAL time to completion: 7 secs 

par done!

Copyright (c) 1991-1994 by NeoCAD Inc. All rights reserved.
Copyright (c) 1995 AT&T Corp.   All rights reserved.
Copyright (c) 1995-2001 Lucent Technologies Inc.  All rights reserved.
Copyright (c) 2001 Agere Systems   All rights reserved.
Copyright (c) 2002-2017 Lattice Semiconductor Corporation,  All rights reserved.
Exiting par with exit code 0
Exiting mpartrce with exit code 0

bitgen -f "desplazamientos00_desplazamientos00.t2b" -w "desplazamientos00_desplazamientos00.ncd" -jedec "desplazamientos00_desplazamientos00.prf"


BITGEN: Bitstream Generator Diamond (64-bit) 3.9.1.119
Copyright (c) 1991-1994 by NeoCAD Inc. All rights reserved.
Copyright (c) 1995 AT&T Corp.   All rights reserved.
Copyright (c) 1995-2001 Lucent Technologies Inc.  All rights reserved.
Copyright (c) 2001 Agere Systems   All rights reserved.
Copyright (c) 2002-2017 Lattice Semiconductor Corporation,  All rights reserved.


Loading design for application Bitgen from file desplazamientos00_desplazamientos00.ncd.
Design name: topdesplazamientos00
NCD version: 3.3
Vendor:      LATTICE
Device:      LCMXO2-7000HE
Package:     TQFP144
Performance: 4
Loading device for application Bitgen from file 'xo2c7000.nph' in environment: C:/lscc/diamond/3.9_x64/ispfpga.
Package Status:                     Final          Version 1.39.
Performance Hardware Data Status:   Final          Version 34.4.

Running DRC.
DRC detected 0 errors and 0 warnings.
Reading Preference File from desplazamientos00_desplazamientos00.prf.

Preference Summary:
+---------------------------------+---------------------------------+
|  Preference                     |  Current Setting                |
+---------------------------------+---------------------------------+
|                         RamCfg  |                        Reset**  |
+---------------------------------+---------------------------------+
|                     MCCLK_FREQ  |                         2.08**  |
+---------------------------------+---------------------------------+
|                  CONFIG_SECURE  |                          OFF**  |
+---------------------------------+---------------------------------+
|                          INBUF  |                           ON**  |
+---------------------------------+---------------------------------+
|                      JTAG_PORT  |                       ENABLE**  |
+---------------------------------+---------------------------------+
|                       SDM_PORT  |                      DISABLE**  |
+---------------------------------+---------------------------------+
|                 SLAVE_SPI_PORT  |                      DISABLE**  |
+---------------------------------+---------------------------------+
|                MASTER_SPI_PORT  |                      DISABLE**  |
+---------------------------------+---------------------------------+
|                       I2C_PORT  |                      DISABLE**  |
+---------------------------------+---------------------------------+
|        MUX_CONFIGURATION_PORTS  |                      DISABLE**  |
+---------------------------------+---------------------------------+
|                  CONFIGURATION  |                          CFG**  |
+---------------------------------+---------------------------------+
|                COMPRESS_CONFIG  |                           ON**  |
+---------------------------------+---------------------------------+
|                        MY_ASSP  |                          OFF**  |
+---------------------------------+---------------------------------+
|               ONE_TIME_PROGRAM  |                          OFF**  |
+---------------------------------+---------------------------------+
|                 ENABLE_TRANSFR  |                      DISABLE**  |
+---------------------------------+---------------------------------+
|                  SHAREDEBRINIT  |                      DISABLE**  |
+---------------------------------+---------------------------------+
|            BACKGROUND_RECONFIG  |                          OFF**  |
+---------------------------------+---------------------------------+
 *  Default setting.
 ** The specified setting matches the default setting.


Creating bit map...
 
Bitstream Status: Final           Version 1.94.
 
Saving bit stream in "desplazamientos00_desplazamientos00.jed".
 
===========
UFM Summary.
===========
UFM Size:        2046 Pages (128*2046 Bits).
UFM Utilization: General Purpose Flash Memory.
 
Available General Purpose Flash Memory: 2046 Pages (Page 0 to Page 2045).
Initialized UFM Pages:                     0 Page.
 
