This is pdfTeX, Version 3.14159265-2.6-1.40.19 (MiKTeX 2.9.6730) (preloaded format=pdflatex 2019.5.18)  18 MAY 2019 23:30
entering extended mode
**./main.tex
(main.tex
LaTeX2e <2018-12-01>

("/Users/eliothmonroy/Library/Application Support/MiKTeX/texmfs/install/tex/lat
ex/base/report.cls"
Document Class: report 2018/09/03 v1.4i Standard LaTeX document class

("/Users/eliothmonroy/Library/Application Support/MiKTeX/texmfs/install/tex/lat
ex/base/size12.clo"
File: size12.clo 2018/09/03 v1.4i Standard LaTeX file (size option)
)
\c@part=\count80
\c@chapter=\count81
\c@section=\count82
\c@subsection=\count83
\c@subsubsection=\count84
\c@paragraph=\count85
\c@subparagraph=\count86
\c@figure=\count87
\c@table=\count88
\abovecaptionskip=\skip41
\belowcaptionskip=\skip42
\bibindent=\dimen102
)
("/Users/eliothmonroy/Library/Application Support/MiKTeX/texmfs/install/tex/lat
ex/geometry/geometry.sty"
Package: geometry 2018/04/16 v5.8 Page Geometry

("/Users/eliothmonroy/Library/Application Support/MiKTeX/texmfs/install/tex/lat
ex/graphics/keyval.sty"
Package: keyval 2014/10/28 v1.15 key=value parser (DPC)
\KV@toks@=\toks14
)
("/Users/eliothmonroy/Library/Application Support/MiKTeX/texmfs/install/tex/gen
eric/oberdiek/ifpdf.sty"
Package: ifpdf 2018/09/07 v3.3 Provides the ifpdf switch
)
("/Users/eliothmonroy/Library/Application Support/MiKTeX/texmfs/install/tex/gen
eric/oberdiek/ifvtex.sty"
Package: ifvtex 2016/05/16 v1.6 Detect VTeX and its facilities (HO)
Package ifvtex Info: VTeX not detected.
)
("/Users/eliothmonroy/Library/Application Support/MiKTeX/texmfs/install/tex/gen
eric/ifxetex/ifxetex.sty"
Package: ifxetex 2010/09/12 v0.6 Provides ifxetex conditional
)
\Gm@cnth=\count89
\Gm@cntv=\count90
\c@Gm@tempcnt=\count91
\Gm@bindingoffset=\dimen103
\Gm@wd@mp=\dimen104
\Gm@odd@mp=\dimen105
\Gm@even@mp=\dimen106
\Gm@layoutwidth=\dimen107
\Gm@layoutheight=\dimen108
\Gm@layouthoffset=\dimen109
\Gm@layoutvoffset=\dimen110
\Gm@dimlist=\toks15

("/Users/eliothmonroy/Library/Application Support/MiKTeX/texmfs/install/tex/lat
ex/geometry/geometry.cfg"))
("/Users/eliothmonroy/Library/Application Support/MiKTeX/texmfs/install/tex/lat
ex/graphics/graphicx.sty"
Package: graphicx 2017/06/01 v1.1a Enhanced LaTeX Graphics (DPC,SPQR)

("/Users/eliothmonroy/Library/Application Support/MiKTeX/texmfs/install/tex/lat
ex/graphics/graphics.sty"
Package: graphics 2017/06/25 v1.2c Standard LaTeX Graphics (DPC,SPQR)

("/Users/eliothmonroy/Library/Application Support/MiKTeX/texmfs/install/tex/lat
ex/graphics/trig.sty"
Package: trig 2016/01/03 v1.10 sin cos tan (DPC)
)
("/Users/eliothmonroy/Library/Application Support/MiKTeX/texmfs/install/tex/lat
ex/graphics-cfg/graphics.cfg"
File: graphics.cfg 2016/06/04 v1.11 sample graphics configuration
)
Package graphics Info: Driver file: pdftex.def on input line 99.

("/Users/eliothmonroy/Library/Application Support/MiKTeX/texmfs/install/tex/lat
ex/graphics-def/pdftex.def"
File: pdftex.def 2018/01/08 v1.0l Graphics/color driver for pdftex
))
\Gin@req@height=\dimen111
\Gin@req@width=\dimen112
)
("/Users/eliothmonroy/Library/Application Support/MiKTeX/texmfs/install/tex/lat
ex/hyperref/hyperref.sty"
Package: hyperref 2018/11/30 v6.88e Hypertext links for LaTeX

("/Users/eliothmonroy/Library/Application Support/MiKTeX/texmfs/install/tex/gen
eric/oberdiek/hobsub-hyperref.sty"
Package: hobsub-hyperref 2016/05/16 v1.14 Bundle oberdiek, subset hyperref (HO)


("/Users/eliothmonroy/Library/Application Support/MiKTeX/texmfs/install/tex/gen
eric/oberdiek/hobsub-generic.sty"
Package: hobsub-generic 2016/05/16 v1.14 Bundle oberdiek, subset generic (HO)
Package: hobsub 2016/05/16 v1.14 Construct package bundles (HO)
Package: infwarerr 2016/05/16 v1.4 Providing info/warning/error messages (HO)
Package: ltxcmds 2016/05/16 v1.23 LaTeX kernel commands for general use (HO)
Package: ifluatex 2016/05/16 v1.4 Provides the ifluatex switch (HO)
Package ifluatex Info: LuaTeX not detected.
Package hobsub Info: Skipping package `ifvtex' (already loaded).
Package: intcalc 2016/05/16 v1.2 Expandable calculations with integers (HO)
Package hobsub Info: Skipping package `ifpdf' (already loaded).
Package: etexcmds 2016/05/16 v1.6 Avoid name clashes with e-TeX commands (HO)
Package etexcmds Info: Could not find \expanded.
(etexcmds)             That can mean that you are not using pdfTeX 1.50 or
(etexcmds)             that some package has redefined \expanded.
(etexcmds)             In the latter case, load this package earlier.
Package: kvsetkeys 2016/05/16 v1.17 Key value parser (HO)
Package: kvdefinekeys 2016/05/16 v1.4 Define keys (HO)
Package: pdftexcmds 2018/09/10 v0.29 Utility functions of pdfTeX for LuaTeX (HO
)
Package pdftexcmds Info: LuaTeX not detected.
Package pdftexcmds Info: \pdf@primitive is available.
Package pdftexcmds Info: \pdf@ifprimitive is available.
Package pdftexcmds Info: \pdfdraftmode found.
Package: pdfescape 2016/05/16 v1.14 Implements pdfTeX's escape features (HO)
Package: bigintcalc 2016/05/16 v1.4 Expandable calculations on big integers (HO
)
Package: bitset 2016/05/16 v1.2 Handle bit-vector datatype (HO)
Package: uniquecounter 2016/05/16 v1.3 Provide unlimited unique counter (HO)
)
Package hobsub Info: Skipping package `hobsub' (already loaded).
Package: letltxmacro 2016/05/16 v1.5 Let assignment for LaTeX macros (HO)
Package: hopatch 2016/05/16 v1.3 Wrapper for package hooks (HO)
Package: xcolor-patch 2016/05/16 xcolor patch
Package: atveryend 2016/05/16 v1.9 Hooks at the very end of document (HO)
Package atveryend Info: \enddocument detected (standard20110627).
Package: atbegshi 2016/06/09 v1.18 At begin shipout hook (HO)
Package: refcount 2016/05/16 v3.5 Data extraction from label references (HO)
Package: hycolor 2016/05/16 v1.8 Color options for hyperref/bookmark (HO)
)
("/Users/eliothmonroy/Library/Application Support/MiKTeX/texmfs/install/tex/lat
ex/oberdiek/auxhook.sty"
Package: auxhook 2016/05/16 v1.4 Hooks for auxiliary files (HO)
)
("/Users/eliothmonroy/Library/Application Support/MiKTeX/texmfs/install/tex/lat
ex/oberdiek/kvoptions.sty"
Package: kvoptions 2016/05/16 v3.12 Key value format for package options (HO)
)
\@linkdim=\dimen113
\Hy@linkcounter=\count92
\Hy@pagecounter=\count93

("/Users/eliothmonroy/Library/Application Support/MiKTeX/texmfs/install/tex/lat
ex/hyperref/pd1enc.def"
File: pd1enc.def 2018/11/30 v6.88e Hyperref: PDFDocEncoding definition (HO)
Now handling font encoding PD1 ...
... no UTF-8 mapping file for font encoding PD1
)
\Hy@SavedSpaceFactor=\count94

("/Users/eliothmonroy/Library/Application Support/MiKTeX/texmfs/install/tex/lat
ex/00miktex/hyperref.cfg"
File: hyperref.cfg 2002/06/06 v1.2 hyperref configuration of TeXLive
)
Package hyperref Info: Option `bookmarks' set `true' on input line 4393.
Package hyperref Info: Option `colorlinks' set `false' on input line 4393.
Package hyperref Info: Hyper figures OFF on input line 4519.
Package hyperref Info: Link nesting OFF on input line 4524.
Package hyperref Info: Hyper index ON on input line 4527.
Package hyperref Info: Plain pages OFF on input line 4534.
Package hyperref Info: Backreferencing OFF on input line 4539.
Package hyperref Info: Implicit mode ON; LaTeX internals redefined.
Package hyperref Info: Bookmarks ON on input line 4772.
\c@Hy@tempcnt=\count95

("/Users/eliothmonroy/Library/Application Support/MiKTeX/texmfs/install/tex/lat
ex/url/url.sty"
\Urlmuskip=\muskip10
Package: url 2013/09/16  ver 3.4  Verb mode for urls, etc.
)
LaTeX Info: Redefining \url on input line 5125.
\XeTeXLinkMargin=\dimen114
\Fld@menulength=\count96
\Field@Width=\dimen115
\Fld@charsize=\dimen116
Package hyperref Info: Hyper figures OFF on input line 6380.
Package hyperref Info: Link nesting OFF on input line 6385.
Package hyperref Info: Hyper index ON on input line 6388.
Package hyperref Info: backreferencing OFF on input line 6395.
Package hyperref Info: Link coloring OFF on input line 6400.
Package hyperref Info: Link coloring with OCG OFF on input line 6405.
Package hyperref Info: PDF/A mode OFF on input line 6410.
LaTeX Info: Redefining \ref on input line 6450.
LaTeX Info: Redefining \pageref on input line 6454.
\Hy@abspage=\count97
\c@Item=\count98
\c@Hfootnote=\count99
)
Package hyperref Info: Driver (autodetected): hpdftex.

("/Users/eliothmonroy/Library/Application Support/MiKTeX/texmfs/install/tex/lat
ex/hyperref/hpdftex.def"
File: hpdftex.def 2018/11/30 v6.88e Hyperref driver for pdfTeX
\Fld@listcount=\count100
\c@bookmark@seq@number=\count101

("/Users/eliothmonroy/Library/Application Support/MiKTeX/texmfs/install/tex/lat
ex/oberdiek/rerunfilecheck.sty"
Package: rerunfilecheck 2016/05/16 v1.8 Rerun checks for auxiliary files (HO)
Package uniquecounter Info: New unique counter `rerunfilecheck' on input line 2
82.
)
\Hy@SectionHShift=\skip43
)
("/Users/eliothmonroy/Library/Application Support/MiKTeX/texmfs/install/tex/lat
ex/tools/verbatim.sty"
Package: verbatim 2014/10/28 v1.5q LaTeX2e package for verbatim enhancements
\every@verbatim=\toks16
\verbatim@line=\toks17
\verbatim@in@stream=\read1
)
("/Users/eliothmonroy/Library/Application Support/MiKTeX/texmfs/install/tex/lat
ex/pdfpages/pdfpages.sty"
Package: pdfpages 2017/10/31 v0.5l Insert pages of external PDF documents (AM)

("/Users/eliothmonroy/Library/Application Support/MiKTeX/texmfs/install/tex/lat
ex/base/ifthen.sty"
Package: ifthen 2014/09/29 v1.1c Standard LaTeX ifthen package (DPC)
)
("/Users/eliothmonroy/Library/Application Support/MiKTeX/texmfs/install/tex/lat
ex/tools/calc.sty"
Package: calc 2017/05/25 v4.3 Infix arithmetic (KKT,FJ)
\calc@Acount=\count102
\calc@Bcount=\count103
\calc@Adimen=\dimen117
\calc@Bdimen=\dimen118
\calc@Askip=\skip44
\calc@Bskip=\skip45
LaTeX Info: Redefining \setlength on input line 80.
LaTeX Info: Redefining \addtolength on input line 81.
\calc@Ccount=\count104
\calc@Cskip=\skip46
)
("/Users/eliothmonroy/Library/Application Support/MiKTeX/texmfs/install/tex/lat
ex/eso-pic/eso-pic.sty"
Package: eso-pic 2018/04/12 v2.0h eso-pic (RN)

("/Users/eliothmonroy/Library/Application Support/MiKTeX/texmfs/install/tex/lat
ex/xcolor/xcolor.sty"
Package: xcolor 2016/05/11 v2.12 LaTeX color extensions (UK)

("/Users/eliothmonroy/Library/Application Support/MiKTeX/texmfs/install/tex/lat
ex/graphics-cfg/color.cfg"
File: color.cfg 2016/01/02 v1.6 sample color configuration
)
Package xcolor Info: Driver file: pdftex.def on input line 225.
Package xcolor Info: Model `cmy' substituted by `cmy0' on input line 1348.
Package xcolor Info: Model `hsb' substituted by `rgb' on input line 1352.
Package xcolor Info: Model `RGB' extended on input line 1364.
Package xcolor Info: Model `HTML' substituted by `rgb' on input line 1366.
Package xcolor Info: Model `Hsb' substituted by `hsb' on input line 1367.
Package xcolor Info: Model `tHsb' substituted by `hsb' on input line 1368.
Package xcolor Info: Model `HSB' substituted by `hsb' on input line 1369.
Package xcolor Info: Model `Gray' substituted by `gray' on input line 1370.
Package xcolor Info: Model `wave' substituted by `hsb' on input line 1371.
))
\AM@pagewidth=\dimen119
\AM@pageheight=\dimen120

("/Users/eliothmonroy/Library/Application Support/MiKTeX/texmfs/install/tex/lat
ex/pdfpages/pppdftex.def"
File: pppdftex.def 2017/10/31 v0.5l Pdfpages driver for pdfTeX (AM)
)
\AM@pagebox=\box27
\AM@global@opts=\toks18
\AM@toc@title=\toks19
\c@AM@survey=\count105
\AM@templatesizebox=\box28
)
("/Users/eliothmonroy/Library/Application Support/MiKTeX/texmfs/install/tex/lat
ex/float/float.sty"
Package: float 2001/11/08 v1.3d Float enhancements (AL)
\c@float@type=\count106
\float@exts=\toks20
\float@box=\box29
\@float@everytoks=\toks21
\@floatcapt=\box30
)
("/Users/eliothmonroy/Library/Application Support/MiKTeX/texmfs/install/tex/lat
ex/pslatex/pslatex.sty"
Package: pslatex 1996/07/24 v1.2 pslatex emulation (DPC)
LaTeX Font Info:    Redeclaring symbol font `operators' on input line 65.
LaTeX Font Info:    Overwriting symbol font `operators' in version `normal'
(Font)                  OT1/cmr/m/n --> OT1/ptmcm/m/n on input line 65.
LaTeX Font Info:    Overwriting symbol font `operators' in version `bold'
(Font)                  OT1/cmr/bx/n --> OT1/ptmcm/m/n on input line 65.
LaTeX Font Info:    Redeclaring symbol font `letters' on input line 66.
LaTeX Font Info:    Overwriting symbol font `letters' in version `normal'
(Font)                  OML/cmm/m/it --> OML/ptmcm/m/it on input line 66.
LaTeX Font Info:    Overwriting symbol font `letters' in version `bold'
(Font)                  OML/cmm/b/it --> OML/ptmcm/m/it on input line 66.
LaTeX Font Info:    Redeclaring symbol font `symbols' on input line 67.
LaTeX Font Info:    Overwriting symbol font `symbols' in version `normal'
(Font)                  OMS/cmsy/m/n --> OMS/pzccm/m/n on input line 67.
LaTeX Font Info:    Overwriting symbol font `symbols' in version `bold'
(Font)                  OMS/cmsy/b/n --> OMS/pzccm/m/n on input line 67.
LaTeX Font Info:    Redeclaring symbol font `largesymbols' on input line 68.
LaTeX Font Info:    Overwriting symbol font `largesymbols' in version `normal'
(Font)                  OMX/cmex/m/n --> OMX/psycm/m/n on input line 68.
LaTeX Font Info:    Overwriting symbol font `largesymbols' in version `bold'
(Font)                  OMX/cmex/m/n --> OMX/psycm/m/n on input line 68.
\symbold=\mathgroup4
\symitalic=\mathgroup5
LaTeX Font Info:    Redeclaring math alphabet \mathbf on input line 74.
LaTeX Font Info:    Overwriting math alphabet `\mathbf' in version `normal'
(Font)                  OT1/cmr/bx/n --> OT1/ptm/bx/n on input line 74.
LaTeX Font Info:    Overwriting math alphabet `\mathbf' in version `bold'
(Font)                  OT1/cmr/bx/n --> OT1/ptm/bx/n on input line 74.
LaTeX Font Info:    Redeclaring math alphabet \mathit on input line 75.
LaTeX Font Info:    Overwriting math alphabet `\mathit' in version `normal'
(Font)                  OT1/cmr/m/it --> OT1/ptm/m/it on input line 75.
LaTeX Font Info:    Overwriting math alphabet `\mathit' in version `bold'
(Font)                  OT1/cmr/bx/it --> OT1/ptm/m/it on input line 75.
)
("/Users/eliothmonroy/Library/Application Support/MiKTeX/texmfs/install/tex/lat
ex/tools/array.sty"
Package: array 2018/12/30 v2.4k Tabular extension package (FMi)
\col@sep=\dimen121
\ar@mcellbox=\box31
\extrarowheight=\dimen122
\NC@list=\toks22
\extratabsurround=\skip47
\backup@length=\skip48
\ar@cellbox=\box32
)
("/Users/eliothmonroy/Library/Application Support/MiKTeX/texmfs/install/tex/lat
ex/setspace/setspace.sty"
Package: setspace 2011/12/19 v6.7a set line spacing
)
("/Users/eliothmonroy/Library/Application Support/MiKTeX/texmfs/install/tex/lat
ex/csquotes/csquotes.sty"
Package: csquotes 2019/05/10 v5.2e context-sensitive quotations (JAW)

("/Users/eliothmonroy/Library/Application Support/MiKTeX/texmfs/install/tex/lat
ex/etoolbox/etoolbox.sty"
Package: etoolbox 2018/08/19 v2.5f e-TeX tools for LaTeX (JAW)
\etb@tempcnta=\count107
)
\csq@reset=\count108
\csq@gtype=\count109
\csq@glevel=\count110
\csq@qlevel=\count111
\csq@maxlvl=\count112
\csq@tshold=\count113
\csq@ltx@everypar=\toks23

("/Users/eliothmonroy/Library/Application Support/MiKTeX/texmfs/install/tex/lat
ex/csquotes/csquotes.def"
File: csquotes.def 2019/05/10 v5.2e csquotes generic definitions (JAW)
)
Package csquotes Info: Trying to load configuration file 'csquotes.cfg'...
Package csquotes Info: ... configuration file loaded successfully.

("/Users/eliothmonroy/Library/Application Support/MiKTeX/texmfs/install/tex/lat
ex/csquotes/csquotes.cfg"
File: csquotes.cfg 
)
Package csquotes Info: Disabling multilingual quotes.
Package csquotes Info: Disabling multilingual quotes.
Package csquotes Info: Redefining alias 'default' -> 'english'.
)
Package csquotes Info: Allocating character ".

("/Users/eliothmonroy/Library/Application Support/MiKTeX/texmfs/install/tex/lat
ex/tools/enumerate.sty"
Package: enumerate 2015/07/23 v3.00 enumerate extensions (DPC)
\@enLab=\toks24
)
("/Users/eliothmonroy/Library/Application Support/MiKTeX/texmfs/install/tex/lat
ex/tools/longtable.sty"
Package: longtable 2014/10/28 v4.11 Multi-page Table package (DPC)+ FMi change
\LTleft=\skip49
\LTright=\skip50
\LTpre=\skip51
\LTpost=\skip52
\LTchunksize=\count114
\LTcapwidth=\dimen123
\LT@head=\box33
\LT@firsthead=\box34
\LT@foot=\box35
\LT@lastfoot=\box36
\LT@cols=\count115
\LT@rows=\count116
\c@LT@tables=\count117
\c@LT@chunks=\count118
\LT@p@ftn=\toks25
)
("/Users/eliothmonroy/Library/Application Support/MiKTeX/texmfs/install/tex/lat
ex/oberdiek/listingsutf8.sty"
Package: listingsutf8 2016/05/16 v1.3 Allow UTF-8 in listings input (HO)

("/Users/eliothmonroy/Library/Application Support/MiKTeX/texmfs/install/tex/lat
ex/listings/listings.sty"
\lst@mode=\count119
\lst@gtempboxa=\box37
\lst@token=\toks26
\lst@length=\count120
\lst@currlwidth=\dimen124
\lst@column=\count121
\lst@pos=\count122
\lst@lostspace=\dimen125
\lst@width=\dimen126
\lst@newlines=\count123
\lst@lineno=\count124
\lst@maxwidth=\dimen127

("/Users/eliothmonroy/Library/Application Support/MiKTeX/texmfs/install/tex/lat
ex/listings/lstmisc.sty"
File: lstmisc.sty 2019/02/27 1.8b (Carsten Heinz)
\c@lstnumber=\count125
\lst@skipnumbers=\count126
\lst@framebox=\box38
)
("/Users/eliothmonroy/Library/Application Support/MiKTeX/texmfs/install/tex/lat
ex/listings/listings.cfg"
File: listings.cfg 2019/02/27 1.8b listings configuration
))
Package: listings 2019/02/27 1.8b (Carsten Heinz)

("/Users/eliothmonroy/Library/Application Support/MiKTeX/texmfs/install/tex/gen
eric/oberdiek/stringenc.sty"
Package: stringenc 2016/05/16 v1.11 Convert strings between diff. encodings (HO
)
))
("/Users/eliothmonroy/Library/Application Support/MiKTeX/texmfs/install/tex/lat
ex/caption/caption.sty"
Package: caption 2018/10/06 v3.3-154 Customizing captions (AR)

("/Users/eliothmonroy/Library/Application Support/MiKTeX/texmfs/install/tex/lat
ex/caption/caption3.sty"
Package: caption3 2018/09/12 v1.8c caption3 kernel (AR)
Package caption3 Info: TeX engine: e-TeX on input line 64.
\captionmargin=\dimen128
\captionmargin@=\dimen129
\captionwidth=\dimen130
\caption@tempdima=\dimen131
\caption@indent=\dimen132
\caption@parindent=\dimen133
\caption@hangindent=\dimen134
)
\c@caption@flags=\count127
\c@ContinuedFloat=\count128
Package caption Info: float package is loaded.
Package caption Info: hyperref package is loaded.
Package caption Info: listings package is loaded.
Package caption Info: longtable package is loaded.

("/Users/eliothmonroy/Library/Application Support/MiKTeX/texmfs/install/tex/lat
ex/caption/ltcaption.sty"
Package: ltcaption 2018/08/26 v1.4-95 longtable captions (AR)
))
("/Users/eliothmonroy/Library/Application Support/MiKTeX/texmfs/install/tex/lat
ex/fancyhdr/fancyhdr.sty"
Package: fancyhdr 2019/01/31 v3.10 Extensive control of page headers and footer
s
\f@nch@headwidth=\skip53
\f@nch@O@elh=\skip54
\f@nch@O@erh=\skip55
\f@nch@O@olh=\skip56
\f@nch@O@orh=\skip57
\f@nch@O@elf=\skip58
\f@nch@O@erf=\skip59
\f@nch@O@olf=\skip60
\f@nch@O@orf=\skip61
)

Package Fancyhdr Warning: \fancyfoot's `E' option without twoside option is use
less on input line 61.


Package Fancyhdr Warning: \fancyfoot's `E' option without twoside option is use
less on input line 63.


("/Users/eliothmonroy/Library/Application Support/MiKTeX/texmfs/install/tex/lat
ex/pgf/basiclayer/pgf.sty"
("/Users/eliothmonroy/Library/Application Support/MiKTeX/texmfs/install/tex/lat
ex/pgf/utilities/pgfrcs.sty"
("/Users/eliothmonroy/Library/Application Support/MiKTeX/texmfs/install/tex/gen
eric/pgf/utilities/pgfutil-common.tex"
\pgfutil@everybye=\toks27
\pgfutil@tempdima=\dimen135
\pgfutil@tempdimb=\dimen136

("/Users/eliothmonroy/Library/Application Support/MiKTeX/texmfs/install/tex/gen
eric/pgf/utilities/pgfutil-common-lists.tex"))
("/Users/eliothmonroy/Library/Application Support/MiKTeX/texmfs/install/tex/gen
eric/pgf/utilities/pgfutil-latex.def"
\pgfutil@abb=\box39

("/Users/eliothmonroy/Library/Application Support/MiKTeX/texmfs/install/tex/lat
ex/ms/everyshi.sty"
Package: everyshi 2001/05/15 v3.00 EveryShipout Package (MS)
))
("/Users/eliothmonroy/Library/Application Support/MiKTeX/texmfs/install/tex/gen
eric/pgf/utilities/pgfrcs.code.tex"
("/Users/eliothmonroy/Library/Application Support/MiKTeX/texmfs/install/tex/gen
eric/pgf/pgf.revision.tex")
Package: pgfrcs 2019/05/09 v3.1.3 (3.1.3)
))
Package: pgf 2019/05/09 v3.1.3 (3.1.3)

("/Users/eliothmonroy/Library/Application Support/MiKTeX/texmfs/install/tex/lat
ex/pgf/basiclayer/pgfcore.sty"
("/Users/eliothmonroy/Library/Application Support/MiKTeX/texmfs/install/tex/lat
ex/pgf/systemlayer/pgfsys.sty"
("/Users/eliothmonroy/Library/Application Support/MiKTeX/texmfs/install/tex/gen
eric/pgf/systemlayer/pgfsys.code.tex"
Package: pgfsys 2019/05/09 v3.1.3 (3.1.3)

("/Users/eliothmonroy/Library/Application Support/MiKTeX/texmfs/install/tex/gen
eric/pgf/utilities/pgfkeys.code.tex"
\pgfkeys@pathtoks=\toks28
\pgfkeys@temptoks=\toks29

("/Users/eliothmonroy/Library/Application Support/MiKTeX/texmfs/install/tex/gen
eric/pgf/utilities/pgfkeysfiltered.code.tex"
\pgfkeys@tmptoks=\toks30
))
\pgf@x=\dimen137
\pgf@y=\dimen138
\pgf@xa=\dimen139
\pgf@ya=\dimen140
\pgf@xb=\dimen141
\pgf@yb=\dimen142
\pgf@xc=\dimen143
\pgf@yc=\dimen144
\pgf@xd=\dimen145
\pgf@yd=\dimen146
\w@pgf@writea=\write3
\r@pgf@reada=\read2
\c@pgf@counta=\count129
\c@pgf@countb=\count130
\c@pgf@countc=\count131
\c@pgf@countd=\count132
\t@pgf@toka=\toks31
\t@pgf@tokb=\toks32
\t@pgf@tokc=\toks33
\pgf@sys@id@count=\count133

("/Users/eliothmonroy/Library/Application Support/MiKTeX/texmfs/install/tex/gen
eric/pgf/systemlayer/pgf.cfg"
File: pgf.cfg 2019/05/09 v3.1.3 (3.1.3)
)
Driver file for pgf: pgfsys-pdftex.def

("/Users/eliothmonroy/Library/Application Support/MiKTeX/texmfs/install/tex/gen
eric/pgf/systemlayer/pgfsys-pdftex.def"
File: pgfsys-pdftex.def 2019/05/09 v3.1.3 (3.1.3)

("/Users/eliothmonroy/Library/Application Support/MiKTeX/texmfs/install/tex/gen
eric/pgf/systemlayer/pgfsys-common-pdf.def"
File: pgfsys-common-pdf.def 2019/05/09 v3.1.3 (3.1.3)
)))
("/Users/eliothmonroy/Library/Application Support/MiKTeX/texmfs/install/tex/gen
eric/pgf/systemlayer/pgfsyssoftpath.code.tex"
File: pgfsyssoftpath.code.tex 2019/05/09 v3.1.3 (3.1.3)
\pgfsyssoftpath@smallbuffer@items=\count134
\pgfsyssoftpath@bigbuffer@items=\count135
)
("/Users/eliothmonroy/Library/Application Support/MiKTeX/texmfs/install/tex/gen
eric/pgf/systemlayer/pgfsysprotocol.code.tex"
File: pgfsysprotocol.code.tex 2019/05/09 v3.1.3 (3.1.3)
))
("/Users/eliothmonroy/Library/Application Support/MiKTeX/texmfs/install/tex/gen
eric/pgf/basiclayer/pgfcore.code.tex"
Package: pgfcore 2019/05/09 v3.1.3 (3.1.3)

("/Users/eliothmonroy/Library/Application Support/MiKTeX/texmfs/install/tex/gen
eric/pgf/math/pgfmath.code.tex"
("/Users/eliothmonroy/Library/Application Support/MiKTeX/texmfs/install/tex/gen
eric/pgf/math/pgfmathcalc.code.tex"
("/Users/eliothmonroy/Library/Application Support/MiKTeX/texmfs/install/tex/gen
eric/pgf/math/pgfmathutil.code.tex")
("/Users/eliothmonroy/Library/Application Support/MiKTeX/texmfs/install/tex/gen
eric/pgf/math/pgfmathparser.code.tex"
\pgfmath@dimen=\dimen147
\pgfmath@count=\count136
\pgfmath@box=\box40
\pgfmath@toks=\toks34
\pgfmath@stack@operand=\toks35
\pgfmath@stack@operation=\toks36
)
("/Users/eliothmonroy/Library/Application Support/MiKTeX/texmfs/install/tex/gen
eric/pgf/math/pgfmathfunctions.code.tex"
("/Users/eliothmonroy/Library/Application Support/MiKTeX/texmfs/install/tex/gen
eric/pgf/math/pgfmathfunctions.basic.code.tex")
("/Users/eliothmonroy/Library/Application Support/MiKTeX/texmfs/install/tex/gen
eric/pgf/math/pgfmathfunctions.trigonometric.code.tex")
("/Users/eliothmonroy/Library/Application Support/MiKTeX/texmfs/install/tex/gen
eric/pgf/math/pgfmathfunctions.random.code.tex")
("/Users/eliothmonroy/Library/Application Support/MiKTeX/texmfs/install/tex/gen
eric/pgf/math/pgfmathfunctions.comparison.code.tex")
("/Users/eliothmonroy/Library/Application Support/MiKTeX/texmfs/install/tex/gen
eric/pgf/math/pgfmathfunctions.base.code.tex")
("/Users/eliothmonroy/Library/Application Support/MiKTeX/texmfs/install/tex/gen
eric/pgf/math/pgfmathfunctions.round.code.tex")
("/Users/eliothmonroy/Library/Application Support/MiKTeX/texmfs/install/tex/gen
eric/pgf/math/pgfmathfunctions.misc.code.tex")
("/Users/eliothmonroy/Library/Application Support/MiKTeX/texmfs/install/tex/gen
eric/pgf/math/pgfmathfunctions.integerarithmetics.code.tex")))
("/Users/eliothmonroy/Library/Application Support/MiKTeX/texmfs/install/tex/gen
eric/pgf/math/pgfmathfloat.code.tex"
\c@pgfmathroundto@lastzeros=\count137
))
("/Users/eliothmonroy/Library/Application Support/MiKTeX/texmfs/install/tex/gen
eric/pgf/math/pgfint.code.tex")
("/Users/eliothmonroy/Library/Application Support/MiKTeX/texmfs/install/tex/gen
eric/pgf/basiclayer/pgfcorepoints.code.tex"
File: pgfcorepoints.code.tex 2019/05/09 v3.1.3 (3.1.3)
\pgf@picminx=\dimen148
\pgf@picmaxx=\dimen149
\pgf@picminy=\dimen150
\pgf@picmaxy=\dimen151
\pgf@pathminx=\dimen152
\pgf@pathmaxx=\dimen153
\pgf@pathminy=\dimen154
\pgf@pathmaxy=\dimen155
\pgf@xx=\dimen156
\pgf@xy=\dimen157
\pgf@yx=\dimen158
\pgf@yy=\dimen159
\pgf@zx=\dimen160
\pgf@zy=\dimen161
)
("/Users/eliothmonroy/Library/Application Support/MiKTeX/texmfs/install/tex/gen
eric/pgf/basiclayer/pgfcorepathconstruct.code.tex"
File: pgfcorepathconstruct.code.tex 2019/05/09 v3.1.3 (3.1.3)
\pgf@path@lastx=\dimen162
\pgf@path@lasty=\dimen163
)
("/Users/eliothmonroy/Library/Application Support/MiKTeX/texmfs/install/tex/gen
eric/pgf/basiclayer/pgfcorepathusage.code.tex"
File: pgfcorepathusage.code.tex 2019/05/09 v3.1.3 (3.1.3)
\pgf@shorten@end@additional=\dimen164
\pgf@shorten@start@additional=\dimen165
)
("/Users/eliothmonroy/Library/Application Support/MiKTeX/texmfs/install/tex/gen
eric/pgf/basiclayer/pgfcorescopes.code.tex"
File: pgfcorescopes.code.tex 2019/05/09 v3.1.3 (3.1.3)
\pgfpic=\box41
\pgf@hbox=\box42
\pgf@layerbox@main=\box43
\pgf@picture@serial@count=\count138
)
("/Users/eliothmonroy/Library/Application Support/MiKTeX/texmfs/install/tex/gen
eric/pgf/basiclayer/pgfcoregraphicstate.code.tex"
File: pgfcoregraphicstate.code.tex 2019/05/09 v3.1.3 (3.1.3)
\pgflinewidth=\dimen166
)
("/Users/eliothmonroy/Library/Application Support/MiKTeX/texmfs/install/tex/gen
eric/pgf/basiclayer/pgfcoretransformations.code.tex"
File: pgfcoretransformations.code.tex 2019/05/09 v3.1.3 (3.1.3)
\pgf@pt@x=\dimen167
\pgf@pt@y=\dimen168
\pgf@pt@temp=\dimen169
)
("/Users/eliothmonroy/Library/Application Support/MiKTeX/texmfs/install/tex/gen
eric/pgf/basiclayer/pgfcorequick.code.tex"
File: pgfcorequick.code.tex 2019/05/09 v3.1.3 (3.1.3)
)
("/Users/eliothmonroy/Library/Application Support/MiKTeX/texmfs/install/tex/gen
eric/pgf/basiclayer/pgfcoreobjects.code.tex"
File: pgfcoreobjects.code.tex 2019/05/09 v3.1.3 (3.1.3)
)
("/Users/eliothmonroy/Library/Application Support/MiKTeX/texmfs/install/tex/gen
eric/pgf/basiclayer/pgfcorepathprocessing.code.tex"
File: pgfcorepathprocessing.code.tex 2019/05/09 v3.1.3 (3.1.3)
)
("/Users/eliothmonroy/Library/Application Support/MiKTeX/texmfs/install/tex/gen
eric/pgf/basiclayer/pgfcorearrows.code.tex"
File: pgfcorearrows.code.tex 2019/05/09 v3.1.3 (3.1.3)
\pgfarrowsep=\dimen170
)
("/Users/eliothmonroy/Library/Application Support/MiKTeX/texmfs/install/tex/gen
eric/pgf/basiclayer/pgfcoreshade.code.tex"
File: pgfcoreshade.code.tex 2019/05/09 v3.1.3 (3.1.3)
\pgf@max=\dimen171
\pgf@sys@shading@range@num=\count139
\pgf@shadingcount=\count140
)
("/Users/eliothmonroy/Library/Application Support/MiKTeX/texmfs/install/tex/gen
eric/pgf/basiclayer/pgfcoreimage.code.tex"
File: pgfcoreimage.code.tex 2019/05/09 v3.1.3 (3.1.3)

("/Users/eliothmonroy/Library/Application Support/MiKTeX/texmfs/install/tex/gen
eric/pgf/basiclayer/pgfcoreexternal.code.tex"
File: pgfcoreexternal.code.tex 2019/05/09 v3.1.3 (3.1.3)
\pgfexternal@startupbox=\box44
))
("/Users/eliothmonroy/Library/Application Support/MiKTeX/texmfs/install/tex/gen
eric/pgf/basiclayer/pgfcorelayers.code.tex"
File: pgfcorelayers.code.tex 2019/05/09 v3.1.3 (3.1.3)
)
("/Users/eliothmonroy/Library/Application Support/MiKTeX/texmfs/install/tex/gen
eric/pgf/basiclayer/pgfcoretransparency.code.tex"
File: pgfcoretransparency.code.tex 2019/05/09 v3.1.3 (3.1.3)
)
("/Users/eliothmonroy/Library/Application Support/MiKTeX/texmfs/install/tex/gen
eric/pgf/basiclayer/pgfcorepatterns.code.tex"
File: pgfcorepatterns.code.tex 2019/05/09 v3.1.3 (3.1.3)
)
("/Users/eliothmonroy/Library/Application Support/MiKTeX/texmfs/install/tex/gen
eric/pgf/basiclayer/pgfcorerdf.code.tex"
File: pgfcorerdf.code.tex 2019/05/09 v3.1.3 (3.1.3)
)))
("/Users/eliothmonroy/Library/Application Support/MiKTeX/texmfs/install/tex/gen
eric/pgf/modules/pgfmoduleshapes.code.tex"
File: pgfmoduleshapes.code.tex 2019/05/09 v3.1.3 (3.1.3)
\pgfnodeparttextbox=\box45
)
("/Users/eliothmonroy/Library/Application Support/MiKTeX/texmfs/install/tex/gen
eric/pgf/modules/pgfmoduleplot.code.tex"
File: pgfmoduleplot.code.tex 2019/05/09 v3.1.3 (3.1.3)
)
("/Users/eliothmonroy/Library/Application Support/MiKTeX/texmfs/install/tex/lat
ex/pgf/compatibility/pgfcomp-version-0-65.sty"
Package: pgfcomp-version-0-65 2019/05/09 v3.1.3 (3.1.3)
\pgf@nodesepstart=\dimen172
\pgf@nodesepend=\dimen173
)
("/Users/eliothmonroy/Library/Application Support/MiKTeX/texmfs/install/tex/lat
ex/pgf/compatibility/pgfcomp-version-1-18.sty"
Package: pgfcomp-version-1-18 2019/05/09 v3.1.3 (3.1.3)
))
("/Users/eliothmonroy/Library/Application Support/MiKTeX/texmfs/install/tex/lat
ex/pgf/utilities/pgfpages.sty"
Package: pgfpages 2011/01/05 ver 0.02
\pgf@logicalpages=\count141
\pgf@firstshipout=\count142
\pgf@lastshipout=\count143
\pgf@currentshipout=\count144
\pgf@cpn=\count145
\pgf@shipoutnextto=\count146
\pgfphysicalheight=\dimen174
\pgfphysicalwidth=\dimen175
\pgfpages@shipoutbox=\box46
)
\pgfpages@box@1=\box47

("/Users/eliothmonroy/Library/Application Support/MiKTeX/texmfs/install/tex/lat
ex/base/inputenc.sty"
Package: inputenc 2018/08/11 v1.3c Input encoding file
\inpenc@prehook=\toks37
\inpenc@posthook=\toks38
)
("/Users/eliothmonroy/Library/Application Support/MiKTeX/texmfs/install/tex/gen
eric/babel/babel.sty"
Package: babel 2019/05/04 3.31 The Babel package

("/Users/eliothmonroy/Library/Application Support/MiKTeX/texmfs/install/tex/gen
eric/babel/switch.def"
File: switch.def 2019/05/04 3.31 Babel switching mechanism
)
*************************************
* Local config file bblopts.cfg used
*

("/Users/eliothmonroy/Library/Application Support/MiKTeX/texmfs/install/tex/lat
ex/arabi/bblopts.cfg"
File: bblopts.cfg 2005/09/08 v0.1 add Arabic and Farsi to "declared" options of
 babel
)
("/Users/eliothmonroy/Library/Application Support/MiKTeX/texmfs/install/tex/lat
ex/babel-spanish/spanish.ldf"
Language: spanish.ldf 2016/03/03 v5.0p Spanish support from the babel system

("/Users/eliothmonroy/Library/Application Support/MiKTeX/texmfs/install/tex/gen
eric/babel/babel.def"
File: babel.def 2019/05/04 3.31 Babel common definitions
\babel@savecnt=\count147
\U@D=\dimen176

("/Users/eliothmonroy/Library/Application Support/MiKTeX/texmfs/install/tex/gen
eric/babel/txtbabel.def")
\bbl@dirlevel=\count148
)
\es@quottoks=\toks39
\es@quotdepth=\count149
Package babel Info: Making " an active character on input line 561.
Package babel Info: Making . an active character on input line 662.
Package babel Info: Making < an active character on input line 707.
Package babel Info: Making > an active character on input line 707.
))

Package csquotes Warning: Load 'inputenc' before 'csquotes' on input line 85.

(main.aux
LaTeX Info: Redefining \. on input line 23.
LaTeX Info: Redefining \% on input line 23.


LaTeX Warning: Label `fig:http1' multiply defined.


LaTeX Warning: Label `fig:http1' multiply defined.


LaTeX Warning: Label `fig:http1' multiply defined.


LaTeX Warning: Label `fig:http1' multiply defined.


LaTeX Warning: Label `fig:http1' multiply defined.


LaTeX Warning: Label `fig:http1' multiply defined.


LaTeX Warning: Label `IN1' multiply defined.


LaTeX Warning: Label `IN1' multiply defined.


LaTeX Warning: Label `IN1' multiply defined.


LaTeX Warning: Label `IN1' multiply defined.

)
\openout1 = `main.aux'.

LaTeX Font Info:    Checking defaults for OML/cmm/m/it on input line 85.
LaTeX Font Info:    ... okay on input line 85.
LaTeX Font Info:    Checking defaults for T1/cmr/m/n on input line 85.
LaTeX Font Info:    ... okay on input line 85.
LaTeX Font Info:    Checking defaults for OT1/cmr/m/n on input line 85.
LaTeX Font Info:    ... okay on input line 85.
LaTeX Font Info:    Checking defaults for OMS/pzccm/m/n on input line 85.
LaTeX Font Info:    Try loading font information for OMS+pzccm on input line 85
.

("/Users/eliothmonroy/Library/Application Support/MiKTeX/texmfs/install/tex/lat
ex/psnfss/omspzccm.fd"
File: omspzccm.fd 2000/01/03 Fontinst v1.801 font definitions for OMS/pzccm.
)
LaTeX Font Info:    ... okay on input line 85.
LaTeX Font Info:    Checking defaults for OMX/cmex/m/n on input line 85.
LaTeX Font Info:    ... okay on input line 85.
LaTeX Font Info:    Checking defaults for U/cmr/m/n on input line 85.
LaTeX Font Info:    ... okay on input line 85.
LaTeX Font Info:    Checking defaults for PD1/pdf/m/n on input line 85.
LaTeX Font Info:    ... okay on input line 85.

*geometry* driver: auto-detecting
*geometry* detected driver: pdftex
*geometry* verbose mode - [ preamble ] result:
* driver: pdftex
* paper: a4paper
* layout: <same size as paper>
* layoutoffset:(h,v)=(0.0pt,0.0pt)
* modes: 
* h-part:(L,W,R)=(57.81621pt, 481.87546pt, 57.81621pt)
* v-part:(T,H,B)=(50.58878pt, 743.8693pt, 50.58878pt)
* \paperwidth=597.50787pt
* \paperheight=845.04684pt
* \textwidth=481.87546pt
* \textheight=743.8693pt
* \oddsidemargin=-14.45378pt
* \evensidemargin=-14.45378pt
* \topmargin=-58.68121pt
* \headheight=12.0pt
* \headsep=25.0pt
* \topskip=12.0pt
* \footskip=30.0pt
* \marginparwidth=35.0pt
* \marginparsep=10.0pt
* \columnsep=10.0pt
* \skip\footins=10.8pt plus 4.0pt minus 2.0pt
* \hoffset=0.0pt
* \voffset=0.0pt
* \mag=1000
* \@twocolumnfalse
* \@twosidefalse
* \@mparswitchfalse
* \@reversemarginfalse
* (1in=72.27pt=25.4mm, 1cm=28.453pt)


("/Users/eliothmonroy/Library/Application Support/MiKTeX/texmfs/install/tex/con
text/base/mkii/supp-pdf.mkii"
[Loading MPS to PDF converter (version 2006.09.02).]
\scratchcounter=\count150
\scratchdimen=\dimen177
\scratchbox=\box48
\nofMPsegments=\count151
\nofMParguments=\count152
\everyMPshowfont=\toks40
\MPscratchCnt=\count153
\MPscratchDim=\dimen178
\MPnumerator=\count154
\makeMPintoPDFobject=\count155
\everyMPtoPDFconversion=\toks41
)
("/Users/eliothmonroy/Library/Application Support/MiKTeX/texmfs/install/tex/lat
ex/oberdiek/epstopdf-base.sty"
Package: epstopdf-base 2016/05/15 v2.6 Base part for package epstopdf

("/Users/eliothmonroy/Library/Application Support/MiKTeX/texmfs/install/tex/lat
ex/oberdiek/grfext.sty"
Package: grfext 2016/05/16 v1.2 Manage graphics extensions (HO)
)
Package epstopdf-base Info: Redefining graphics rule for `.eps' on input line 4
38.
Package grfext Info: Graphics extension search list:
(grfext)             [.pdf,.png,.jpg,.mps,.jpeg,.jbig2,.jb2,.PDF,.PNG,.JPG,.JPE
G,.JBIG2,.JB2,.eps]
(grfext)             \AppendGraphicsExtensions on input line 456.
)
\AtBeginShipoutBox=\box49
Package hyperref Info: Link coloring OFF on input line 85.

("/Users/eliothmonroy/Library/Application Support/MiKTeX/texmfs/install/tex/lat
ex/hyperref/nameref.sty"
Package: nameref 2016/05/21 v2.44 Cross-referencing by name of section

("/Users/eliothmonroy/Library/Application Support/MiKTeX/texmfs/install/tex/gen
eric/oberdiek/gettitlestring.sty"
Package: gettitlestring 2016/05/16 v1.5 Cleanup title references (HO)
)
\c@section@level=\count156
)
LaTeX Info: Redefining \ref on input line 85.
LaTeX Info: Redefining \pageref on input line 85.
LaTeX Info: Redefining \nameref on input line 85.
 (main.out) (main.out)
\@outlinefile=\write4
\openout4 = `main.out'.


("/Users/eliothmonroy/Library/Application Support/MiKTeX/texmfs/install/tex/lat
ex/oberdiek/pdflscape.sty"
Package: pdflscape 2016/05/14 v0.11 Display of landscape pages in PDF (HO)

("/Users/eliothmonroy/Library/Application Support/MiKTeX/texmfs/install/tex/lat
ex/graphics/lscape.sty"
Package: lscape 2000/10/22 v3.01 Landscape Pages (DPC)
)
Package pdflscape Info: Auto-detected driver: pdftex on input line 81.
)
Package csquotes Info: Making character " active on input line 85.
\c@lstlisting=\count157
Package caption Info: Begin \AtBeginDocument code.
Package caption Info: End \AtBeginDocument code.
 ABD: EveryShipout initializing macros
LaTeX Info: Redefining \. on input line 85.
LaTeX Info: Redefining \% on input line 85.
 (Portada.tex
LaTeX Font Info:    Font shape `OT1/ptm/bx/sc' in size <20.74> not available
(Font)              Font shape `OT1/ptm/b/sc' tried instead on input line 4.
LaTeX Font Info:    Font shape `OT1/ptm/bx/n' in size <17.28> not available
(Font)              Font shape `OT1/ptm/b/n' tried instead on input line 5.
LaTeX Font Info:    Font shape `OT1/ptm/bx/n' in size <20.74> not available
(Font)              Font shape `OT1/ptm/b/n' tried instead on input line 7.
LaTeX Font Info:    Font shape `OT1/ptm/bx/n' in size <14.4> not available
(Font)              Font shape `OT1/ptm/b/n' tried instead on input line 12.

Underfull \hbox (badness 10000) in paragraph at lines 12--23

 []


Underfull \hbox (badness 10000) in paragraph at lines 12--23

 []


Underfull \hbox (badness 10000) in paragraph at lines 12--23

 []


Underfull \hbox (badness 10000) in paragraph at lines 12--23

 []


Underfull \hbox (badness 10000) in paragraph at lines 12--23

 []

[1

{/Users/eliothmonroy/Library/Application Support/MiKTeX/texmfs/data/pdftex/conf
ig/pdftex.map}])
LaTeX Font Info:    Font shape `OT1/ptm/bx/n' in size <24.88> not available
(Font)              Font shape `OT1/ptm/b/n' tried instead on input line 94.
 (main.toc
LaTeX Info: Redefining \. on input line 1.
LaTeX Info: Redefining \% on input line 1.
LaTeX Font Info:    Try loading font information for OT1+ptmcm on input line 4.


("/Users/eliothmonroy/Library/Application Support/MiKTeX/texmfs/install/tex/lat
ex/psnfss/ot1ptmcm.fd"
File: ot1ptmcm.fd 2000/01/03 Fontinst v1.801 font definitions for OT1/ptmcm.
)
LaTeX Font Info:    Try loading font information for OML+ptmcm on input line 4.


("/Users/eliothmonroy/Library/Application Support/MiKTeX/texmfs/install/tex/lat
ex/psnfss/omlptmcm.fd"
File: omlptmcm.fd 2000/01/03 Fontinst v1.801 font definitions for OML/ptmcm.
)
LaTeX Font Info:    Try loading font information for OMX+psycm on input line 4.


("/Users/eliothmonroy/Library/Application Support/MiKTeX/texmfs/install/tex/lat
ex/psnfss/omxpsycm.fd"
File: omxpsycm.fd 2000/01/03 Fontinst v1.801 font definitions for OMX/psycm.
)
LaTeX Font Info:    Font shape `OT1/ptm/bx/n' in size <10.95> not available
(Font)              Font shape `OT1/ptm/b/n' tried instead on input line 4.
LaTeX Font Info:    Font shape `OT1/ptm/bx/n' in size <8> not available
(Font)              Font shape `OT1/ptm/b/n' tried instead on input line 4.
)
\tf@toc=\write5
\openout5 = `main.toc'.

 [1

] (Introduccion.tex
Cap\'{\i }tulo 1.

Package Fancyhdr Warning: \headheight is too small (12.0pt): 
Make it at least 14.49998pt.
We now make it that large for the rest of the document.
This may cause the page layout to be inconsistent, however.

pdfTeX warning (ext4): destination with the same identifier (name{page.1}) has 
been already used, duplicate ignored
<to be read again> 
                   \relax 
l.17 
      [1


]) (Desarrollo.tex [2]
Cap\'{\i }tulo 2.
(practica_parte1.tex
<imagenes/primero/httpscreenshot.png, id=161, 866.23625pt x 366.36874pt>
File: imagenes/primero/httpscreenshot.png Graphic file (type png)
<use imagenes/primero/httpscreenshot.png>
Package pdftex.def Info: imagenes/primero/httpscreenshot.png  used on input lin
e 7.
(pdftex.def)             Requested size: 467.76062pt x 197.83617pt.
 [3

 <./imagenes/primero/httpscreenshot.png>]
LaTeX Font Info:    Font shape `OT1/ptm/bx/n' in size <12> not available
(Font)              Font shape `OT1/ptm/b/n' tried instead on input line 14.
<imagenes/primero/1.png, id=170, 246.6816pt x 185.0112pt>
File: imagenes/primero/1.png Graphic file (type png)
<use imagenes/primero/1.png>
Package pdftex.def Info: imagenes/primero/1.png  used on input line 21.
(pdftex.def)             Requested size: 246.68098pt x 185.01074pt.

Underfull \hbox (badness 10000) in paragraph at lines 16--24

 []


Underfull \hbox (badness 10000) in paragraph at lines 16--24

 []

<imagenes/primero/2.png, id=171, 246.6816pt x 185.0112pt>
File: imagenes/primero/2.png Graphic file (type png)
<use imagenes/primero/2.png>
Package pdftex.def Info: imagenes/primero/2.png  used on input line 29.
(pdftex.def)             Requested size: 246.68098pt x 185.01074pt.

Underfull \hbox (badness 10000) in paragraph at lines 25--32

 []

[4 <./imagenes/primero/1.png> <./imagenes/primero/2.png>]
Underfull \hbox (badness 10000) in paragraph at lines 38--41

 []


Underfull \hbox (badness 10000) in paragraph at lines 38--41

 []

<imagenes/primero/4.png, id=181, 631.60968pt x 452.4403pt>
File: imagenes/primero/4.png Graphic file (type png)
<use imagenes/primero/4.png>
Package pdftex.def Info: imagenes/primero/4.png  used on input line 47.
(pdftex.def)             Requested size: 341.06415pt x 244.31413pt.

Underfull \hbox (badness 10000) in paragraph at lines 41--50

 []


Underfull \hbox (badness 10000) in paragraph at lines 41--50

 []

LaTeX Font Info:    Try loading font information for U+lasy on input line 61.

("/Users/eliothmonroy/Library/Application Support/MiKTeX/texmfs/install/tex/lat
ex/base/ulasy.fd"
File: ulasy.fd 1998/08/17 v2.2e LaTeX symbol font definitions
) [5 <./imagenes/primero/4.png>]
Overfull \hbox (15.81679pt too wide) in paragraph at lines 70--73
[]\OT1/ptm/m/n/14.4 Para crear el ar-chi-vo []db.conf[]midominio[] to-ma-mos co
-mo ba-se el ar-chi-vo db.local
 []


Underfull \hbox (badness 10000) in paragraph at lines 70--73

 []


Underfull \hbox (badness 10000) in paragraph at lines 70--73

 []


Underfull \hbox (badness 10000) in paragraph at lines 86--88

 []


Underfull \hbox (badness 10000) in paragraph at lines 86--88

 []


Underfull \hbox (badness 10000) in paragraph at lines 88--92

 []


Underfull \hbox (badness 10000) in paragraph at lines 88--92

 []


Underfull \hbox (badness 10000) in paragraph at lines 88--92

 []


Underfull \hbox (badness 10000) in paragraph at lines 92--94

 []


Underfull \hbox (badness 10000) in paragraph at lines 92--94

 []

[6] [7]
Underfull \hbox (badness 10000) in paragraph at lines 96--99

 []


Overfull \hbox (39.5448pt too wide) in paragraph at lines 109--109
 []                                    \OT1/pcr/m/n/14.4 604800 )    ;Negative 
Cache TTL[] 
 []


Underfull \hbox (badness 10000) in paragraph at lines 115--117

 []


Overfull \hbox (39.5448pt too wide) in paragraph at lines 128--128
 []                                    \OT1/pcr/m/n/14.4 604800 )    ;Negative 
Cache TTL[] 
 []


Overfull \hbox (2.82498pt too wide) in paragraph at lines 131--131
 []        \OT1/pcr/m/n/14.4 34.0.168        IN          PTR         midominio.
com.[] 
 []


Underfull \hbox (badness 10000) in paragraph at lines 133--135

 []


Underfull \hbox (badness 10000) in paragraph at lines 133--135

 []

[8

]
Underfull \hbox (badness 10000) in paragraph at lines 135--137

 []


Underfull \hbox (badness 10000) in paragraph at lines 135--137

 []


Underfull \hbox (badness 10000) in paragraph at lines 144--146

 []


Underfull \hbox (badness 10000) in paragraph at lines 151--152

 []


Underfull \hbox (badness 10000) in paragraph at lines 153--154

 []

<imagenes/primero/paso1_ftp.PNG, id=216, 420.06938pt x 252.945pt>
File: imagenes/primero/paso1_ftp.PNG Graphic file (type png)
<use imagenes/primero/paso1_ftp.PNG>
Package pdftex.def Info: imagenes/primero/paso1_ftp.PNG  used on input line 159
.
(pdftex.def)             Requested size: 407.46681pt x 245.35635pt.

Underfull \hbox (badness 10000) in paragraph at lines 164--165

 []

[9 <./imagenes/primero/paso1_ftp.PNG>]
Underfull \hbox (badness 10000) in paragraph at lines 166--167

 []

<imagenes/primero/paso2_ftp.PNG, id=227, 395.22656pt x 77.53969pt>
File: imagenes/primero/paso2_ftp.PNG Graphic file (type png)
<use imagenes/primero/paso2_ftp.PNG>
Package pdftex.def Info: imagenes/primero/paso2_ftp.PNG  used on input line 172
.
(pdftex.def)             Requested size: 383.3693pt x 75.21338pt.

Underfull \hbox (badness 10000) in paragraph at lines 177--178

 []


Underfull \hbox (badness 10000) in paragraph at lines 179--180

 []


Underfull \hbox (badness 10000) in paragraph at lines 181--182

 []


Underfull \hbox (badness 10000) in paragraph at lines 183--184

 []


Underfull \hbox (badness 10000) in paragraph at lines 185--186

 []


Underfull \hbox (badness 10000) in paragraph at lines 187--188

 []

<imagenes/primero/paso3_ftp.PNG, id=229, 528.47438pt x 208.52907pt>
File: imagenes/primero/paso3_ftp.PNG Graphic file (type png)
<use imagenes/primero/paso3_ftp.PNG>
Package pdftex.def Info: imagenes/primero/paso3_ftp.PNG  used on input line 193
.
(pdftex.def)             Requested size: 422.78008pt x 166.82347pt.
[10 <./imagenes/primero/paso2_ftp.PNG>]
Underfull \hbox (badness 10000) in paragraph at lines 198--199

 []


Underfull \hbox (badness 10000) in paragraph at lines 200--201

 []


Underfull \hbox (badness 10000) in paragraph at lines 202--203

 []


Underfull \hbox (badness 10000) in paragraph at lines 204--205

 []

<imagenes/primero/paso4_ftp.PNG, id=240, 386.94562pt x 145.29282pt>
File: imagenes/primero/paso4_ftp.PNG Graphic file (type png)
<use imagenes/primero/paso4_ftp.PNG>
Package pdftex.def Info: imagenes/primero/paso4_ftp.PNG  used on input line 210
.
(pdftex.def)             Requested size: 406.29308pt x 152.55751pt.

Underfull \hbox (badness 10000) in paragraph at lines 219--221

 []


Underfull \hbox (badness 10000) in paragraph at lines 222--224

 []

[11 <./imagenes/primero/paso3_ftp.PNG> <./imagenes/primero/paso4_ftp.PNG>]
Underfull \hbox (badness 10000) in paragraph at lines 225--227

 []

<imagenes/primero/cliente_ftp.PNG, id=251, 597.73312pt x 178.41656pt>
File: imagenes/primero/cliente_ftp.PNG Graphic file (type png)
<use imagenes/primero/cliente_ftp.PNG>
Package pdftex.def Info: imagenes/primero/cliente_ftp.PNG  used on input line 2
33.
(pdftex.def)             Requested size: 448.29874pt x 133.81207pt.

Underfull \hbox (badness 10000) in paragraph at lines 238--240

 []

<imagenes/primero/cliente_ftp2.PNG, id=253, 518.6878pt x 304.88907pt>
File: imagenes/primero/cliente_ftp2.PNG Graphic file (type png)
<use imagenes/primero/cliente_ftp2.PNG>
Package pdftex.def Info: imagenes/primero/cliente_ftp2.PNG  used on input line 
246.
(pdftex.def)             Requested size: 389.0149pt x 228.66623pt.

Underfull \hbox (badness 10000) in paragraph at lines 251--253

 []

<imagenes/primero/servidor_ftp.PNG, id=255, 406.51875pt x 171.64125pt>
File: imagenes/primero/servidor_ftp.PNG Graphic file (type png)
<use imagenes/primero/servidor_ftp.PNG>
Package pdftex.def Info: imagenes/primero/servidor_ftp.PNG  used on input line 
259.
(pdftex.def)             Requested size: 304.8883pt x 128.7306pt.
[12 <./imagenes/primero/cliente_ftp.PNG> <./imagenes/primero/cliente_ftp2.PNG>]

Underfull \hbox (badness 10000) in paragraph at lines 265--267

 []


Underfull \hbox (badness 10000) in paragraph at lines 273--274

 []


Underfull \hbox (badness 10000) in paragraph at lines 275--276

 []


Underfull \hbox (badness 10000) in paragraph at lines 277--278

 []

<imagenes/primero/paso2_smtp.PNG, id=266, 173.89969pt x 100.87688pt>
File: imagenes/primero/paso2_smtp.PNG Graphic file (type png)
<use imagenes/primero/paso2_smtp.PNG>
Package pdftex.def Info: imagenes/primero/paso2_smtp.PNG  used on input line 28
3.
(pdftex.def)             Requested size: 260.84886pt x 151.31493pt.
[13 <./imagenes/primero/servidor_ftp.PNG> <./imagenes/primero/paso2_smtp.PNG>]
<imagenes/primero/paso3_smtp.PNG, id=278, 336.50719pt x 189.70876pt>
File: imagenes/primero/paso3_smtp.PNG Graphic file (type png)
<use imagenes/primero/paso3_smtp.PNG>
Package pdftex.def Info: imagenes/primero/paso3_smtp.PNG  used on input line 29
5.
(pdftex.def)             Requested size: 403.80658pt x 227.64935pt.

Underfull \hbox (badness 10000) in paragraph at lines 300--301

 []

<imagenes/primero/paso4_1_smtp.PNG, id=281, 398.23781pt x 243.91125pt>
File: imagenes/primero/paso4_1_smtp.PNG Graphic file (type png)
<use imagenes/primero/paso4_1_smtp.PNG>
Package pdftex.def Info: imagenes/primero/paso4_1_smtp.PNG  used on input line 
306.
(pdftex.def)             Requested size: 418.14989pt x 256.10692pt.
[14 <./imagenes/primero/paso3_smtp.PNG>]
<imagenes/primero/paso4_2_smtp.PNG, id=291, 557.08125pt x 55.70813pt>
File: imagenes/primero/paso4_2_smtp.PNG Graphic file (type png)
<use imagenes/primero/paso4_2_smtp.PNG>
Package pdftex.def Info: imagenes/primero/paso4_2_smtp.PNG  used on input line 
313.
(pdftex.def)             Requested size: 417.80992pt x 41.78098pt.

Underfull \hbox (badness 10000) in paragraph at lines 318--319

 []

<imagenes/primero/paso5_smtp.PNG, id=293, 556.32843pt x 42.91031pt>
File: imagenes/primero/paso5_smtp.PNG Graphic file (type png)
<use imagenes/primero/paso5_smtp.PNG>
Package pdftex.def Info: imagenes/primero/paso5_smtp.PNG  used on input line 32
5.
(pdftex.def)             Requested size: 417.2453pt x 32.18263pt.
<imagenes/primero/paso6_smtp.PNG, id=295, 321.45094pt x 154.32657pt>
File: imagenes/primero/paso6_smtp.PNG Graphic file (type png)
<use imagenes/primero/paso6_smtp.PNG>
Package pdftex.def Info: imagenes/primero/paso6_smtp.PNG  used on input line 33
6.
(pdftex.def)             Requested size: 417.88617pt x 200.62448pt.
[15 <./imagenes/primero/paso4_1_smtp.PNG> <./imagenes/primero/paso4_2_smtp.PNG>
 <./imagenes/primero/paso5_smtp.PNG>]
Underfull \hbox (badness 10000) in paragraph at lines 341--342

 []


Underfull \hbox (badness 10000) in paragraph at lines 343--345

 []


Underfull \hbox (badness 10000) in paragraph at lines 346--348

 []


Underfull \hbox (badness 10000) in paragraph at lines 349--351

 []


Underfull \hbox (badness 10000) in paragraph at lines 352--356

 []


Underfull \hbox (badness 10000) in paragraph at lines 360--361

 []

<imagenes/primero/paso7_smtp.PNG, id=308, 489.32813pt x 303.38344pt>
File: imagenes/primero/paso7_smtp.PNG Graphic file (type png)
<use imagenes/primero/paso7_smtp.PNG>
Package pdftex.def Info: imagenes/primero/paso7_smtp.PNG  used on input line 36
6.
(pdftex.def)             Requested size: 415.93086pt x 257.87714pt.
[16 <./imagenes/primero/paso6_smtp.PNG>]
<imagenes/primero/paso8_smtp.PNG, id=318, 488.57532pt x 268.75406pt>
File: imagenes/primero/paso8_smtp.PNG Graphic file (type png)
<use imagenes/primero/paso8_smtp.PNG>
Package pdftex.def Info: imagenes/primero/paso8_smtp.PNG  used on input line 37
5.
(pdftex.def)             Requested size: 415.29099pt x 228.44203pt.
<imagenes/primero/paso9_smtp.PNG, id=320, 539.01375pt x 99.37125pt>
File: imagenes/primero/paso9_smtp.PNG Graphic file (type png)
<use imagenes/primero/paso9_smtp.PNG>
Package pdftex.def Info: imagenes/primero/paso9_smtp.PNG  used on input line 38
4.
(pdftex.def)             Requested size: 415.04185pt x 76.51608pt.
 [17 <./imagenes/primero/paso7_smtp.PNG> <./imagenes/primero/paso8_smtp.PNG>]
<imagenes/primero/paso10_smtp.PNG, id=333, 459.96844pt x 235.63031pt>
File: imagenes/primero/paso10_smtp.PNG Graphic file (type png)
<use imagenes/primero/paso10_smtp.PNG>
Package pdftex.def Info: imagenes/primero/paso10_smtp.PNG  used on input line 3
93.
(pdftex.def)             Requested size: 354.17679pt x 181.4359pt.
<imagenes/primero/paso11_smtp.PNG, id=335, 557.83406pt x 270.25969pt>
File: imagenes/primero/paso11_smtp.PNG Graphic file (type png)
<use imagenes/primero/paso11_smtp.PNG>
Package pdftex.def Info: imagenes/primero/paso11_smtp.PNG  used on input line 4
02.
(pdftex.def)             Requested size: 418.37451pt x 202.69426pt.

Underfull \hbox (badness 10000) in paragraph at lines 407--408

 []

[18 <./imagenes/primero/paso9_smtp.PNG> <./imagenes/primero/paso10_smtp.PNG> <.
/imagenes/primero/paso11_smtp.PNG>]
Underfull \hbox (badness 10000) in paragraph at lines 409--410

 []

<imagenes/primero/paso12_smtp.PNG, id=349, 447.17062pt x 228.10219pt>
File: imagenes/primero/paso12_smtp.PNG Graphic file (type png)
<use imagenes/primero/paso12_smtp.PNG>
Package pdftex.def Info: imagenes/primero/paso12_smtp.PNG  used on input line 4
16.
(pdftex.def)             Requested size: 424.80968pt x 216.69583pt.
<imagenes/primero/paso13_smtp.PNG, id=351, 371.88937pt x 140.02313pt>
File: imagenes/primero/paso13_smtp.PNG Graphic file (type png)
<use imagenes/primero/paso13_smtp.PNG>
Package pdftex.def Info: imagenes/primero/paso13_smtp.PNG  used on input line 4
27.
(pdftex.def)             Requested size: 420.23576pt x 158.22643pt.

Overfull \hbox (83.62032pt too wide) in paragraph at lines 432--433
\OT1/ptm/m/n/14.4 gu-ra. Pa-ra ello, es ne-ce-sa-rio eje-cu-tar el si-guien-te 
co-man-do: ``su-do nano /etc/dovecot/conf.d/10-
 []

<imagenes/primero/paso14_smtp.PNG, id=353, 445.665pt x 244.66406pt>
File: imagenes/primero/paso14_smtp.PNG Graphic file (type png)
<use imagenes/primero/paso14_smtp.PNG>
Package pdftex.def Info: imagenes/primero/paso14_smtp.PNG  used on input line 4
36.
(pdftex.def)             Requested size: 423.37935pt x 232.42952pt.
[19 <./imagenes/primero/paso12_smtp.PNG> <./imagenes/primero/paso13_smtp.PNG>]
Overfull \hbox (0.64671pt too wide) in paragraph at lines 441--443
\OT1/ptm/m/n/14.4 Posteriormente, se eli-mi-na el co-men-ta-rio a la di-rec-tri
z ``di-sea-ble[]plaintext[]auth''
 []


Underfull \hbox (badness 10000) in paragraph at lines 441--443

 []

<imagenes/primero/paso15_smtp.PNG, id=366, 326.72063pt x 33.87656pt>
File: imagenes/primero/paso15_smtp.PNG Graphic file (type png)
<use imagenes/primero/paso15_smtp.PNG>
Package pdftex.def Info: imagenes/primero/paso15_smtp.PNG  used on input line 4
48.
(pdftex.def)             Requested size: 326.71982pt x 33.87646pt.
<imagenes/primero/paso16_smtp.PNG, id=368, 438.8897pt x 57.21375pt>
File: imagenes/primero/paso16_smtp.PNG Graphic file (type png)
<use imagenes/primero/paso16_smtp.PNG>
Package pdftex.def Info: imagenes/primero/paso16_smtp.PNG  used on input line 4
57.
(pdftex.def)             Requested size: 421.33601pt x 54.92543pt.
<imagenes/primero/paso17_smtp.PNG, id=370, 446.41782pt x 139.27031pt>
File: imagenes/primero/paso17_smtp.PNG Graphic file (type png)
<use imagenes/primero/paso17_smtp.PNG>
Package pdftex.def Info: imagenes/primero/paso17_smtp.PNG  used on input line 4
66.
(pdftex.def)             Requested size: 428.56303pt x 133.70009pt.
[20 <./imagenes/primero/paso14_smtp.PNG> <./imagenes/primero/paso15_smtp.PNG> <
./imagenes/primero/paso16_smtp.PNG>]
<imagenes/primero/paso18_smtp.PNG, id=385, 445.665pt x 172.39406pt>
File: imagenes/primero/paso18_smtp.PNG Graphic file (type png)
<use imagenes/primero/paso18_smtp.PNG>
Package pdftex.def Info: imagenes/primero/paso18_smtp.PNG  used on input line 4
75.
(pdftex.def)             Requested size: 427.84033pt x 165.49904pt.
<imagenes/primero/paso19_smtp.PNG, id=387, 442.65375pt x 155.83218pt>
File: imagenes/primero/paso19_smtp.PNG Graphic file (type png)
<use imagenes/primero/paso19_smtp.PNG>
Package pdftex.def Info: imagenes/primero/paso19_smtp.PNG  used on input line 4
84.
(pdftex.def)             Requested size: 420.51866pt x 148.03973pt.
<imagenes/primero/paso20_smtp.PNG, id=389, 445.665pt x 238.64156pt>
File: imagenes/primero/paso20_smtp.PNG Graphic file (type png)
<use imagenes/primero/paso20_smtp.PNG>
Package pdftex.def Info: imagenes/primero/paso20_smtp.PNG  used on input line 4
93.
(pdftex.def)             Requested size: 423.37935pt x 226.70818pt.
 [21 <./imagenes/primero/paso17_smtp.PNG> <./imagenes/primero/paso18_smtp.PNG> 
<./imagenes/primero/paso19_smtp.PNG>]
<imagenes/primero/paso21_smtp.PNG, id=404, 446.41782pt x 274.02374pt>
File: imagenes/primero/paso21_smtp.PNG Graphic file (type png)
<use imagenes/primero/paso21_smtp.PNG>
Package pdftex.def Info: imagenes/primero/paso21_smtp.PNG  used on input line 5
03.
(pdftex.def)             Requested size: 424.09451pt x 260.32108pt.
<imagenes/primero/paso22_smtp.PNG, id=406, 446.41782pt x 48.18pt>
File: imagenes/primero/paso22_smtp.PNG Graphic file (type png)
<use imagenes/primero/paso22_smtp.PNG>
Package pdftex.def Info: imagenes/primero/paso22_smtp.PNG  used on input line 5
12.
(pdftex.def)             Requested size: 424.09451pt x 45.7707pt.

Overfull \hbox (8.68367pt too wide) in paragraph at lines 517--518
[]\OT1/ptm/m/n/14.4 Hasta es-te pun-to se con-fi-gur[]o e ins-tal[]o co-rrec-ta
-men-te post-fix, y do-ve-cot. Adem[]as,
 []

[22 <./imagenes/primero/paso20_smtp.PNG> <./imagenes/primero/paso21_smtp.PNG> <
./imagenes/primero/paso22_smtp.PNG>]
<imagenes/primero/AceptarRiesgo.png, id=418, 1371.1225pt x 770.88pt>
File: imagenes/primero/AceptarRiesgo.png Graphic file (type png)
<use imagenes/primero/AceptarRiesgo.png>
Package pdftex.def Info: imagenes/primero/AceptarRiesgo.png  used on input line
 525.
(pdftex.def)             Requested size: 411.33992pt x 231.26578pt.
<imagenes/primero/InicioThunderbird.png, id=419, 1371.1225pt x 770.88pt>
File: imagenes/primero/InicioThunderbird.png Graphic file (type png)
<use imagenes/primero/InicioThunderbird.png>
Package pdftex.def Info: imagenes/primero/InicioThunderbird.png  used on input 
line 532.
(pdftex.def)             Requested size: 411.33992pt x 231.26578pt.
<imagenes/primero/AgregarIP.png, id=420, 1371.1225pt x 770.88pt>
File: imagenes/primero/AgregarIP.png Graphic file (type png)
<use imagenes/primero/AgregarIP.png>
Package pdftex.def Info: imagenes/primero/AgregarIP.png  used on input line 539
.
(pdftex.def)             Requested size: 411.33992pt x 231.26578pt.
 [23 <./imagenes/primero/AceptarRiesgo.png> <./imagenes/primero/InicioThunderbi
rd.png>]
<imagenes/primero/ConfiguracionInicio.png, id=430, 1371.1225pt x 770.88pt>
File: imagenes/primero/ConfiguracionInicio.png Graphic file (type png)
<use imagenes/primero/ConfiguracionInicio.png>
Package pdftex.def Info: imagenes/primero/ConfiguracionInicio.png  used on inpu
t line 546.
(pdftex.def)             Requested size: 411.33992pt x 231.26578pt.
<imagenes/primero/RegistroThunderbird.png, id=431, 1371.1225pt x 770.88pt>
File: imagenes/primero/RegistroThunderbird.png Graphic file (type png)
<use imagenes/primero/RegistroThunderbird.png>
Package pdftex.def Info: imagenes/primero/RegistroThunderbird.png  used on inpu
t line 553.
(pdftex.def)             Requested size: 411.33992pt x 231.26578pt.
 [24 <./imagenes/primero/AgregarIP.png> <./imagenes/primero/ConfiguracionInicio
.png>]
<imagenes/primero/EnviarCorreo.png, id=440, 1371.1225pt x 770.88pt>
File: imagenes/primero/EnviarCorreo.png Graphic file (type png)
<use imagenes/primero/EnviarCorreo.png>
Package pdftex.def Info: imagenes/primero/EnviarCorreo.png  used on input line 
560.
(pdftex.def)             Requested size: 411.33992pt x 231.26578pt.
<imagenes/primero/evidencia1_smtp.PNG, id=441, 306.39468pt x 224.33812pt>
File: imagenes/primero/evidencia1_smtp.PNG Graphic file (type png)
<use imagenes/primero/evidencia1_smtp.PNG>
Package pdftex.def Info: imagenes/primero/evidencia1_smtp.PNG  used on input li
ne 570.
(pdftex.def)             Requested size: 367.67178pt x 269.20439pt.
 [25 <./imagenes/primero/RegistroThunderbird.png> <./imagenes/primero/EnviarCor
reo.png>]
<imagenes/primero/evidencia2_smtp.PNG, id=450, 304.88907pt x 230.36063pt>
File: imagenes/primero/evidencia2_smtp.PNG Graphic file (type png)
<use imagenes/primero/evidencia2_smtp.PNG>
Package pdftex.def Info: imagenes/primero/evidencia2_smtp.PNG  used on input li
ne 577.
(pdftex.def)             Requested size: 365.86505pt x 276.43135pt.
<imagenes/primero/evidencia3_smtp.PNG, id=451, 303.38344pt x 228.855pt>
File: imagenes/primero/evidencia3_smtp.PNG Graphic file (type png)
<use imagenes/primero/evidencia3_smtp.PNG>
Package pdftex.def Info: imagenes/primero/evidencia3_smtp.PNG  used on input li
ne 584.
(pdftex.def)             Requested size: 364.05829pt x 274.62462pt.
 [26 <./imagenes/primero/evidencia1_smtp.PNG> <./imagenes/primero/evidencia2_sm
tp.PNG>]
<imagenes/primero/evidencia4_smtp.PNG, id=460, 304.88907pt x 231.11343pt>
File: imagenes/primero/evidencia4_smtp.PNG Graphic file (type png)
<use imagenes/primero/evidencia4_smtp.PNG>
Package pdftex.def Info: imagenes/primero/evidencia4_smtp.PNG  used on input li
ne 591.
(pdftex.def)             Requested size: 365.86505pt x 277.33473pt.
)
(examen2.tex [27 <./imagenes/primero/evidencia3_smtp.PNG> <./imagenes/primero/e
videncia4_smtp.PNG>] [28]
<imagenes/Captura.JPG, id=473, 476.37975pt x 145.7445pt>
File: imagenes/Captura.JPG Graphic file (type jpg)
<use imagenes/Captura.JPG>
Package pdftex.def Info: imagenes/Captura.JPG  used on input line 34.
(pdftex.def)             Requested size: 476.37857pt x 145.74414pt.
<imagenes/aa1.JPG, id=474, 400.49625pt x 329.43076pt>
File: imagenes/aa1.JPG Graphic file (type jpg)
<use imagenes/aa1.JPG>
Package pdftex.def Info: imagenes/aa1.JPG  used on input line 40.
(pdftex.def)             Requested size: 400.49527pt x 329.42995pt.
<imagenes/aa2.JPG, id=475, 486.618pt x 255.95625pt>
File: imagenes/aa2.JPG Graphic file (type jpg)
<use imagenes/aa2.JPG>
Package pdftex.def Info: imagenes/aa2.JPG  used on input line 46.
(pdftex.def)             Requested size: 486.6168pt x 255.95561pt.

Overfull \hbox (4.74135pt too wide) in paragraph at lines 46--47
 [][] 
 []

[29 <./imagenes/Captura.JPG>])) (Resultados.tex [30 <./imagenes/aa1.JPG> <./ima
genes/aa2.JPG>]
Cap\'{\i }tulo 3.

("/Users/eliothmonroy/Library/Application Support/MiKTeX/texmfs/install/tex/lat
ex/listings/lstlang1.sty"
File: lstlang1.sty 2019/02/27 1.8b listings language file
)
Package hyperref Info: bookmark level for unknown lstlisting defaults to 0 on i
nput line 7.

("/Users/eliothmonroy/Library/Application Support/MiKTeX/texmfs/install/tex/lat
ex/base/latin1.def"
File: latin1.def 2018/08/11 v1.3c Input encoding file
)
("/Users/eliothmonroy/Library/Application Support/MiKTeX/texmfs/install/tex/gen
eric/oberdiek/se-utf8.def"
File: se-utf8.def 2016/05/16 v1.11 stringenc: UTF-8
)
("/Users/eliothmonroy/Library/Application Support/MiKTeX/texmfs/install/tex/gen
eric/oberdiek/se-iso-8859-1.def"
File: se-iso-8859-1.def 2016/05/16 v1.11 stringenc: ISO-8859-1
)
LaTeX Font Info:    Font shape `OT1/ptm/bx/n' in size <10> not available
(Font)              Font shape `OT1/ptm/b/n' tried instead on input line 2.
LaTeX Font Info:    Font shape `OT1/ptm/bx/n' in size <7.4> not available
(Font)              Font shape `OT1/ptm/b/n' tried instead on input line 2.
LaTeX Font Info:    Font shape `OT1/ptm/bx/n' in size <6> not available
(Font)              Font shape `OT1/ptm/b/n' tried instead on input line 2.
 [31

]
("/Users/eliothmonroy/Library/Application Support/MiKTeX/texmfs/install/tex/lat
ex/base/latin1.def"
File: latin1.def 2018/08/11 v1.3c Input encoding file
)
("/Users/eliothmonroy/Library/Application Support/MiKTeX/texmfs/install/tex/lat
ex/base/latin1.def"
File: latin1.def 2018/08/11 v1.3c Input encoding file
)
LaTeX Font Info:    Font shape `OMS/ptm/m/n' in size <10> not available
(Font)              Font shape `OMS/pzccm/m/n' tried instead on input line 2.
LaTeX Font Info:    Try loading font information for OML+ptm on input line 35.

("/Users/eliothmonroy/Library/Application Support/MiKTeX/texmfs/install/tex/lat
ex/psnfss/omlptm.fd"
File: omlptm.fd 
)
LaTeX Font Info:    Font shape `OML/ptm/m/n' in size <10> not available
(Font)              Font shape `OML/cmm/m/it' tried instead on input line 35.
 [32]
("/Users/eliothmonroy/Library/Application Support/MiKTeX/texmfs/install/tex/lat
ex/base/latin1.def"
File: latin1.def 2018/08/11 v1.3c Input encoding file
) [33] [34]
("/Users/eliothmonroy/Library/Application Support/MiKTeX/texmfs/install/tex/lat
ex/base/latin1.def"
File: latin1.def 2018/08/11 v1.3c Input encoding file
) [35]
("/Users/eliothmonroy/Library/Application Support/MiKTeX/texmfs/install/tex/lat
ex/base/latin1.def"
File: latin1.def 2018/08/11 v1.3c Input encoding file
) [36] [37] [38] [39] [40] [41] [42] [43]
("/Users/eliothmonroy/Library/Application Support/MiKTeX/texmfs/install/tex/lat
ex/base/latin1.def"
File: latin1.def 2018/08/11 v1.3c Input encoding file
) [44] [45] [46] [47] [48]
("/Users/eliothmonroy/Library/Application Support/MiKTeX/texmfs/install/tex/lat
ex/base/latin1.def"
File: latin1.def 2018/08/11 v1.3c Input encoding file
) [49]
("/Users/eliothmonroy/Library/Application Support/MiKTeX/texmfs/install/tex/lat
ex/base/latin1.def"
File: latin1.def 2018/08/11 v1.3c Input encoding file
) [50] [51] [52]
("/Users/eliothmonroy/Library/Application Support/MiKTeX/texmfs/install/tex/lat
ex/base/latin1.def"
File: latin1.def 2018/08/11 v1.3c Input encoding file
)
("/Users/eliothmonroy/Library/Application Support/MiKTeX/texmfs/install/tex/lat
ex/base/latin1.def"
File: latin1.def 2018/08/11 v1.3c Input encoding file
) [53] [54]
("/Users/eliothmonroy/Library/Application Support/MiKTeX/texmfs/install/tex/lat
ex/base/latin1.def"
File: latin1.def 2018/08/11 v1.3c Input encoding file
) [55]
("/Users/eliothmonroy/Library/Application Support/MiKTeX/texmfs/install/tex/lat
ex/base/latin1.def"
File: latin1.def 2018/08/11 v1.3c Input encoding file
) [56] [57]) (Conclusiones.tex [58]
Cap\'{\i }tulo 4.
[59

]) (referencias.tex [60

]
Underfull \hbox (badness 4699) in paragraph at lines 4--5
[]\OT1/ptm/m/n/14.4 CapItulo 20. Pro-to-co-lo SSH. (n.d.). Re-trie-ved May 19, 
2019, from
 []


Underfull \hbox (badness 10000) in paragraph at lines 5--6
[]\OT1/ptm/m/n/14.4 HTTP. (n.d.). Re-trie-ved May 19, 2019, from
 []


Underfull \hbox (badness 1014) in paragraph at lines 6--7
[]\OT1/ptm/m/n/14.4 Protocolo de trans-fe-ren-cia de ar-chi-vos. (2019, May 06)
. Re-trie-ved May
 []


Underfull \hbox (badness 1975) in paragraph at lines 6--7
\OT1/ptm/m/n/14.4 19, 2019, from https://es.wikipedia.org/wiki/Protocolo-de-tra
nsferencia-de-
 []


Underfull \hbox (badness 8132) in paragraph at lines 8--9
[]\OT1/ptm/m/n/14.4 ?`Qu[]e es un Ser-vi-dor SMTP? Qu[]e sig-ni-fi-ca y c[]omo 
usar-lo pa-ra
 []


Underfull \hbox (badness 7944) in paragraph at lines 8--9
\OT1/ptm/m/n/14.4 en-viar email. (2019, Ja-nuary 09). Re-trie-ved May 19, 2019,
 from
 []

) [61

pdfTeX warning (ext4): destination with the same identifier (name{cite.IN1}) ha
s been already used, duplicate ignored

\AtBegShi@Output ...ipout \box \AtBeginShipoutBox 
                                                  \fi \fi 
l.107 \end{document}
                    pdfTeX warning (ext4): destination with the same identifier
 (name{cite.IN1}) has been already used, duplicate ignored

\AtBegShi@Output ...ipout \box \AtBeginShipoutBox 
                                                  \fi \fi 
l.107 \end{document}
                    pdfTeX warning (ext4): destination with the same identifier
 (name{cite.IN1}) has been already used, duplicate ignored

\AtBegShi@Output ...ipout \box \AtBeginShipoutBox 
                                                  \fi \fi 
l.107 \end{document}
                    pdfTeX warning (ext4): destination with the same identifier
 (name{cite.IN1}) has been already used, duplicate ignored

\AtBegShi@Output ...ipout \box \AtBeginShipoutBox 
                                                  \fi \fi 
l.107 \end{document}
                    ]
Package atveryend Info: Empty hook `BeforeClearDocument' on input line 107.
Package atveryend Info: Empty hook `AfterLastShipout' on input line 107.
 (main.aux
LaTeX Info: Redefining \. on input line 23.
LaTeX Info: Redefining \% on input line 23.
)
Package atveryend Info: Executing hook `AtVeryEndDocument' on input line 107.
Package atveryend Info: Executing hook `AtEndAfterFileList' on input line 107.
Package rerunfilecheck Info: File `main.out' has not changed.
(rerunfilecheck)             Checksum: 94367A32FA522D18E820195ABB8D55B0;1950.


LaTeX Warning: There were multiply-defined labels.

Package atveryend Info: Empty hook `AtVeryVeryEnd' on input line 107.
 ) 
Here is how much of TeX's memory you used:
 21997 strings out of 492898
 390025 string characters out of 3114021
 1169368 words of memory out of 3000000
 23867 multiletter control sequences out of 15000+200000
 47247 words of font info for 88 fonts, out of 3000000 for 9000
 1141 hyphenation exceptions out of 8191
 48i,13n,45p,1080b,2538s stack positions out of 5000i,500n,10000p,200000b,50000s
{/Users/eliothmonroy/Library/Application Support/MiKTeX/texmfs/install/fonts/
enc/dvips/base/8r.enc}</Users/eliothmonroy/Library/Application Support/MiKTeX/t
exmfs/install/fonts/type1/public/amsfonts/cm/cmmi10.pfb></Users/eliothmonroy/Li
brary/Application Support/MiKTeX/texmfs/install/fonts/type1/public/amsfonts/cm/
cmsy10.pfb></Users/eliothmonroy/Library/Application Support/MiKTeX/texmfs/insta
ll/fonts/type1/public/amsfonts/latxfont/lasy10.pfb></Users/eliothmonroy/Library
/Application Support/MiKTeX/texmfs/install/fonts/type1/urw/courier/ucrr8a.pfb><
/Users/eliothmonroy/Library/Application Support/MiKTeX/texmfs/install/fonts/typ
e1/urw/times/utmb8a.pfb></Users/eliothmonroy/Library/Application Support/MiKTeX
/texmfs/install/fonts/type1/urw/times/utmr8a.pfb></Users/eliothmonroy/Library/A
pplication Support/MiKTeX/texmfs/install/fonts/type1/urw/times/utmri8a.pfb>
Output written on main.pdf (63 pages, 4167247 bytes).
PDF statistics:
 2340 PDF objects out of 2487 (max. 8388607)
 1560 named destinations out of 1728 (max. 500000)
 459 words of extra memory for PDF output out of 10000 (max. 10000000)

