\BOOKMARK [0][-]{chapter.1}{Introducci\363n}{}% 1
\BOOKMARK [1][-]{section.1.1}{Servicios}{chapter.1}% 2
\BOOKMARK [2][-]{subsection.1.1.1}{HTTP}{section.1.1}% 3
\BOOKMARK [2][-]{subsection.1.1.2}{SSH}{section.1.1}% 4
\BOOKMARK [2][-]{subsection.1.1.3}{SMTP}{section.1.1}% 5
\BOOKMARK [2][-]{subsection.1.1.4}{FTP}{section.1.1}% 6
\BOOKMARK [2][-]{subsection.1.1.5}{DNS}{section.1.1}% 7
\BOOKMARK [0][-]{chapter.2}{Desarrollo y Resultados}{}% 8
\BOOKMARK [1][-]{section.2.1}{Evaluaci\363n 4.- Configuraci\363n de Servicios}{chapter.2}% 9
\BOOKMARK [2][-]{subsection.2.1.1}{Servidor de informaci\363n HTTP}{section.2.1}% 10
\BOOKMARK [2][-]{subsection.2.1.2}{Servicio de Acceso Seguro SSH \(Secure Shell\)}{section.2.1}% 11
\BOOKMARK [2][-]{subsection.2.1.3}{Servicio de Nombres de Dominio DNS}{section.2.1}% 12
\BOOKMARK [2][-]{subsection.2.1.4}{Servicio de Transferencia de Archivos FTP}{section.2.1}% 13
\BOOKMARK [2][-]{subsection.2.1.5}{Servicio de correo electr\363nico SMTP}{section.2.1}% 14
\BOOKMARK [1][-]{section.2.2}{Evaluaci\363n 5.- Monitoreo de Rendimiento de Servicios}{chapter.2}% 15
\BOOKMARK [2][-]{subsection.2.2.1}{Monitoreo de redimiento SSH}{section.2.2}% 16
\BOOKMARK [2][-]{subsection.2.2.2}{Monitoreo de redimiento SMTP}{section.2.2}% 17
\BOOKMARK [2][-]{subsection.2.2.3}{Monitoreo de redimiento HTTP}{section.2.2}% 18
\BOOKMARK [2][-]{subsection.2.2.4}{Monitoreo de redimiento FTP}{section.2.2}% 19
\BOOKMARK [2][-]{subsection.2.2.5}{Monitoreo de rendimiento DNS}{section.2.2}% 20
\BOOKMARK [2][-]{subsection.2.2.6}{Resultados Obtenidos}{section.2.2}% 21
\BOOKMARK [0][-]{chapter.3}{C\363digos}{}% 22
\BOOKMARK [1][-]{section.3.1}{Evaluaci\363n 4}{chapter.3}% 23
\BOOKMARK [2][-]{subsection.3.1.1}{Servidor de informaci\363n HTTP}{section.3.1}% 24
\BOOKMARK [1][-]{section.3.2}{Evaluaci\363n 5}{chapter.3}% 25
\BOOKMARK [0][-]{chapter.4}{Conclusiones}{}% 26
\BOOKMARK [0][-]{chapter.4}{Referencias Bibliogr\341ficas}{}% 27
