
            Lattice Mapping Report File for Design Module 'osc00'


Design Information
------------------

Command line:   map -a MachXO2 -p LCMXO2-7000HE -t TQFP144 -s 5 -oc Commercial
     OsciladorInterno_OsciladorInterno.ngd -o
     OsciladorInterno_OsciladorInterno_map.ncd -pr
     OsciladorInterno_OsciladorInterno.prf -mp
     OsciladorInterno_OsciladorInterno.mrp -lpf C:/Users/eliot/Documents/Github/
     arqui3CM3/OsciladorInterno/OsciladorInterno/OsciladorInterno_OsciladorInter
     no_synplify.lpf -lpf C:/Users/eliot/Documents/Github/arqui3CM3/OsciladorInt
     erno/OsciladorInterno.lpf -c 0 -gui -msgset
     C:/Users/eliot/Documents/Github/arqui3CM3/OsciladorInterno/promote.xml 
Target Vendor:  LATTICE
Target Device:  LCMXO2-7000HETQFP144
Target Performance:   5
Mapper:  xo2c00,  version:  Diamond (64-bit) 3.9.1.119
Mapped on:  09/01/17  10:51:59

Design Summary
--------------

   Number of registers:      0 out of  7209 (0%)
      PFU registers:            0 out of  6864 (0%)
      PIO registers:            0 out of   345 (0%)
   Number of SLICEs:         0 out of  3432 (0%)
      SLICEs as Logic/ROM:      0 out of  3432 (0%)
      SLICEs as RAM:            0 out of  2574 (0%)
      SLICEs as Carry:          0 out of  3432 (0%)
   Number of LUT4s:          0 out of  6864 (0%)
      Number used as logic LUTs:          0
      Number used as distributed RAM:     0
      Number used as ripple logic:        0
      Number used as shift registers:     0
   Number of PIO sites used: 1 + 4(JTAG) out of 115 (4%)
   Number of block RAMs:  0 out of 26 (0%)
   Number of GSRs:  0 out of 1 (0%)
   EFB used :       No
   JTAG used :      No
   Readback used :  No
   Oscillator used :  Yes
   Startup used :   No
   POR :            On
   Bandgap :        On
   Number of Power Controller:  0 out of 1 (0%)
   Number of Dynamic Bank Controller (BCINRD):  0 out of 6 (0%)
   Number of Dynamic Bank Controller (BCLVDSO):  0 out of 1 (0%)
   Number of DCCA:  0 out of 8 (0%)
   Number of DCMA:  0 out of 2 (0%)
   Number of PLLs:  0 out of 2 (0%)
   Number of DQSDLLs:  0 out of 2 (0%)
   Number of CLKDIVC:  0 out of 4 (0%)
   Number of ECLKSYNCA:  0 out of 4 (0%)
   Number of ECLKBRIDGECS:  0 out of 2 (0%)
   Notes:-
      1. Total number of LUT4s = (Number of logic LUT4s) + 2*(Number of
     distributed RAMs) + 2*(Number of ripple logic)
      2. Number of logic LUT4s does not include count of distributed RAM and
     ripple logic.

                                    Page 1




Design:  osc00                                         Date:  09/01/17  10:51:59

Design Summary (cont)
---------------------
   Number of clocks:  0
   Number of Clock Enables:  0
   Number of LSRs:  0
   Number of nets driven by tri-state buffers:  0
   Top 10 highest fanout non-clock nets:
     Net osc_int_c: 1 loads




   Number of warnings:  0
   Number of errors:    0
     

Design Errors/Warnings
----------------------

   No errors or warnings present.

IO (PIO) Attributes
-------------------

+---------------------+-----------+-----------+------------+
| IO Name             | Direction | Levelmode | IO         |
|                     |           |  IO_TYPE  | Register   |
+---------------------+-----------+-----------+------------+
| osc_int             | OUTPUT    | LVCMOS25  |            |
+---------------------+-----------+-----------+------------+

Removed logic
-------------

Block VCC_0 undriven or does not drive anything - clipped.
Block GSR_INST undriven or does not drive anything - clipped.
Signal GND undriven or does not drive anything - clipped.
Signal VCC undriven or does not drive anything - clipped.
Signal OSCInst0_SEDSTDBY undriven or does not drive anything - clipped.
Block GND_0 was optimized away.

Memory Usage
------------


     

OSC Summary
-----------

OSC 1:                                     Pin/Node Value
  OSC Instance Name:                                OSCInst0
  OSC Type:                                         OSCH
  STDBY Input:                                      NONE
  OSC Output:                              PIN      osc_int_c
  OSC Nominal Frequency (MHz):                      2.08



                                    Page 2




Design:  osc00                                         Date:  09/01/17  10:51:59

ASIC Components
---------------

Instance Name: OSCInst0
         Type: OSCH

Run Time and Memory Usage
-------------------------

   Total CPU Time: 0 secs  
   Total REAL Time: 0 secs  
   Peak Memory Usage: 35 MB
        














































                                    Page 3


Copyright (c) 1991-1994 by NeoCAD Inc. All rights reserved.
     Copyright (c) 1995 AT&T Corp.   All rights reserved.
     Copyright (c) 1995-2001 Lucent Technologies Inc.  All rights reserved.
     Copyright (c) 2001 Agere Systems   All rights reserved.
     Copyright (c) 2002-2017 Lattice Semiconductor Corporation,  All rights
     reserved.
