Running in Lattice mode


Starting:    C:\lscc\diamond\3.9_x64\synpbase\bin64\mbin\synbatch.exe
Install:     C:\lscc\diamond\3.9_x64\synpbase
Hostname:    ELIOTHLAPTOP
Date:        Fri Sep 01 10:51:48 2017
Version:     L-2016.09L-1

Arguments:   -product synplify_pro -batch OsciladorInterno_OsciladorInterno_synplify.tcl
ProductType: synplify_pro





Technology initialized from device list to: LATTICE-XP

log file: "C:\Users\eliot\Documents\Github\arqui3CM3\OsciladorInterno\OsciladorInterno\OsciladorInterno_OsciladorInterno.srr"

Running: hdl_info_gen in foreground



Generating HDL info...


hdl_info_gen completed
# Fri Sep 01 10:51:49 2017

Return Code: 0
Run Time:00h:00m:00s

log file: "C:\Users\eliot\Documents\Github\arqui3CM3\OsciladorInterno\OsciladorInterno\OsciladorInterno_OsciladorInterno.srr"

Running: OsciladorInterno in foreground



Running proj_1|OsciladorInterno


Running: compile (Compile) on proj_1|OsciladorInterno
# Fri Sep 01 10:51:49 2017


Running: compile_flow (Compile Process) on proj_1|OsciladorInterno
# Fri Sep 01 10:51:49 2017


Running: compiler (Compile Input) on proj_1|OsciladorInterno
# Fri Sep 01 10:51:49 2017

Copied C:\Users\eliot\Documents\Github\arqui3CM3\OsciladorInterno\OsciladorInterno\synwork\OsciladorInterno_OsciladorInterno_comp.srs to C:\Users\eliot\Documents\Github\arqui3CM3\OsciladorInterno\OsciladorInterno\OsciladorInterno_OsciladorInterno.srs


compiler completed
# Fri Sep 01 10:51:51 2017

Return Code: 0
Run Time:00h:00m:02s


Running: multi_srs_gen (Multi-srs Generator) on proj_1|OsciladorInterno
# Fri Sep 01 10:51:51 2017


multi_srs_gen completed
# Fri Sep 01 10:51:52 2017

Return Code: 0
Run Time:00h:00m:01s

Copied C:\Users\eliot\Documents\Github\arqui3CM3\OsciladorInterno\OsciladorInterno\synwork\OsciladorInterno_OsciladorInterno_mult.srs to C:\Users\eliot\Documents\Github\arqui3CM3\OsciladorInterno\OsciladorInterno\OsciladorInterno_OsciladorInterno.srs

Copied C:\Users\eliot\Documents\Github\arqui3CM3\OsciladorInterno\OsciladorInterno\OsciladorInterno_OsciladorInterno.srr to C:\Users\eliot\Documents\Github\arqui3CM3\OsciladorInterno\OsciladorInterno\OsciladorInterno_OsciladorInterno.srf

Complete: Compile Process on proj_1|OsciladorInterno


Running: premap (Pre-mapping) on proj_1|OsciladorInterno
# Fri Sep 01 10:51:52 2017


premap completed
# Fri Sep 01 10:51:54 2017

Return Code: 0
Run Time:00h:00m:02s

Complete: Compile on proj_1|OsciladorInterno


Running: map (Map) on proj_1|OsciladorInterno
# Fri Sep 01 10:51:54 2017

License granted for 4 parallel jobs


Running: fpga_mapper (Map & Optimize) on proj_1|OsciladorInterno
# Fri Sep 01 10:51:54 2017

Copied C:\Users\eliot\Documents\Github\arqui3CM3\OsciladorInterno\OsciladorInterno\synwork\OsciladorInterno_OsciladorInterno_m.srm to C:\Users\eliot\Documents\Github\arqui3CM3\OsciladorInterno\OsciladorInterno\OsciladorInterno_OsciladorInterno.srm


fpga_mapper completed
# Fri Sep 01 10:51:56 2017

Return Code: 0
Run Time:00h:00m:02s

Complete: Map on proj_1|OsciladorInterno

Copied C:\Users\eliot\Documents\Github\arqui3CM3\OsciladorInterno\OsciladorInterno\OsciladorInterno_OsciladorInterno.srr to C:\Users\eliot\Documents\Github\arqui3CM3\OsciladorInterno\OsciladorInterno\OsciladorInterno_OsciladorInterno.srf

Complete: Logic Synthesis on proj_1|OsciladorInterno

TCL script complete: "OsciladorInterno_OsciladorInterno_synplify.tcl"

exit status=0

exit status=0

Save changes for project:
C:\Users\eliot\Documents\Github\arqui3CM3\OsciladorInterno\OsciladorInterno\proj_1.prj

batch mode default:no

