
synpwrap -msg -prj "mult8bits00_mult8bits00_synplify.tcl" -log "mult8bits00_mult8bits00.srf"
Copyright (C) 1992-2017 Lattice Semiconductor Corporation. All rights reserved.
Lattice Diamond Version 3.9.1.119
    <postMsg mid="2011000" type="Info"    dynamic="0" navigation="0"  />

==contents of mult8bits00_mult8bits00.srf
#Build: Synplify Pro L-2016.09L-1, Build 147R, Mar  7 2017
#install: C:\lscc\diamond\3.9_x64\synpbase
#OS: Windows 8 6.2
#Hostname: ELIOTHLAPTOP

# Tue Sep 26 07:24:18 2017

#Implementation: mult8bits00

Synopsys HDL Compiler, version comp2016q3p1, Build 284R, built Mar 10 2017
@N|Running in 64-bit mode
Copyright (C) 1994-2016 Synopsys, Inc. All rights reserved. This Synopsys software and all associated documentation are proprietary to Synopsys, Inc. and may only be used pursuant to the terms and conditions of a written license agreement with Synopsys, Inc. All other use, reproduction, modification, or distribution of the Synopsys software or the associated documentation is strictly prohibited.

Synopsys VHDL Compiler, version comp2016q3p1, Build 284R, built Mar 10 2017
@N|Running in 64-bit mode
Copyright (C) 1994-2016 Synopsys, Inc. All rights reserved. This Synopsys software and all associated documentation are proprietary to Synopsys, Inc. and may only be used pursuant to the terms and conditions of a written license agreement with Synopsys, Inc. All other use, reproduction, modification, or distribution of the Synopsys software or the associated documentation is strictly prohibited.

@N: CD720 :"C:\lscc\diamond\3.9_x64\synpbase\lib\vhd\std.vhd":123:18:123:21|Setting time resolution to ps
@N:"C:\Users\eliot\Documents\Github\arqui3CM3\mult8bits00\topmult8bits00.vhdl":6:7:6:19|Top entity is set to topmult8bit00.
Options changed - recompiling
VHDL syntax check successful!
Options changed - recompiling
@N: CD630 :"C:\Users\eliot\Documents\Github\arqui3CM3\mult8bits00\topmult8bits00.vhdl":6:7:6:19|Synthesizing work.topmult8bit00.topmult8bit0.
@N: CD630 :"C:\Users\eliot\Documents\Github\arqui3CM3\mult8bits00\mult8bits00\source\fa00.vhdl":7:7:7:10|Synthesizing work.fa00.fa0.
@N: CD630 :"C:\Users\eliot\Documents\Github\arqui3CM3\mult8bits00\mult8bits00\source\or00.vhdl":6:7:6:10|Synthesizing work.or00.or0.
Post processing for work.or00.or0
@N: CD630 :"C:\Users\eliot\Documents\Github\arqui3CM3\mult8bits00\mult8bits00\source\ha00.vhdl":7:7:7:10|Synthesizing work.ha00.ha0.
@N: CD630 :"C:\Users\eliot\Documents\Github\arqui3CM3\mult8bits00\mult8bits00\source\xor00.vhdl":6:7:6:11|Synthesizing work.xor00.xor0.
Post processing for work.xor00.xor0
@N: CD630 :"C:\Users\eliot\Documents\Github\arqui3CM3\mult8bits00\mult8bits00\source\and00.vhdl":6:7:6:11|Synthesizing work.and00.and0.
Post processing for work.and00.and0
Post processing for work.ha00.ha0
Post processing for work.fa00.fa0
Post processing for work.topmult8bit00.topmult8bit0

At c_vhdl Exit (Real Time elapsed 0h:00m:00s; CPU Time elapsed 0h:00m:00s; Memory used current: 75MB peak: 76MB)

Process took 0h:00m:01s realtime, 0h:00m:01s cputime

Process completed successfully.
# Tue Sep 26 07:24:19 2017

###########################################################]
Synopsys Netlist Linker, version comp2016q3p1, Build 279R, built Mar  8 2017
@N|Running in 64-bit mode
File C:\Users\ELITH\Documents\GitHub\arqui3CM3\mult8bits00\mult8bits00\synwork\layer0.srs changed - recompiling

At syn_nfilter Exit (Real Time elapsed 0h:00m:00s; CPU Time elapsed 0h:00m:00s; Memory used current: 67MB peak: 68MB)

Process took 0h:00m:01s realtime, 0h:00m:01s cputime

Process completed successfully.
# Tue Sep 26 07:24:19 2017

###########################################################]
@END

At c_hdl Exit (Real Time elapsed 0h:00m:00s; CPU Time elapsed 0h:00m:00s; Memory used current: 3MB peak: 4MB)

Process took 0h:00m:01s realtime, 0h:00m:01s cputime

Process completed successfully.
# Tue Sep 26 07:24:19 2017

###########################################################]
Synopsys Netlist Linker, version comp2016q3p1, Build 279R, built Mar  8 2017
@N|Running in 64-bit mode
File C:\Users\ELITH\Documents\GitHub\arqui3CM3\mult8bits00\mult8bits00\synwork\mult8bits00_mult8bits00_comp.srs changed - recompiling

At syn_nfilter Exit (Real Time elapsed 0h:00m:00s; CPU Time elapsed 0h:00m:00s; Memory used current: 67MB peak: 68MB)

Process took 0h:00m:01s realtime, 0h:00m:01s cputime

Process completed successfully.
# Tue Sep 26 07:24:20 2017

###########################################################]
Pre-mapping Report

# Tue Sep 26 07:24:20 2017

Synopsys Lattice Technology Pre-mapping, Version maplat, Build 1682R, Built Mar 10 2017 10:47:08
Copyright (C) 1994-2017 Synopsys, Inc. This Synopsys software and all associated documentation are proprietary to Synopsys, Inc. and may only be used pursuant to the terms and conditions of a written license agreement with Synopsys, Inc. All other use, reproduction, modification, or distribution of the Synopsys software or the associated documentation is strictly prohibited.
Product Version L-2016.09L-1

Mapper Startup Complete (Real Time elapsed 0h:00m:00s; CPU Time elapsed 0h:00m:00s; Memory used current: 99MB peak: 100MB)

@A: MF827 |No constraint file specified.
@L: C:\Users\eliot\Documents\Github\arqui3CM3\mult8bits00\mult8bits00\mult8bits00_mult8bits00_scck.rpt 
Printing clock  summary report in "C:\Users\eliot\Documents\Github\arqui3CM3\mult8bits00\mult8bits00\mult8bits00_mult8bits00_scck.rpt" file 
@N: MF248 |Running in 64-bit mode.
@N: MF666 |Clock conversion enabled. (Command "set_option -fix_gated_and_generated_clocks 1" in the project file.)

Design Input Complete (Real Time elapsed 0h:00m:00s; CPU Time elapsed 0h:00m:00s; Memory used current: 100MB peak: 102MB)


Mapper Initialization Complete (Real Time elapsed 0h:00m:00s; CPU Time elapsed 0h:00m:00s; Memory used current: 100MB peak: 102MB)


Start loading timing files (Real Time elapsed 0h:00m:00s; CPU Time elapsed 0h:00m:00s; Memory used current: 112MB peak: 112MB)


Finished loading timing files (Real Time elapsed 0h:00m:00s; CPU Time elapsed 0h:00m:00s; Memory used current: 112MB peak: 114MB)

@N: BN115 :"c:\users\eliot\documents\github\arqui3cm3\mult8bits00\mult8bits00\source\ha00.vhdl":16:2:16:5|Removing instance HA01 (in view: work.ha00_0(ha0)) of type view:work.and00_64_0(and0) because it does not drive other instances.
@N: BN115 :"c:\users\eliot\documents\github\arqui3cm3\mult8bits00\mult8bits00\source\ha00.vhdl":16:2:16:5|Removing instance HA01 (in view: work.ha00_1_14(ha0)) of type view:work.and00_0_13(and0) because it does not drive other instances.
@N: BN115 :"c:\users\eliot\documents\github\arqui3cm3\mult8bits00\mult8bits00\source\ha00.vhdl":16:2:16:5|Removing instance HA01 (in view: work.ha00_1_15(ha0)) of type view:work.and00_0_16(and0) because it does not drive other instances.
@N: BN115 :"c:\users\eliot\documents\github\arqui3cm3\mult8bits00\mult8bits00\source\ha00.vhdl":16:2:16:5|Removing instance HA01 (in view: work.ha00_1_31(ha0)) of type view:work.and00_0_32(and0) because it does not drive other instances.
@N: BN115 :"c:\users\eliot\documents\github\arqui3cm3\mult8bits00\mult8bits00\source\ha00.vhdl":16:2:16:5|Removing instance HA01 (in view: work.ha00_1_47(ha0)) of type view:work.and00_0_48(and0) because it does not drive other instances.
@N: BN115 :"c:\users\eliot\documents\github\arqui3cm3\mult8bits00\mult8bits00\source\ha00.vhdl":16:2:16:5|Removing instance HA01 (in view: work.ha00_1_63(ha0)) of type view:work.and00_0_64(and0) because it does not drive other instances.
@N: BN115 :"c:\users\eliot\documents\github\arqui3cm3\mult8bits00\mult8bits00\source\ha00.vhdl":16:2:16:5|Removing instance HA01 (in view: work.ha00_1_79(ha0)) of type view:work.and00_0_80(and0) because it does not drive other instances.
@N: BN115 :"c:\users\eliot\documents\github\arqui3cm3\mult8bits00\mult8bits00\source\ha00.vhdl":16:2:16:5|Removing instance HA01 (in view: work.ha00_1_95(ha0)) of type view:work.and00_0_96(and0) because it does not drive other instances.
ICG Latch Removal Summary:
Number of ICG latches removed:	0
Number of ICG latches not removed:	0
syn_allowed_resources : blockrams=26  set on top level netlist topmult8bit00

Finished netlist restructuring (Real Time elapsed 0h:00m:00s; CPU Time elapsed 0h:00m:00s; Memory used current: 144MB peak: 145MB)



Clock Summary
*****************

Start     Requested     Requested     Clock     Clock     Clock
Clock     Frequency     Period        Type      Group     Load 
---------------------------------------------------------------
===============================================================

Finished Pre Mapping Phase.

Starting constraint checker (Real Time elapsed 0h:00m:00s; CPU Time elapsed 0h:00m:00s; Memory used current: 144MB peak: 145MB)

None
None

Finished constraint checker (Real Time elapsed 0h:00m:00s; CPU Time elapsed 0h:00m:00s; Memory used current: 144MB peak: 145MB)

Pre-mapping successful!

At Mapper Exit (Real Time elapsed 0h:00m:00s; CPU Time elapsed 0h:00m:00s; Memory used current: 59MB peak: 145MB)

Process took 0h:00m:01s realtime, 0h:00m:01s cputime
# Tue Sep 26 07:24:21 2017

###########################################################]
Map & Optimize Report

# Tue Sep 26 07:24:21 2017

Synopsys Lattice Technology Mapper, Version maplat, Build 1682R, Built Mar 10 2017 10:47:08
Copyright (C) 1994-2017 Synopsys, Inc. This Synopsys software and all associated documentation are proprietary to Synopsys, Inc. and may only be used pursuant to the terms and conditions of a written license agreement with Synopsys, Inc. All other use, reproduction, modification, or distribution of the Synopsys software or the associated documentation is strictly prohibited.
Product Version L-2016.09L-1

Mapper Startup Complete (Real Time elapsed 0h:00m:00s; CPU Time elapsed 0h:00m:00s; Memory used current: 99MB peak: 100MB)

@N: MF248 |Running in 64-bit mode.
@N: MF666 |Clock conversion enabled. (Command "set_option -fix_gated_and_generated_clocks 1" in the project file.)

Design Input Complete (Real Time elapsed 0h:00m:00s; CPU Time elapsed 0h:00m:00s; Memory used current: 99MB peak: 100MB)


Mapper Initialization Complete (Real Time elapsed 0h:00m:00s; CPU Time elapsed 0h:00m:00s; Memory used current: 99MB peak: 100MB)


Start loading timing files (Real Time elapsed 0h:00m:00s; CPU Time elapsed 0h:00m:00s; Memory used current: 111MB peak: 112MB)


Finished loading timing files (Real Time elapsed 0h:00m:00s; CPU Time elapsed 0h:00m:00s; Memory used current: 112MB peak: 114MB)



Starting Optimization and Mapping (Real Time elapsed 0h:00m:00s; CPU Time elapsed 0h:00m:00s; Memory used current: 139MB peak: 142MB)


Available hyper_sources - for debug and ip models
	None Found


Finished RTL optimizations (Real Time elapsed 0h:00m:00s; CPU Time elapsed 0h:00m:00s; Memory used current: 140MB peak: 142MB)


Starting factoring (Real Time elapsed 0h:00m:00s; CPU Time elapsed 0h:00m:00s; Memory used current: 140MB peak: 142MB)


Finished factoring (Real Time elapsed 0h:00m:00s; CPU Time elapsed 0h:00m:00s; Memory used current: 158MB peak: 158MB)


Finished gated-clock and generated-clock conversion (Real Time elapsed 0h:00m:01s; CPU Time elapsed 0h:00m:01s; Memory used current: 148MB peak: 158MB)


Finished generic timing optimizations - Pass 1 (Real Time elapsed 0h:00m:01s; CPU Time elapsed 0h:00m:01s; Memory used current: 152MB peak: 158MB)


Starting Early Timing Optimization (Real Time elapsed 0h:00m:01s; CPU Time elapsed 0h:00m:01s; Memory used current: 153MB peak: 158MB)


Finished Early Timing Optimization (Real Time elapsed 0h:00m:01s; CPU Time elapsed 0h:00m:01s; Memory used current: 153MB peak: 158MB)


Finished generic timing optimizations - Pass 2 (Real Time elapsed 0h:00m:01s; CPU Time elapsed 0h:00m:01s; Memory used current: 152MB peak: 158MB)


Finished preparing to map (Real Time elapsed 0h:00m:01s; CPU Time elapsed 0h:00m:01s; Memory used current: 152MB peak: 158MB)


Finished technology mapping (Real Time elapsed 0h:00m:01s; CPU Time elapsed 0h:00m:01s; Memory used current: 162MB peak: 165MB)

Pass		 CPU time		Worst Slack		Luts / Registers
------------------------------------------------------------
   1		0h:00m:01s		100000.00ns		 125 /         0

Finished technology timing optimizations and critical path resynthesis (Real Time elapsed 0h:00m:02s; CPU Time elapsed 0h:00m:02s; Memory used current: 162MB peak: 165MB)

@N: FX164 |The option to pack registers in the IOB has not been specified. Please set syn_useioff attribute.  

Finished restoring hierarchy (Real Time elapsed 0h:00m:02s; CPU Time elapsed 0h:00m:02s; Memory used current: 164MB peak: 165MB)



@S |Clock Optimization Summary


#### START OF CLOCK OPTIMIZATION REPORT #####[

0 non-gated/non-generated clock tree(s) driving 0 clock pin(s) of sequential element(s)
0 gated/generated clock tree(s) driving 0 clock pin(s) of sequential element(s)
0 instances converted, 0 sequential instances remain driven by gated/generated clocks



##### END OF CLOCK OPTIMIZATION REPORT ######]


Start Writing Netlists (Real Time elapsed 0h:00m:02s; CPU Time elapsed 0h:00m:02s; Memory used current: 129MB peak: 165MB)

Writing Analyst data base C:\Users\eliot\Documents\Github\arqui3CM3\mult8bits00\mult8bits00\synwork\mult8bits00_mult8bits00_m.srm

Finished Writing Netlist Databases (Real Time elapsed 0h:00m:02s; CPU Time elapsed 0h:00m:02s; Memory used current: 162MB peak: 165MB)

Writing EDIF Netlist and constraint files
@N: FX1056 |Writing EDF file: C:\Users\eliot\Documents\Github\arqui3CM3\mult8bits00\mult8bits00\mult8bits00_mult8bits00.edi
L-2016.09L-1
@N: BW106 |Synplicity Constraint File capacitance units using default value of 1pF 

Finished Writing EDIF Netlist and constraint files (Real Time elapsed 0h:00m:02s; CPU Time elapsed 0h:00m:02s; Memory used current: 167MB peak: 169MB)


Start final timing analysis (Real Time elapsed 0h:00m:03s; CPU Time elapsed 0h:00m:02s; Memory used current: 168MB peak: 169MB)



##### START OF TIMING REPORT #####[
# Timing Report written on Tue Sep 26 07:24:24 2017
#


Top view:               topmult8bit00
Requested Frequency:    1.0 MHz
Wire load mode:         top
Paths requested:        5
Constraint File(s):    
@N: MT320 |This timing report is an estimate of place and route data. For final timing results, use the FPGA vendor place and route report.

@N: MT322 |Clock constraints include only register-to-register paths associated with each individual clock.



Performance Summary
*******************


Worst slack in design: NA






Clock Relationships
*******************

Clocks            |    rise  to  rise   |    fall  to  fall   |    rise  to  fall   |    fall  to  rise 
--------------------------------------------------------------------------------------------------------
Starting  Ending  |  constraint  slack  |  constraint  slack  |  constraint  slack  |  constraint  slack
--------------------------------------------------------------------------------------------------------
========================================================================================================
 Note: 'No paths' indicates there are no paths in the design for that pair of clock edges.
       'Diff grp' indicates that paths exist but the starting clock and ending clock are in different clock groups.



Interface Information 
*********************

No IO constraint found


##### END OF TIMING REPORT #####]

Timing exceptions that could not be applied
None

Finished final timing analysis (Real Time elapsed 0h:00m:03s; CPU Time elapsed 0h:00m:02s; Memory used current: 168MB peak: 169MB)


Finished timing report (Real Time elapsed 0h:00m:03s; CPU Time elapsed 0h:00m:02s; Memory used current: 168MB peak: 169MB)

---------------------------------------
Resource Usage Report
Part: lcmxo2_7000he-4

Register bits: 0 of 6864 (0%)
PIC Latch:       0
I/O cells:       32


Details:
GSR:            1
IB:             16
OB:             16
ORCALUT4:       123
PUR:            1
VHI:            1
VLO:            26
false:          210
true:           235
Mapper successful!

At Mapper Exit (Real Time elapsed 0h:00m:03s; CPU Time elapsed 0h:00m:03s; Memory used current: 33MB peak: 169MB)

Process took 0h:00m:03s realtime, 0h:00m:03s cputime
# Tue Sep 26 07:24:24 2017

###########################################################]


Synthesis exit by 0.

edif2ngd  -l "MachXO2" -d LCMXO2-7000HE -path "C:/Users/eliot/Documents/Github/arqui3CM3/mult8bits00/mult8bits00" -path "C:/Users/eliot/Documents/Github/arqui3CM3/mult8bits00"   "C:/Users/eliot/Documents/Github/arqui3CM3/mult8bits00/mult8bits00/mult8bits00_mult8bits00.edi" "mult8bits00_mult8bits00.ngo"   
edif2ngd:  version Diamond (64-bit) 3.9.1.119

Copyright (c) 1991-1994 by NeoCAD Inc. All rights reserved.
Copyright (c) 1995 AT&T Corp.   All rights reserved.
Copyright (c) 1995-2001 Lucent Technologies Inc.  All rights reserved.
Copyright (c) 2001 Agere Systems   All rights reserved.
Copyright (c) 2002-2017 Lattice Semiconductor Corporation,  All rights reserved.
Writing the design to mult8bits00_mult8bits00.ngo...

Total CPU Time: 0 secs  

Total REAL Time: 0 secs  


ngdbuild  -a "MachXO2" -d LCMXO2-7000HE  -p "C:/lscc/diamond/3.9_x64/ispfpga/xo2c00/data"  -p "C:/Users/eliot/Documents/Github/arqui3CM3/mult8bits00/mult8bits00" -p "C:/Users/eliot/Documents/Github/arqui3CM3/mult8bits00"  "mult8bits00_mult8bits00.ngo" "mult8bits00_mult8bits00.ngd"  	
ngdbuild:  version Diamond (64-bit) 3.9.1.119

Copyright (c) 1991-1994 by NeoCAD Inc. All rights reserved.
Copyright (c) 1995 AT&T Corp.   All rights reserved.
Copyright (c) 1995-2001 Lucent Technologies Inc.  All rights reserved.
Copyright (c) 2001 Agere Systems   All rights reserved.
Copyright (c) 2002-2017 Lattice Semiconductor Corporation,  All rights reserved.
Reading 'mult8bits00_mult8bits00.ngo' ...
Loading NGL library 'C:/lscc/diamond/3.9_x64/ispfpga/xo2c00a/data/xo2alib.ngl'...
Loading NGL library 'C:/lscc/diamond/3.9_x64/ispfpga/xo2c00/data/xo2clib.ngl'...
Loading NGL library 'C:/lscc/diamond/3.9_x64/ispfpga/mg5g00/data/mg5glib.ngl'...
Loading NGL library 'C:/lscc/diamond/3.9_x64/ispfpga/or5g00/data/orc5glib.ngl'...


Running DRC...

DRC complete with no errors or warnings

Design Results:
    183 blocks expanded
Complete the first expansion.
Writing 'mult8bits00_mult8bits00.ngd' ...
Total CPU Time: 0 secs  

Total REAL Time: 0 secs  


map -a "MachXO2" -p LCMXO2-7000HE -t TQFP144 -s 4 -oc Commercial   "mult8bits00_mult8bits00.ngd" -o "mult8bits00_mult8bits00_map.ncd" -pr "mult8bits00_mult8bits00.prf" -mp "mult8bits00_mult8bits00.mrp" -lpf "C:/Users/eliot/Documents/Github/arqui3CM3/mult8bits00/mult8bits00/mult8bits00_mult8bits00_synplify.lpf" -lpf "C:/Users/eliot/Documents/Github/arqui3CM3/mult8bits00/mult8bits00.lpf" -c 0            
map:  version Diamond (64-bit) 3.9.1.119

Copyright (c) 1991-1994 by NeoCAD Inc. All rights reserved.
Copyright (c) 1995 AT&T Corp.   All rights reserved.
Copyright (c) 1995-2001 Lucent Technologies Inc.  All rights reserved.
Copyright (c) 2001 Agere Systems   All rights reserved.
Copyright (c) 2002-2017 Lattice Semiconductor Corporation,  All rights reserved.
   Process the file: mult8bits00_mult8bits00.ngd
   Picdevice="LCMXO2-7000HE"

   Pictype="TQFP144"

   Picspeed=4

   Remove unused logic

   Do not produce over sized NCDs.

Part used: LCMXO2-7000HETQFP144, Performance used: 4.

Loading device for application map from file 'xo2c7000.nph' in environment: C:/lscc/diamond/3.9_x64/ispfpga.
Package Status:                     Final          Version 1.39.

Running general design DRC...

Removing unused logic...

Optimizing...




Design Summary:
   Number of registers:      0 out of  7209 (0%)
      PFU registers:            0 out of  6864 (0%)
      PIO registers:            0 out of   345 (0%)
   Number of SLICEs:        62 out of  3432 (2%)
      SLICEs as Logic/ROM:     62 out of  3432 (2%)
      SLICEs as RAM:            0 out of  2574 (0%)
      SLICEs as Carry:          0 out of  3432 (0%)
   Number of LUT4s:        123 out of  6864 (2%)
      Number used as logic LUTs:        123
      Number used as distributed RAM:     0
      Number used as ripple logic:        0
      Number used as shift registers:     0
   Number of PIO sites used: 32 + 4(JTAG) out of 115 (31%)
   Number of block RAMs:  0 out of 26 (0%)
   Number of GSRs:  0 out of 1 (0%)
   EFB used :       No
   JTAG used :      No
   Readback used :  No
   Oscillator used :  No
   Startup used :   No
   POR :            On
   Bandgap :        On
   Number of Power Controller:  0 out of 1 (0%)
   Number of Dynamic Bank Controller (BCINRD):  0 out of 6 (0%)
   Number of Dynamic Bank Controller (BCLVDSO):  0 out of 1 (0%)
   Number of DCCA:  0 out of 8 (0%)
   Number of DCMA:  0 out of 2 (0%)
   Number of PLLs:  0 out of 2 (0%)
   Number of DQSDLLs:  0 out of 2 (0%)
   Number of CLKDIVC:  0 out of 4 (0%)
   Number of ECLKSYNCA:  0 out of 4 (0%)
   Number of ECLKBRIDGECS:  0 out of 2 (0%)
   Notes:-
      1. Total number of LUT4s = (Number of logic LUT4s) + 2*(Number of distributed RAMs) + 2*(Number of ripple logic)
      2. Number of logic LUT4s does not include count of distributed RAM and ripple logic.
   Number of clocks:  0
   Number of Clock Enables:  0
   Number of LSRs:  0
   Number of nets driven by tri-state buffers:  0
   Top 10 highest fanout non-clock nets:
     Net Am4_c[1]: 16 loads
     Net Am4_c[7]: 16 loads
     Net Bm4_c[2]: 16 loads
     Net Bm4_c[3]: 16 loads
     Net Bm4_c[6]: 16 loads
     Net Am4_c[0]: 15 loads
     Net Am4_c[2]: 15 loads
     Net Am4_c[5]: 15 loads
     Net Am4_c[6]: 15 loads
     Net Bm4_c[4]: 15 loads
 

   Number of warnings:  0
   Number of errors:    0



Total CPU Time: 0 secs  
Total REAL Time: 0 secs  
Peak Memory Usage: 58 MB

Dumping design to file mult8bits00_mult8bits00_map.ncd.

mpartrce -p "mult8bits00_mult8bits00.p2t" -f "mult8bits00_mult8bits00.p3t" -tf "mult8bits00_mult8bits00.pt" "mult8bits00_mult8bits00_map.ncd" "mult8bits00_mult8bits00.ncd"

---- MParTrce Tool ----
Removing old design directory at request of -rem command line option to this program.
Running par. Please wait . . .

Lattice Place and Route Report for Design "mult8bits00_mult8bits00_map.ncd"
Tue Sep 26 07:24:27 2017

PAR: Place And Route Diamond (64-bit) 3.9.1.119.
Command Line: par -w -l 5 -i 6 -t 1 -c 0 -e 0 -gui -msgset C:/Users/eliot/Documents/Github/arqui3CM3/mult8bits00/promote.xml -exp parUseNBR=1:parCDP=0:parCDR=0:parPathBased=OFF mult8bits00_mult8bits00_map.ncd mult8bits00_mult8bits00.dir/5_1.ncd mult8bits00_mult8bits00.prf
Preference file: mult8bits00_mult8bits00.prf.
Placement level-cost: 5-1.
Routing Iterations: 6

Loading design for application par from file mult8bits00_mult8bits00_map.ncd.
Design name: topmult8bit00
NCD version: 3.3
Vendor:      LATTICE
Device:      LCMXO2-7000HE
Package:     TQFP144
Performance: 4
Loading device for application par from file 'xo2c7000.nph' in environment: C:/lscc/diamond/3.9_x64/ispfpga.
Package Status:                     Final          Version 1.39.
Performance Hardware Data Status:   Final          Version 34.4.
License checked out.


Ignore Preference Error(s):  True
Device utilization summary:

   PIO (prelim)   32+4(JTAG)/336     11% used
                  32+4(JTAG)/115     31% bonded

   SLICE             62/3432          1% used



Number of Signals: 139
Number of Connections: 473

Pin Constraint Summary:
   32 out of 32 pins locked (100% locked).

No signal is selected as primary clock.


No signal is selected as secondary clock.

No signal is selected as Global Set/Reset.
Starting Placer Phase 0.

Finished Placer Phase 0.  REAL time: 0 secs 

Starting Placer Phase 1.
..................
Placer score = 44241.
Finished Placer Phase 1.  REAL time: 2 secs 

Starting Placer Phase 2.
.
Placer score =  44211
Finished Placer Phase 2.  REAL time: 2 secs 


------------------ Clock Report ------------------

Global Clock Resources:
  CLK_PIN    : 0 out of 8 (0%)
  PLL        : 0 out of 2 (0%)
  DCM        : 0 out of 2 (0%)
  DCC        : 0 out of 8 (0%)

Quadrants All (TL, TR, BL, BR) - Global Clocks:

  PRIMARY  : 0 out of 8 (0%)
  SECONDARY: 0 out of 8 (0%)

Edge Clocks:
  No edge clock selected.

--------------- End of Clock Report ---------------


I/O Usage Summary (final):
   32 + 4(JTAG) out of 336 (10.7%) PIO sites used.
   32 + 4(JTAG) out of 115 (31.3%) bonded PIO sites used.
   Number of PIO comps: 32; differential: 0.
   Number of Vref pins used: 0.

I/O Bank Usage Summary:
+----------+----------------+------------+-----------+
| I/O Bank | Usage          | Bank Vccio | Bank Vref |
+----------+----------------+------------+-----------+
| 0        | 8 / 28 ( 28%)  | 2.5V       | -         |
| 1        | 0 / 29 (  0%)  | -          | -         |
| 2        | 16 / 29 ( 55%) | 2.5V       | -         |
| 3        | 0 / 9 (  0%)   | -          | -         |
| 4        | 8 / 10 ( 80%)  | 2.5V       | -         |
| 5        | 0 / 10 (  0%)  | -          | -         |
+----------+----------------+------------+-----------+

Total placer CPU time: 2 secs 

Dumping design to file mult8bits00_mult8bits00.dir/5_1.ncd.


-----------------------------------------------------------------
INFO - par: ASE feature is off due to non timing-driven settings.  
-----------------------------------------------------------------

0 connections routed; 473 unrouted.
Starting router resource preassignment

Completed router resource preassignment. Real time: 4 secs 

Start NBR router at 07:24:31 09/26/17

*****************************************************************
Info: NBR allows conflicts(one node used by more than one signal)
      in the earlier iterations. In each iteration, it tries to  
      solve the conflicts while keeping the critical connections 
      routed as short as possible. The routing process is said to
      be completed when no conflicts exist and all connections   
      are routed.                                                
Note: NBR uses a different method to calculate timing slacks. The
      worst slack and total negative slack may not be the same as
      that in TRCE report. You should always run TRCE to verify  
      your design.                                               
*****************************************************************

Start NBR special constraint process at 07:24:31 09/26/17

Start NBR section for initial routing at 07:24:31 09/26/17
Level 4, iteration 1
11(0.00%) conflicts; 0(0.00%) untouched conn; 0 (nbr) score; real time: 4 secs 

Info: Initial congestion level at 75% usage is 0
Info: Initial congestion area  at 75% usage is 0 (0.00%)

Start NBR section for normal routing at 07:24:31 09/26/17
Level 4, iteration 1
5(0.00%) conflicts; 0(0.00%) untouched conn; 0 (nbr) score; real time: 4 secs 
Level 4, iteration 2
2(0.00%) conflicts; 0(0.00%) untouched conn; 0 (nbr) score; real time: 4 secs 
Level 4, iteration 3
1(0.00%) conflict; 0(0.00%) untouched conn; 0 (nbr) score; real time: 4 secs 
Level 4, iteration 4
0(0.00%) conflict; 0(0.00%) untouched conn; 0 (nbr) score; real time: 4 secs 

Start NBR section for re-routing at 07:24:31 09/26/17
Level 4, iteration 1
0(0.00%) conflict; 0(0.00%) untouched conn; 0 (nbr) score; real time: 4 secs 

Start NBR section for post-routing at 07:24:31 09/26/17

End NBR router with 0 unrouted connection

NBR Summary
-----------
  Number of unrouted connections : 0 (0.00%)
  Number of connections with timing violations : 0 (0.00%)
  Estimated worst slack<setup> : <n/a>
  Timing score<setup> : 0
-----------
Notes: The timing info is calculated for SETUP only and all PAR_ADJs are ignored.



Total CPU time 4 secs 
Total REAL time: 4 secs 
Completely routed.
End of route.  473 routed (100.00%); 0 unrouted.

Hold time timing score: 0, hold timing errors: 0

Timing score: 0 

Dumping design to file mult8bits00_mult8bits00.dir/5_1.ncd.


PAR_SUMMARY::Run status = completed
PAR_SUMMARY::Number of unrouted conns = 0
PAR_SUMMARY::Worst  slack<setup/<ns>> = <n/a>
PAR_SUMMARY::Timing score<setup/<ns>> = <n/a>
PAR_SUMMARY::Worst  slack<hold /<ns>> = <n/a>
PAR_SUMMARY::Timing score<hold /<ns>> = <n/a>
PAR_SUMMARY::Number of errors = 0

Total CPU  time to completion: 4 secs 
Total REAL time to completion: 5 secs 

par done!

Copyright (c) 1991-1994 by NeoCAD Inc. All rights reserved.
Copyright (c) 1995 AT&T Corp.   All rights reserved.
Copyright (c) 1995-2001 Lucent Technologies Inc.  All rights reserved.
Copyright (c) 2001 Agere Systems   All rights reserved.
Copyright (c) 2002-2017 Lattice Semiconductor Corporation,  All rights reserved.
Exiting par with exit code 0
Exiting mpartrce with exit code 0

bitgen -f "mult8bits00_mult8bits00.t2b" -w "mult8bits00_mult8bits00.ncd" -jedec "mult8bits00_mult8bits00.prf"


BITGEN: Bitstream Generator Diamond (64-bit) 3.9.1.119
Copyright (c) 1991-1994 by NeoCAD Inc. All rights reserved.
Copyright (c) 1995 AT&T Corp.   All rights reserved.
Copyright (c) 1995-2001 Lucent Technologies Inc.  All rights reserved.
Copyright (c) 2001 Agere Systems   All rights reserved.
Copyright (c) 2002-2017 Lattice Semiconductor Corporation,  All rights reserved.


Loading design for application Bitgen from file mult8bits00_mult8bits00.ncd.
Design name: topmult8bit00
NCD version: 3.3
Vendor:      LATTICE
Device:      LCMXO2-7000HE
Package:     TQFP144
Performance: 4
Loading device for application Bitgen from file 'xo2c7000.nph' in environment: C:/lscc/diamond/3.9_x64/ispfpga.
Package Status:                     Final          Version 1.39.
Performance Hardware Data Status:   Final          Version 34.4.

Running DRC.
DRC detected 0 errors and 0 warnings.
Reading Preference File from mult8bits00_mult8bits00.prf.

Preference Summary:
+---------------------------------+---------------------------------+
|  Preference                     |  Current Setting                |
+---------------------------------+---------------------------------+
|                         RamCfg  |                        Reset**  |
+---------------------------------+---------------------------------+
|                     MCCLK_FREQ  |                         2.08**  |
+---------------------------------+---------------------------------+
|                  CONFIG_SECURE  |                          OFF**  |
+---------------------------------+---------------------------------+
|                          INBUF  |                           ON**  |
+---------------------------------+---------------------------------+
|                      JTAG_PORT  |                       ENABLE**  |
+---------------------------------+---------------------------------+
|                       SDM_PORT  |                      DISABLE**  |
+---------------------------------+---------------------------------+
|                 SLAVE_SPI_PORT  |                      DISABLE**  |
+---------------------------------+---------------------------------+
|                MASTER_SPI_PORT  |                      DISABLE**  |
+---------------------------------+---------------------------------+
|                       I2C_PORT  |                      DISABLE**  |
+---------------------------------+---------------------------------+
|        MUX_CONFIGURATION_PORTS  |                      DISABLE**  |
+---------------------------------+---------------------------------+
|                  CONFIGURATION  |                          CFG**  |
+---------------------------------+---------------------------------+
|                COMPRESS_CONFIG  |                           ON**  |
+---------------------------------+---------------------------------+
|                        MY_ASSP  |                          OFF**  |
+---------------------------------+---------------------------------+
|               ONE_TIME_PROGRAM  |                          OFF**  |
+---------------------------------+---------------------------------+
|                 ENABLE_TRANSFR  |                      DISABLE**  |
+---------------------------------+---------------------------------+
|                  SHAREDEBRINIT  |                      DISABLE**  |
+---------------------------------+---------------------------------+
|            BACKGROUND_RECONFIG  |                          OFF**  |
+---------------------------------+---------------------------------+
 *  Default setting.
 ** The specified setting matches the default setting.


Creating bit map...
 
Bitstream Status: Final           Version 1.94.
 
Saving bit stream in "mult8bits00_mult8bits00.jed".
 
===========
UFM Summary.
===========
UFM Size:        2046 Pages (128*2046 Bits).
UFM Utilization: General Purpose Flash Memory.
 
Available General Purpose Flash Memory: 2046 Pages (Page 0 to Page 2045).
Initialized UFM Pages:                     0 Page.
 
