C:\ispLEVER_Classic2_0\synpbase\bin64\c_vhdl.exe  -osyn  "C:\users\alberto rios\documents\ipn\escom\5semestre\arquitectura\vhdl\lcdram\synwork\toplcdram00_comp.srs"  -top  toplcdram00  -prodtype  synplify_pro  -nostructver -encrypt  -pro  -dmgen  "C:\users\alberto rios\documents\ipn\escom\5semestre\arquitectura\vhdl\lcdram\dm"  -lite -compiler_compatible -ui -fid2 -ram -sharing on -ll 2000 -autosm -ignore_undefined_lib  -lib work "C:\users\alberto rios\documents\ipn\escom\5semestre\arquitectura\vhdl\lcdram\packagekey00.vhd" -lib work "C:\users\alberto rios\documents\ipn\escom\5semestre\arquitectura\vhdl\lcdram\packagelcdram00.vhd" -lib work "C:\users\alberto rios\documents\ipn\escom\5semestre\arquitectura\vhdl\lcdram\osc00.vhd" -lib work "C:\users\alberto rios\documents\ipn\escom\5semestre\arquitectura\vhdl\lcdram\div00.vhd" -lib work "C:\users\alberto rios\documents\ipn\escom\5semestre\arquitectura\vhdl\lcdram\contring00.vhd" -lib work "C:\users\alberto rios\documents\ipn\escom\5semestre\arquitectura\vhdl\lcdram\coder00.vhd" -lib work "C:\users\alberto rios\documents\ipn\escom\5semestre\arquitectura\vhdl\lcdram\ram00.vhd" -lib work "C:\users\alberto rios\documents\ipn\escom\5semestre\arquitectura\vhdl\lcdram\contread00.vhd" -lib work "C:\users\alberto rios\documents\ipn\escom\5semestre\arquitectura\vhdl\lcdram\contconfig00.vhd" -lib work "C:\users\alberto rios\documents\ipn\escom\5semestre\arquitectura\vhdl\lcdram\config00.vhd" -lib work "C:\users\alberto rios\documents\ipn\escom\5semestre\arquitectura\vhdl\lcdram\bufferlcd00.vhd" -lib work "C:\users\alberto rios\documents\ipn\escom\5semestre\arquitectura\vhdl\lcdram\topkey00.vhd" -lib work "C:\users\alberto rios\documents\ipn\escom\5semestre\arquitectura\vhdl\lcdram\toplcdram00.vhd" -loga  "C:\users\alberto rios\documents\ipn\escom\5semestre\arquitectura\vhdl\lcdram\toplcdram00.srr" 
rc:0 success:1
C:\users\alberto rios\documents\ipn\escom\5semestre\arquitectura\vhdl\lcdram\synwork\toplcdram00_comp.srs|o|1463627178|21628
"C:\users\alberto|i|0|0
rios\documents\ipn\escom\5semestre\arquitectura\vhdl\lcdram\packagekey00.vhd"|i|0|0
"C:\users\alberto|i|0|0
rios\documents\ipn\escom\5semestre\arquitectura\vhdl\lcdram\packagelcdram00.vhd"|i|0|0
"C:\users\alberto|i|0|0
rios\documents\ipn\escom\5semestre\arquitectura\vhdl\lcdram\osc00.vhd"|i|0|0
"C:\users\alberto|i|0|0
rios\documents\ipn\escom\5semestre\arquitectura\vhdl\lcdram\div00.vhd"|i|0|0
"C:\users\alberto|i|0|0
rios\documents\ipn\escom\5semestre\arquitectura\vhdl\lcdram\contring00.vhd"|i|0|0
"C:\users\alberto|i|0|0
rios\documents\ipn\escom\5semestre\arquitectura\vhdl\lcdram\coder00.vhd"|i|0|0
"C:\users\alberto|i|0|0
rios\documents\ipn\escom\5semestre\arquitectura\vhdl\lcdram\ram00.vhd"|i|0|0
"C:\users\alberto|i|0|0
rios\documents\ipn\escom\5semestre\arquitectura\vhdl\lcdram\contread00.vhd"|i|0|0
"C:\users\alberto|i|0|0
rios\documents\ipn\escom\5semestre\arquitectura\vhdl\lcdram\contconfig00.vhd"|i|0|0
"C:\users\alberto|i|0|0
rios\documents\ipn\escom\5semestre\arquitectura\vhdl\lcdram\config00.vhd"|i|0|0
"C:\users\alberto|i|0|0
rios\documents\ipn\escom\5semestre\arquitectura\vhdl\lcdram\bufferlcd00.vhd"|i|0|0
"C:\users\alberto|i|0|0
rios\documents\ipn\escom\5semestre\arquitectura\vhdl\lcdram\topkey00.vhd"|i|0|0
"C:\users\alberto|i|0|0
rios\documents\ipn\escom\5semestre\arquitectura\vhdl\lcdram\toplcdram00.vhd"|i|0|0
C:\users\alberto rios\documents\ipn\escom\5semestre\arquitectura\vhdl\lcdram\toplcdram00.srr|o|1463627178|12330
C:\ispLEVER_Classic2_0\synpbase\bin\c_vhdl.exe|i|1401252698|2046976
C:\ispLEVER_Classic2_0\synpbase\bin64\c_vhdl.exe|i|1401252904|5533184
