|--------------------------------------------------------------|
|- ispLEVER Classic 2.0.00.17.20.15 Fitter Report File        -|
|- Copyright(C), 1992-2012, Lattice Semiconductor Corporation -|
|- All Rights Reserved.                                       -|
|--------------------------------------------------------------|




The Basic/Detailed Report Format can be selected in the dialog box
Tools->Fitter Report File Format...

Project_Summary
~~~~~~~~~~~~~~~
Project Name         :  practica3
Project Path         :  C:\Users\ELITH\Documents\GitHub\VHDL-ISP\Practica3
Project Fitted on    :  Sun Oct 09 21:31:59 2016

Device               :  M4256_96
Package              :  144
GLB Input Mux Size   :  33
Available Blocks     :  16
Speed                :  -5.8
Part Number          :  LC4256ZE-5TN144C
Source Format        :  Pure_VHDL


// Project 'practica3' Fit Successfully! //


Compilation_Times
~~~~~~~~~~~~~~~~~
Prefit Time                     0 secs
Load Design Time                0.03 secs
Partition Time                  0.03 secs
Place Time                      0.00 secs
Route Time                      0.00 secs
Total Fit Time                  00:00:01


Design_Summary
~~~~~~~~~~~~~~
Total Input Pins                6
Total Logic Functions           21
  Total Output Pins             16
  Total Bidir I/O Pins          0
  Total Buried Nodes            5
Total Flip-Flops                0
  Total D Flip-Flops            0
  Total T Flip-Flops            0
  Total Latches                 0
Total Product Terms             101

Total Reserved Pins             0
Total Locked Pins               22
Total Locked Nodes              0

Total Unique Output Enables     0
Total Unique Clocks             0
Total Unique Clock Enables      0
Total Unique Resets             0
Total Unique Presets            0

Fmax Logic Levels               -


Device_Resource_Summary
~~~~~~~~~~~~~~~~~~~~~~~
                                 Device
                                 Total    Used   Not Used   Utilization
-----------------------------------------------------------------------
Dedicated Pins
  Clock/Input Pins                  4        0      4    -->     0
  Input-Only Pins                  10        0     10    -->     0
  I/O / Enable Pins                 2        2      0    -->   100
I/O Pins                           94       20     74    -->    21
Logic Functions                   256       21    235    -->     8
  Input Registers                  96        0     96    -->     0

GLB Inputs                        576       37    539    -->     6
Logical Product Terms            1280      101   1179    -->     7
Occupied GLBs                      16        6     10    -->    37
Macrocells                        256       21    235    -->     8

Control Product Terms:
  GLB Clock/Clock Enables          16        0     16    -->     0
  GLB Reset/Presets                16        0     16    -->     0
  Macrocell Clocks                256        0    256    -->     0
  Macrocell Clock Enables         256        0    256    -->     0
  Macrocell Enables               256        0    256    -->     0
  Macrocell Resets                256        0    256    -->     0
  Macrocell Presets               256        0    256    -->     0

Global Routing Pool               356       11    345    -->     3
  GRP from IFB                     ..        6     ..    -->    ..
    (from input signals)           ..        6     ..    -->    ..
    (from output signals)          ..        0     ..    -->    ..
    (from bidir signals)           ..        0     ..    -->    ..
  GRP from MFB                     ..        5     ..    -->    ..
----------------------------------------------------------------------

<Note> 1 : The available PT is the product term that has not been used.
<Note> 2 : IFB is I/O feedback.
<Note> 3 : MFB is macrocell feedback.



GLB_Resource_Summary
~~~~~~~~~~~~~~~~~~~~
                                                                                     # of PT
               ---  Fanin  ---    I/O    Input  Macrocells       Macrocells   Logic  clusters
             Unique Shared Total  Pins    Regs Used Inaccessible  available    PTs   used
-------------------------------------------------------------------------------------------
Maximum
  GLB                      36      *(1)     8   --     --             16       80       16
-------------------------------------------------------------------------------------------
  GLB    A      0     8     8      3/6      0    5      0             11       21        6
  GLB    B      0     0     0      0/6      0    0      0             16        0        0
  GLB    C      0     0     0      6/6      0    0      0             16        0        0
  GLB    D      0     0     0      0/6      0    0      0             16        0        0
-------------------------------------------------------------------------------------------
  GLB    E      0     6     6      0/6      0    2      0             14        7        2
  GLB    F      0     0     0      0/6      0    0      0             16        0        0
  GLB    G      0     6     6      0/6      0    2      0             14        6        2
  GLB    H      0     0     0      0/6      0    0      0             16        0        0
-------------------------------------------------------------------------------------------
  GLB    I      0     0     0      0/6      0    0      0             16        0        0
  GLB    J      0     0     0      0/6      0    0      0             16        0        0
  GLB    K      0     0     0      0/6      0    0      0             16        0        0
  GLB    L      0     0     0      0/6      0    0      0             16        0        0
-------------------------------------------------------------------------------------------
  GLB    M      0     0     0      0/6      0    0      0             16        0        0
  GLB    N      0     0     0      0/6      0    0      0             16        0        0
  GLB    O      0    10    10      6/6      0    6      0             10       33        8
  GLB    P      0     7     7      5/6      0    6      0             10       34        9
-------------------------------------------------------------------------------------------
TOTALS:         0    37    37     20/96     0   21      0            235      101       27

<Note> 1 : For ispMACH 4000 devices, the number of IOs depends on the GLB.
<Note> 2 : Four rightmost columns above reflect last status of the placement process.



GLB_Control_Summary
~~~~~~~~~~~~~~~~~~~
           Shared Shared | Mcell  Mcell  Mcell  Mcell  Mcell 
           Clk/CE Rst/Pr | Clock  CE     Enable Reset  Preset
------------------------------------------------------------------------------
Maximum
  GLB        1      1        16     16     16     16     16  
==============================================================================
  GLB    A   0      0         0      0      0      0      0
  GLB    B   0      0         0      0      0      0      0
  GLB    C   0      0         0      0      0      0      0
  GLB    D   0      0         0      0      0      0      0
------------------------------------------------------------------------------
  GLB    E   0      0         0      0      0      0      0
  GLB    F   0      0         0      0      0      0      0
  GLB    G   0      0         0      0      0      0      0
  GLB    H   0      0         0      0      0      0      0
------------------------------------------------------------------------------
  GLB    I   0      0         0      0      0      0      0
  GLB    J   0      0         0      0      0      0      0
  GLB    K   0      0         0      0      0      0      0
  GLB    L   0      0         0      0      0      0      0
------------------------------------------------------------------------------
  GLB    M   0      0         0      0      0      0      0
  GLB    N   0      0         0      0      0      0      0
  GLB    O   0      0         0      0      0      0      0
  GLB    P   0      0         0      0      0      0      0
------------------------------------------------------------------------------

<Note> 1 : For ispMACH 4000 devices, the number of output enables depends on the GLB.



Optimizer_and_Fitter_Options
~~~~~~~~~~~~~~~~~~~~~~~~~~~~
Pin Assignment :                       Yes
Group Assignment :                     No
Pin Reservation :                      No

@Ignore_Project_Constraints :
  Pin Assignments :                    No
      Keep Block Assignment            --
      Keep Segment Assignment          --
  Group Assignments :                  No
  Macrocell Assignment :               No
      Keep Block Assignment            --
      Keep Segment Assignment          --

@Backannotate_Project_Constraints
  Pin Assignments :                    No
  Pin And Block Assignments :          No
  Pin, Macrocell and Block :           No

@Timing_Constraints :                  No

@Global_Project_Optimization :
  Balanced Partitioning :              Yes
  Spread Placement :                   Yes

  Note :
    Pack Design :
       Balanced Partitioning = No
       Spread Placement      = No
    Spread Design :
       Balanced Partitioning = Yes
       Spread Placement      = Yes


@Logic_Synthesis :
  Logic Reduction :                    Yes
  Node Collapsing :                    FMAX
  Fmax_Logic_Level :                   1
  D/T Synthesis :                      Yes
  XOR Synthesis :                      Yes
  Max. P-Term for Collapsing :         16
  Max. P-Term for Splitting :          80
  Max Symbols :                        24

@Utilization_options
  Max. % of Macrocells used :          100
@Usercode                               (HEX)
@IO_Types                              Default = LVCMOS18 (2)
@Output_Slew_Rate                      Default = FAST (2)
@Power                                 Default = HIGH (2)
@Pull                                  Default = PULLUP_DOWN (2)
@Input_Registers                       Default = None (2)
@Register_Powerup                      Default = None

Device Options:
<Note> 1 : Reserved unused I/Os can be independently driven to Low or High, and does not
           follow the drive level set for the Global Configure Unused I/O Option.
<Note> 2 : For user-specified constraints on individual signals, refer to the Output,
           Bidir and Buried Signal Lists.



Pinout_Listing
~~~~~~~~~~~~~~
      | Pin   | Bank |GLB |Assigned|                 | Signal|            | PG
Pin No| Type  |Number|Pad |Pin     |     I/O Type    | Type  | Signal name| Enable
----------------------------------------------------------------------------------
1     | GND   |   -  |    |        |                 |       |            |
2     | TDI   |   -  |    |        |                 |       |            |
3     |VCCIO0 |   -  |    |        |                 |       |            |
4     |  I_O  |   0  |C12 |    *   |LVCMOS18         | Input |a_5_        |
5     |  I_O  |   0  |C10 |    *   |LVCMOS18         | Input |a_4_        |
6     |  I_O  |   0  |C8  |    *   |LVCMOS18         | Input |a_3_        |
7     |  I_O  |   0  |C6  |    *   |LVCMOS18         | Input |a_2_        |
8     |  I_O  |   0  |C4  |    *   |LVCMOS18         | Input |a_1_        |
9     |  I_O  |   0  |C2  |    *   |LVCMOS18         | Input |a_0_        |
10    |GNDIO0 |   -  |    |        |                 |       |            |
11    |  I_O  |   0  |D14 |        |                 |       |            |
12    |  I_O  |   0  |D12 |        |                 |       |            |
13    |  I_O  |   0  |D10 |        |                 |       |            |
14    |  I_O  |   0  |D8  |        |                 |       |            |
15    |  I_O  |   0  |D6  |        |                 |       |            |
16    |  I_O  |   0  |D4  |        |                 |       |            |
17    | IN0   |   0  |    |        |                 |       |            |
18    | NC    |   -  |    |        |                 |       |            |
19    |VCCIO0 |   -  |    |        |                 |       |            |
20    | IN1   |   0  |    |        |                 |       |            |
21    |  I_O  |   0  |E2  |        |                 |       |            |
22    |  I_O  |   0  |E4  |        |                 |       |            |
23    |  I_O  |   0  |E6  |        |                 |       |            |
24    |  I_O  |   0  |E8  |        |                 |       |            |
25    |  I_O  |   0  |E10 |        |                 |       |            |
26    |  I_O  |   0  |E12 |        |                 |       |            |
27    |GNDIO0 |   -  |    |        |                 |       |            |
28    |  I_O  |   0  |F2  |        |                 |       |            |
29    |  I_O  |   0  |F4  |        |                 |       |            |
30    |  I_O  |   0  |F6  |        |                 |       |            |
31    |  I_O  |   0  |F8  |        |                 |       |            |
32    |  I_O  |   0  |F10 |        |                 |       |            |
33    |  I_O  |   0  |F12 |        |                 |       |            |
34    |VCCIO0 |   -  |    |        |                 |       |            |
35    | TCK   |   -  |    |        |                 |       |            |
36    | VCC   |   -  |    |        |                 |       |            |
37    | GND   |   -  |    |        |                 |       |            |
38    | IN2   |   0  |    |        |                 |       |            |
39    |  I_O  |   0  |G12 |        |                 |       |            |
40    |  I_O  |   0  |G10 |        |                 |       |            |
41    |  I_O  |   0  |G8  |        |                 |       |            |
42    |  I_O  |   0  |G6  |        |                 |       |            |
43    |  I_O  |   0  |G4  |        |                 |       |            |
44    |  I_O  |   0  |G2  |        |                 |       |            |
45    | IN3   |   0  |    |        |                 |       |            |
46    |GNDIO0 |   -  |    |        |                 |       |            |
47    |VCCIO0 |   -  |    |        |                 |       |            |
48    |  I_O  |   0  |H12 |        |                 |       |            |
49    |  I_O  |   0  |H10 |        |                 |       |            |
50    |  I_O  |   0  |H8  |        |                 |       |            |
51    |  I_O  |   0  |H6  |        |                 |       |            |
52    |  I_O  |   0  |H4  |        |                 |       |            |
53    |  I_O  |   0  |H2  |        |                 |       |            |
54    |INCLK1 |   0  |    |        |                 |       |            |
55    |GNDIO1 |   -  |    |        |                 |       |            |
56    |INCLK2 |   1  |    |        |                 |       |            |
57    | VCC   |   -  |    |        |                 |       |            |
58    |  I_O  |   1  |I2  |        |                 |       |            |
59    |  I_O  |   1  |I4  |        |                 |       |            |
60    |  I_O  |   1  |I6  |        |                 |       |            |
61    |  I_O  |   1  |I8  |        |                 |       |            |
62    |  I_O  |   1  |I10 |        |                 |       |            |
63    |  I_O  |   1  |I12 |        |                 |       |            |
64    |VCCIO1 |   -  |    |        |                 |       |            |
65    |GNDIO1 |   -  |    |        |                 |       |            |
66    |  I_O  |   1  |J2  |        |                 |       |            |
67    |  I_O  |   1  |J4  |        |                 |       |            |
68    |  I_O  |   1  |J6  |        |                 |       |            |
69    |  I_O  |   1  |J8  |        |                 |       |            |
70    |  I_O  |   1  |J10 |        |                 |       |            |
71    |  I_O  |   1  |J12 |        |                 |       |            |
72    | IN4   |   0  |    |        |                 |       |            |
73    | GND   |   -  |    |        |                 |       |            |
74    | TMS   |   -  |    |        |                 |       |            |
75    |VCCIO1 |   -  |    |        |                 |       |            |
76    |  I_O  |   1  |K12 |        |                 |       |            |
77    |  I_O  |   1  |K10 |        |                 |       |            |
78    |  I_O  |   1  |K8  |        |                 |       |            |
79    |  I_O  |   1  |K6  |        |                 |       |            |
80    |  I_O  |   1  |K4  |        |                 |       |            |
81    |  I_O  |   1  |K2  |        |                 |       |            |
82    |GNDIO1 |   -  |    |        |                 |       |            |
83    |  I_O  |   1  |L14 |        |                 |       |            |
84    |  I_O  |   1  |L12 |        |                 |       |            |
85    |  I_O  |   1  |L10 |        |                 |       |            |
86    |  I_O  |   1  |L8  |        |                 |       |            |
87    |  I_O  |   1  |L6  |        |                 |       |            |
88    |  I_O  |   1  |L4  |        |                 |       |            |
89    | IN5   |   1  |    |        |                 |       |            |
90    | NC    |   -  |    |        |                 |       |            |
91    |VCCIO1 |   -  |    |        |                 |       |            |
92    | IN6   |   1  |    |        |                 |       |            |
93    |  I_O  |   1  |M2  |        |                 |       |            |
94    |  I_O  |   1  |M4  |        |                 |       |            |
95    |  I_O  |   1  |M6  |        |                 |       |            |
96    |  I_O  |   1  |M8  |        |                 |       |            |
97    |  I_O  |   1  |M10 |        |                 |       |            |
98    |  I_O  |   1  |M12 |        |                 |       |            |
99    |GNDIO1 |   -  |    |        |                 |       |            |
100   |  I_O  |   1  |N2  |        |                 |       |            |
101   |  I_O  |   1  |N4  |        |                 |       |            |
102   |  I_O  |   1  |N6  |        |                 |       |            |
103   |  I_O  |   1  |N8  |        |                 |       |            |
104   |  I_O  |   1  |N10 |        |                 |       |            |
105   |  I_O  |   1  |N12 |        |                 |       |            |
106   |VCCIO1 |   -  |    |        |                 |       |            |
107   | TDO   |   -  |    |        |                 |       |            |
108   | VCC   |   -  |    |        |                 |       |            |
109   | GND   |   -  |    |        |                 |       |            |
110   | IN7   |   1  |    |        |                 |       |            |
111   |  I_O  |   1  |O12 |    *   |LVCMOS18         | Output|s_15_       |
112   |  I_O  |   1  |O10 |    *   |LVCMOS18         | Output|s_14_       |
113   |  I_O  |   1  |O8  |    *   |LVCMOS18         | Output|s_13_       |
114   |  I_O  |   1  |O6  |    *   |LVCMOS18         | Output|s_12_       |
115   |  I_O  |   1  |O4  |    *   |LVCMOS18         | Output|s_11_       |
116   |  I_O  |   1  |O2  |    *   |LVCMOS18         | Output|s_10_       |
117   | IN8   |   1  |    |        |                 |       |            |
118   |GNDIO1 |   -  |    |        |                 |       |            |
119   |VCCIO1 |   -  |    |        |                 |       |            |
120   |  I_O  |   1  |P12 |    *   |LVCMOS18         | Output|s_9_        |
121   |  I_O  |   1  |P10 |    *   |LVCMOS18         | Output|s_8_        |
122   |  I_O  |   1  |P8  |    *   |LVCMOS18         | Output|s_7_        |
123   |  I_O  |   1  |P6  |    *   |LVCMOS18         | Output|s_6_        |
124   |  I_O  |   1  |P4  |    *   |LVCMOS18         | Output|s_5_        |
125   | I_O/OE|   1  |P2  |    *   |LVCMOS18         | Output|s_4_        |
126   |INCLK3 |   1  |    |        |                 |       |            |
127   |GNDIO0 |   -  |    |        |                 |       |            |
128   |INCLK0 |   0  |    |        |                 |       |            |
129   | VCC   |   -  |    |        |                 |       |            |
130   | I_O/OE|   0  |A2  |    *   |LVCMOS18         | Output|s_3_        |
131   |  I_O  |   0  |A4  |    *   |LVCMOS18         | Output|s_2_        |
132   |  I_O  |   0  |A6  |    *   |LVCMOS18         | Output|s_1_        |
133   |  I_O  |   0  |A8  |    *   |LVCMOS18         | Output|s_0_        |
134   |  I_O  |   0  |A10 |        |                 |       |            |
135   |  I_O  |   0  |A12 |        |                 |       |            |
136   |VCCIO0 |   -  |    |        |                 |       |            |
137   |GNDIO0 |   -  |    |        |                 |       |            |
138   |  I_O  |   0  |B2  |        |                 |       |            |
139   |  I_O  |   0  |B4  |        |                 |       |            |
140   |  I_O  |   0  |B6  |        |                 |       |            |
141   |  I_O  |   0  |B8  |        |                 |       |            |
142   |  I_O  |   0  |B10 |        |                 |       |            |
143   |  I_O  |   0  |B12 |        |                 |       |            |
144   | IN9   |   0  |    |        |                 |       |            |
----------------------------------------------------------------------------------

<Note> GLB Pad : This notation refers to the GLB I/O pad number in the device.
<Note> Assigned Pin : user or dedicated input assignment (E.g. Clock pins).
<Note> Pin Type : 
          ClkIn : Dedicated input or clock pin 
           CLK  : Dedicated clock pin
           I_O  : Input/Output pin
           INP  : Dedicated input pin
           JTAG : JTAG Control and test pin
           NC   : No connected



Input_Signal_List
~~~~~~~~~~~~~~~~~
                Input
         Pin    Fanout
 Pin GLB Type                       Pullup Signal
-------------------------------------------------
   9   C  I/O   5  A---E-G-------OP    Down a_0_
   8   C  I/O   5  A---E-G-------OP    Down a_1_
   7   C  I/O   5  A---E-G-------OP    Down a_2_
   6   C  I/O   5  A---E-G-------OP    Down a_3_
   5   C  I/O   4  A---E---------OP    Down a_4_
   4   C  I/O   5  A---E-G-------OP    Down a_5_
-------------------------------------------------



Output_Signal_List
~~~~~~~~~~~~~~~~~~
          I         C      P R P       O Output
          N         L Mc   R E U C O F B Fanout
 Pin GLB  P LL PTs  S Type E S P E E P P                     Slew Pullup Signal
-------------------------------------------------------------------------------
 133   A  7  2   5  1 COM                   ----------------  Fast   Down s_0_
 116   O  6  3   4  1 COM                   ----------------  Fast   Down s_10_
 115   O  7  3   5  1 COM                   ----------------  Fast   Down s_11_
 114   O  7  2   8  2 COM                   ----------------  Fast   Down s_12_
 113   O  7  2   9  2 COM                   ----------------  Fast   Down s_13_
 112   O  7  3   4  1 COM                   ----------------  Fast   Down s_14_
 111   O  6  3   3  1 COM                   ----------------  Fast   Down s_15_
 132   A  7  2   4  1 COM                   ----------------  Fast   Down s_1_
 131   A  7  3   5  1 COM                   ----------------  Fast   Down s_2_
 130   A  7  3   6  2 COM                   ----------------  Fast   Down s_3_
 125   P  7  2   5  1 COM                   ----------------  Fast   Down s_4_
 124   P  4  2   3  1 COM                   ----------------  Fast   Down s_5_
 123   P  7  2   6  2 COM                   ----------------  Fast   Down s_6_
 122   P  7  2   5  1 COM                   ----------------  Fast   Down s_7_
 121   P  7  2   7  2 COM                   ----------------  Fast   Down s_8_
 120   P  7  2   8  2 COM                   ----------------  Fast   Down s_9_
-------------------------------------------------------------------------------

<Note> CLS = Number of clusters used
       INP = Number of input signals
       PTs = Number of product terms
        LL = Number of logic levels
       PRE = Has preset equation
       RES = Has reset equation
       PUP = Power-Up initial state: R=Reset, S=Set
        CE = Has clock enable equation
        OE = Has output enable equation
        FP = Fast path used
       OBP = ORP bypass used



Bidir_Signal_List
~~~~~~~~~~~~~~~~~
          I         C      P R P       O Bidir
          N         L Mc   R E U C O F B Fanout
 Pin GLB  P LL PTs  S Type E S P E E P P                     Slew Pullup Signal
-------------------------------------------------------------------------------
-------------------------------------------------------------------------------

<Note> CLS = Number of clusters used
       INP = Number of input signals
       PTs = Number of product terms
        LL = Number of logic levels
       PRE = Has preset equation
       RES = Has reset equation
       PUP = Power-Up initial state: R=Reset, S=Set
        CE = Has clock enable equation
        OE = Has output enable equation
        FP = Fast path used
       OBP = ORP bypass used



Buried_Signal_List
~~~~~~~~~~~~~~~~~~
        I         C      P R P       Node
        N         L Mc   R E U C I F Fanout
Mc GLB  P LL PTs  S Type E S P E R P                     Signal
---------------------------------------------------------------
 3   E  6  -   4  1 COM              1  --------------O-  N_157
 1   A  3  -   1  1 COM              4  A-----G-------OP  N_56_i
 9   G  6  -   3  1 COM              1  --------------O-  N_57_i
 3   G  6  -   3  1 COM              1  A---------------  N_69_i
 9   E  6  -   3  1 COM              1  --------------O-  N_71_i
---------------------------------------------------------------

<Note> CLS = Number of clusters used
       INP = Number of input signals
       PTs = Number of product terms
        LL = Number of logic levels
       PRE = Has preset equation
       RES = Has reset equation
       PUP = Power-Up initial state: R=Reset, S=Set
        CE = Has clock enable equation
        OE = Has output enable equation
        IR = Input register
        FP = Fast path used
       OBP = ORP bypass used



PostFit_Equations
~~~~~~~~~~~~~~~~~
N_157 = !a_5_ & !a_4_ & a_3_ & !a_2_ & a_1_ & a_0_
    # !a_5_ & !a_4_ & a_3_ & a_2_ & !a_1_ & a_0_
    # !a_5_ & a_4_ & !a_3_ & !a_1_ & a_0_
    # !a_5_ & !a_3_ & !a_2_ & !a_1_ & a_0_ ; (4 pterms, 6 signals)

N_56_i = !a_4_ & !a_3_ & !a_2_ ; (1 pterm, 3 signals)

N_57_i = !( !a_5_ & !a_3_ & a_2_ & !a_1_ & !a_0_
    # a_5_ & !a_0_ & N_56_i
    # a_5_ & !a_1_ & N_56_i ) ; (3 pterms, 6 signals)

N_69_i = !( !a_5_ & !a_3_ & a_2_ & a_1_ & a_0_
    # !a_1_ & N_56_i
    # a_5_ & N_56_i ) ; (3 pterms, 6 signals)

N_71_i = !( !a_5_ & !a_4_ & a_3_ & !a_2_ & a_1_ & !a_0_
    # !a_5_ & a_4_ & !a_3_ & a_2_ & a_1_
    # !a_5_ & a_4_ & a_3_ & a_0_ ) ; (3 pterms, 6 signals)

s_0_ = !a_5_ & a_4_ & a_2_ & !a_1_ & !a_0_
    # a_4_ & !a_3_ & !a_2_ & a_1_
    # a_4_ & a_3_ & a_2_ & !a_1_
    # a_5_ & a_1_ & !a_0_
    # a_5_ & !N_56_i ; (5 pterms, 7 signals)

s_10_ = a_2_ & !a_1_ & N_57_i & N_71_i
    # !a_2_ & a_1_ & N_57_i & N_71_i
    # !a_0_ & N_57_i & N_71_i
    # a_5_ & N_57_i & N_71_i ; (4 pterms, 6 signals)

s_11_.X1 = !a_5_ & a_4_ & !a_2_ & a_0_ & N_57_i & N_71_i
    # !a_5_ & !a_2_ & !a_1_ & a_0_ & N_57_i & N_71_i
    # !a_5_ & a_4_ & a_2_ & !a_1_ & !a_0_ & N_57_i & N_71_i
    # !a_5_ & a_2_ & a_1_ & a_0_ & N_57_i & N_71_i ; (4 pterms, 7 signals)
s_11_.X2 = N_57_i & N_71_i ; (1 pterm, 2 signals)

s_12_ = !( !a_5_ & a_4_ & !a_2_ & a_1_ & a_0_
    # !a_5_ & !a_4_ & a_3_ & a_2_ & !a_0_
    # !a_5_ & a_3_ & a_2_ & a_1_ & a_0_
    # !a_5_ & !a_3_ & !a_2_ & a_1_ & !a_0_
    # !a_5_ & a_4_ & a_2_ & !a_1_
    # !a_5_ & a_4_ & a_3_ & a_0_
    # a_5_ & a_0_ & N_56_i
    # a_5_ & a_1_ & N_56_i ) ; (8 pterms, 7 signals)

s_13_ = !( !a_5_ & a_4_ & !a_3_ & !a_1_ & !a_0_
    # !a_5_ & a_4_ & a_3_ & a_2_ & a_0_
    # !a_5_ & a_3_ & a_2_ & !a_1_ & !a_0_
    # !a_5_ & a_4_ & !a_3_ & !a_2_ & a_1_
    # !a_5_ & !a_4_ & a_3_ & a_1_ & a_0_
    # !a_5_ & !a_4_ & a_2_ & a_1_ & !a_0_
    # !a_5_ & !a_3_ & a_2_ & !a_1_ & a_0_
    # a_5_ & a_0_ & N_56_i
    # a_5_ & a_1_ & N_56_i ) ; (9 pterms, 7 signals)

s_14_ = !a_1_ & a_0_ & !N_157 & N_57_i
    # !a_2_ & !N_157 & N_57_i
    # !a_4_ & !N_157 & N_57_i
    # a_5_ & !N_157 & N_57_i ; (4 pterms, 7 signals)

s_15_ = !( !a_5_ & a_4_ & a_2_ & a_1_
    # N_157
    # !N_57_i ) ; (3 pterms, 6 signals)

s_1_ = a_4_ & a_3_ & a_2_ & !a_1_ & a_0_
    # a_4_ & !a_3_ & a_2_ & !a_1_ & !a_0_
    # a_4_ & !a_3_ & !a_2_ & a_1_
    # a_5_ & !N_56_i ; (4 pterms, 7 signals)

s_2_ = !( !a_5_ & a_3_ & a_2_ & !a_1_ & !a_0_
    # !a_5_ & a_4_ & !a_3_ & a_1_
    # !a_5_ & a_4_ & a_3_ & !a_0_
    # !a_5_ & a_4_ & a_2_
    # !N_69_i ) ; (5 pterms, 7 signals)

s_3_.X1 = !a_5_ & a_3_ & a_2_ & !a_1_ & !a_0_ & N_69_i
    # a_5_ & a_4_ & N_69_i
    # a_4_ & a_3_ & !a_2_ & a_0_ & N_69_i
    # a_4_ & !a_2_ & !a_1_ & a_0_ & N_69_i
    # a_4_ & a_3_ & a_2_ & !a_1_ & !a_0_ & N_69_i ; (5 pterms, 7 signals)
s_3_.X2 = !a_4_ & N_69_i ; (1 pterm, 2 signals)

s_4_ = a_4_ & !a_3_ & a_2_ & !a_1_ & !a_0_
    # a_4_ & !a_3_ & a_2_ & a_1_ & a_0_
    # a_4_ & a_3_ & !a_2_ & a_1_
    # a_5_ & !a_1_
    # a_5_ & !N_56_i ; (5 pterms, 7 signals)

s_5_ = !a_1_ & !a_0_ & N_56_i
    # a_5_ & a_0_
    # a_5_ & !N_56_i ; (3 pterms, 4 signals)

s_6_ = a_4_ & a_3_ & a_2_ & a_1_ & a_0_
    # a_4_ & !a_3_ & a_2_ & !a_0_
    # !a_5_ & !a_1_ & !a_0_ & N_56_i
    # a_5_ & a_0_
    # a_5_ & a_1_
    # a_5_ & !N_56_i ; (6 pterms, 7 signals)

s_7_ = a_4_ & !a_3_ & a_2_ & a_1_
    # a_5_ & !a_1_ & a_0_
    # a_4_ & a_2_ & a_1_ & a_0_
    # a_5_ & a_1_ & !a_0_
    # a_5_ & !N_56_i ; (5 pterms, 7 signals)

s_8_ = !( !a_5_ & a_4_ & !a_3_ & a_2_ & !a_1_ & !a_0_
    # !a_5_ & !a_4_ & !a_3_ & a_1_ & a_0_
    # !a_5_ & a_3_ & a_2_ & !a_1_ & a_0_
    # !a_5_ & a_4_ & a_3_ & a_2_ & a_0_
    # !a_5_ & !a_3_ & !a_2_ & a_1_
    # a_1_ & N_56_i
    # a_0_ & N_56_i ) ; (7 pterms, 7 signals)

s_9_ = !( !a_5_ & !a_3_ & a_2_ & !a_1_ & !a_0_
    # !a_5_ & a_4_ & a_2_ & !a_1_ & !a_0_
    # !a_5_ & a_4_ & a_3_ & a_2_ & a_0_
    # !a_5_ & a_4_ & !a_3_ & !a_2_ & a_1_
    # !a_5_ & !a_4_ & !a_2_ & !a_1_ & a_0_
    # !a_4_ & !a_3_ & !a_2_ & a_0_
    # a_5_ & a_1_ & N_56_i
    # !a_5_ & !a_4_ & !a_3_ & a_0_ ) ; (8 pterms, 7 signals)




