This is pdfTeX, Version 3.14159265-2.6-1.40.19 (MiKTeX 2.9.6730) (preloaded format=pdflatex 2019.1.19)  19 JAN 2019 23:43
entering extended mode
**./reporte.tex
(reporte.tex
LaTeX2e <2018-12-01>

("/Users/eliothmonroy/Library/Application Support/MiKTeX/texmfs/install/tex/lat
ex/base/article.cls"
Document Class: article 2018/09/03 v1.4i Standard LaTeX document class

("/Users/eliothmonroy/Library/Application Support/MiKTeX/texmfs/install/tex/lat
ex/base/size12.clo"
File: size12.clo 2018/09/03 v1.4i Standard LaTeX file (size option)
)
\c@part=\count80
\c@section=\count81
\c@subsection=\count82
\c@subsubsection=\count83
\c@paragraph=\count84
\c@subparagraph=\count85
\c@figure=\count86
\c@table=\count87
\abovecaptionskip=\skip41
\belowcaptionskip=\skip42
\bibindent=\dimen102
)
("/Users/eliothmonroy/Library/Application Support/MiKTeX/texmfs/install/tex/lat
ex/base/inputenc.sty"
Package: inputenc 2018/08/11 v1.3c Input encoding file
\inpenc@prehook=\toks14
\inpenc@posthook=\toks15
)
("/Users/eliothmonroy/Library/Application Support/MiKTeX/texmfs/install/tex/gen
eric/babel/babel.sty"
Package: babel 2018/11/13 3.27 The Babel package

("/Users/eliothmonroy/Library/Application Support/MiKTeX/texmfs/install/tex/gen
eric/babel/switch.def"
File: switch.def 2018/11/13 3.27 Babel switching mechanism
)
*************************************
* Local config file bblopts.cfg used
*

("/Users/eliothmonroy/Library/Application Support/MiKTeX/texmfs/install/tex/lat
ex/arabi/bblopts.cfg"
File: bblopts.cfg 2005/09/08 v0.1 add Arabic and Farsi to "declared" options of
 babel
)
("/Users/eliothmonroy/Library/Application Support/MiKTeX/texmfs/install/tex/lat
ex/babel-spanish/spanish.ldf"
Language: spanish.ldf 2016/03/03 v5.0p Spanish support from the babel system

("/Users/eliothmonroy/Library/Application Support/MiKTeX/texmfs/install/tex/gen
eric/babel/babel.def"
File: babel.def 2018/11/13 3.27 Babel common definitions
\babel@savecnt=\count88
\U@D=\dimen103

("/Users/eliothmonroy/Library/Application Support/MiKTeX/texmfs/install/tex/gen
eric/babel/txtbabel.def")
\bbl@dirlevel=\count89
)
\es@quottoks=\toks16
\es@quotdepth=\count90
Package babel Info: Making " an active character on input line 561.
Package babel Info: Making . an active character on input line 662.
Package babel Info: Making < an active character on input line 707.
Package babel Info: Making > an active character on input line 707.
))
("/Users/eliothmonroy/Library/Application Support/MiKTeX/texmfs/install/tex/lat
ex/graphics/graphicx.sty"
Package: graphicx 2017/06/01 v1.1a Enhanced LaTeX Graphics (DPC,SPQR)

("/Users/eliothmonroy/Library/Application Support/MiKTeX/texmfs/install/tex/lat
ex/graphics/keyval.sty"
Package: keyval 2014/10/28 v1.15 key=value parser (DPC)
\KV@toks@=\toks17
)
("/Users/eliothmonroy/Library/Application Support/MiKTeX/texmfs/install/tex/lat
ex/graphics/graphics.sty"
Package: graphics 2017/06/25 v1.2c Standard LaTeX Graphics (DPC,SPQR)

("/Users/eliothmonroy/Library/Application Support/MiKTeX/texmfs/install/tex/lat
ex/graphics/trig.sty"
Package: trig 2016/01/03 v1.10 sin cos tan (DPC)
)
("/Users/eliothmonroy/Library/Application Support/MiKTeX/texmfs/install/tex/lat
ex/graphics-cfg/graphics.cfg"
File: graphics.cfg 2016/06/04 v1.11 sample graphics configuration
)
Package graphics Info: Driver file: pdftex.def on input line 99.

("/Users/eliothmonroy/Library/Application Support/MiKTeX/texmfs/install/tex/lat
ex/graphics-def/pdftex.def"
File: pdftex.def 2018/01/08 v1.0l Graphics/color driver for pdftex
))
\Gin@req@height=\dimen104
\Gin@req@width=\dimen105
)
("/Users/eliothmonroy/Library/Application Support/MiKTeX/texmfs/install/tex/lat
ex/float/float.sty"
Package: float 2001/11/08 v1.3d Float enhancements (AL)
\c@float@type=\count91
\float@exts=\toks18
\float@box=\box27
\@float@everytoks=\toks19
\@floatcapt=\box28
)
("/Users/eliothmonroy/Library/Application Support/MiKTeX/texmfs/install/tex/lat
ex/url/url.sty"
\Urlmuskip=\muskip10
Package: url 2013/09/16  ver 3.4  Verb mode for urls, etc.
)
("/Users/eliothmonroy/Library/Application Support/MiKTeX/texmfs/install/tex/lat
ex/tocbibind/tocbibind.sty"
Package: tocbibind 2010/10/13 v1.5k extra ToC listings
Package tocbibind Info: The document has section divisions on input line 50.


Package tocbibind Note: Using section or other style headings.

) (reporte.aux
LaTeX Info: Redefining \. on input line 6.
LaTeX Info: Redefining \% on input line 6.
)
\openout1 = `reporte.aux'.

LaTeX Font Info:    Checking defaults for OML/cmm/m/it on input line 15.
LaTeX Font Info:    ... okay on input line 15.
LaTeX Font Info:    Checking defaults for T1/cmr/m/n on input line 15.
LaTeX Font Info:    ... okay on input line 15.
LaTeX Font Info:    Checking defaults for OT1/cmr/m/n on input line 15.
LaTeX Font Info:    ... okay on input line 15.
LaTeX Font Info:    Checking defaults for OMS/cmsy/m/n on input line 15.
LaTeX Font Info:    ... okay on input line 15.
LaTeX Font Info:    Checking defaults for OMX/cmex/m/n on input line 15.
LaTeX Font Info:    ... okay on input line 15.
LaTeX Font Info:    Checking defaults for U/cmr/m/n on input line 15.
LaTeX Font Info:    ... okay on input line 15.
LaTeX Info: Redefining \. on input line 15.
LaTeX Info: Redefining \% on input line 15.

("/Users/eliothmonroy/Library/Application Support/MiKTeX/texmfs/install/tex/con
text/base/supp-pdf.mkii"
[Loading MPS to PDF converter (version 2006.09.02).]
\scratchcounter=\count92
\scratchdimen=\dimen106
\scratchbox=\box29
\nofMPsegments=\count93
\nofMParguments=\count94
\everyMPshowfont=\toks20
\MPscratchCnt=\count95
\MPscratchDim=\dimen107
\MPnumerator=\count96
\makeMPintoPDFobject=\count97
\everyMPtoPDFconversion=\toks21
)
("/Users/eliothmonroy/Library/Application Support/MiKTeX/texmfs/install/tex/lat
ex/oberdiek/epstopdf-base.sty"
Package: epstopdf-base 2016/05/15 v2.6 Base part for package epstopdf

("/Users/eliothmonroy/Library/Application Support/MiKTeX/texmfs/install/tex/gen
eric/oberdiek/infwarerr.sty"
Package: infwarerr 2016/05/16 v1.4 Providing info/warning/error messages (HO)
)
("/Users/eliothmonroy/Library/Application Support/MiKTeX/texmfs/install/tex/lat
ex/oberdiek/grfext.sty"
Package: grfext 2016/05/16 v1.2 Manage graphics extensions (HO)

("/Users/eliothmonroy/Library/Application Support/MiKTeX/texmfs/install/tex/gen
eric/oberdiek/kvdefinekeys.sty"
Package: kvdefinekeys 2016/05/16 v1.4 Define keys (HO)

("/Users/eliothmonroy/Library/Application Support/MiKTeX/texmfs/install/tex/gen
eric/oberdiek/ltxcmds.sty"
Package: ltxcmds 2016/05/16 v1.23 LaTeX kernel commands for general use (HO)
)))
("/Users/eliothmonroy/Library/Application Support/MiKTeX/texmfs/install/tex/lat
ex/oberdiek/kvoptions.sty"
Package: kvoptions 2016/05/16 v3.12 Key value format for package options (HO)

("/Users/eliothmonroy/Library/Application Support/MiKTeX/texmfs/install/tex/gen
eric/oberdiek/kvsetkeys.sty"
Package: kvsetkeys 2016/05/16 v1.17 Key value parser (HO)

("/Users/eliothmonroy/Library/Application Support/MiKTeX/texmfs/install/tex/gen
eric/oberdiek/etexcmds.sty"
Package: etexcmds 2016/05/16 v1.6 Avoid name clashes with e-TeX commands (HO)

("/Users/eliothmonroy/Library/Application Support/MiKTeX/texmfs/install/tex/gen
eric/oberdiek/ifluatex.sty"
Package: ifluatex 2016/05/16 v1.4 Provides the ifluatex switch (HO)
Package ifluatex Info: LuaTeX not detected.
)
Package etexcmds Info: Could not find \expanded.
(etexcmds)             That can mean that you are not using pdfTeX 1.50 or
(etexcmds)             that some package has redefined \expanded.
(etexcmds)             In the latter case, load this package earlier.
)))
("/Users/eliothmonroy/Library/Application Support/MiKTeX/texmfs/install/tex/gen
eric/oberdiek/pdftexcmds.sty"
Package: pdftexcmds 2018/09/10 v0.29 Utility functions of pdfTeX for LuaTeX (HO
)

("/Users/eliothmonroy/Library/Application Support/MiKTeX/texmfs/install/tex/gen
eric/oberdiek/ifpdf.sty"
Package: ifpdf 2018/09/07 v3.3 Provides the ifpdf switch
)
Package pdftexcmds Info: LuaTeX not detected.
Package pdftexcmds Info: \pdf@primitive is available.
Package pdftexcmds Info: \pdf@ifprimitive is available.
Package pdftexcmds Info: \pdfdraftmode found.
)
Package epstopdf-base Info: Redefining graphics rule for `.eps' on input line 4
38.
Package grfext Info: Graphics extension search list:
(grfext)             [.pdf,.png,.jpg,.mps,.jpeg,.jbig2,.jb2,.PDF,.PNG,.JPG,.JPE
G,.JBIG2,.JB2,.eps]
(grfext)             \AppendGraphicsExtensions on input line 456.
)
LaTeX Font Info:    External font `cmex10' loaded for size
(Font)              <14.4> on input line 16.
LaTeX Font Info:    External font `cmex10' loaded for size
(Font)              <7> on input line 16.
 [1

{/Users/eliothmonroy/Library/Application Support/MiKTeX/texmfs/data/pdftex/conf
ig/pdftex.map}] (reporte.toc
LaTeX Info: Redefining \. on input line 1.
LaTeX Info: Redefining \% on input line 1.
LaTeX Font Info:    External font `cmex10' loaded for size
(Font)              <12> on input line 3.
LaTeX Font Info:    External font `cmex10' loaded for size
(Font)              <8> on input line 3.
LaTeX Font Info:    External font `cmex10' loaded for size
(Font)              <6> on input line 3.
)
\tf@toc=\write3
\openout3 = `reporte.toc'.

 [2] (desarrollo.tex [1]) [2] [3] (reporte.aux
LaTeX Info: Redefining \. on input line 6.
LaTeX Info: Redefining \% on input line 6.
) ) 
Here is how much of TeX's memory you used:
 2607 strings out of 492948
 39242 string characters out of 3117021
 111097 words of memory out of 3000000
 6475 multiletter control sequences out of 15000+200000
 8808 words of font info for 31 fonts, out of 3000000 for 9000
 1141 hyphenation exceptions out of 8191
 41i,7n,31p,1442b,359s stack positions out of 5000i,500n,10000p,200000b,50000s
</Users/eliothmonroy/Library/Application Support/MiKTeX/texmfs/install/fonts
/type1/public/amsfonts/cm/cmbx12.pfb></Users/eliothmonroy/Library/Application S
upport/MiKTeX/texmfs/install/fonts/type1/public/amsfonts/cm/cmr12.pfb></Users/e
liothmonroy/Library/Application Support/MiKTeX/texmfs/install/fonts/type1/publi
c/amsfonts/cm/cmr17.pfb>
Output written on reporte.pdf (5 pages, 49064 bytes).
PDF statistics:
 30 PDF objects out of 1000 (max. 8388607)
 0 named destinations out of 1000 (max. 500000)
 1 words of extra memory for PDF output out of 10000 (max. 10000000)

