
map -a "MachXO2" -p LCMXO2-7000HE -t TQFP144 -s 4 -oc Commercial   "compuertas00_compuertas00.ngd" -o "compuertas00_compuertas00_map.ncd" -pr "compuertas00_compuertas00.prf" -mp "compuertas00_compuertas00.mrp" -lpf "C:/Users/ELITH/Documents/GitHub/arqui3CM3/compuertas00/compuertas00/compuertas00_compuertas00_synplify.lpf" -lpf "C:/Users/ELITH/Documents/GitHub/arqui3CM3/compuertas00/compuertas00.lpf" -c 0            
map:  version Diamond (64-bit) 3.9.1.119

Copyright (c) 1991-1994 by NeoCAD Inc. All rights reserved.
Copyright (c) 1995 AT&T Corp.   All rights reserved.
Copyright (c) 1995-2001 Lucent Technologies Inc.  All rights reserved.
Copyright (c) 2001 Agere Systems   All rights reserved.
Copyright (c) 2002-2017 Lattice Semiconductor Corporation,  All rights reserved.
   Process the file: compuertas00_compuertas00.ngd
   Picdevice="LCMXO2-7000HE"

   Pictype="TQFP144"

   Picspeed=4

   Remove unused logic

   Do not produce over sized NCDs.

Part used: LCMXO2-7000HETQFP144, Performance used: 4.

Loading device for application map from file 'xo2c7000.nph' in environment: C:/lscc/diamond/3.9_x64/ispfpga.
Package Status:                     Final          Version 1.39.

Running general design DRC...

Removing unused logic...

Optimizing...




Design Summary:
   Number of registers:      8 out of  7209 (0%)
      PFU registers:            8 out of  6864 (0%)
      PIO registers:            0 out of   345 (0%)
   Number of SLICEs:        16 out of  3432 (0%)
      SLICEs as Logic/ROM:     16 out of  3432 (0%)
      SLICEs as RAM:            0 out of  2574 (0%)
      SLICEs as Carry:          0 out of  3432 (0%)
   Number of LUT4s:         17 out of  6864 (0%)
      Number used as logic LUTs:         17
      Number used as distributed RAM:     0
      Number used as ripple logic:        0
      Number used as shift registers:     0
   Number of PIO sites used: 27 + 4(JTAG) out of 115 (27%)
   Number of block RAMs:  0 out of 26 (0%)
   Number of GSRs:  0 out of 1 (0%)
   EFB used :       No
   JTAG used :      No
   Readback used :  No
   Oscillator used :  No
   Startup used :   No
   POR :            On
   Bandgap :        On
   Number of Power Controller:  0 out of 1 (0%)
   Number of Dynamic Bank Controller (BCINRD):  0 out of 6 (0%)
   Number of Dynamic Bank Controller (BCLVDSO):  0 out of 1 (0%)
   Number of DCCA:  0 out of 8 (0%)
   Number of DCMA:  0 out of 2 (0%)
   Number of PLLs:  0 out of 2 (0%)
   Number of DQSDLLs:  0 out of 2 (0%)
   Number of CLKDIVC:  0 out of 4 (0%)
   Number of ECLKSYNCA:  0 out of 4 (0%)
   Number of ECLKBRIDGECS:  0 out of 2 (0%)
   Notes:-
      1. Total number of LUT4s = (Number of logic LUT4s) + 2*(Number of distributed RAMs) + 2*(Number of ripple logic)
      2. Number of logic LUT4s does not include count of distributed RAM and ripple logic.
   Number of clocks:  1
     Net pcom.un1_selector_i: 8 loads, 8 rising, 0 falling (Driver: selector_pad_RNIQT3R[1] )
   Number of Clock Enables:  0
   Number of LSRs:  0
   Number of nets driven by tri-state buffers:  0
   Top 10 highest fanout non-clock nets:
     Net selector_c[0]: 17 loads
     Net selector_c[2]: 17 loads
     Net selector_c[1]: 9 loads
     Net A_c[7]: 2 loads
     Net B_c[2]: 2 loads
     Net B_c[3]: 2 loads
     Net B_c[4]: 2 loads
     Net B_c[5]: 2 loads
     Net B_c[6]: 2 loads
     Net B_c[7]: 2 loads
    <postMsg mid="1103737" type="Warning" dynamic="3" navigation="0" arg0="" arg1="LOCATE COMP &quot;SLICE_0&quot; SITE &quot;13&quot; ;&#xA;" arg2="LOCATE COMP &quot;Y[0]&quot; SITE &quot;13&quot; ;&#xA;"  />
    <postMsg mid="1103737" type="Warning" dynamic="3" navigation="0" arg0="" arg1="LOCATE COMP &quot;SLICE_1&quot; SITE &quot;14&quot; ;&#xA;" arg2="LOCATE COMP &quot;Y[1]&quot; SITE &quot;14&quot; ;&#xA;"  />
    <postMsg mid="1103737" type="Warning" dynamic="3" navigation="0" arg0="" arg1="LOCATE COMP &quot;SLICE_2&quot; SITE &quot;19&quot; ;&#xA;" arg2="LOCATE COMP &quot;Y[2]&quot; SITE &quot;19&quot; ;&#xA;"  />
    <postMsg mid="1103737" type="Warning" dynamic="3" navigation="0" arg0="" arg1="LOCATE COMP &quot;SLICE_3&quot; SITE &quot;20&quot; ;&#xA;" arg2="LOCATE COMP &quot;Y[3]&quot; SITE &quot;20&quot; ;&#xA;"  />
    <postMsg mid="1103737" type="Warning" dynamic="3" navigation="0" arg0="" arg1="LOCATE COMP &quot;SLICE_4&quot; SITE &quot;21&quot; ;&#xA;" arg2="LOCATE COMP &quot;Y[4]&quot; SITE &quot;21&quot; ;&#xA;"  />
    <postMsg mid="1103737" type="Warning" dynamic="3" navigation="0" arg0="" arg1="LOCATE COMP &quot;SLICE_5&quot; SITE &quot;22&quot; ;&#xA;" arg2="LOCATE COMP &quot;Y[5]&quot; SITE &quot;22&quot; ;&#xA;"  />
    <postMsg mid="1103737" type="Warning" dynamic="3" navigation="0" arg0="" arg1="LOCATE COMP &quot;SLICE_6&quot; SITE &quot;23&quot; ;&#xA;" arg2="LOCATE COMP &quot;Y[6]&quot; SITE &quot;23&quot; ;&#xA;"  />
    <postMsg mid="1103737" type="Warning" dynamic="3" navigation="0" arg0="" arg1="LOCATE COMP &quot;SLICE_7&quot; SITE &quot;24&quot; ;&#xA;" arg2="LOCATE COMP &quot;Y[7]&quot; SITE &quot;24&quot; ;&#xA;"  />
 

   Number of warnings:  8
   Number of errors:    0



Total CPU Time: 0 secs  
Total REAL Time: 0 secs  
Peak Memory Usage: 58 MB

Dumping design to file compuertas00_compuertas00_map.ncd.

mpartrce -p "compuertas00_compuertas00.p2t" -f "compuertas00_compuertas00.p3t" -tf "compuertas00_compuertas00.pt" "compuertas00_compuertas00_map.ncd" "compuertas00_compuertas00.ncd"

---- MParTrce Tool ----
Removing old design directory at request of -rem command line option to this program.
Running par. Please wait . . .

Lattice Place and Route Report for Design "compuertas00_compuertas00_map.ncd"
Tue Sep 12 22:47:34 2017

PAR: Place And Route Diamond (64-bit) 3.9.1.119.
Command Line: par -w -l 5 -i 6 -t 1 -c 0 -e 0 -gui -msgset C:/Users/ELITH/Documents/GitHub/arqui3CM3/compuertas00/promote.xml -exp parUseNBR=1:parCDP=0:parCDR=0:parPathBased=OFF compuertas00_compuertas00_map.ncd compuertas00_compuertas00.dir/5_1.ncd compuertas00_compuertas00.prf
Preference file: compuertas00_compuertas00.prf.
Placement level-cost: 5-1.
Routing Iterations: 6

Loading design for application par from file compuertas00_compuertas00_map.ncd.
Design name: compuertas00
NCD version: 3.3
Vendor:      LATTICE
Device:      LCMXO2-7000HE
Package:     TQFP144
Performance: 4
Loading device for application par from file 'xo2c7000.nph' in environment: C:/lscc/diamond/3.9_x64/ispfpga.
Package Status:                     Final          Version 1.39.
Performance Hardware Data Status:   Final          Version 34.4.
License checked out.


Ignore Preference Error(s):  True
Device utilization summary:

   PIO (prelim)   27+4(JTAG)/336     9% used
                  27+4(JTAG)/115     27% bonded

   SLICE             16/3432         <1% used



Number of Signals: 36
Number of Connections: 99

Pin Constraint Summary:
   27 out of 27 pins locked (100% locked).

No signal is selected as primary clock.


The following 1 signal is selected to use the secondary clock routing resources:
    pcom.un1_selector_i (driver: SLICE_7, clk load #: 8, sr load #: 0, ce load #: 0)

No signal is selected as Global Set/Reset.
Starting Placer Phase 0.

Finished Placer Phase 0.  REAL time: 2 secs 

Starting Placer Phase 1.
.....................
Placer score = 21369.
Finished Placer Phase 1.  REAL time: 3 secs 

Starting Placer Phase 2.
.
Placer score =  21063
Finished Placer Phase 2.  REAL time: 3 secs 


------------------ Clock Report ------------------

Global Clock Resources:
  CLK_PIN    : 0 out of 8 (0%)
  PLL        : 0 out of 2 (0%)
  DCM        : 0 out of 2 (0%)
  DCC        : 0 out of 8 (0%)

Quadrants All (TL, TR, BL, BR) - Global Clocks:
  SECONDARY "pcom.un1_selector_i" from F0 on comp "SLICE_7" on site "R21C18B", clk load = 8, ce load = 0, sr load = 0

  PRIMARY  : 0 out of 8 (0%)
  SECONDARY: 1 out of 8 (12%)

Edge Clocks:
  No edge clock selected.

--------------- End of Clock Report ---------------


I/O Usage Summary (final):
   27 + 4(JTAG) out of 336 (9.2%) PIO sites used.
   27 + 4(JTAG) out of 115 (27.0%) bonded PIO sites used.
   Number of PIO comps: 27; differential: 0.
   Number of Vref pins used: 0.

I/O Bank Usage Summary:
+----------+----------------+------------+-----------+
| I/O Bank | Usage          | Bank Vccio | Bank Vref |
+----------+----------------+------------+-----------+
| 0        | 0 / 28 (  0%)  | -          | -         |
| 1        | 0 / 29 (  0%)  | -          | -         |
| 2        | 19 / 29 ( 65%) | 2.5V       | -         |
| 3        | 0 / 9 (  0%)   | -          | -         |
| 4        | 8 / 10 ( 80%)  | 2.5V       | -         |
| 5        | 0 / 10 (  0%)  | -          | -         |
+----------+----------------+------------+-----------+

Total placer CPU time: 2 secs 

Dumping design to file compuertas00_compuertas00.dir/5_1.ncd.


-----------------------------------------------------------------
INFO - par: ASE feature is off due to non timing-driven settings.  
-----------------------------------------------------------------

0 connections routed; 99 unrouted.
Starting router resource preassignment

Completed router resource preassignment. Real time: 5 secs 

Start NBR router at 22:47:39 09/12/17

*****************************************************************
Info: NBR allows conflicts(one node used by more than one signal)
      in the earlier iterations. In each iteration, it tries to  
      solve the conflicts while keeping the critical connections 
      routed as short as possible. The routing process is said to
      be completed when no conflicts exist and all connections   
      are routed.                                                
Note: NBR uses a different method to calculate timing slacks. The
      worst slack and total negative slack may not be the same as
      that in TRCE report. You should always run TRCE to verify  
      your design.                                               
*****************************************************************

Start NBR special constraint process at 22:47:39 09/12/17

Start NBR section for initial routing at 22:47:39 09/12/17
Level 4, iteration 1
0(0.00%) conflict; 0(0.00%) untouched conn; 0 (nbr) score; real time: 5 secs 

Info: Initial congestion level at 75% usage is 0
Info: Initial congestion area  at 75% usage is 0 (0.00%)

Start NBR section for normal routing at 22:47:39 09/12/17
Level 4, iteration 1
0(0.00%) conflict; 0(0.00%) untouched conn; 0 (nbr) score; real time: 5 secs 

Start NBR section for re-routing at 22:47:39 09/12/17
Level 4, iteration 1
0(0.00%) conflict; 0(0.00%) untouched conn; 0 (nbr) score; real time: 5 secs 

Start NBR section for post-routing at 22:47:39 09/12/17

End NBR router with 0 unrouted connection

NBR Summary
-----------
  Number of unrouted connections : 0 (0.00%)
  Number of connections with timing violations : 0 (0.00%)
  Estimated worst slack<setup> : <n/a>
  Timing score<setup> : 0
-----------
Notes: The timing info is calculated for SETUP only and all PAR_ADJs are ignored.



Total CPU time 4 secs 
Total REAL time: 5 secs 
Completely routed.
End of route.  99 routed (100.00%); 0 unrouted.

Hold time timing score: 0, hold timing errors: 0

Timing score: 0 

Dumping design to file compuertas00_compuertas00.dir/5_1.ncd.


PAR_SUMMARY::Run status = completed
PAR_SUMMARY::Number of unrouted conns = 0
PAR_SUMMARY::Worst  slack<setup/<ns>> = <n/a>
PAR_SUMMARY::Timing score<setup/<ns>> = <n/a>
PAR_SUMMARY::Worst  slack<hold /<ns>> = <n/a>
PAR_SUMMARY::Timing score<hold /<ns>> = <n/a>
PAR_SUMMARY::Number of errors = 0

Total CPU  time to completion: 4 secs 
Total REAL time to completion: 6 secs 

par done!

Copyright (c) 1991-1994 by NeoCAD Inc. All rights reserved.
Copyright (c) 1995 AT&T Corp.   All rights reserved.
Copyright (c) 1995-2001 Lucent Technologies Inc.  All rights reserved.
Copyright (c) 2001 Agere Systems   All rights reserved.
Copyright (c) 2002-2017 Lattice Semiconductor Corporation,  All rights reserved.
Exiting par with exit code 0
Exiting mpartrce with exit code 0

bitgen -f "compuertas00_compuertas00.t2b" -w "compuertas00_compuertas00.ncd" -jedec "compuertas00_compuertas00.prf"


BITGEN: Bitstream Generator Diamond (64-bit) 3.9.1.119
Copyright (c) 1991-1994 by NeoCAD Inc. All rights reserved.
Copyright (c) 1995 AT&T Corp.   All rights reserved.
Copyright (c) 1995-2001 Lucent Technologies Inc.  All rights reserved.
Copyright (c) 2001 Agere Systems   All rights reserved.
Copyright (c) 2002-2017 Lattice Semiconductor Corporation,  All rights reserved.


Loading design for application Bitgen from file compuertas00_compuertas00.ncd.
Design name: compuertas00
NCD version: 3.3
Vendor:      LATTICE
Device:      LCMXO2-7000HE
Package:     TQFP144
Performance: 4
Loading device for application Bitgen from file 'xo2c7000.nph' in environment: C:/lscc/diamond/3.9_x64/ispfpga.
Package Status:                     Final          Version 1.39.
Performance Hardware Data Status:   Final          Version 34.4.

Running DRC.
DRC detected 0 errors and 0 warnings.
Reading Preference File from compuertas00_compuertas00.prf.

Preference Summary:
+---------------------------------+---------------------------------+
|  Preference                     |  Current Setting                |
+---------------------------------+---------------------------------+
|                         RamCfg  |                        Reset**  |
+---------------------------------+---------------------------------+
|                     MCCLK_FREQ  |                         2.08**  |
+---------------------------------+---------------------------------+
|                  CONFIG_SECURE  |                          OFF**  |
+---------------------------------+---------------------------------+
|                          INBUF  |                           ON**  |
+---------------------------------+---------------------------------+
|                      JTAG_PORT  |                       ENABLE**  |
+---------------------------------+---------------------------------+
|                       SDM_PORT  |                      DISABLE**  |
+---------------------------------+---------------------------------+
|                 SLAVE_SPI_PORT  |                      DISABLE**  |
+---------------------------------+---------------------------------+
|                MASTER_SPI_PORT  |                      DISABLE**  |
+---------------------------------+---------------------------------+
|                       I2C_PORT  |                      DISABLE**  |
+---------------------------------+---------------------------------+
|        MUX_CONFIGURATION_PORTS  |                      DISABLE**  |
+---------------------------------+---------------------------------+
|                  CONFIGURATION  |                          CFG**  |
+---------------------------------+---------------------------------+
|                COMPRESS_CONFIG  |                           ON**  |
+---------------------------------+---------------------------------+
|                        MY_ASSP  |                          OFF**  |
+---------------------------------+---------------------------------+
|               ONE_TIME_PROGRAM  |                          OFF**  |
+---------------------------------+---------------------------------+
|                 ENABLE_TRANSFR  |                      DISABLE**  |
+---------------------------------+---------------------------------+
|                  SHAREDEBRINIT  |                      DISABLE**  |
+---------------------------------+---------------------------------+
|            BACKGROUND_RECONFIG  |                          OFF**  |
+---------------------------------+---------------------------------+
 *  Default setting.
 ** The specified setting matches the default setting.


Creating bit map...
 
Bitstream Status: Final           Version 1.94.
 
Saving bit stream in "compuertas00_compuertas00.jed".
 
===========
UFM Summary.
===========
UFM Size:        2046 Pages (128*2046 Bits).
UFM Utilization: General Purpose Flash Memory.
 
Available General Purpose Flash Memory: 2046 Pages (Page 0 to Page 2045).
Initialized UFM Pages:                     0 Page.
 
