Running in Lattice mode


Starting:    C:\lscc\diamond\3.9_x64\synpbase\bin64\mbin\synbatch.exe
Install:     C:\lscc\diamond\3.9_x64\synpbase
Hostname:    ELIOTH
Date:        Mon Sep 18 21:30:53 2017
Version:     L-2016.09L-1

Arguments:   -product synplify_pro -batch shiftR00_shiftR00_synplify.tcl
ProductType: synplify_pro





Technology initialized from device list to: LATTICE-XP

log file: "C:\Users\ELITH\Documents\GitHub\arqui3CM3\shiftR00\shiftR00\shiftR00_shiftR00.srr"

Running: hdl_info_gen in foreground



Generating HDL info...


hdl_info_gen completed
# Mon Sep 18 21:30:53 2017

Return Code: 0
Run Time:00h:00m:00s

log file: "C:\Users\ELITH\Documents\GitHub\arqui3CM3\shiftR00\shiftR00\shiftR00_shiftR00.srr"

Running: shiftR00 in foreground



Running proj_1|shiftR00


Running: compile (Compile) on proj_1|shiftR00
# Mon Sep 18 21:30:53 2017


Running: compile_flow (Compile Process) on proj_1|shiftR00
# Mon Sep 18 21:30:53 2017


Running: compiler (Compile Input) on proj_1|shiftR00
# Mon Sep 18 21:30:53 2017

Copied C:\Users\ELITH\Documents\GitHub\arqui3CM3\shiftR00\shiftR00\synwork\shiftR00_shiftR00_comp.srs to C:\Users\ELITH\Documents\GitHub\arqui3CM3\shiftR00\shiftR00\shiftR00_shiftR00.srs


compiler completed
# Mon Sep 18 21:30:55 2017

Return Code: 0
Run Time:00h:00m:02s


Running: multi_srs_gen (Multi-srs Generator) on proj_1|shiftR00
# Mon Sep 18 21:30:55 2017


multi_srs_gen completed
# Mon Sep 18 21:30:56 2017

Return Code: 0
Run Time:00h:00m:01s

Copied C:\Users\ELITH\Documents\GitHub\arqui3CM3\shiftR00\shiftR00\synwork\shiftR00_shiftR00_mult.srs to C:\Users\ELITH\Documents\GitHub\arqui3CM3\shiftR00\shiftR00\shiftR00_shiftR00.srs

Copied C:\Users\ELITH\Documents\GitHub\arqui3CM3\shiftR00\shiftR00\shiftR00_shiftR00.srr to C:\Users\ELITH\Documents\GitHub\arqui3CM3\shiftR00\shiftR00\shiftR00_shiftR00.srf

Complete: Compile Process on proj_1|shiftR00


Running: premap (Pre-mapping) on proj_1|shiftR00
# Mon Sep 18 21:30:56 2017


premap completed with warnings
# Mon Sep 18 21:30:57 2017

Return Code: 1
Run Time:00h:00m:01s

Complete: Compile on proj_1|shiftR00


Running: map (Map) on proj_1|shiftR00
# Mon Sep 18 21:30:57 2017

License granted for 4 parallel jobs


Running: fpga_mapper (Map & Optimize) on proj_1|shiftR00
# Mon Sep 18 21:30:57 2017

Copied C:\Users\ELITH\Documents\GitHub\arqui3CM3\shiftR00\shiftR00\synwork\shiftR00_shiftR00_m.srm to C:\Users\ELITH\Documents\GitHub\arqui3CM3\shiftR00\shiftR00\shiftR00_shiftR00.srm


fpga_mapper completed with warnings
# Mon Sep 18 21:30:59 2017

Return Code: 1
Run Time:00h:00m:02s

Complete: Map on proj_1|shiftR00

Copied C:\Users\ELITH\Documents\GitHub\arqui3CM3\shiftR00\shiftR00\shiftR00_shiftR00.srr to C:\Users\ELITH\Documents\GitHub\arqui3CM3\shiftR00\shiftR00\shiftR00_shiftR00.srf

Complete: Logic Synthesis on proj_1|shiftR00

TCL script complete: "shiftR00_shiftR00_synplify.tcl"

exit status=0

exit status=0

Save changes for project:
C:\Users\ELITH\Documents\GitHub\arqui3CM3\shiftR00\shiftR00\proj_1.prj

batch mode default:no

