C:\lscc\diamond\3.9_x64\synpbase\bin64\c_hdl.exe  -osyn  C:\Users\ELITH\Documents\GitHub\arqui3CM3\generic01\generic01\synwork\generic01_generic01_comp.srs  -top  topgeneric01  -hdllog  C:\Users\ELITH\Documents\GitHub\arqui3CM3\generic01\generic01\synlog\generic01_generic01_compiler.srr  -encrypt  -mp  4  -verification_mode 0  -vhdl  -prodtype  synplify_pro  -dspmac -fixsmult -infer_seqShift -nram -sdff_counter -divnmod -nostructver  -encrypt  -pro  -dmgen  C:\Users\ELITH\Documents\GitHub\arqui3CM3\generic01\generic01\dm  -lite -ui -fid2 -ram -sharing on -ll 2000 -autosm  -ignore_undefined_lib  -lib work C:\lscc\diamond\3.9_x64\cae_library\synthesis\vhdl\machxo2.vhd -lib work C:\Users\ELITH\Documents\GitHub\arqui3CM3\generic01\generic01\source\andg00.vhdl -lib work C:\Users\ELITH\Documents\GitHub\arqui3CM3\generic01\generic01\source\xorg00.vhdl -lib work C:\Users\ELITH\Documents\GitHub\arqui3CM3\generic01\generic01\source\and00.vhdl -lib work C:\Users\ELITH\Documents\GitHub\arqui3CM3\generic01\generic01\source\or00.vhdl -lib work C:\Users\ELITH\Documents\GitHub\arqui3CM3\generic01\generic01\source\div00.vhdl -lib work C:\Users\ELITH\Documents\GitHub\arqui3CM3\generic01\generic01\source\osc00.vhdl -lib work C:\Users\ELITH\Documents\GitHub\arqui3CM3\generic01\generic01\source\packagediv00.vhdl -lib work C:\Users\ELITH\Documents\GitHub\arqui3CM3\generic01\generic01\source\packagefa00.vhdl -lib work C:\Users\ELITH\Documents\GitHub\arqui3CM3\generic01\generic01\source\packageha00.vhdl -lib work C:\Users\ELITH\Documents\GitHub\arqui3CM3\generic01\generic01\source\packagesumaresta00.vhdl -lib work C:\Users\ELITH\Documents\GitHub\arqui3CM3\generic01\generic01\source\xnor00.vhdl -lib work C:\Users\ELITH\Documents\GitHub\arqui3CM3\generic01\generic01\source\xor00.vhdl -lib work C:\Users\ELITH\Documents\GitHub\arqui3CM3\generic01\generic01\source\packagemult4bit00.vhdl -lib work C:\Users\ELITH\Documents\GitHub\arqui3CM3\generic01\org00.vhdl -lib work C:\Users\ELITH\Documents\GitHub\arqui3CM3\generic01\addg00.vhdl -lib work C:\Users\ELITH\Documents\GitHub\arqui3CM3\generic01\substg00.vhdl -lib work C:\Users\ELITH\Documents\GitHub\arqui3CM3\generic01\uc00.vhdl -lib work C:\Users\ELITH\Documents\GitHub\arqui3CM3\generic01\notg00.vhdl -lib work C:\Users\ELITH\Documents\GitHub\arqui3CM3\generic01\nandg00.vhdl -lib work C:\Users\ELITH\Documents\GitHub\arqui3CM3\generic01\norg00.vhdl -lib work C:\Users\ELITH\Documents\GitHub\arqui3CM3\generic01\xnorg00.vhdl -lib work C:\Users\ELITH\Documents\GitHub\arqui3CM3\generic01\multg00.vhdl -lib work C:\Users\ELITH\Documents\GitHub\arqui3CM3\generic01\packagegeneric01.vhdl -lib work C:\Users\ELITH\Documents\GitHub\arqui3CM3\generic01\generic01\source\topha00.vhdl -lib work C:\Users\ELITH\Documents\GitHub\arqui3CM3\generic01\generic01\source\fa00.vhdl -lib work C:\Users\ELITH\Documents\GitHub\arqui3CM3\generic01\generic01\source\ha00.vhdl -lib work C:\Users\ELITH\Documents\GitHub\arqui3CM3\generic01\generic01\source\toposcdiv00.vhdl -lib work C:\Users\ELITH\Documents\GitHub\arqui3CM3\generic01\generic01\source\topfa00.vhdl -lib work C:\Users\ELITH\Documents\GitHub\arqui3CM3\generic01\generic01\source\topfa8bits00.vhdl -lib work C:\Users\ELITH\Documents\GitHub\arqui3CM3\generic01\generic01\source\topmult8bits00.vhdl -lib work C:\Users\ELITH\Documents\GitHub\arqui3CM3\generic01\topgeneric01.vhdl 
rc:0 success:1 runtime:2
file:C:\Users\ELITH\Documents\GitHub\arqui3CM3\generic01\generic01\synwork\generic01_generic01_comp.srs|io:o|time:1513044704|size:52668|exec:0
file:C:\Users\ELITH\Documents\GitHub\arqui3CM3\generic01\generic01\synlog\generic01_generic01_compiler.srr|io:o|time:1513044704|size:16439|exec:0
file:C:\lscc\diamond\3.9_x64\cae_library\synthesis\vhdl\machxo2.vhd|io:i|time:1480973228|size:73964|exec:0
file:C:\Users\ELITH\Documents\GitHub\arqui3CM3\generic01\generic01\source\andg00.vhdl|io:i|time:1513044096|size:1023|exec:0
file:C:\Users\ELITH\Documents\GitHub\arqui3CM3\generic01\generic01\source\xorg00.vhdl|io:i|time:1513044611|size:1021|exec:0
file:C:\Users\ELITH\Documents\GitHub\arqui3CM3\generic01\generic01\source\and00.vhdl|io:i|time:1511396337|size:253|exec:0
file:C:\Users\ELITH\Documents\GitHub\arqui3CM3\generic01\generic01\source\or00.vhdl|io:i|time:1511396337|size:247|exec:0
file:C:\Users\ELITH\Documents\GitHub\arqui3CM3\generic01\generic01\source\div00.vhdl|io:i|time:1511396337|size:2056|exec:0
file:C:\Users\ELITH\Documents\GitHub\arqui3CM3\generic01\generic01\source\osc00.vhdl|io:i|time:1511396337|size:523|exec:0
file:C:\Users\ELITH\Documents\GitHub\arqui3CM3\generic01\generic01\source\packagediv00.vhdl|io:i|time:1511396337|size:400|exec:0
file:C:\Users\ELITH\Documents\GitHub\arqui3CM3\generic01\generic01\source\packagefa00.vhdl|io:i|time:1511396337|size:332|exec:0
file:C:\Users\ELITH\Documents\GitHub\arqui3CM3\generic01\generic01\source\packageha00.vhdl|io:i|time:1511396337|size:339|exec:0
file:C:\Users\ELITH\Documents\GitHub\arqui3CM3\generic01\generic01\source\packagesumaresta00.vhdl|io:i|time:1511396338|size:593|exec:0
file:C:\Users\ELITH\Documents\GitHub\arqui3CM3\generic01\generic01\source\xnor00.vhdl|io:i|time:1511396338|size:265|exec:0
file:C:\Users\ELITH\Documents\GitHub\arqui3CM3\generic01\generic01\source\xor00.vhdl|io:i|time:1511396338|size:253|exec:0
file:C:\Users\ELITH\Documents\GitHub\arqui3CM3\generic01\generic01\source\packagemult4bit00.vhdl|io:i|time:1511396337|size:384|exec:0
file:C:\Users\ELITH\Documents\GitHub\arqui3CM3\generic01\org00.vhdl|io:i|time:1513044330|size:975|exec:0
file:C:\Users\ELITH\Documents\GitHub\arqui3CM3\generic01\addg00.vhdl|io:i|time:1513044344|size:1135|exec:0
file:C:\Users\ELITH\Documents\GitHub\arqui3CM3\generic01\substg00.vhdl|io:i|time:1513044360|size:1145|exec:0
file:C:\Users\ELITH\Documents\GitHub\arqui3CM3\generic01\uc00.vhdl|io:i|time:1513041181|size:952|exec:0
file:C:\Users\ELITH\Documents\GitHub\arqui3CM3\generic01\notg00.vhdl|io:i|time:1513044407|size:967|exec:0
file:C:\Users\ELITH\Documents\GitHub\arqui3CM3\generic01\nandg00.vhdl|io:i|time:1513044447|size:1091|exec:0
file:C:\Users\ELITH\Documents\GitHub\arqui3CM3\generic01\norg00.vhdl|io:i|time:1513044483|size:1065|exec:0
file:C:\Users\ELITH\Documents\GitHub\arqui3CM3\generic01\xnorg00.vhdl|io:i|time:1513044521|size:1091|exec:0
file:C:\Users\ELITH\Documents\GitHub\arqui3CM3\generic01\multg00.vhdl|io:i|time:1513041065|size:940|exec:0
file:C:\Users\ELITH\Documents\GitHub\arqui3CM3\generic01\packagegeneric01.vhdl|io:i|time:1513044585|size:4313|exec:0
file:C:\Users\ELITH\Documents\GitHub\arqui3CM3\generic01\generic01\source\topha00.vhdl|io:i|time:1511396338|size:482|exec:0
file:C:\Users\ELITH\Documents\GitHub\arqui3CM3\generic01\generic01\source\fa00.vhdl|io:i|time:1513044692|size:657|exec:0
file:C:\Users\ELITH\Documents\GitHub\arqui3CM3\generic01\generic01\source\ha00.vhdl|io:i|time:1511396337|size:468|exec:0
file:C:\Users\ELITH\Documents\GitHub\arqui3CM3\generic01\generic01\source\toposcdiv00.vhdl|io:i|time:1511396338|size:498|exec:0
file:C:\Users\ELITH\Documents\GitHub\arqui3CM3\generic01\generic01\source\topfa00.vhdl|io:i|time:1511396338|size:590|exec:0
file:C:\Users\ELITH\Documents\GitHub\arqui3CM3\generic01\generic01\source\topfa8bits00.vhdl|io:i|time:1513044200|size:2477|exec:0
file:C:\Users\ELITH\Documents\GitHub\arqui3CM3\generic01\generic01\source\topmult8bits00.vhdl|io:i|time:1513038089|size:12304|exec:0
file:C:\Users\ELITH\Documents\GitHub\arqui3CM3\generic01\topgeneric01.vhdl|io:i|time:1513044273|size:3817|exec:0
file:C:\lscc\diamond\3.9_x64\synpbase\bin\c_hdl.exe|io:i|time:1489222768|size:1338368|exec:1
file:C:\lscc\diamond\3.9_x64\synpbase\bin64\c_hdl.exe|io:i|time:1489222974|size:1754112|exec:1
