\BOOKMARK [0][-]{chapter.1}{Introducci\363n}{}% 1
\BOOKMARK [1][-]{section.1.1}{FCAPS}{chapter.1}% 2
\BOOKMARK [1][-]{section.1.2}{L\355nea base}{chapter.1}% 3
\BOOKMARK [1][-]{section.1.3}{M\355nimos cuadrados}{chapter.1}% 4
\BOOKMARK [1][-]{section.1.4}{Holt Winters}{chapter.1}% 5
\BOOKMARK [0][-]{chapter.2}{Desarrollo y Resultados}{}% 6
\BOOKMARK [1][-]{section.2.1}{Examen 1.- Administraci\363n de fallas con m\355nimos cuadrados}{chapter.2}% 7
\BOOKMARK [2][-]{subsection.2.1.1}{Ejercicio 1: Definici\363n de umbrales}{section.2.1}% 8
\BOOKMARK [2][-]{subsection.2.1.2}{Ejercicio 2: M\355nimos Cuadrados}{section.2.1}% 9
\BOOKMARK [2][-]{subsection.2.1.3}{Ejercicio 3: Env\355o de Correos}{section.2.1}% 10
\BOOKMARK [2][-]{subsection.2.1.4}{Ejercicio 4: Lectura Completa}{section.2.1}% 11
\BOOKMARK [1][-]{section.2.2}{Examen 2.- Administraci\363n de fallas usando series de datos no lineales mediante Holt Winters}{chapter.2}% 12
\BOOKMARK [2][-]{subsection.2.2.1}{Evidencia 1}{section.2.2}% 13
\BOOKMARK [2][-]{subsection.2.2.2}{Evidencia 2}{section.2.2}% 14
\BOOKMARK [2][-]{subsection.2.2.3}{Evidencia 3}{section.2.2}% 15
\BOOKMARK [0][-]{chapter.3}{Cuestionario}{}% 16
\BOOKMARK [0][-]{chapter.4}{C\363digos}{}% 17
\BOOKMARK [1][-]{section.4.1}{Examen 1}{chapter.4}% 18
\BOOKMARK [1][-]{section.4.2}{Examen 2}{chapter.4}% 19
\BOOKMARK [0][-]{chapter.5}{Conclusiones}{}% 20
\BOOKMARK [0][-]{chapter.5}{Referencias Bibliogr\341ficas}{}% 21
