This is pdfTeX, Version 3.14159265-2.6-1.40.19 (MiKTeX 2.9.6730) (preloaded format=pdflatex 2019.4.9)  10 APR 2019 12:20
entering extended mode
**./main.tex
(main.tex
LaTeX2e <2018-12-01>

("/Users/eliothmonroy/Library/Application Support/MiKTeX/texmfs/install/tex/lat
ex/base/report.cls"
Document Class: report 2018/09/03 v1.4i Standard LaTeX document class

("/Users/eliothmonroy/Library/Application Support/MiKTeX/texmfs/install/tex/lat
ex/base/size12.clo"
File: size12.clo 2018/09/03 v1.4i Standard LaTeX file (size option)
)
\c@part=\count80
\c@chapter=\count81
\c@section=\count82
\c@subsection=\count83
\c@subsubsection=\count84
\c@paragraph=\count85
\c@subparagraph=\count86
\c@figure=\count87
\c@table=\count88
\abovecaptionskip=\skip41
\belowcaptionskip=\skip42
\bibindent=\dimen102
)
("/Users/eliothmonroy/Library/Application Support/MiKTeX/texmfs/install/tex/lat
ex/geometry/geometry.sty"
Package: geometry 2018/04/16 v5.8 Page Geometry

("/Users/eliothmonroy/Library/Application Support/MiKTeX/texmfs/install/tex/lat
ex/graphics/keyval.sty"
Package: keyval 2014/10/28 v1.15 key=value parser (DPC)
\KV@toks@=\toks14
)
("/Users/eliothmonroy/Library/Application Support/MiKTeX/texmfs/install/tex/gen
eric/oberdiek/ifpdf.sty"
Package: ifpdf 2018/09/07 v3.3 Provides the ifpdf switch
)
("/Users/eliothmonroy/Library/Application Support/MiKTeX/texmfs/install/tex/gen
eric/oberdiek/ifvtex.sty"
Package: ifvtex 2016/05/16 v1.6 Detect VTeX and its facilities (HO)
Package ifvtex Info: VTeX not detected.
)
("/Users/eliothmonroy/Library/Application Support/MiKTeX/texmfs/install/tex/gen
eric/ifxetex/ifxetex.sty"
Package: ifxetex 2010/09/12 v0.6 Provides ifxetex conditional
)
\Gm@cnth=\count89
\Gm@cntv=\count90
\c@Gm@tempcnt=\count91
\Gm@bindingoffset=\dimen103
\Gm@wd@mp=\dimen104
\Gm@odd@mp=\dimen105
\Gm@even@mp=\dimen106
\Gm@layoutwidth=\dimen107
\Gm@layoutheight=\dimen108
\Gm@layouthoffset=\dimen109
\Gm@layoutvoffset=\dimen110
\Gm@dimlist=\toks15

("/Users/eliothmonroy/Library/Application Support/MiKTeX/texmfs/install/tex/lat
ex/geometry/geometry.cfg"))
("/Users/eliothmonroy/Library/Application Support/MiKTeX/texmfs/install/tex/lat
ex/graphics/graphicx.sty"
Package: graphicx 2017/06/01 v1.1a Enhanced LaTeX Graphics (DPC,SPQR)

("/Users/eliothmonroy/Library/Application Support/MiKTeX/texmfs/install/tex/lat
ex/graphics/graphics.sty"
Package: graphics 2017/06/25 v1.2c Standard LaTeX Graphics (DPC,SPQR)

("/Users/eliothmonroy/Library/Application Support/MiKTeX/texmfs/install/tex/lat
ex/graphics/trig.sty"
Package: trig 2016/01/03 v1.10 sin cos tan (DPC)
)
("/Users/eliothmonroy/Library/Application Support/MiKTeX/texmfs/install/tex/lat
ex/graphics-cfg/graphics.cfg"
File: graphics.cfg 2016/06/04 v1.11 sample graphics configuration
)
Package graphics Info: Driver file: pdftex.def on input line 99.

("/Users/eliothmonroy/Library/Application Support/MiKTeX/texmfs/install/tex/lat
ex/graphics-def/pdftex.def"
File: pdftex.def 2018/01/08 v1.0l Graphics/color driver for pdftex
))
\Gin@req@height=\dimen111
\Gin@req@width=\dimen112
)
("/Users/eliothmonroy/Library/Application Support/MiKTeX/texmfs/install/tex/lat
ex/hyperref/hyperref.sty"
Package: hyperref 2018/11/30 v6.88e Hypertext links for LaTeX

("/Users/eliothmonroy/Library/Application Support/MiKTeX/texmfs/install/tex/gen
eric/oberdiek/hobsub-hyperref.sty"
Package: hobsub-hyperref 2016/05/16 v1.14 Bundle oberdiek, subset hyperref (HO)


("/Users/eliothmonroy/Library/Application Support/MiKTeX/texmfs/install/tex/gen
eric/oberdiek/hobsub-generic.sty"
Package: hobsub-generic 2016/05/16 v1.14 Bundle oberdiek, subset generic (HO)
Package: hobsub 2016/05/16 v1.14 Construct package bundles (HO)
Package: infwarerr 2016/05/16 v1.4 Providing info/warning/error messages (HO)
Package: ltxcmds 2016/05/16 v1.23 LaTeX kernel commands for general use (HO)
Package: ifluatex 2016/05/16 v1.4 Provides the ifluatex switch (HO)
Package ifluatex Info: LuaTeX not detected.
Package hobsub Info: Skipping package `ifvtex' (already loaded).
Package: intcalc 2016/05/16 v1.2 Expandable calculations with integers (HO)
Package hobsub Info: Skipping package `ifpdf' (already loaded).
Package: etexcmds 2016/05/16 v1.6 Avoid name clashes with e-TeX commands (HO)
Package etexcmds Info: Could not find \expanded.
(etexcmds)             That can mean that you are not using pdfTeX 1.50 or
(etexcmds)             that some package has redefined \expanded.
(etexcmds)             In the latter case, load this package earlier.
Package: kvsetkeys 2016/05/16 v1.17 Key value parser (HO)
Package: kvdefinekeys 2016/05/16 v1.4 Define keys (HO)
Package: pdftexcmds 2018/09/10 v0.29 Utility functions of pdfTeX for LuaTeX (HO
)
Package pdftexcmds Info: LuaTeX not detected.
Package pdftexcmds Info: \pdf@primitive is available.
Package pdftexcmds Info: \pdf@ifprimitive is available.
Package pdftexcmds Info: \pdfdraftmode found.
Package: pdfescape 2016/05/16 v1.14 Implements pdfTeX's escape features (HO)
Package: bigintcalc 2016/05/16 v1.4 Expandable calculations on big integers (HO
)
Package: bitset 2016/05/16 v1.2 Handle bit-vector datatype (HO)
Package: uniquecounter 2016/05/16 v1.3 Provide unlimited unique counter (HO)
)
Package hobsub Info: Skipping package `hobsub' (already loaded).
Package: letltxmacro 2016/05/16 v1.5 Let assignment for LaTeX macros (HO)
Package: hopatch 2016/05/16 v1.3 Wrapper for package hooks (HO)
Package: xcolor-patch 2016/05/16 xcolor patch
Package: atveryend 2016/05/16 v1.9 Hooks at the very end of document (HO)
Package atveryend Info: \enddocument detected (standard20110627).
Package: atbegshi 2016/06/09 v1.18 At begin shipout hook (HO)
Package: refcount 2016/05/16 v3.5 Data extraction from label references (HO)
Package: hycolor 2016/05/16 v1.8 Color options for hyperref/bookmark (HO)
)
("/Users/eliothmonroy/Library/Application Support/MiKTeX/texmfs/install/tex/lat
ex/oberdiek/auxhook.sty"
Package: auxhook 2016/05/16 v1.4 Hooks for auxiliary files (HO)
)
("/Users/eliothmonroy/Library/Application Support/MiKTeX/texmfs/install/tex/lat
ex/oberdiek/kvoptions.sty"
Package: kvoptions 2016/05/16 v3.12 Key value format for package options (HO)
)
\@linkdim=\dimen113
\Hy@linkcounter=\count92
\Hy@pagecounter=\count93

("/Users/eliothmonroy/Library/Application Support/MiKTeX/texmfs/install/tex/lat
ex/hyperref/pd1enc.def"
File: pd1enc.def 2018/11/30 v6.88e Hyperref: PDFDocEncoding definition (HO)
Now handling font encoding PD1 ...
... no UTF-8 mapping file for font encoding PD1
)
\Hy@SavedSpaceFactor=\count94

("/Users/eliothmonroy/Library/Application Support/MiKTeX/texmfs/install/tex/lat
ex/00miktex/hyperref.cfg"
File: hyperref.cfg 2002/06/06 v1.2 hyperref configuration of TeXLive
)
Package hyperref Info: Option `bookmarks' set `true' on input line 4393.
Package hyperref Info: Option `colorlinks' set `false' on input line 4393.
Package hyperref Info: Hyper figures OFF on input line 4519.
Package hyperref Info: Link nesting OFF on input line 4524.
Package hyperref Info: Hyper index ON on input line 4527.
Package hyperref Info: Plain pages OFF on input line 4534.
Package hyperref Info: Backreferencing OFF on input line 4539.
Package hyperref Info: Implicit mode ON; LaTeX internals redefined.
Package hyperref Info: Bookmarks ON on input line 4772.
\c@Hy@tempcnt=\count95

("/Users/eliothmonroy/Library/Application Support/MiKTeX/texmfs/install/tex/lat
ex/url/url.sty"
\Urlmuskip=\muskip10
Package: url 2013/09/16  ver 3.4  Verb mode for urls, etc.
)
LaTeX Info: Redefining \url on input line 5125.
\XeTeXLinkMargin=\dimen114
\Fld@menulength=\count96
\Field@Width=\dimen115
\Fld@charsize=\dimen116
Package hyperref Info: Hyper figures OFF on input line 6380.
Package hyperref Info: Link nesting OFF on input line 6385.
Package hyperref Info: Hyper index ON on input line 6388.
Package hyperref Info: backreferencing OFF on input line 6395.
Package hyperref Info: Link coloring OFF on input line 6400.
Package hyperref Info: Link coloring with OCG OFF on input line 6405.
Package hyperref Info: PDF/A mode OFF on input line 6410.
LaTeX Info: Redefining \ref on input line 6450.
LaTeX Info: Redefining \pageref on input line 6454.
\Hy@abspage=\count97
\c@Item=\count98
\c@Hfootnote=\count99
)
Package hyperref Info: Driver (autodetected): hpdftex.

("/Users/eliothmonroy/Library/Application Support/MiKTeX/texmfs/install/tex/lat
ex/hyperref/hpdftex.def"
File: hpdftex.def 2018/11/30 v6.88e Hyperref driver for pdfTeX
\Fld@listcount=\count100
\c@bookmark@seq@number=\count101

("/Users/eliothmonroy/Library/Application Support/MiKTeX/texmfs/install/tex/lat
ex/oberdiek/rerunfilecheck.sty"
Package: rerunfilecheck 2016/05/16 v1.8 Rerun checks for auxiliary files (HO)
Package uniquecounter Info: New unique counter `rerunfilecheck' on input line 2
82.
)
\Hy@SectionHShift=\skip43
)
("/Users/eliothmonroy/Library/Application Support/MiKTeX/texmfs/install/tex/lat
ex/tools/verbatim.sty"
Package: verbatim 2014/10/28 v1.5q LaTeX2e package for verbatim enhancements
\every@verbatim=\toks16
\verbatim@line=\toks17
\verbatim@in@stream=\read1
)
("/Users/eliothmonroy/Library/Application Support/MiKTeX/texmfs/install/tex/lat
ex/pdfpages/pdfpages.sty"
Package: pdfpages 2017/10/31 v0.5l Insert pages of external PDF documents (AM)

("/Users/eliothmonroy/Library/Application Support/MiKTeX/texmfs/install/tex/lat
ex/base/ifthen.sty"
Package: ifthen 2014/09/29 v1.1c Standard LaTeX ifthen package (DPC)
)
("/Users/eliothmonroy/Library/Application Support/MiKTeX/texmfs/install/tex/lat
ex/tools/calc.sty"
Package: calc 2017/05/25 v4.3 Infix arithmetic (KKT,FJ)
\calc@Acount=\count102
\calc@Bcount=\count103
\calc@Adimen=\dimen117
\calc@Bdimen=\dimen118
\calc@Askip=\skip44
\calc@Bskip=\skip45
LaTeX Info: Redefining \setlength on input line 80.
LaTeX Info: Redefining \addtolength on input line 81.
\calc@Ccount=\count104
\calc@Cskip=\skip46
)
("/Users/eliothmonroy/Library/Application Support/MiKTeX/texmfs/install/tex/lat
ex/eso-pic/eso-pic.sty"
Package: eso-pic 2018/04/12 v2.0h eso-pic (RN)

("/Users/eliothmonroy/Library/Application Support/MiKTeX/texmfs/install/tex/lat
ex/xcolor/xcolor.sty"
Package: xcolor 2016/05/11 v2.12 LaTeX color extensions (UK)

("/Users/eliothmonroy/Library/Application Support/MiKTeX/texmfs/install/tex/lat
ex/graphics-cfg/color.cfg"
File: color.cfg 2016/01/02 v1.6 sample color configuration
)
Package xcolor Info: Driver file: pdftex.def on input line 225.
Package xcolor Info: Model `cmy' substituted by `cmy0' on input line 1348.
Package xcolor Info: Model `hsb' substituted by `rgb' on input line 1352.
Package xcolor Info: Model `RGB' extended on input line 1364.
Package xcolor Info: Model `HTML' substituted by `rgb' on input line 1366.
Package xcolor Info: Model `Hsb' substituted by `hsb' on input line 1367.
Package xcolor Info: Model `tHsb' substituted by `hsb' on input line 1368.
Package xcolor Info: Model `HSB' substituted by `hsb' on input line 1369.
Package xcolor Info: Model `Gray' substituted by `gray' on input line 1370.
Package xcolor Info: Model `wave' substituted by `hsb' on input line 1371.
))
\AM@pagewidth=\dimen119
\AM@pageheight=\dimen120

("/Users/eliothmonroy/Library/Application Support/MiKTeX/texmfs/install/tex/lat
ex/pdfpages/pppdftex.def"
File: pppdftex.def 2017/10/31 v0.5l Pdfpages driver for pdfTeX (AM)
)
\AM@pagebox=\box27
\AM@global@opts=\toks18
\AM@toc@title=\toks19
\c@AM@survey=\count105
\AM@templatesizebox=\box28
)
("/Users/eliothmonroy/Library/Application Support/MiKTeX/texmfs/install/tex/lat
ex/float/float.sty"
Package: float 2001/11/08 v1.3d Float enhancements (AL)
\c@float@type=\count106
\float@exts=\toks20
\float@box=\box29
\@float@everytoks=\toks21
\@floatcapt=\box30
)
("/Users/eliothmonroy/Library/Application Support/MiKTeX/texmfs/install/tex/lat
ex/pslatex/pslatex.sty"
Package: pslatex 1996/07/24 v1.2 pslatex emulation (DPC)
LaTeX Font Info:    Redeclaring symbol font `operators' on input line 65.
LaTeX Font Info:    Overwriting symbol font `operators' in version `normal'
(Font)                  OT1/cmr/m/n --> OT1/ptmcm/m/n on input line 65.
LaTeX Font Info:    Overwriting symbol font `operators' in version `bold'
(Font)                  OT1/cmr/bx/n --> OT1/ptmcm/m/n on input line 65.
LaTeX Font Info:    Redeclaring symbol font `letters' on input line 66.
LaTeX Font Info:    Overwriting symbol font `letters' in version `normal'
(Font)                  OML/cmm/m/it --> OML/ptmcm/m/it on input line 66.
LaTeX Font Info:    Overwriting symbol font `letters' in version `bold'
(Font)                  OML/cmm/b/it --> OML/ptmcm/m/it on input line 66.
LaTeX Font Info:    Redeclaring symbol font `symbols' on input line 67.
LaTeX Font Info:    Overwriting symbol font `symbols' in version `normal'
(Font)                  OMS/cmsy/m/n --> OMS/pzccm/m/n on input line 67.
LaTeX Font Info:    Overwriting symbol font `symbols' in version `bold'
(Font)                  OMS/cmsy/b/n --> OMS/pzccm/m/n on input line 67.
LaTeX Font Info:    Redeclaring symbol font `largesymbols' on input line 68.
LaTeX Font Info:    Overwriting symbol font `largesymbols' in version `normal'
(Font)                  OMX/cmex/m/n --> OMX/psycm/m/n on input line 68.
LaTeX Font Info:    Overwriting symbol font `largesymbols' in version `bold'
(Font)                  OMX/cmex/m/n --> OMX/psycm/m/n on input line 68.
\symbold=\mathgroup4
\symitalic=\mathgroup5
LaTeX Font Info:    Redeclaring math alphabet \mathbf on input line 74.
LaTeX Font Info:    Overwriting math alphabet `\mathbf' in version `normal'
(Font)                  OT1/cmr/bx/n --> OT1/ptm/bx/n on input line 74.
LaTeX Font Info:    Overwriting math alphabet `\mathbf' in version `bold'
(Font)                  OT1/cmr/bx/n --> OT1/ptm/bx/n on input line 74.
LaTeX Font Info:    Redeclaring math alphabet \mathit on input line 75.
LaTeX Font Info:    Overwriting math alphabet `\mathit' in version `normal'
(Font)                  OT1/cmr/m/it --> OT1/ptm/m/it on input line 75.
LaTeX Font Info:    Overwriting math alphabet `\mathit' in version `bold'
(Font)                  OT1/cmr/bx/it --> OT1/ptm/m/it on input line 75.
)
("/Users/eliothmonroy/Library/Application Support/MiKTeX/texmfs/install/tex/lat
ex/tools/array.sty"
Package: array 2018/12/30 v2.4k Tabular extension package (FMi)
\col@sep=\dimen121
\ar@mcellbox=\box31
\extrarowheight=\dimen122
\NC@list=\toks22
\extratabsurround=\skip47
\backup@length=\skip48
\ar@cellbox=\box32
)
("/Users/eliothmonroy/Library/Application Support/MiKTeX/texmfs/install/tex/lat
ex/setspace/setspace.sty"
Package: setspace 2011/12/19 v6.7a set line spacing
)
("/Users/eliothmonroy/Library/Application Support/MiKTeX/texmfs/install/tex/lat
ex/tools/enumerate.sty"
Package: enumerate 2015/07/23 v3.00 enumerate extensions (DPC)
\@enLab=\toks23
)
("/Users/eliothmonroy/Library/Application Support/MiKTeX/texmfs/install/tex/lat
ex/tools/longtable.sty"
Package: longtable 2014/10/28 v4.11 Multi-page Table package (DPC)+ FMi change
\LTleft=\skip49
\LTright=\skip50
\LTpre=\skip51
\LTpost=\skip52
\LTchunksize=\count107
\LTcapwidth=\dimen123
\LT@head=\box33
\LT@firsthead=\box34
\LT@foot=\box35
\LT@lastfoot=\box36
\LT@cols=\count108
\LT@rows=\count109
\c@LT@tables=\count110
\c@LT@chunks=\count111
\LT@p@ftn=\toks24
)
("/Users/eliothmonroy/Library/Application Support/MiKTeX/texmfs/install/tex/lat
ex/oberdiek/listingsutf8.sty"
Package: listingsutf8 2016/05/16 v1.3 Allow UTF-8 in listings input (HO)

("/Users/eliothmonroy/Library/Application Support/MiKTeX/texmfs/install/tex/lat
ex/listings/listings.sty"
\lst@mode=\count112
\lst@gtempboxa=\box37
\lst@token=\toks25
\lst@length=\count113
\lst@currlwidth=\dimen124
\lst@column=\count114
\lst@pos=\count115
\lst@lostspace=\dimen125
\lst@width=\dimen126
\lst@newlines=\count116
\lst@lineno=\count117
\lst@maxwidth=\dimen127

("/Users/eliothmonroy/Library/Application Support/MiKTeX/texmfs/install/tex/lat
ex/listings/lstmisc.sty"
File: lstmisc.sty 2019/02/27 1.8b (Carsten Heinz)
\c@lstnumber=\count118
\lst@skipnumbers=\count119
\lst@framebox=\box38
)
("/Users/eliothmonroy/Library/Application Support/MiKTeX/texmfs/install/tex/lat
ex/listings/listings.cfg"
File: listings.cfg 2019/02/27 1.8b listings configuration
))
Package: listings 2019/02/27 1.8b (Carsten Heinz)

("/Users/eliothmonroy/Library/Application Support/MiKTeX/texmfs/install/tex/gen
eric/oberdiek/stringenc.sty"
Package: stringenc 2016/05/16 v1.11 Convert strings between diff. encodings (HO
)
))
("/Users/eliothmonroy/Library/Application Support/MiKTeX/texmfs/install/tex/lat
ex/caption/caption.sty"
Package: caption 2018/10/06 v3.3-154 Customizing captions (AR)

("/Users/eliothmonroy/Library/Application Support/MiKTeX/texmfs/install/tex/lat
ex/caption/caption3.sty"
Package: caption3 2018/09/12 v1.8c caption3 kernel (AR)
Package caption3 Info: TeX engine: e-TeX on input line 64.
\captionmargin=\dimen128
\captionmargin@=\dimen129
\captionwidth=\dimen130
\caption@tempdima=\dimen131
\caption@indent=\dimen132
\caption@parindent=\dimen133
\caption@hangindent=\dimen134
)
\c@caption@flags=\count120
\c@ContinuedFloat=\count121
Package caption Info: float package is loaded.
Package caption Info: hyperref package is loaded.
Package caption Info: listings package is loaded.
Package caption Info: longtable package is loaded.

("/Users/eliothmonroy/Library/Application Support/MiKTeX/texmfs/install/tex/lat
ex/caption/ltcaption.sty"
Package: ltcaption 2018/08/26 v1.4-95 longtable captions (AR)
))
("/Users/eliothmonroy/Library/Application Support/MiKTeX/texmfs/install/tex/lat
ex/fancyhdr/fancyhdr.sty"
Package: fancyhdr 2019/01/31 v3.10 Extensive control of page headers and footer
s
\f@nch@headwidth=\skip53
\f@nch@O@elh=\skip54
\f@nch@O@erh=\skip55
\f@nch@O@olh=\skip56
\f@nch@O@orh=\skip57
\f@nch@O@elf=\skip58
\f@nch@O@erf=\skip59
\f@nch@O@olf=\skip60
\f@nch@O@orf=\skip61
)

Package Fancyhdr Warning: \fancyfoot's `E' option without twoside option is use
less on input line 59.


Package Fancyhdr Warning: \fancyfoot's `E' option without twoside option is use
less on input line 61.


("/Users/eliothmonroy/Library/Application Support/MiKTeX/texmfs/install/tex/lat
ex/pgf/basiclayer/pgf.sty"
("/Users/eliothmonroy/Library/Application Support/MiKTeX/texmfs/install/tex/lat
ex/pgf/utilities/pgfrcs.sty"
("/Users/eliothmonroy/Library/Application Support/MiKTeX/texmfs/install/tex/gen
eric/pgf/utilities/pgfutil-common.tex"
\pgfutil@everybye=\toks26
\pgfutil@tempdima=\dimen135
\pgfutil@tempdimb=\dimen136

("/Users/eliothmonroy/Library/Application Support/MiKTeX/texmfs/install/tex/gen
eric/pgf/utilities/pgfutil-common-lists.tex"))
("/Users/eliothmonroy/Library/Application Support/MiKTeX/texmfs/install/tex/gen
eric/pgf/utilities/pgfutil-latex.def"
\pgfutil@abb=\box39

("/Users/eliothmonroy/Library/Application Support/MiKTeX/texmfs/install/tex/lat
ex/ms/everyshi.sty"
Package: everyshi 2001/05/15 v3.00 EveryShipout Package (MS)
))
("/Users/eliothmonroy/Library/Application Support/MiKTeX/texmfs/install/tex/gen
eric/pgf/utilities/pgfrcs.code.tex"
("/Users/eliothmonroy/Library/Application Support/MiKTeX/texmfs/install/tex/gen
eric/pgf/pgf.revision.tex")
Package: pgfrcs 2019/04/04 v3.1.2 (3.1.2)
))
Package: pgf 2019/04/04 v3.1.2 (3.1.2)

("/Users/eliothmonroy/Library/Application Support/MiKTeX/texmfs/install/tex/lat
ex/pgf/basiclayer/pgfcore.sty"
("/Users/eliothmonroy/Library/Application Support/MiKTeX/texmfs/install/tex/lat
ex/pgf/systemlayer/pgfsys.sty"
("/Users/eliothmonroy/Library/Application Support/MiKTeX/texmfs/install/tex/gen
eric/pgf/systemlayer/pgfsys.code.tex"
Package: pgfsys 2019/04/04 v3.1.2 (3.1.2)

("/Users/eliothmonroy/Library/Application Support/MiKTeX/texmfs/install/tex/gen
eric/pgf/utilities/pgfkeys.code.tex"
\pgfkeys@pathtoks=\toks27
\pgfkeys@temptoks=\toks28

("/Users/eliothmonroy/Library/Application Support/MiKTeX/texmfs/install/tex/gen
eric/pgf/utilities/pgfkeysfiltered.code.tex"
\pgfkeys@tmptoks=\toks29
))
\pgf@x=\dimen137
\pgf@y=\dimen138
\pgf@xa=\dimen139
\pgf@ya=\dimen140
\pgf@xb=\dimen141
\pgf@yb=\dimen142
\pgf@xc=\dimen143
\pgf@yc=\dimen144
\w@pgf@writea=\write3
\r@pgf@reada=\read2
\c@pgf@counta=\count122
\c@pgf@countb=\count123
\c@pgf@countc=\count124
\c@pgf@countd=\count125
\t@pgf@toka=\toks30
\t@pgf@tokb=\toks31
\t@pgf@tokc=\toks32
\pgf@sys@id@count=\count126

("/Users/eliothmonroy/Library/Application Support/MiKTeX/texmfs/install/tex/gen
eric/pgf/systemlayer/pgf.cfg"
File: pgf.cfg 2019/04/04 v3.1.2 (3.1.2)
)
Driver file for pgf: pgfsys-pdftex.def

("/Users/eliothmonroy/Library/Application Support/MiKTeX/texmfs/install/tex/gen
eric/pgf/systemlayer/pgfsys-pdftex.def"
File: pgfsys-pdftex.def 2019/04/04 v3.1.2 (3.1.2)

("/Users/eliothmonroy/Library/Application Support/MiKTeX/texmfs/install/tex/gen
eric/pgf/systemlayer/pgfsys-common-pdf.def"
File: pgfsys-common-pdf.def 2019/04/04 v3.1.2 (3.1.2)
)))
("/Users/eliothmonroy/Library/Application Support/MiKTeX/texmfs/install/tex/gen
eric/pgf/systemlayer/pgfsyssoftpath.code.tex"
File: pgfsyssoftpath.code.tex 2019/04/04 v3.1.2 (3.1.2)
\pgfsyssoftpath@smallbuffer@items=\count127
\pgfsyssoftpath@bigbuffer@items=\count128
)
("/Users/eliothmonroy/Library/Application Support/MiKTeX/texmfs/install/tex/gen
eric/pgf/systemlayer/pgfsysprotocol.code.tex"
File: pgfsysprotocol.code.tex 2019/04/04 v3.1.2 (3.1.2)
))
("/Users/eliothmonroy/Library/Application Support/MiKTeX/texmfs/install/tex/gen
eric/pgf/basiclayer/pgfcore.code.tex"
Package: pgfcore 2019/04/04 v3.1.2 (3.1.2)

("/Users/eliothmonroy/Library/Application Support/MiKTeX/texmfs/install/tex/gen
eric/pgf/math/pgfmath.code.tex"
("/Users/eliothmonroy/Library/Application Support/MiKTeX/texmfs/install/tex/gen
eric/pgf/math/pgfmathcalc.code.tex"
("/Users/eliothmonroy/Library/Application Support/MiKTeX/texmfs/install/tex/gen
eric/pgf/math/pgfmathutil.code.tex")
("/Users/eliothmonroy/Library/Application Support/MiKTeX/texmfs/install/tex/gen
eric/pgf/math/pgfmathparser.code.tex"
\pgfmath@dimen=\dimen145
\pgfmath@count=\count129
\pgfmath@box=\box40
\pgfmath@toks=\toks33
\pgfmath@stack@operand=\toks34
\pgfmath@stack@operation=\toks35
)
("/Users/eliothmonroy/Library/Application Support/MiKTeX/texmfs/install/tex/gen
eric/pgf/math/pgfmathfunctions.code.tex"
("/Users/eliothmonroy/Library/Application Support/MiKTeX/texmfs/install/tex/gen
eric/pgf/math/pgfmathfunctions.basic.code.tex")
("/Users/eliothmonroy/Library/Application Support/MiKTeX/texmfs/install/tex/gen
eric/pgf/math/pgfmathfunctions.trigonometric.code.tex")
("/Users/eliothmonroy/Library/Application Support/MiKTeX/texmfs/install/tex/gen
eric/pgf/math/pgfmathfunctions.random.code.tex")
("/Users/eliothmonroy/Library/Application Support/MiKTeX/texmfs/install/tex/gen
eric/pgf/math/pgfmathfunctions.comparison.code.tex")
("/Users/eliothmonroy/Library/Application Support/MiKTeX/texmfs/install/tex/gen
eric/pgf/math/pgfmathfunctions.base.code.tex")
("/Users/eliothmonroy/Library/Application Support/MiKTeX/texmfs/install/tex/gen
eric/pgf/math/pgfmathfunctions.round.code.tex")
("/Users/eliothmonroy/Library/Application Support/MiKTeX/texmfs/install/tex/gen
eric/pgf/math/pgfmathfunctions.misc.code.tex")
("/Users/eliothmonroy/Library/Application Support/MiKTeX/texmfs/install/tex/gen
eric/pgf/math/pgfmathfunctions.integerarithmetics.code.tex")))
("/Users/eliothmonroy/Library/Application Support/MiKTeX/texmfs/install/tex/gen
eric/pgf/math/pgfmathfloat.code.tex"
\c@pgfmathroundto@lastzeros=\count130
))
("/Users/eliothmonroy/Library/Application Support/MiKTeX/texmfs/install/tex/gen
eric/pgf/basiclayer/pgfcorepoints.code.tex"
File: pgfcorepoints.code.tex 2019/04/04 v3.1.2 (3.1.2)
\pgf@picminx=\dimen146
\pgf@picmaxx=\dimen147
\pgf@picminy=\dimen148
\pgf@picmaxy=\dimen149
\pgf@pathminx=\dimen150
\pgf@pathmaxx=\dimen151
\pgf@pathminy=\dimen152
\pgf@pathmaxy=\dimen153
\pgf@xx=\dimen154
\pgf@xy=\dimen155
\pgf@yx=\dimen156
\pgf@yy=\dimen157
\pgf@zx=\dimen158
\pgf@zy=\dimen159
)
("/Users/eliothmonroy/Library/Application Support/MiKTeX/texmfs/install/tex/gen
eric/pgf/basiclayer/pgfcorepathconstruct.code.tex"
File: pgfcorepathconstruct.code.tex 2019/04/04 v3.1.2 (3.1.2)
\pgf@path@lastx=\dimen160
\pgf@path@lasty=\dimen161
)
("/Users/eliothmonroy/Library/Application Support/MiKTeX/texmfs/install/tex/gen
eric/pgf/basiclayer/pgfcorepathusage.code.tex"
File: pgfcorepathusage.code.tex 2019/04/04 v3.1.2 (3.1.2)
\pgf@shorten@end@additional=\dimen162
\pgf@shorten@start@additional=\dimen163
)
("/Users/eliothmonroy/Library/Application Support/MiKTeX/texmfs/install/tex/gen
eric/pgf/basiclayer/pgfcorescopes.code.tex"
File: pgfcorescopes.code.tex 2019/04/04 v3.1.2 (3.1.2)
\pgfpic=\box41
\pgf@hbox=\box42
\pgf@layerbox@main=\box43
\pgf@picture@serial@count=\count131
)
("/Users/eliothmonroy/Library/Application Support/MiKTeX/texmfs/install/tex/gen
eric/pgf/basiclayer/pgfcoregraphicstate.code.tex"
File: pgfcoregraphicstate.code.tex 2019/04/04 v3.1.2 (3.1.2)
\pgflinewidth=\dimen164
)
("/Users/eliothmonroy/Library/Application Support/MiKTeX/texmfs/install/tex/gen
eric/pgf/basiclayer/pgfcoretransformations.code.tex"
File: pgfcoretransformations.code.tex 2019/04/04 v3.1.2 (3.1.2)
\pgf@pt@x=\dimen165
\pgf@pt@y=\dimen166
\pgf@pt@temp=\dimen167
)
("/Users/eliothmonroy/Library/Application Support/MiKTeX/texmfs/install/tex/gen
eric/pgf/basiclayer/pgfcorequick.code.tex"
File: pgfcorequick.code.tex 2019/04/04 v3.1.2 (3.1.2)
)
("/Users/eliothmonroy/Library/Application Support/MiKTeX/texmfs/install/tex/gen
eric/pgf/basiclayer/pgfcoreobjects.code.tex"
File: pgfcoreobjects.code.tex 2019/04/04 v3.1.2 (3.1.2)
)
("/Users/eliothmonroy/Library/Application Support/MiKTeX/texmfs/install/tex/gen
eric/pgf/basiclayer/pgfcorepathprocessing.code.tex"
File: pgfcorepathprocessing.code.tex 2019/04/04 v3.1.2 (3.1.2)
)
("/Users/eliothmonroy/Library/Application Support/MiKTeX/texmfs/install/tex/gen
eric/pgf/basiclayer/pgfcorearrows.code.tex"
File: pgfcorearrows.code.tex 2019/04/04 v3.1.2 (3.1.2)
\pgfarrowsep=\dimen168
)
("/Users/eliothmonroy/Library/Application Support/MiKTeX/texmfs/install/tex/gen
eric/pgf/basiclayer/pgfcoreshade.code.tex"
File: pgfcoreshade.code.tex 2019/04/04 v3.1.2 (3.1.2)
\pgf@max=\dimen169
\pgf@sys@shading@range@num=\count132
\pgf@shadingcount=\count133
)
("/Users/eliothmonroy/Library/Application Support/MiKTeX/texmfs/install/tex/gen
eric/pgf/basiclayer/pgfcoreimage.code.tex"
File: pgfcoreimage.code.tex 2019/04/04 v3.1.2 (3.1.2)

("/Users/eliothmonroy/Library/Application Support/MiKTeX/texmfs/install/tex/gen
eric/pgf/basiclayer/pgfcoreexternal.code.tex"
File: pgfcoreexternal.code.tex 2019/04/04 v3.1.2 (3.1.2)
\pgfexternal@startupbox=\box44
))
("/Users/eliothmonroy/Library/Application Support/MiKTeX/texmfs/install/tex/gen
eric/pgf/basiclayer/pgfcorelayers.code.tex"
File: pgfcorelayers.code.tex 2019/04/04 v3.1.2 (3.1.2)
)
("/Users/eliothmonroy/Library/Application Support/MiKTeX/texmfs/install/tex/gen
eric/pgf/basiclayer/pgfcoretransparency.code.tex"
File: pgfcoretransparency.code.tex 2019/04/04 v3.1.2 (3.1.2)
)
("/Users/eliothmonroy/Library/Application Support/MiKTeX/texmfs/install/tex/gen
eric/pgf/basiclayer/pgfcorepatterns.code.tex"
File: pgfcorepatterns.code.tex 2019/04/04 v3.1.2 (3.1.2)
)
("/Users/eliothmonroy/Library/Application Support/MiKTeX/texmfs/install/tex/gen
eric/pgf/basiclayer/pgfcorerdf.code.tex"
File: pgfcorerdf.code.tex 2019/04/04 v3.1.2 (3.1.2)
)))
("/Users/eliothmonroy/Library/Application Support/MiKTeX/texmfs/install/tex/gen
eric/pgf/modules/pgfmoduleshapes.code.tex"
File: pgfmoduleshapes.code.tex 2019/04/04 v3.1.2 (3.1.2)
\pgfnodeparttextbox=\box45
)
("/Users/eliothmonroy/Library/Application Support/MiKTeX/texmfs/install/tex/gen
eric/pgf/modules/pgfmoduleplot.code.tex"
File: pgfmoduleplot.code.tex 2019/04/04 v3.1.2 (3.1.2)
)
("/Users/eliothmonroy/Library/Application Support/MiKTeX/texmfs/install/tex/lat
ex/pgf/compatibility/pgfcomp-version-0-65.sty"
Package: pgfcomp-version-0-65 2019/04/04 v3.1.2 (3.1.2)
\pgf@nodesepstart=\dimen170
\pgf@nodesepend=\dimen171
)
("/Users/eliothmonroy/Library/Application Support/MiKTeX/texmfs/install/tex/lat
ex/pgf/compatibility/pgfcomp-version-1-18.sty"
Package: pgfcomp-version-1-18 2019/04/04 v3.1.2 (3.1.2)
))
("/Users/eliothmonroy/Library/Application Support/MiKTeX/texmfs/install/tex/lat
ex/pgf/utilities/pgfpages.sty"
Package: pgfpages 2011/01/05 ver 0.02
\pgf@logicalpages=\count134
\pgf@firstshipout=\count135
\pgf@lastshipout=\count136
\pgf@currentshipout=\count137
\pgf@cpn=\count138
\pgf@shipoutnextto=\count139
\pgfphysicalheight=\dimen172
\pgfphysicalwidth=\dimen173
\pgfpages@shipoutbox=\box46
)
\pgfpages@box@1=\box47

("/Users/eliothmonroy/Library/Application Support/MiKTeX/texmfs/install/tex/lat
ex/base/inputenc.sty"
Package: inputenc 2018/08/11 v1.3c Input encoding file
\inpenc@prehook=\toks36
\inpenc@posthook=\toks37
)
("/Users/eliothmonroy/Library/Application Support/MiKTeX/texmfs/install/tex/gen
eric/babel/babel.sty"
Package: babel 2019/04/03 3.29 The Babel package

("/Users/eliothmonroy/Library/Application Support/MiKTeX/texmfs/install/tex/gen
eric/babel/switch.def"
File: switch.def 2019/04/03 3.29 Babel switching mechanism
)
*************************************
* Local config file bblopts.cfg used
*

("/Users/eliothmonroy/Library/Application Support/MiKTeX/texmfs/install/tex/lat
ex/arabi/bblopts.cfg"
File: bblopts.cfg 2005/09/08 v0.1 add Arabic and Farsi to "declared" options of
 babel
)
("/Users/eliothmonroy/Library/Application Support/MiKTeX/texmfs/install/tex/lat
ex/babel-spanish/spanish.ldf"
Language: spanish.ldf 2016/03/03 v5.0p Spanish support from the babel system

("/Users/eliothmonroy/Library/Application Support/MiKTeX/texmfs/install/tex/gen
eric/babel/babel.def"
File: babel.def 2019/04/03 3.29 Babel common definitions
\babel@savecnt=\count140
\U@D=\dimen174

("/Users/eliothmonroy/Library/Application Support/MiKTeX/texmfs/install/tex/gen
eric/babel/txtbabel.def")
\bbl@dirlevel=\count141
)
\es@quottoks=\toks38
\es@quotdepth=\count142
Package babel Info: Making " an active character on input line 561.
Package babel Info: Making . an active character on input line 662.
Package babel Info: Making < an active character on input line 707.
Package babel Info: Making > an active character on input line 707.
)) (main.aux
LaTeX Info: Redefining \. on input line 23.
LaTeX Info: Redefining \% on input line 23.
)
\openout1 = `main.aux'.

LaTeX Font Info:    Checking defaults for OML/cmm/m/it on input line 83.
LaTeX Font Info:    ... okay on input line 83.
LaTeX Font Info:    Checking defaults for T1/cmr/m/n on input line 83.
LaTeX Font Info:    ... okay on input line 83.
LaTeX Font Info:    Checking defaults for OT1/cmr/m/n on input line 83.
LaTeX Font Info:    ... okay on input line 83.
LaTeX Font Info:    Checking defaults for OMS/pzccm/m/n on input line 83.
LaTeX Font Info:    Try loading font information for OMS+pzccm on input line 83
.

("/Users/eliothmonroy/Library/Application Support/MiKTeX/texmfs/install/tex/lat
ex/psnfss/omspzccm.fd"
File: omspzccm.fd 2000/01/03 Fontinst v1.801 font definitions for OMS/pzccm.
)
LaTeX Font Info:    ... okay on input line 83.
LaTeX Font Info:    Checking defaults for OMX/cmex/m/n on input line 83.
LaTeX Font Info:    ... okay on input line 83.
LaTeX Font Info:    Checking defaults for U/cmr/m/n on input line 83.
LaTeX Font Info:    ... okay on input line 83.
LaTeX Font Info:    Checking defaults for PD1/pdf/m/n on input line 83.
LaTeX Font Info:    ... okay on input line 83.

*geometry* driver: auto-detecting
*geometry* detected driver: pdftex
*geometry* verbose mode - [ preamble ] result:
* driver: pdftex
* paper: a4paper
* layout: <same size as paper>
* layoutoffset:(h,v)=(0.0pt,0.0pt)
* modes: 
* h-part:(L,W,R)=(57.81621pt, 481.87546pt, 57.81621pt)
* v-part:(T,H,B)=(50.58878pt, 743.8693pt, 50.58878pt)
* \paperwidth=597.50787pt
* \paperheight=845.04684pt
* \textwidth=481.87546pt
* \textheight=743.8693pt
* \oddsidemargin=-14.45378pt
* \evensidemargin=-14.45378pt
* \topmargin=-58.68121pt
* \headheight=12.0pt
* \headsep=25.0pt
* \topskip=12.0pt
* \footskip=30.0pt
* \marginparwidth=35.0pt
* \marginparsep=10.0pt
* \columnsep=10.0pt
* \skip\footins=10.8pt plus 4.0pt minus 2.0pt
* \hoffset=0.0pt
* \voffset=0.0pt
* \mag=1000
* \@twocolumnfalse
* \@twosidefalse
* \@mparswitchfalse
* \@reversemarginfalse
* (1in=72.27pt=25.4mm, 1cm=28.453pt)


("/Users/eliothmonroy/Library/Application Support/MiKTeX/texmfs/install/tex/con
text/base/mkii/supp-pdf.mkii"
[Loading MPS to PDF converter (version 2006.09.02).]
\scratchcounter=\count143
\scratchdimen=\dimen175
\scratchbox=\box48
\nofMPsegments=\count144
\nofMParguments=\count145
\everyMPshowfont=\toks39
\MPscratchCnt=\count146
\MPscratchDim=\dimen176
\MPnumerator=\count147
\makeMPintoPDFobject=\count148
\everyMPtoPDFconversion=\toks40
)
("/Users/eliothmonroy/Library/Application Support/MiKTeX/texmfs/install/tex/lat
ex/oberdiek/epstopdf-base.sty"
Package: epstopdf-base 2016/05/15 v2.6 Base part for package epstopdf

("/Users/eliothmonroy/Library/Application Support/MiKTeX/texmfs/install/tex/lat
ex/oberdiek/grfext.sty"
Package: grfext 2016/05/16 v1.2 Manage graphics extensions (HO)
)
Package epstopdf-base Info: Redefining graphics rule for `.eps' on input line 4
38.
Package grfext Info: Graphics extension search list:
(grfext)             [.pdf,.png,.jpg,.mps,.jpeg,.jbig2,.jb2,.PDF,.PNG,.JPG,.JPE
G,.JBIG2,.JB2,.eps]
(grfext)             \AppendGraphicsExtensions on input line 456.
)
\AtBeginShipoutBox=\box49
Package hyperref Info: Link coloring OFF on input line 83.

("/Users/eliothmonroy/Library/Application Support/MiKTeX/texmfs/install/tex/lat
ex/hyperref/nameref.sty"
Package: nameref 2016/05/21 v2.44 Cross-referencing by name of section

("/Users/eliothmonroy/Library/Application Support/MiKTeX/texmfs/install/tex/gen
eric/oberdiek/gettitlestring.sty"
Package: gettitlestring 2016/05/16 v1.5 Cleanup title references (HO)
)
\c@section@level=\count149
)
LaTeX Info: Redefining \ref on input line 83.
LaTeX Info: Redefining \pageref on input line 83.
LaTeX Info: Redefining \nameref on input line 83.
 (main.out) (main.out)
\@outlinefile=\write4
\openout4 = `main.out'.


("/Users/eliothmonroy/Library/Application Support/MiKTeX/texmfs/install/tex/lat
ex/oberdiek/pdflscape.sty"
Package: pdflscape 2016/05/14 v0.11 Display of landscape pages in PDF (HO)

("/Users/eliothmonroy/Library/Application Support/MiKTeX/texmfs/install/tex/lat
ex/graphics/lscape.sty"
Package: lscape 2000/10/22 v3.01 Landscape Pages (DPC)
)
Package pdflscape Info: Auto-detected driver: pdftex on input line 81.
)
\c@lstlisting=\count150
Package caption Info: Begin \AtBeginDocument code.
Package caption Info: End \AtBeginDocument code.
 ABD: EveryShipout initializing macros
LaTeX Info: Redefining \. on input line 83.
LaTeX Info: Redefining \% on input line 83.
 (Portada.tex
LaTeX Font Info:    Font shape `OT1/ptm/bx/sc' in size <20.74> not available
(Font)              Font shape `OT1/ptm/b/sc' tried instead on input line 4.
LaTeX Font Info:    Font shape `OT1/ptm/bx/n' in size <17.28> not available
(Font)              Font shape `OT1/ptm/b/n' tried instead on input line 5.
LaTeX Font Info:    Font shape `OT1/ptm/bx/n' in size <20.74> not available
(Font)              Font shape `OT1/ptm/b/n' tried instead on input line 7.
LaTeX Font Info:    Font shape `OT1/ptm/bx/n' in size <14.4> not available
(Font)              Font shape `OT1/ptm/b/n' tried instead on input line 12.

Underfull \hbox (badness 10000) in paragraph at lines 12--20

 []


Underfull \hbox (badness 10000) in paragraph at lines 12--20

 []

[1

{/Users/eliothmonroy/Library/Application Support/MiKTeX/texmfs/data/pdftex/conf
ig/pdftex.map}])
LaTeX Font Info:    Font shape `OT1/ptm/bx/n' in size <24.88> not available
(Font)              Font shape `OT1/ptm/b/n' tried instead on input line 92.
 (main.toc
LaTeX Info: Redefining \. on input line 1.
LaTeX Info: Redefining \% on input line 1.
LaTeX Font Info:    Try loading font information for OT1+ptmcm on input line 4.


("/Users/eliothmonroy/Library/Application Support/MiKTeX/texmfs/install/tex/lat
ex/psnfss/ot1ptmcm.fd"
File: ot1ptmcm.fd 2000/01/03 Fontinst v1.801 font definitions for OT1/ptmcm.
)
LaTeX Font Info:    Try loading font information for OML+ptmcm on input line 4.


("/Users/eliothmonroy/Library/Application Support/MiKTeX/texmfs/install/tex/lat
ex/psnfss/omlptmcm.fd"
File: omlptmcm.fd 2000/01/03 Fontinst v1.801 font definitions for OML/ptmcm.
)
LaTeX Font Info:    Try loading font information for OMX+psycm on input line 4.


("/Users/eliothmonroy/Library/Application Support/MiKTeX/texmfs/install/tex/lat
ex/psnfss/omxpsycm.fd"
File: omxpsycm.fd 2000/01/03 Fontinst v1.801 font definitions for OMX/psycm.
)
LaTeX Font Info:    Font shape `OT1/ptm/bx/n' in size <10.95> not available
(Font)              Font shape `OT1/ptm/b/n' tried instead on input line 4.
LaTeX Font Info:    Font shape `OT1/ptm/bx/n' in size <8> not available
(Font)              Font shape `OT1/ptm/b/n' tried instead on input line 4.
)
\tf@toc=\write5
\openout5 = `main.toc'.

 [1

] (Introduccion.tex
Cap\'{\i }tulo 1.

Package Fancyhdr Warning: \headheight is too small (12.0pt): 
Make it at least 14.49998pt.
We now make it that large for the rest of the document.
This may cause the page layout to be inconsistent, however.

pdfTeX warning (ext4): destination with the same identifier (name{page.1}) has 
been already used, duplicate ignored
<to be read again> 
                   \relax 
l.26 
      [1


]
<imagenes/lineaBase.PNG, id=129, 264.99pt x 102.3825pt>
File: imagenes/lineaBase.PNG Graphic file (type png)
<use imagenes/lineaBase.PNG>
Package pdftex.def Info: imagenes/lineaBase.PNG  used on input line 42.
(pdftex.def)             Requested size: 289.1282pt x 111.71655pt.
 [2 <./imagenes/lineaBase.PNG>]
<imagenes/minimoscuadrados.png, id=140, 641.39626pt x 431.6125pt>
File: imagenes/minimoscuadrados.png Graphic file (type png)
<use imagenes/minimoscuadrados.png>
Package pdftex.def Info: imagenes/minimoscuadrados.png  used on input line 59.
(pdftex.def)             Requested size: 385.50183pt x 259.41733pt.
 [3 <./imagenes/minimoscuadrados.png>]
<imagenes/hw.png, id=149, 700.6175pt x 266.9975pt>
File: imagenes/hw.png Graphic file (type png)
<use imagenes/hw.png>
Package pdftex.def Info: imagenes/hw.png  used on input line 81.
(pdftex.def)             Requested size: 385.50183pt x 146.91425pt.
) (Desarrollo.tex [4 <./imagenes/hw.png>]
Cap\'{\i }tulo 2.
(examen1.tex
<imagenes/primero/1-1.png, id=157, 522.95375pt x 243.91125pt>
File: imagenes/primero/1-1.png Graphic file (type png)
<use imagenes/primero/1-1.png>
Package pdftex.def Info: imagenes/primero/1-1.png  used on input line 7.
(pdftex.def)             Requested size: 418.36356pt x 195.12926pt.
<imagenes/primero/1.JPG, id=158, 465.53925pt x 222.23026pt>
File: imagenes/primero/1.JPG Graphic file (type jpg)
<use imagenes/primero/1.JPG>
Package pdftex.def Info: imagenes/primero/1.JPG  used on input line 13.
(pdftex.def)             Requested size: 465.5381pt x 222.2297pt.
 [5

 <./imagenes/primero/1-1.png>]
<imagenes/primero/2.JPG, id=166, 307.1475pt x 155.98276pt>
File: imagenes/primero/2.JPG Graphic file (type jpg)
<use imagenes/primero/2.JPG>
Package pdftex.def Info: imagenes/primero/2.JPG  used on input line 21.
(pdftex.def)             Requested size: 460.72011pt x 233.97356pt.
<imagenes/primero/3.JPG, id=167, 449.2785pt x 260.77425pt>
File: imagenes/primero/3.JPG Graphic file (type jpg)
<use imagenes/primero/3.JPG>
Package pdftex.def Info: imagenes/primero/3.JPG  used on input line 28.
(pdftex.def)             Requested size: 449.27739pt x 260.7736pt.
 [6 <./imagenes/primero/1.JPG> <./imagenes/primero/2.JPG>]
<imagenes/primero/4.JPG, id=174, 394.47375pt x 183.68625pt>
File: imagenes/primero/4.JPG Graphic file (type jpg)
<use imagenes/primero/4.JPG>
Package pdftex.def Info: imagenes/primero/4.JPG  used on input line 36.
(pdftex.def)             Requested size: 433.92245pt x 202.05547pt.
<imagenes/primero/5.JPG, id=175, 452.892pt x 342.078pt>
File: imagenes/primero/5.JPG Graphic file (type jpg)
<use imagenes/primero/5.JPG>
Package pdftex.def Info: imagenes/primero/5.JPG  used on input line 43.
(pdftex.def)             Requested size: 362.31409pt x 273.66275pt.
 [7 <./imagenes/primero/3.JPG> <./imagenes/primero/4.JPG>]
<imagenes/primero/6.JPG, id=182, 449.88075pt x 249.3315pt>
File: imagenes/primero/6.JPG Graphic file (type jpg)
<use imagenes/primero/6.JPG>
Package pdftex.def Info: imagenes/primero/6.JPG  used on input line 51.
(pdftex.def)             Requested size: 449.87965pt x 249.33087pt.
<imagenes/primero/7.JPG, id=183, 449.88075pt x 220.4235pt>
File: imagenes/primero/7.JPG Graphic file (type jpg)
<use imagenes/primero/7.JPG>
Package pdftex.def Info: imagenes/primero/7.JPG  used on input line 56.
(pdftex.def)             Requested size: 449.87965pt x 220.42294pt.
) (examen2.tex [8 <./imagenes/primero/5.JPG> <./imagenes/primero/6.JPG>]
<imagenes/segundo/1.png, id=191, 589.20125pt x 214.8025pt>
File: imagenes/segundo/1.png Graphic file (type png)
<use imagenes/segundo/1.png>
Package pdftex.def Info: imagenes/segundo/1.png  used on input line 6.
(pdftex.def)             Requested size: 441.89984pt x 161.10147pt.
<imagenes/segundo/2.png, id=193, 656.4525pt x 190.7125pt>
File: imagenes/segundo/2.png Graphic file (type png)
<use imagenes/segundo/2.png>
Package pdftex.def Info: imagenes/segundo/2.png  used on input line 13.
(pdftex.def)             Requested size: 492.33817pt x 143.03401pt.

Overfull \hbox (10.4627pt too wide) in paragraph at lines 13--14
 [][] 
 []

[9 <./imagenes/primero/7.JPG> <./imagenes/segundo/1.png>]
<imagenes/segundo/3.png, id=202, 590.205pt x 218.8175pt>
File: imagenes/segundo/3.png Graphic file (type png)
<use imagenes/segundo/3.png>
Package pdftex.def Info: imagenes/segundo/3.png  used on input line 22.
(pdftex.def)             Requested size: 442.65266pt x 164.11272pt.
<imagenes/segundo/4.png, id=204, 592.2125pt x 215.80624pt>
File: imagenes/segundo/4.png Graphic file (type png)
<use imagenes/segundo/4.png>
Package pdftex.def Info: imagenes/segundo/4.png  used on input line 29.
(pdftex.def)             Requested size: 444.15828pt x 161.85428pt.
 [10 <./imagenes/segundo/2.png> <./imagenes/segundo/3.png>]
<imagenes/segundo/5.png, id=214, 669.50125pt x 300.12125pt>
File: imagenes/segundo/5.png Graphic file (type png)
<use imagenes/segundo/5.png>
Package pdftex.def Info: imagenes/segundo/5.png  used on input line 37.
(pdftex.def)             Requested size: 502.12471pt x 225.09038pt.

Overfull \hbox (20.24925pt too wide) in paragraph at lines 37--38
 [][] 
 []

)) (Cuestionario.tex [11 <./imagenes/segundo/4.png> <./imagenes/segundo/5.png>]
Cap\'{\i }tulo 3.

Overfull \hbox (4.82799pt too wide) in paragraph at lines 25--26
[]\OT1/ptm/m/n/14.4 CDEF:avg2=v1,v2,v3,3,AVG (v1 = [1,8,3,10], v2 = [5,6,7,8], 
v3= [1,2,3,4]) 
 []

<imagenes/practica/p2-1.jpg, id=224, 481.8pt x 642.4pt>
File: imagenes/practica/p2-1.jpg Graphic file (type jpg)
<use imagenes/practica/p2-1.jpg>
Package pdftex.def Info: imagenes/practica/p2-1.jpg  used on input line 33.
(pdftex.def)             Requested size: 409.53192pt x 546.04259pt.
<imagenes/practica/p2-2.jpg, id=225, 481.8pt x 642.4pt>
File: imagenes/practica/p2-2.jpg Graphic file (type jpg)
<use imagenes/practica/p2-2.jpg>
Package pdftex.def Info: imagenes/practica/p2-2.jpg  used on input line 37.
(pdftex.def)             Requested size: 481.79881pt x 642.39844pt.
[12

]
<imagenes/practica/p2-3.jpg, id=236, 481.8pt x 642.4pt>
File: imagenes/practica/p2-3.jpg Graphic file (type jpg)
<use imagenes/practica/p2-3.jpg>
Package pdftex.def Info: imagenes/practica/p2-3.jpg  used on input line 41.
(pdftex.def)             Requested size: 481.79881pt x 642.39844pt.
 [13 <./imagenes/practica/p2-1.jpg>]
<imagenes/practica/p2-4.jpg, id=242, 481.8pt x 642.4pt>
File: imagenes/practica/p2-4.jpg Graphic file (type jpg)
<use imagenes/practica/p2-4.jpg>
Package pdftex.def Info: imagenes/practica/p2-4.jpg  used on input line 45.
(pdftex.def)             Requested size: 481.79881pt x 642.39844pt.
 [14 <./imagenes/practica/p2-2.jpg>])
(Resultados.tex [15 <./imagenes/practica/p2-3.jpg>] [16 <./imagenes/practica/p2
-4.jpg>]
Cap\'{\i }tulo 4.

("/Users/eliothmonroy/Library/Application Support/MiKTeX/texmfs/install/tex/lat
ex/listings/lstlang1.sty"
File: lstlang1.sty 2019/02/27 1.8b listings language file
)
Package hyperref Info: bookmark level for unknown lstlisting defaults to 0 on i
nput line 7.

("/Users/eliothmonroy/Library/Application Support/MiKTeX/texmfs/install/tex/lat
ex/base/latin1.def"
File: latin1.def 2018/08/11 v1.3c Input encoding file
)
("/Users/eliothmonroy/Library/Application Support/MiKTeX/texmfs/install/tex/gen
eric/oberdiek/se-utf8.def"
File: se-utf8.def 2016/05/16 v1.11 stringenc: UTF-8
)
("/Users/eliothmonroy/Library/Application Support/MiKTeX/texmfs/install/tex/gen
eric/oberdiek/se-iso-8859-1.def"
File: se-iso-8859-1.def 2016/05/16 v1.11 stringenc: ISO-8859-1
)
("/Users/eliothmonroy/Library/Application Support/MiKTeX/texmfs/install/tex/lat
ex/base/latin1.def"
File: latin1.def 2018/08/11 v1.3c Input encoding file
)
LaTeX Font Info:    Font shape `OMS/ptm/m/n' in size <10> not available
(Font)              Font shape `OMS/pzccm/m/n' tried instead on input line 2.
 [17

]
LaTeX Font Info:    Try loading font information for OML+ptm on input line 35.

("/Users/eliothmonroy/Library/Application Support/MiKTeX/texmfs/install/tex/lat
ex/psnfss/omlptm.fd"
File: omlptm.fd 
)
LaTeX Font Info:    Font shape `OML/ptm/m/n' in size <10> not available
(Font)              Font shape `OML/cmm/m/it' tried instead on input line 35.

("/Users/eliothmonroy/Library/Application Support/MiKTeX/texmfs/install/tex/lat
ex/base/latin1.def"
File: latin1.def 2018/08/11 v1.3c Input encoding file
)
LaTeX Font Info:    Font shape `OT1/ptm/bx/n' in size <10> not available
(Font)              Font shape `OT1/ptm/b/n' tried instead on input line 21.
LaTeX Font Info:    Font shape `OT1/ptm/bx/n' in size <7.4> not available
(Font)              Font shape `OT1/ptm/b/n' tried instead on input line 21.
LaTeX Font Info:    Font shape `OT1/ptm/bx/n' in size <6> not available
(Font)              Font shape `OT1/ptm/b/n' tried instead on input line 21.
 [18] [19]
("/Users/eliothmonroy/Library/Application Support/MiKTeX/texmfs/install/tex/lat
ex/base/latin1.def"
File: latin1.def 2018/08/11 v1.3c Input encoding file
) [20]
("/Users/eliothmonroy/Library/Application Support/MiKTeX/texmfs/install/tex/lat
ex/listings/lstlang1.sty"
File: lstlang1.sty 2019/02/27 1.8b listings language file
)
("/Users/eliothmonroy/Library/Application Support/MiKTeX/texmfs/install/tex/lat
ex/base/latin1.def"
File: latin1.def 2018/08/11 v1.3c Input encoding file
) [21]
("/Users/eliothmonroy/Library/Application Support/MiKTeX/texmfs/install/tex/lat
ex/base/latin1.def"
File: latin1.def 2018/08/11 v1.3c Input encoding file
) [22] [23] [24] [25] [26] [27] [28]
("/Users/eliothmonroy/Library/Application Support/MiKTeX/texmfs/install/tex/lat
ex/base/latin1.def"
File: latin1.def 2018/08/11 v1.3c Input encoding file
) [29] [30] [31] [32]
("/Users/eliothmonroy/Library/Application Support/MiKTeX/texmfs/install/tex/lat
ex/base/latin1.def"
File: latin1.def 2018/08/11 v1.3c Input encoding file
) [33] [34] [35] [36] [37]
("/Users/eliothmonroy/Library/Application Support/MiKTeX/texmfs/install/tex/lat
ex/base/latin1.def"
File: latin1.def 2018/08/11 v1.3c Input encoding file
) [38]
("/Users/eliothmonroy/Library/Application Support/MiKTeX/texmfs/install/tex/lat
ex/base/latin1.def"
File: latin1.def 2018/08/11 v1.3c Input encoding file
)
("/Users/eliothmonroy/Library/Application Support/MiKTeX/texmfs/install/tex/lat
ex/base/latin1.def"
File: latin1.def 2018/08/11 v1.3c Input encoding file
) [39]
("/Users/eliothmonroy/Library/Application Support/MiKTeX/texmfs/install/tex/lat
ex/base/latin1.def"
File: latin1.def 2018/08/11 v1.3c Input encoding file
) [40] [41] [42]
("/Users/eliothmonroy/Library/Application Support/MiKTeX/texmfs/install/tex/lat
ex/base/latin1.def"
File: latin1.def 2018/08/11 v1.3c Input encoding file
) [43]
("/Users/eliothmonroy/Library/Application Support/MiKTeX/texmfs/install/tex/lat
ex/base/latin1.def"
File: latin1.def 2018/08/11 v1.3c Input encoding file
)) (Conclusiones.tex [44]
Cap\'{\i }tulo 5.
) (referencias.tex
Underfull \hbox (badness 10000) in paragraph at lines 2--3

 []

[45

] [46]
Underfull \hbox (badness 10000) in paragraph at lines 4--5
[]\OT1/ptm/m/n/14.4 SNMP li-brary for Pyt-hon. Mar-zo 20, 2019, de - Si-tio web
:
 []


Underfull \hbox (badness 10000) in paragraph at lines 5--6
[]\OT1/ptm/m/n/14.4 PySNMP ar-chi-tec-tu-re. Mar-zo 20, 2019, de - Si-tio web:
 []


Underfull \hbox (badness 10000) in paragraph at lines 6--7
[]\OT1/ptm/m/n/14.4 Library re-fe-ren-ce. Mar-zo 20, 2019, de - Si-tio web:
 []


Underfull \hbox (badness 10000) in paragraph at lines 10--11
[]\OT1/ptm/m/n/14.4 Maddox, Se-gan. \OT1/ptm/m/it/14.4 FCAPS ISO Mo-del\OT1/ptm
/m/n/14.4 . Ma-na-ge-ment. Dis-po-ni-ble en:
 []


Underfull \hbox (badness 7030) in paragraph at lines 19--20
[]\OT1/ptm/m/n/14.4 Magui[]na, Omar. \OT1/ptm/m/it/14.4 El M[]eto-do de Pron[]o
sti-co Holt-Winters\OT1/ptm/m/n/14.4 . Dis-po-ni-ble
 []

) [47

]
Package atveryend Info: Empty hook `BeforeClearDocument' on input line 106.
Package atveryend Info: Empty hook `AfterLastShipout' on input line 106.
 (main.aux
LaTeX Info: Redefining \. on input line 23.
LaTeX Info: Redefining \% on input line 23.
)
Package atveryend Info: Executing hook `AtVeryEndDocument' on input line 106.
Package atveryend Info: Executing hook `AtEndAfterFileList' on input line 106.
Package rerunfilecheck Info: File `main.out' has not changed.
(rerunfilecheck)             Checksum: 3983B5488A2A75053C22A19F393AE20B;1451.
Package atveryend Info: Empty hook `AtVeryVeryEnd' on input line 106.
 ) 
Here is how much of TeX's memory you used:
 20610 strings out of 492949
 366719 string characters out of 3117179
 1109590 words of memory out of 3000000
 22630 multiletter control sequences out of 15000+200000
 44662 words of font info for 82 fonts, out of 3000000 for 9000
 1141 hyphenation exceptions out of 8191
 48i,13n,45p,1222b,2365s stack positions out of 5000i,500n,10000p,200000b,50000s
{/Users/eliothmonroy/Library/Application Support/MiKTeX/texmfs/install/fonts/
enc/dvips/base/8r.enc}</Users/eliothmonroy/Library/Application Support/MiKTeX/t
exmfs/install/fonts/type1/public/amsfonts/cm/cmmi10.pfb></Users/eliothmonroy/Li
brary/Application Support/MiKTeX/texmfs/install/fonts/type1/public/amsfonts/cm/
cmsy10.pfb></Users/eliothmonroy/Library/Application Support/MiKTeX/texmfs/insta
ll/fonts/type1/urw/times/utmb8a.pfb></Users/eliothmonroy/Library/Application Su
pport/MiKTeX/texmfs/install/fonts/type1/urw/times/utmr8a.pfb></Users/eliothmonr
oy/Library/Application Support/MiKTeX/texmfs/install/fonts/type1/urw/times/utmr
i8a.pfb>
Output written on main.pdf (49 pages, 3326308 bytes).
PDF statistics:
 2038 PDF objects out of 2073 (max. 8388607)
 1436 named destinations out of 1440 (max. 500000)
 281 words of extra memory for PDF output out of 10000 (max. 10000000)

