\BOOKMARK [0][-]{chapter.1}{}{}% 1
\BOOKMARK [0][-]{chapter.2}{}{}% 2
\BOOKMARK [1][-]{section.2.1}{}{chapter.2}% 3
\BOOKMARK [1][-]{section.2.2}{}{chapter.2}% 4
\BOOKMARK [1][-]{section.2.3}{}{chapter.2}% 5
\BOOKMARK [1][-]{section.2.4}{}{chapter.2}% 6
\BOOKMARK [1][-]{section.2.5}{}{chapter.2}% 7
\BOOKMARK [1][-]{section.2.6}{}{chapter.2}% 8
\BOOKMARK [1][-]{section.2.7}{}{chapter.2}% 9
\BOOKMARK [1][-]{section.2.8}{}{chapter.2}% 10
\BOOKMARK [1][-]{section.2.9}{}{chapter.2}% 11
\BOOKMARK [1][-]{section.2.10}{}{chapter.2}% 12
\BOOKMARK [1][-]{section.2.11}{}{chapter.2}% 13
\BOOKMARK [1][-]{section.2.12}{}{chapter.2}% 14
\BOOKMARK [1][-]{section.2.13}{Prueba P13: Caso de Uso Editar Acad\351mico}{chapter.2}% 15
\BOOKMARK [1][-]{section.2.14}{Prueba P14: Caso de Uso Editar Grupo}{chapter.2}% 16
\BOOKMARK [1][-]{section.2.15}{Prueba P15: Caso de Uso Editar Materia}{chapter.2}% 17
\BOOKMARK [1][-]{section.2.16}{Prueba P16: Caso de Uso Restablecer Contrase\361a}{chapter.2}% 18
\BOOKMARK [1][-]{section.2.17}{Prueba P17: Caso de Uso Cambiar Contrase\361a}{chapter.2}% 19
\BOOKMARK [1][-]{section.2.18}{Prueba P18: Caso de Uso Ver Alumno}{chapter.2}% 20
\BOOKMARK [1][-]{section.2.19}{Prueba P19: Caso de Uso Habilitar Reinscripci\363n}{chapter.2}% 21
\BOOKMARK [1][-]{section.2.20}{Prueba P20: Caso de Buscar Materia}{chapter.2}% 22
\BOOKMARK [1][-]{section.2.21}{Prueba P21: Caso de Uso Crear Horario}{chapter.2}% 23
\BOOKMARK [1][-]{section.2.22}{Prueba P22: Caso de Uso Editar Horario de Alumno}{chapter.2}% 24
\BOOKMARK [1][-]{section.2.23}{Prueba P23: Caso de Uso Reinscribir}{chapter.2}% 25
\BOOKMARK [1][-]{section.2.24}{Prueba P24: Caso de Uso Ver Historial Acad\351mico}{chapter.2}% 26
\BOOKMARK [1][-]{section.2.25}{Prueba P25: Caso de Uso Ver estado actual}{chapter.2}% 27
\BOOKMARK [1][-]{section.2.26}{Prueba P26: Caso de Uso Ver Horario Actual}{chapter.2}% 28
\BOOKMARK [1][-]{section.2.27}{Prueba P27: Caso de Ver Horario y Disponibilidad}{chapter.2}% 29
