
map -a "MachXO2" -p LCMXO2-7000HE -t TQFP144 -s 5 -oc Commercial   "lcdram00_lcdram00.ngd" -o "lcdram00_lcdram00_map.ncd" -pr "lcdram00_lcdram00.prf" -mp "lcdram00_lcdram00.mrp" -lpf "D:/esli-/Documents/ArquitecturadeComputadoras/GELIPAN/ARQUITECTURA/PACK 2/Pack_Gel/LCDRAM/lcdram00/lcdram00_lcdram00_synplify.lpf" -lpf "D:/esli-/Documents/ArquitecturadeComputadoras/GELIPAN/ARQUITECTURA/PACK 2/Pack_Gel/LCDRAM/lcdram00.lpf" -c 0            
map:  version Diamond (64-bit) 3.9.0.99.2

Copyright (c) 1991-1994 by NeoCAD Inc. All rights reserved.
Copyright (c) 1995 AT&T Corp.   All rights reserved.
Copyright (c) 1995-2001 Lucent Technologies Inc.  All rights reserved.
Copyright (c) 2001 Agere Systems   All rights reserved.
Copyright (c) 2002-2017 Lattice Semiconductor Corporation,  All rights reserved.
   Process the file: lcdram00_lcdram00.ngd
   Picdevice="LCMXO2-7000HE"

   Pictype="TQFP144"

   Picspeed=5

   Remove unused logic

   Do not produce over sized NCDs.

Part used: LCMXO2-7000HETQFP144, Performance used: 5.

Loading device for application map from file 'xo2c7000.nph' in environment: C:/lscc/diamond/3.9_x64/ispfpga.
Package Status:                     Final          Version 1.39.

Running general design DRC...

Removing unused logic...

Optimizing...

    <postMsg mid="51001030" type="Warning" dynamic="1" navigation="0" arg0="LCD03/N_27_i"  />
    <postMsg mid="51001046" type="Warning" dynamic="1" navigation="0" arg0="oscdis0"  />
    <postMsg mid="51001046" type="Warning" dynamic="1" navigation="0" arg0="tmrrst0"  />



Design Summary:
   Number of registers:    103 out of  7209 (1%)
      PFU registers:          103 out of  6864 (2%)
      PIO registers:            0 out of   345 (0%)
   Number of SLICEs:       106 out of  3432 (3%)
      SLICEs as Logic/ROM:    100 out of  3432 (3%)
      SLICEs as RAM:            6 out of  2574 (0%)
      SLICEs as Carry:         18 out of  3432 (1%)
   Number of LUT4s:        202 out of  6864 (3%)
      Number used as logic LUTs:        154
      Number used as distributed RAM:    12
      Number used as ripple logic:       36
      Number used as shift registers:     0
   Number of PIO sites used: 46 + 4(JTAG) out of 115 (43%)
   Number of block RAMs:  0 out of 26 (0%)
   Number of GSRs:  1 out of 1 (100%)
   EFB used :       No
   JTAG used :      No
   Readback used :  No
   Oscillator used :  Yes
   Startup used :   No
   POR :            On
   Bandgap :        On
   Number of Power Controller:  0 out of 1 (0%)
   Number of Dynamic Bank Controller (BCINRD):  0 out of 6 (0%)
   Number of Dynamic Bank Controller (BCLVDSO):  0 out of 1 (0%)
   Number of DCCA:  0 out of 8 (0%)
   Number of DCMA:  0 out of 2 (0%)
   Number of PLLs:  0 out of 2 (0%)
   Number of DQSDLLs:  0 out of 2 (0%)
   Number of CLKDIVC:  0 out of 4 (0%)
   Number of ECLKSYNCA:  0 out of 4 (0%)
   Number of ECLKBRIDGECS:  0 out of 2 (0%)
   Notes:-
      1. Total number of LUT4s = (Number of logic LUT4s) + 2*(Number of distributed RAMs) + 2*(Number of ripple logic)
      2. Number of logic LUT4s does not include count of distributed RAM and ripple logic.
   Number of clocks:  12
     Net K01.OS01.outdiv_i: 4 loads, 4 rising, 0 falling (Driver: K01/OS01/outdiv )
     Net LCD06/N_18_i: 6 loads, 6 rising, 0 falling (Driver: LCD06/N_18_i )
     Net LCD03/ENc_RNO: 1 loads, 1 rising, 0 falling (Driver: LCD03/ENc_RNO )
     Net LCD03/outWordc_1_RNO[7]: 1 loads, 1 rising, 0 falling (Driver: LCD03/outWordc_1_RNO[7] )
     Net LCD03/N_45_i: 1 loads, 1 rising, 0 falling (Driver: LCD03/outWordc_1_RNO[2] )
     Net LCD03/N_109_i: 1 loads, 1 rising, 0 falling (Driver: LCD03/outWordc_1_RNO[0] )
     Net LCD03/N_108_i: 1 loads, 1 rising, 0 falling (Driver: LCD03/outWordc_1_RNO[1] )
     Net LCD03/N_8_i: 1 loads, 1 rising, 0 falling (Driver: LCD03/outWordc_1_RNO[4] )
     Net LCD03/N_107_i: 1 loads, 1 rising, 0 falling (Driver: LCD03/outWordc_1_RNO[5] )
     Net LCD03/N_19_i: 1 loads, 1 rising, 0 falling (Driver: LCD03/outWordc_1_RNO[3] )
     Net LCD03/un1_inflagc_2_0_a3_0: 1 loads, 1 rising, 0 falling (Driver: LCD03/un1_inflagc_2_0_a3_0 )
     Net K01.soscout0_0_0_0_2: 52 loads, 0 rising, 52 falling (Driver: K01/OS00/OSCInst0 )
   Number of Clock Enables:  8
     Net G_32: 5 loads, 5 LSLICEs
     Net G_36: 1 loads, 1 LSLICEs
     Net outFlagw_cnv: 2 loads, 2 LSLICEs
     Net RA05/un1_incontkey_cry_3_0_RNIDRGV1: 2 loads, 2 LSLICEs
     Net RA03/outWordm_1_sqmuxa_RNI74U81: 4 loads, 4 LSLICEs
     Net RA02/K02/outFlago_RNO_0: 1 loads, 1 LSLICEs
     Net RA02/K02/aux01_RNIT4U89: 4 loads, 4 LSLICEs
     Net RA02/K02/aux01_cnv: 2 loads, 2 LSLICEs
   Number of local set/reset loads for net LCD03/N_27_i merged into GSR:  1
   Number of LSRs:  13
     Net LCD03/N_21_i: 1 loads, 1 LSLICEs
     Net LCD03/N_25_i: 1 loads, 1 LSLICEs
     Net LCD03/un1_resetc_8_0: 1 loads, 1 LSLICEs
     Net LCD03/N_70_i: 1 loads, 1 LSLICEs
     Net LCD03/N_72_i: 1 loads, 1 LSLICEs
     Net LCD03/N_34_i: 1 loads, 1 LSLICEs
     Net LCD03/N_23_i: 1 loads, 1 LSLICEs
     Net LCD03/un1_inflagc_10_0: 1 loads, 1 LSLICEs
     Net G_34: 9 loads, 9 LSLICEs
     Net RA05/fb: 1 loads, 1 LSLICEs
     Net RA03/outWordm_79: 4 loads, 4 LSLICEs
     Net RA02/K02/out7segc_1_77: 3 loads, 3 LSLICEs
     Net K01/OS01/un1_outdiv37_RNI8OOI: 11 loads, 11 LSLICEs
   Number of nets driven by tri-state buffers:  0
   Top 10 highest fanout non-clock nets:
     Net reset0_c: 42 loads
     Net G_32: 29 loads
     Net LCD03/outcc_ret_9: 17 loads
     Net inFlagcc0_c: 16 loads
     Net outr0_c[1]: 15 loads
     Net outContRead0_c[0]: 14 loads
     Net outContRead0_c[1]: 13 loads
     Net outContRead0_c[2]: 12 loads
     Net outContRead0_c[3]: 11 loads
     Net outr0_c[3]: 11 loads
 

   Number of warnings:  3
   Number of errors:    0



Total CPU Time: 0 secs  
Total REAL Time: 2 secs  
Peak Memory Usage: 59 MB

Dumping design to file lcdram00_lcdram00_map.ncd.

mpartrce -p "lcdram00_lcdram00.p2t" -f "lcdram00_lcdram00.p3t" -tf "lcdram00_lcdram00.pt" "lcdram00_lcdram00_map.ncd" "lcdram00_lcdram00.ncd"

---- MParTrce Tool ----
Removing old design directory at request of -rem command line option to this program.
Running par. Please wait . . .

Lattice Place and Route Report for Design "lcdram00_lcdram00_map.ncd"
Wed Nov 22 18:55:33 2017

PAR: Place And Route Diamond (64-bit) 3.9.0.99.2.
Command Line: par -w -l 5 -i 6 -t 1 -c 0 -e 0 -gui -msgset "D:/esli-/Documents/ArquitecturadeComputadoras/GELIPAN/ARQUITECTURA/PACK 2/Pack_Gel/LCDRAM/promote.xml" -exp parUseNBR=1:parCDP=0:parCDR=0:parPathBased=OFF lcdram00_lcdram00_map.ncd lcdram00_lcdram00.dir/5_1.ncd lcdram00_lcdram00.prf
Preference file: lcdram00_lcdram00.prf.
Placement level-cost: 5-1.
Routing Iterations: 6

Loading design for application par from file lcdram00_lcdram00_map.ncd.
Design name: toplcdram00
NCD version: 3.3
Vendor:      LATTICE
Device:      LCMXO2-7000HE
Package:     TQFP144
Performance: 5
Loading device for application par from file 'xo2c7000.nph' in environment: C:/lscc/diamond/3.9_x64/ispfpga.
Package Status:                     Final          Version 1.39.
Performance Hardware Data Status:   Final          Version 34.4.
License checked out.


Ignore Preference Error(s):  True
Device utilization summary:

   PIO (prelim)   46+4(JTAG)/336     15% used
                  46+4(JTAG)/115     43% bonded

   SLICE            106/3432          3% used

   GSR                1/1           100% used
   OSC                1/1           100% used


Number of Signals: 335
Number of Connections: 861

Pin Constraint Summary:
   45 out of 46 pins locked (97% locked).

The following 1 signal is selected to use the primary clock routing resources:
    K01.soscout0_0_0_0_2 (driver: K01/OS00/OSCInst0, clk load #: 52)


The following 2 signals are selected to use the secondary clock routing resources:
    LCD06/N_18_i (driver: SLICE_62, clk load #: 6, sr load #: 0, ce load #: 0)
    K01/OS01/un1_outdiv37_RNI8OOI (driver: K01/OS01/SLICE_80, clk load #: 0, sr load #: 11, ce load #: 0)

Signal LCD03/N_27_i is selected as Global Set/Reset.
.
Starting Placer Phase 0.
.........
Finished Placer Phase 0.  REAL time: 6 secs 

Starting Placer Phase 1.
....................
Placer score = 70316.
Finished Placer Phase 1.  REAL time: 11 secs 

Starting Placer Phase 2.
.
Placer score =  70136
Finished Placer Phase 2.  REAL time: 11 secs 


------------------ Clock Report ------------------

Global Clock Resources:
  CLK_PIN    : 0 out of 8 (0%)
  PLL        : 0 out of 2 (0%)
  DCM        : 0 out of 2 (0%)
  DCC        : 0 out of 8 (0%)

Quadrants All (TL, TR, BL, BR) - Global Clocks:
  PRIMARY "K01.soscout0_0_0_0_2" from OSC on comp "K01/OS00/OSCInst0" on site "OSC", clk load = 52
  SECONDARY "LCD06/N_18_i" from F1 on comp "SLICE_62" on site "R14C18A", clk load = 6, ce load = 0, sr load = 0
  SECONDARY "K01/OS01/un1_outdiv37_RNI8OOI" from F1 on comp "K01/OS01/SLICE_80" on site "R21C18A", clk load = 0, ce load = 0, sr load = 11

  PRIMARY  : 1 out of 8 (12%)
  SECONDARY: 2 out of 8 (25%)

Edge Clocks:
  No edge clock selected.

--------------- End of Clock Report ---------------


I/O Usage Summary (final):
   46 + 4(JTAG) out of 336 (14.9%) PIO sites used.
   46 + 4(JTAG) out of 115 (43.5%) bonded PIO sites used.
   Number of PIO comps: 46; differential: 0.
   Number of Vref pins used: 0.

I/O Bank Usage Summary:
+----------+----------------+------------+-----------+
| I/O Bank | Usage          | Bank Vccio | Bank Vref |
+----------+----------------+------------+-----------+
| 0        | 8 / 28 ( 28%)  | 2.5V       | -         |
| 1        | 12 / 29 ( 41%) | 2.5V       | -         |
| 2        | 14 / 29 ( 48%) | 2.5V       | -         |
| 3        | 8 / 9 ( 88%)   | 2.5V       | -         |
| 4        | 4 / 10 ( 40%)  | 2.5V       | -         |
| 5        | 0 / 10 (  0%)  | -          | -         |
+----------+----------------+------------+-----------+

Total placer CPU time: 6 secs 

Dumping design to file lcdram00_lcdram00.dir/5_1.ncd.

0 connections routed; 861 unrouted.
Starting router resource preassignment

    <postMsg mid="66011008" type="Warning" dynamic="1" navigation="0" arg0="&#xA;   Signal=K01.OS01.outdiv_i loads=7 clock_loads=4&#xA;   Signal=LCD03/ENc_RNO loads=1 clock_loads=1&#xA;   Signal=LCD03/outWordc_1_RNO[7] loads=1 clock_loads=1&#xA;   Signal=LCD03/N_45_i loads=1 clock_loads=1&#xA;   Signal=LCD03/N_109_i loads=1 clock_loads=1&#xA;   Signal=LCD03/N_108_i loads=1 clock_loads=1&#xA;   Signal=LCD03/N_8_i loads=1 clock_loads=1&#xA;   Signal=LCD03/N_107_i loads=1 clock_loads=1&#xA;   Signal=LCD03/N_19_i loads=1 clock_loads=1&#xA;   Signal=LCD03/un1_inflagc_2_0_a3_0 loads=1 clock_loads=1"  />

Completed router resource preassignment. Real time: 13 secs 

Start NBR router at 18:55:47 11/22/17

*****************************************************************
Info: NBR allows conflicts(one node used by more than one signal)
      in the earlier iterations. In each iteration, it tries to  
      solve the conflicts while keeping the critical connections 
      routed as short as possible. The routing process is said to
      be completed when no conflicts exist and all connections   
      are routed.                                                
Note: NBR uses a different method to calculate timing slacks. The
      worst slack and total negative slack may not be the same as
      that in TRCE report. You should always run TRCE to verify  
      your design.                                               
*****************************************************************

Start NBR special constraint process at 18:55:47 11/22/17

Start NBR section for initial routing at 18:55:47 11/22/17
Level 4, iteration 1
26(0.01%) conflicts; 0(0.00%) untouched conn; 0 (nbr) score; 
Estimated worst slack/total negative slack<setup>: 468.052ns/0.000ns; real time: 14 secs 

Info: Initial congestion level at 75% usage is 0
Info: Initial congestion area  at 75% usage is 0 (0.00%)

Start NBR section for normal routing at 18:55:47 11/22/17
Level 4, iteration 1
16(0.00%) conflicts; 0(0.00%) untouched conn; 0 (nbr) score; 
Estimated worst slack/total negative slack<setup>: 468.052ns/0.000ns; real time: 14 secs 
Level 4, iteration 2
11(0.00%) conflicts; 0(0.00%) untouched conn; 0 (nbr) score; 
Estimated worst slack/total negative slack<setup>: 467.889ns/0.000ns; real time: 14 secs 
Level 4, iteration 3
10(0.00%) conflicts; 0(0.00%) untouched conn; 0 (nbr) score; 
Estimated worst slack/total negative slack<setup>: 467.889ns/0.000ns; real time: 14 secs 
Level 4, iteration 4
8(0.00%) conflicts; 0(0.00%) untouched conn; 0 (nbr) score; 
Estimated worst slack/total negative slack<setup>: 467.889ns/0.000ns; real time: 14 secs 
Level 4, iteration 5
6(0.00%) conflicts; 0(0.00%) untouched conn; 0 (nbr) score; 
Estimated worst slack/total negative slack<setup>: 467.889ns/0.000ns; real time: 14 secs 
Level 4, iteration 6
5(0.00%) conflicts; 0(0.00%) untouched conn; 0 (nbr) score; 
Estimated worst slack/total negative slack<setup>: 467.889ns/0.000ns; real time: 14 secs 
Level 4, iteration 7
1(0.00%) conflict; 0(0.00%) untouched conn; 0 (nbr) score; 
Estimated worst slack/total negative slack<setup>: 467.833ns/0.000ns; real time: 14 secs 
Level 4, iteration 8
1(0.00%) conflict; 0(0.00%) untouched conn; 0 (nbr) score; 
Estimated worst slack/total negative slack<setup>: 467.833ns/0.000ns; real time: 14 secs 
Level 4, iteration 9
1(0.00%) conflict; 0(0.00%) untouched conn; 0 (nbr) score; 
Estimated worst slack/total negative slack<setup>: 467.833ns/0.000ns; real time: 14 secs 
Level 4, iteration 10
0(0.00%) conflict; 0(0.00%) untouched conn; 0 (nbr) score; 
Estimated worst slack/total negative slack<setup>: 467.833ns/0.000ns; real time: 14 secs 

Start NBR section for setup/hold timing optimization with effort level 3 at 18:55:47 11/22/17

Start NBR section for re-routing at 18:55:48 11/22/17
Level 4, iteration 1
0(0.00%) conflict; 0(0.00%) untouched conn; 0 (nbr) score; 
Estimated worst slack/total negative slack<setup>: 467.833ns/0.000ns; real time: 15 secs 

Start NBR section for post-routing at 18:55:48 11/22/17

End NBR router with 0 unrouted connection

NBR Summary
-----------
  Number of unrouted connections : 0 (0.00%)
  Number of connections with timing violations : 0 (0.00%)
  Estimated worst slack<setup> : 467.833ns
  Timing score<setup> : 0
-----------
Notes: The timing info is calculated for SETUP only and all PAR_ADJs are ignored.



    <postMsg mid="66011008" type="Warning" dynamic="1" navigation="0" arg0="&#xA;   Signal=K01.OS01.outdiv_i loads=7 clock_loads=4&#xA;   Signal=LCD03/ENc_RNO loads=1 clock_loads=1&#xA;   Signal=LCD03/outWordc_1_RNO[7] loads=1 clock_loads=1&#xA;   Signal=LCD03/N_45_i loads=1 clock_loads=1&#xA;   Signal=LCD03/N_109_i loads=1 clock_loads=1&#xA;   Signal=LCD03/N_108_i loads=1 clock_loads=1&#xA;   Signal=LCD03/N_8_i loads=1 clock_loads=1&#xA;   Signal=LCD03/N_107_i loads=1 clock_loads=1&#xA;   Signal=LCD03/N_19_i loads=1 clock_loads=1&#xA;   Signal=LCD03/un1_inflagc_2_0_a3_0 loads=1 clock_loads=1"  />

Total CPU time 9 secs 
Total REAL time: 15 secs 
Completely routed.
End of route.  861 routed (100.00%); 0 unrouted.

Hold time timing score: 0, hold timing errors: 0

Timing score: 0 

Dumping design to file lcdram00_lcdram00.dir/5_1.ncd.


PAR_SUMMARY::Run status = completed
PAR_SUMMARY::Number of unrouted conns = 0
PAR_SUMMARY::Worst  slack<setup/<ns>> = 467.833
PAR_SUMMARY::Timing score<setup/<ns>> = 0.000
PAR_SUMMARY::Worst  slack<hold /<ns>> = 0.304
PAR_SUMMARY::Timing score<hold /<ns>> = 0.000
PAR_SUMMARY::Number of errors = 0

Total CPU  time to completion: 9 secs 
Total REAL time to completion: 15 secs 

par done!

Copyright (c) 1991-1994 by NeoCAD Inc. All rights reserved.
Copyright (c) 1995 AT&T Corp.   All rights reserved.
Copyright (c) 1995-2001 Lucent Technologies Inc.  All rights reserved.
Copyright (c) 2001 Agere Systems   All rights reserved.
Copyright (c) 2002-2017 Lattice Semiconductor Corporation,  All rights reserved.
Exiting par with exit code 0
Exiting mpartrce with exit code 0

bitgen -f "lcdram00_lcdram00.t2b" -w "lcdram00_lcdram00.ncd" -jedec "lcdram00_lcdram00.prf"


BITGEN: Bitstream Generator Diamond (64-bit) 3.9.0.99.2
Copyright (c) 1991-1994 by NeoCAD Inc. All rights reserved.
Copyright (c) 1995 AT&T Corp.   All rights reserved.
Copyright (c) 1995-2001 Lucent Technologies Inc.  All rights reserved.
Copyright (c) 2001 Agere Systems   All rights reserved.
Copyright (c) 2002-2017 Lattice Semiconductor Corporation,  All rights reserved.


Loading design for application Bitgen from file lcdram00_lcdram00.ncd.
Design name: toplcdram00
NCD version: 3.3
Vendor:      LATTICE
Device:      LCMXO2-7000HE
Package:     TQFP144
Performance: 5
Loading device for application Bitgen from file 'xo2c7000.nph' in environment: C:/lscc/diamond/3.9_x64/ispfpga.
Package Status:                     Final          Version 1.39.
Performance Hardware Data Status:   Final          Version 34.4.

Running DRC.
DRC detected 0 errors and 0 warnings.
Reading Preference File from lcdram00_lcdram00.prf.

Preference Summary:
+---------------------------------+---------------------------------+
|  Preference                     |  Current Setting                |
+---------------------------------+---------------------------------+
|                         RamCfg  |                        Reset**  |
+---------------------------------+---------------------------------+
|                     MCCLK_FREQ  |                         2.08**  |
+---------------------------------+---------------------------------+
|                  CONFIG_SECURE  |                          OFF**  |
+---------------------------------+---------------------------------+
|                          INBUF  |                           ON**  |
+---------------------------------+---------------------------------+
|                      JTAG_PORT  |                       ENABLE**  |
+---------------------------------+---------------------------------+
|                       SDM_PORT  |                      DISABLE**  |
+---------------------------------+---------------------------------+
|                 SLAVE_SPI_PORT  |                      DISABLE**  |
+---------------------------------+---------------------------------+
|                MASTER_SPI_PORT  |                      DISABLE**  |
+---------------------------------+---------------------------------+
|                       I2C_PORT  |                      DISABLE**  |
+---------------------------------+---------------------------------+
|        MUX_CONFIGURATION_PORTS  |                      DISABLE**  |
+---------------------------------+---------------------------------+
|                  CONFIGURATION  |                          CFG**  |
+---------------------------------+---------------------------------+
|                COMPRESS_CONFIG  |                           ON**  |
+---------------------------------+---------------------------------+
|                        MY_ASSP  |                          OFF**  |
+---------------------------------+---------------------------------+
|               ONE_TIME_PROGRAM  |                          OFF**  |
+---------------------------------+---------------------------------+
|                 ENABLE_TRANSFR  |                      DISABLE**  |
+---------------------------------+---------------------------------+
|                  SHAREDEBRINIT  |                      DISABLE**  |
+---------------------------------+---------------------------------+
|            BACKGROUND_RECONFIG  |                          OFF**  |
+---------------------------------+---------------------------------+
 *  Default setting.
 ** The specified setting matches the default setting.


Creating bit map...
 
Bitstream Status: Final           Version 1.94.
 
Saving bit stream in "lcdram00_lcdram00.jed".
 
===========
UFM Summary.
===========
UFM Size:        2046 Pages (128*2046 Bits).
UFM Utilization: General Purpose Flash Memory.
 
Available General Purpose Flash Memory: 2046 Pages (Page 0 to Page 2045).
Initialized UFM Pages:                     0 Page.
 
