Running in Lattice mode

sourcing C:\lscc\diamond\3.7_x64\synpbase\lib\message_override.tcl


Starting:    C:\lscc\diamond\3.7_x64\synpbase\bin64\mbin\synbatch.exe
Install:     C:\lscc\diamond\3.7_x64\synpbase
Hostname:    JORGE
Date:        Sun Dec 11 16:39:40 2016
Version:     K-2015.09L-2

Arguments:   -product synplify_pro -batch lcdram00_lcdram00_synplify.tcl
ProductType: synplify_pro





log file: "C:\Users\beatl\Desktop\Arqui\Proyectos\LCDRAM\lcdram00\lcdram00_lcdram00.srr"

Running: hdl_info_gen in foreground



Generating HDL info...


hdl_info_gen Completed
Return Code: 0
Run Time:0h:00m:02s

Copied C:\Users\beatl\Desktop\Arqui\Proyectos\LCDRAM\lcdram00\lcdram00_lcdram00.srr to C:\Users\beatl\Desktop\Arqui\Proyectos\LCDRAM\lcdram00\lcdram00_lcdram00.srf

log file: "C:\Users\beatl\Desktop\Arqui\Proyectos\LCDRAM\lcdram00\lcdram00_lcdram00.srr"

Running: lcdram00 in foreground



Running proj_1|lcdram00


Running: compile (Compile) on proj_1|lcdram00


Running: compile_flow (Compile Process) on proj_1|lcdram00


Running: compiler (Compile Input) on proj_1|lcdram00

Copied C:\Users\beatl\Desktop\Arqui\Proyectos\LCDRAM\lcdram00\synwork\lcdram00_lcdram00_comp.srs to C:\Users\beatl\Desktop\Arqui\Proyectos\LCDRAM\lcdram00\lcdram00_lcdram00.srs


compiler Completed
Return Code: 0
Run Time:0h:00m:04s


Running: multi_srs_gen (Multi-srs Generator) on proj_1|lcdram00

Copied C:\Users\beatl\Desktop\Arqui\Proyectos\LCDRAM\lcdram00\synwork\lcdram00_lcdram00_comp.srs to C:\Users\beatl\Desktop\Arqui\Proyectos\LCDRAM\lcdram00\synwork\lcdram00_lcdram00_s.srs


multi_srs_gen Completed
Return Code: 0
Run Time:0h:00m:01s

Copied C:\Users\beatl\Desktop\Arqui\Proyectos\LCDRAM\lcdram00\lcdram00_lcdram00.srr to C:\Users\beatl\Desktop\Arqui\Proyectos\LCDRAM\lcdram00\lcdram00_lcdram00.srf

Complete: Compile Process on proj_1|lcdram00


Running: premap (Pre-mapping) on proj_1|lcdram00

Copied C:\Users\beatl\Desktop\Arqui\Proyectos\LCDRAM\lcdram00\lcdram00_lcdram00.fse to C:\Users\beatl\Desktop\Arqui\Proyectos\LCDRAM\lcdram00\synwork\lcdram00_lcdram00_s.fse


premap Completed with warnings
Return Code: 1
Run Time:0h:00m:05s

Complete: Compile on proj_1|lcdram00


Running: map (Map) on proj_1|lcdram00

License granted for 4 parallel jobs


Running: fpga_mapper (Map & Optimize) on proj_1|lcdram00

Copied C:\Users\beatl\Desktop\Arqui\Proyectos\LCDRAM\lcdram00\synwork\lcdram00_lcdram00_m.srm to C:\Users\beatl\Desktop\Arqui\Proyectos\LCDRAM\lcdram00\lcdram00_lcdram00.srm


fpga_mapper Completed with warnings
Return Code: 1
Run Time:0h:00m:06s

Complete: Map on proj_1|lcdram00

Copied C:\Users\beatl\Desktop\Arqui\Proyectos\LCDRAM\lcdram00\lcdram00_lcdram00.srr to C:\Users\beatl\Desktop\Arqui\Proyectos\LCDRAM\lcdram00\lcdram00_lcdram00.srf

Complete: Logic Synthesis on proj_1|lcdram00

TCL script complete: "lcdram00_lcdram00_synplify.tcl"

exit status=0

exit status=0

Save changes for project:
C:\Users\beatl\Desktop\Arqui\Proyectos\LCDRAM\lcdram00\proj_1.prj

batch mode default:no

