Running in Lattice mode


Starting:    C:\lscc\diamond\3.9_x64\synpbase\bin64\mbin\synbatch.exe
Install:     C:\lscc\diamond\3.9_x64\synpbase
Hostname:    ELIOTH
Date:        Fri Dec 01 16:28:43 2017
Version:     L-2016.09L-1

Arguments:   -product synplify_pro -batch proyecto00_proyecto00_synplify.tcl
ProductType: synplify_pro





Technology initialized from device list to: LATTICE-XP

log file: "C:\Users\ELITH\Documents\GitHub\arqui3CM3\proyecto00\proyecto00\proyecto00_proyecto00.srr"

Running: hdl_info_gen in foreground



Generating HDL info...


hdl_info_gen completed
# Fri Dec 01 16:28:44 2017

Return Code: 0
Run Time:00h:00m:01s

log file: "C:\Users\ELITH\Documents\GitHub\arqui3CM3\proyecto00\proyecto00\proyecto00_proyecto00.srr"

Running: proyecto00 in foreground



Running proj_1|proyecto00


Running: compile (Compile) on proj_1|proyecto00
# Fri Dec 01 16:28:44 2017


Running: compile_flow (Compile Process) on proj_1|proyecto00
# Fri Dec 01 16:28:44 2017


Running: compiler (Compile Input) on proj_1|proyecto00
# Fri Dec 01 16:28:44 2017

Copied C:\Users\ELITH\Documents\GitHub\arqui3CM3\proyecto00\proyecto00\synwork\proyecto00_proyecto00_comp.srs to C:\Users\ELITH\Documents\GitHub\arqui3CM3\proyecto00\proyecto00\proyecto00_proyecto00.srs


compiler completed
# Fri Dec 01 16:28:47 2017

Return Code: 0
Run Time:00h:00m:03s


Running: multi_srs_gen (Multi-srs Generator) on proj_1|proyecto00
# Fri Dec 01 16:28:47 2017


multi_srs_gen completed
# Fri Dec 01 16:28:47 2017

Return Code: 0
Run Time:00h:00m:00s

Copied C:\Users\ELITH\Documents\GitHub\arqui3CM3\proyecto00\proyecto00\synwork\proyecto00_proyecto00_mult.srs to C:\Users\ELITH\Documents\GitHub\arqui3CM3\proyecto00\proyecto00\proyecto00_proyecto00.srs

Copied C:\Users\ELITH\Documents\GitHub\arqui3CM3\proyecto00\proyecto00\proyecto00_proyecto00.srr to C:\Users\ELITH\Documents\GitHub\arqui3CM3\proyecto00\proyecto00\proyecto00_proyecto00.srf

Complete: Compile Process on proj_1|proyecto00


Running: premap (Pre-mapping) on proj_1|proyecto00
# Fri Dec 01 16:28:47 2017


premap completed with warnings
# Fri Dec 01 16:28:48 2017

Return Code: 1
Run Time:00h:00m:01s

Complete: Compile on proj_1|proyecto00


Running: map (Map) on proj_1|proyecto00
# Fri Dec 01 16:28:48 2017

License granted for 4 parallel jobs


Running: fpga_mapper (Map & Optimize) on proj_1|proyecto00
# Fri Dec 01 16:28:48 2017

Copied C:\Users\ELITH\Documents\GitHub\arqui3CM3\proyecto00\proyecto00\synwork\proyecto00_proyecto00_m.srm to C:\Users\ELITH\Documents\GitHub\arqui3CM3\proyecto00\proyecto00\proyecto00_proyecto00.srm


fpga_mapper completed with warnings
# Fri Dec 01 16:28:51 2017

Return Code: 1
Run Time:00h:00m:03s

Complete: Map on proj_1|proyecto00

Copied C:\Users\ELITH\Documents\GitHub\arqui3CM3\proyecto00\proyecto00\proyecto00_proyecto00.srr to C:\Users\ELITH\Documents\GitHub\arqui3CM3\proyecto00\proyecto00\proyecto00_proyecto00.srf

Complete: Logic Synthesis on proj_1|proyecto00

TCL script complete: "proyecto00_proyecto00_synplify.tcl"

exit status=0

exit status=0

Save changes for project:
C:\Users\ELITH\Documents\GitHub\arqui3CM3\proyecto00\proyecto00\proj_1.prj

batch mode default:no

