
        Lattice Mapping Report File for Design Module 'topmult4bit00'


Design Information
------------------

Command line:   map -a MachXO2 -p LCMXO2-7000HE -t TQFP144 -s 4 -oc Commercial
     mult4bits00_mult4bits00.ngd -o mult4bits00_mult4bits00_map.ncd -pr
     mult4bits00_mult4bits00.prf -mp mult4bits00_mult4bits00.mrp -lpf C:/Users/e
     liot/Documents/Github/arqui3CM3/mult4bits00/mult4bits00/mult4bits00_mult4bi
     ts00_synplify.lpf -lpf
     C:/Users/eliot/Documents/Github/arqui3CM3/mult4bits00/mult4bits00.lpf -c 0
     -gui -msgset
     C:/Users/eliot/Documents/Github/arqui3CM3/mult4bits00/promote.xml 
Target Vendor:  LATTICE
Target Device:  LCMXO2-7000HETQFP144
Target Performance:   4
Mapper:  xo2c00,  version:  Diamond (64-bit) 3.9.1.119
Mapped on:  09/26/17  07:23:48

Design Summary
--------------

   Number of registers:      0 out of  7209 (0%)
      PFU registers:            0 out of  6864 (0%)
      PIO registers:            0 out of   345 (0%)
   Number of SLICEs:        13 out of  3432 (0%)
      SLICEs as Logic/ROM:     13 out of  3432 (0%)
      SLICEs as RAM:            0 out of  2574 (0%)
      SLICEs as Carry:          0 out of  3432 (0%)
   Number of LUT4s:         26 out of  6864 (0%)
      Number used as logic LUTs:         26
      Number used as distributed RAM:     0
      Number used as ripple logic:        0
      Number used as shift registers:     0
   Number of PIO sites used: 16 + 4(JTAG) out of 115 (17%)
   Number of block RAMs:  0 out of 26 (0%)
   Number of GSRs:  0 out of 1 (0%)
   EFB used :       No
   JTAG used :      No
   Readback used :  No
   Oscillator used :  No
   Startup used :   No
   POR :            On
   Bandgap :        On
   Number of Power Controller:  0 out of 1 (0%)
   Number of Dynamic Bank Controller (BCINRD):  0 out of 6 (0%)
   Number of Dynamic Bank Controller (BCLVDSO):  0 out of 1 (0%)
   Number of DCCA:  0 out of 8 (0%)
   Number of DCMA:  0 out of 2 (0%)
   Number of PLLs:  0 out of 2 (0%)
   Number of DQSDLLs:  0 out of 2 (0%)
   Number of CLKDIVC:  0 out of 4 (0%)
   Number of ECLKSYNCA:  0 out of 4 (0%)
   Number of ECLKBRIDGECS:  0 out of 2 (0%)
   Notes:-
      1. Total number of LUT4s = (Number of logic LUT4s) + 2*(Number of
     distributed RAMs) + 2*(Number of ripple logic)
      2. Number of logic LUT4s does not include count of distributed RAM and
     ripple logic.
   Number of clocks:  0

                                    Page 1




Design:  topmult4bit00                                 Date:  09/26/17  07:23:48

Design Summary (cont)
---------------------
   Number of Clock Enables:  0
   Number of LSRs:  0
   Number of nets driven by tri-state buffers:  0
   Top 10 highest fanout non-clock nets:
     Net Am4_c[1]: 8 loads
     Net Am4_c[2]: 8 loads
     Net Bm4_c[2]: 8 loads
     Net Bm4_c[3]: 8 loads
     Net Am4_c[0]: 7 loads
     Net Bm4_c[1]: 7 loads
     Net Am4_c[3]: 6 loads
     Net Bm4_c[0]: 6 loads
     Net S2[0]: 3 loads
     Net S2[2]: 3 loads




   Number of warnings:  0
   Number of errors:    0
     

Design Errors/Warnings
----------------------

   No errors or warnings present.

IO (PIO) Attributes
-------------------

+---------------------+-----------+-----------+------------+
| IO Name             | Direction | Levelmode | IO         |
|                     |           |  IO_TYPE  | Register   |
+---------------------+-----------+-----------+------------+
| Rm4[0]              | OUTPUT    | LVCMOS25  |            |
+---------------------+-----------+-----------+------------+
| Am4[0]              | INPUT     | LVCMOS25  |            |
+---------------------+-----------+-----------+------------+
| Rm4[7]              | OUTPUT    | LVCMOS25  |            |
+---------------------+-----------+-----------+------------+
| Rm4[6]              | OUTPUT    | LVCMOS25  |            |
+---------------------+-----------+-----------+------------+
| Rm4[5]              | OUTPUT    | LVCMOS25  |            |
+---------------------+-----------+-----------+------------+
| Rm4[4]              | OUTPUT    | LVCMOS25  |            |
+---------------------+-----------+-----------+------------+
| Rm4[3]              | OUTPUT    | LVCMOS25  |            |
+---------------------+-----------+-----------+------------+
| Rm4[2]              | OUTPUT    | LVCMOS25  |            |
+---------------------+-----------+-----------+------------+
| Rm4[1]              | OUTPUT    | LVCMOS25  |            |
+---------------------+-----------+-----------+------------+
| Bm4[3]              | INPUT     | LVCMOS25  |            |
+---------------------+-----------+-----------+------------+
| Bm4[2]              | INPUT     | LVCMOS25  |            |
+---------------------+-----------+-----------+------------+

                                    Page 2




Design:  topmult4bit00                                 Date:  09/26/17  07:23:48

IO (PIO) Attributes (cont)
--------------------------
| Bm4[1]              | INPUT     | LVCMOS25  |            |
+---------------------+-----------+-----------+------------+
| Bm4[0]              | INPUT     | LVCMOS25  |            |
+---------------------+-----------+-----------+------------+
| Am4[3]              | INPUT     | LVCMOS25  |            |
+---------------------+-----------+-----------+------------+
| Am4[2]              | INPUT     | LVCMOS25  |            |
+---------------------+-----------+-----------+------------+
| Am4[1]              | INPUT     | LVCMOS25  |            |
+---------------------+-----------+-----------+------------+

Removed logic
-------------

Block VCC undriven or does not drive anything - clipped.
Block GSR_INST undriven or does not drive anything - clipped.
Block GND undriven or does not drive anything - clipped.
Block M00/GND undriven or does not drive anything - clipped.
Block M02/GND undriven or does not drive anything - clipped.
Block M03/GND undriven or does not drive anything - clipped.
Block M11/Fa02/HA02/GND undriven or does not drive anything - clipped.
Block M17/FA01/HA02/GND undriven or does not drive anything - clipped.
Signal VCC undriven or does not drive anything - clipped.

Memory Usage
------------


     

Run Time and Memory Usage
-------------------------

   Total CPU Time: 0 secs  
   Total REAL Time: 0 secs  
   Peak Memory Usage: 57 MB
        




















                                    Page 3


Copyright (c) 1991-1994 by NeoCAD Inc. All rights reserved.
     Copyright (c) 1995 AT&T Corp.   All rights reserved.
     Copyright (c) 1995-2001 Lucent Technologies Inc.  All rights reserved.
     Copyright (c) 2001 Agere Systems   All rights reserved.
     Copyright (c) 2002-2017 Lattice Semiconductor Corporation,  All rights
     reserved.
