
synpwrap -msg -prj "desplazamientosbarril00_desplazamientosbarril00_synplify.tcl" -log "desplazamientosbarril00_desplazamientosbarril00.srf"
Copyright (C) 1992-2017 Lattice Semiconductor Corporation. All rights reserved.
Lattice Diamond Version 3.9.1.119
    <postMsg mid="2011000" type="Info"    dynamic="0" navigation="0"  />

==contents of desplazamientosbarril00_desplazamientosbarril00.srf
#Build: Synplify Pro L-2016.09L-1, Build 147R, Mar  7 2017
#install: C:\lscc\diamond\3.9_x64\synpbase
#OS: Windows 8 6.2
#Hostname: ELIOTHLAPTOP

# Tue Sep 26 07:26:22 2017

#Implementation: desplazamientosbarril00

Synopsys HDL Compiler, version comp2016q3p1, Build 284R, built Mar 10 2017
@N|Running in 64-bit mode
Copyright (C) 1994-2016 Synopsys, Inc. All rights reserved. This Synopsys software and all associated documentation are proprietary to Synopsys, Inc. and may only be used pursuant to the terms and conditions of a written license agreement with Synopsys, Inc. All other use, reproduction, modification, or distribution of the Synopsys software or the associated documentation is strictly prohibited.

Synopsys VHDL Compiler, version comp2016q3p1, Build 284R, built Mar 10 2017
@N|Running in 64-bit mode
Copyright (C) 1994-2016 Synopsys, Inc. All rights reserved. This Synopsys software and all associated documentation are proprietary to Synopsys, Inc. and may only be used pursuant to the terms and conditions of a written license agreement with Synopsys, Inc. All other use, reproduction, modification, or distribution of the Synopsys software or the associated documentation is strictly prohibited.

@N: CD720 :"C:\lscc\diamond\3.9_x64\synpbase\lib\vhd\std.vhd":123:18:123:21|Setting time resolution to ps
@N:"C:\Users\eliot\Documents\Github\arqui3CM3\desplazamientosbarril00\topdesplazamientosbarril00.vhdl":8:7:8:32|Top entity is set to topdesplazamientosbarril00.
Options changed - recompiling
VHDL syntax check successful!
Options changed - recompiling
@N: CD630 :"C:\Users\eliot\Documents\Github\arqui3CM3\desplazamientosbarril00\topdesplazamientosbarril00.vhdl":8:7:8:32|Synthesizing work.topdesplazamientosbarril00.topdesplazamientosbarril0.
@N: CD630 :"C:\Users\eliot\Documents\Github\arqui3CM3\desplazamientosbarril00\desplazamientosbarril00.vhdl":8:7:8:29|Synthesizing work.desplazamientosbarril00.desplazamientosbarril0.
@N: CD364 :"C:\Users\eliot\Documents\Github\arqui3CM3\desplazamientosbarril00\desplazamientosbarril00.vhdl":42:6:42:10|Removing redundant assignment.
@N: CD364 :"C:\Users\eliot\Documents\Github\arqui3CM3\desplazamientosbarril00\desplazamientosbarril00.vhdl":52:6:52:10|Removing redundant assignment.
@N: CD364 :"C:\Users\eliot\Documents\Github\arqui3CM3\desplazamientosbarril00\desplazamientosbarril00.vhdl":63:6:63:10|Removing redundant assignment.
@N: CD364 :"C:\Users\eliot\Documents\Github\arqui3CM3\desplazamientosbarril00\desplazamientosbarril00.vhdl":74:6:74:10|Removing redundant assignment.
Post processing for work.desplazamientosbarril00.desplazamientosbarril0
@N: CD630 :"C:\Users\eliot\Documents\Github\arqui3CM3\divosc00vhdl\toposcdiv00.vhdl":8:7:8:17|Synthesizing work.toposcdiv00.toposcdiv0.
@N: CD630 :"C:\Users\eliot\Documents\Github\arqui3CM3\divosc00vhdl\div00.vhdl":7:7:7:11|Synthesizing work.div00.div0.
Post processing for work.div00.div0
@N: CD630 :"C:\Users\eliot\Documents\Github\arqui3CM3\divosc00vhdl\osc00.vhdl":8:7:8:11|Synthesizing work.osc00.osc0.
@W: CD276 :"C:\lscc\diamond\3.9_x64\cae_library\synthesis\vhdl\machxo2.vhd":2297:8:2297:15|Map for port sedstdby of component osch not found
@N: CD630 :"C:\lscc\diamond\3.9_x64\cae_library\synthesis\vhdl\machxo2.vhd":2291:10:2291:13|Synthesizing work.osch.syn_black_box.
Post processing for work.osch.syn_black_box
Post processing for work.osc00.osc0
Post processing for work.toposcdiv00.toposcdiv0
Post processing for work.topdesplazamientosbarril00.topdesplazamientosbarril0

At c_vhdl Exit (Real Time elapsed 0h:00m:00s; CPU Time elapsed 0h:00m:00s; Memory used current: 76MB peak: 82MB)

Process took 0h:00m:01s realtime, 0h:00m:01s cputime

Process completed successfully.
# Tue Sep 26 07:26:22 2017

###########################################################]
Synopsys Netlist Linker, version comp2016q3p1, Build 279R, built Mar  8 2017
@N|Running in 64-bit mode
File C:\Users\ELITH\Documents\GitHub\arqui3CM3\desplazamientosbarril00\desplazamientosbarril00\synwork\layer0.srs changed - recompiling

At syn_nfilter Exit (Real Time elapsed 0h:00m:00s; CPU Time elapsed 0h:00m:00s; Memory used current: 67MB peak: 68MB)

Process took 0h:00m:01s realtime, 0h:00m:01s cputime

Process completed successfully.
# Tue Sep 26 07:26:22 2017

###########################################################]
@END

At c_hdl Exit (Real Time elapsed 0h:00m:00s; CPU Time elapsed 0h:00m:00s; Memory used current: 3MB peak: 4MB)

Process took 0h:00m:01s realtime, 0h:00m:01s cputime

Process completed successfully.
# Tue Sep 26 07:26:22 2017

###########################################################]
Synopsys Netlist Linker, version comp2016q3p1, Build 279R, built Mar  8 2017
@N|Running in 64-bit mode
File C:\Users\ELITH\Documents\GitHub\arqui3CM3\desplazamientosbarril00\desplazamientosbarril00\synwork\desplazamientosbarril00_desplazamientosbarril00_comp.srs changed - recompiling

At syn_nfilter Exit (Real Time elapsed 0h:00m:00s; CPU Time elapsed 0h:00m:00s; Memory used current: 67MB peak: 68MB)

Process took 0h:00m:01s realtime, 0h:00m:01s cputime

Process completed successfully.
# Tue Sep 26 07:26:23 2017

###########################################################]
Pre-mapping Report

# Tue Sep 26 07:26:24 2017

Synopsys Lattice Technology Pre-mapping, Version maplat, Build 1682R, Built Mar 10 2017 10:47:08
Copyright (C) 1994-2017 Synopsys, Inc. This Synopsys software and all associated documentation are proprietary to Synopsys, Inc. and may only be used pursuant to the terms and conditions of a written license agreement with Synopsys, Inc. All other use, reproduction, modification, or distribution of the Synopsys software or the associated documentation is strictly prohibited.
Product Version L-2016.09L-1

Mapper Startup Complete (Real Time elapsed 0h:00m:00s; CPU Time elapsed 0h:00m:00s; Memory used current: 99MB peak: 100MB)

@A: MF827 |No constraint file specified.
@L: C:\Users\eliot\Documents\Github\arqui3CM3\desplazamientosbarril00\desplazamientosbarril00\desplazamientosbarril00_desplazamientosbarril00_scck.rpt 
Printing clock  summary report in "C:\Users\eliot\Documents\Github\arqui3CM3\desplazamientosbarril00\desplazamientosbarril00\desplazamientosbarril00_desplazamientosbarril00_scck.rpt" file 
@N: MF248 |Running in 64-bit mode.
@N: MF666 |Clock conversion enabled. (Command "set_option -fix_gated_and_generated_clocks 1" in the project file.)

Design Input Complete (Real Time elapsed 0h:00m:00s; CPU Time elapsed 0h:00m:00s; Memory used current: 100MB peak: 102MB)


Mapper Initialization Complete (Real Time elapsed 0h:00m:00s; CPU Time elapsed 0h:00m:00s; Memory used current: 100MB peak: 102MB)


Start loading timing files (Real Time elapsed 0h:00m:00s; CPU Time elapsed 0h:00m:00s; Memory used current: 112MB peak: 113MB)


Finished loading timing files (Real Time elapsed 0h:00m:00s; CPU Time elapsed 0h:00m:00s; Memory used current: 112MB peak: 115MB)

ICG Latch Removal Summary:
Number of ICG latches removed:	0
Number of ICG latches not removed:	0
syn_allowed_resources : blockrams=26  set on top level netlist topdesplazamientosbarril00

Finished netlist restructuring (Real Time elapsed 0h:00m:00s; CPU Time elapsed 0h:00m:00s; Memory used current: 140MB peak: 142MB)



Clock Summary
*****************

Start                            Requested     Requested     Clock                                           Clock                   Clock
Clock                            Frequency     Period        Type                                            Group                   Load 
------------------------------------------------------------------------------------------------------------------------------------------
div00|outdiv_derived_clock       2.1 MHz       480.769       derived (from osc00|osc_int_inferred_clock)     Inferred_clkgroup_0     20   
osc00|osc_int_inferred_clock     2.1 MHz       480.769       inferred                                        Inferred_clkgroup_0     23   
==========================================================================================================================================

@W: MT529 :"c:\users\eliot\documents\github\arqui3cm3\divosc00vhdl\div00.vhdl":21:2:21:3|Found inferred clock osc00|osc_int_inferred_clock which controls 23 sequential elements including W00.DO1.sdiv[21:0]. This clock has no specified timing constraint which may prevent conversion of gated or generated clocks and may adversely impact design performance. 

Finished Pre Mapping Phase.

Starting constraint checker (Real Time elapsed 0h:00m:00s; CPU Time elapsed 0h:00m:00s; Memory used current: 140MB peak: 142MB)

None
None

Finished constraint checker (Real Time elapsed 0h:00m:00s; CPU Time elapsed 0h:00m:00s; Memory used current: 140MB peak: 142MB)

Pre-mapping successful!

At Mapper Exit (Real Time elapsed 0h:00m:00s; CPU Time elapsed 0h:00m:00s; Memory used current: 56MB peak: 142MB)

Process took 0h:00m:01s realtime, 0h:00m:01s cputime
# Tue Sep 26 07:26:24 2017

###########################################################]
Map & Optimize Report

# Tue Sep 26 07:26:24 2017

Synopsys Lattice Technology Mapper, Version maplat, Build 1682R, Built Mar 10 2017 10:47:08
Copyright (C) 1994-2017 Synopsys, Inc. This Synopsys software and all associated documentation are proprietary to Synopsys, Inc. and may only be used pursuant to the terms and conditions of a written license agreement with Synopsys, Inc. All other use, reproduction, modification, or distribution of the Synopsys software or the associated documentation is strictly prohibited.
Product Version L-2016.09L-1

Mapper Startup Complete (Real Time elapsed 0h:00m:00s; CPU Time elapsed 0h:00m:00s; Memory used current: 99MB peak: 100MB)

@N: MF248 |Running in 64-bit mode.
@N: MF666 |Clock conversion enabled. (Command "set_option -fix_gated_and_generated_clocks 1" in the project file.)

Design Input Complete (Real Time elapsed 0h:00m:00s; CPU Time elapsed 0h:00m:00s; Memory used current: 99MB peak: 101MB)


Mapper Initialization Complete (Real Time elapsed 0h:00m:00s; CPU Time elapsed 0h:00m:00s; Memory used current: 99MB peak: 101MB)


Start loading timing files (Real Time elapsed 0h:00m:00s; CPU Time elapsed 0h:00m:00s; Memory used current: 112MB peak: 112MB)


Finished loading timing files (Real Time elapsed 0h:00m:00s; CPU Time elapsed 0h:00m:00s; Memory used current: 112MB peak: 114MB)



Starting Optimization and Mapping (Real Time elapsed 0h:00m:00s; CPU Time elapsed 0h:00m:00s; Memory used current: 139MB peak: 142MB)


Available hyper_sources - for debug and ip models
	None Found


Finished RTL optimizations (Real Time elapsed 0h:00m:00s; CPU Time elapsed 0h:00m:00s; Memory used current: 139MB peak: 142MB)


Starting factoring (Real Time elapsed 0h:00m:00s; CPU Time elapsed 0h:00m:00s; Memory used current: 140MB peak: 142MB)


Finished factoring (Real Time elapsed 0h:00m:00s; CPU Time elapsed 0h:00m:00s; Memory used current: 141MB peak: 142MB)


Finished gated-clock and generated-clock conversion (Real Time elapsed 0h:00m:00s; CPU Time elapsed 0h:00m:00s; Memory used current: 140MB peak: 142MB)


Finished generic timing optimizations - Pass 1 (Real Time elapsed 0h:00m:00s; CPU Time elapsed 0h:00m:00s; Memory used current: 141MB peak: 142MB)


Starting Early Timing Optimization (Real Time elapsed 0h:00m:00s; CPU Time elapsed 0h:00m:00s; Memory used current: 141MB peak: 142MB)


Finished Early Timing Optimization (Real Time elapsed 0h:00m:00s; CPU Time elapsed 0h:00m:00s; Memory used current: 141MB peak: 142MB)


Finished generic timing optimizations - Pass 2 (Real Time elapsed 0h:00m:00s; CPU Time elapsed 0h:00m:00s; Memory used current: 141MB peak: 142MB)


Finished preparing to map (Real Time elapsed 0h:00m:00s; CPU Time elapsed 0h:00m:00s; Memory used current: 141MB peak: 142MB)


Finished technology mapping (Real Time elapsed 0h:00m:00s; CPU Time elapsed 0h:00m:00s; Memory used current: 142MB peak: 144MB)

Pass		 CPU time		Worst Slack		Luts / Registers
------------------------------------------------------------
   1		0h:00m:00s		   469.41ns		  64 /        43

Finished technology timing optimizations and critical path resynthesis (Real Time elapsed 0h:00m:00s; CPU Time elapsed 0h:00m:00s; Memory used current: 142MB peak: 144MB)

@N: FX164 |The option to pack registers in the IOB has not been specified. Please set syn_useioff attribute.  
@A: BN291 :"c:\users\eliot\documents\github\arqui3cm3\desplazamientosbarril00\desplazamientosbarril00.vhdl":22:2:22:3|Boundary register W01.outs_7_.fb (in view: work.topdesplazamientosbarril00(topdesplazamientosbarril0)) is packed into a complex cell. To disable register packing, set syn_keep=1 on the net between the register and the complex cell. 
@A: BN291 :"c:\users\eliot\documents\github\arqui3cm3\desplazamientosbarril00\desplazamientosbarril00.vhdl":22:2:22:3|Boundary register W01.outs_6_.fb (in view: work.topdesplazamientosbarril00(topdesplazamientosbarril0)) is packed into a complex cell. To disable register packing, set syn_keep=1 on the net between the register and the complex cell. 
@A: BN291 :"c:\users\eliot\documents\github\arqui3cm3\desplazamientosbarril00\desplazamientosbarril00.vhdl":22:2:22:3|Boundary register W01.outs_5_.fb (in view: work.topdesplazamientosbarril00(topdesplazamientosbarril0)) is packed into a complex cell. To disable register packing, set syn_keep=1 on the net between the register and the complex cell. 
@A: BN291 :"c:\users\eliot\documents\github\arqui3cm3\desplazamientosbarril00\desplazamientosbarril00.vhdl":22:2:22:3|Boundary register W01.outs_4_.fb (in view: work.topdesplazamientosbarril00(topdesplazamientosbarril0)) is packed into a complex cell. To disable register packing, set syn_keep=1 on the net between the register and the complex cell. 
@A: BN291 :"c:\users\eliot\documents\github\arqui3cm3\desplazamientosbarril00\desplazamientosbarril00.vhdl":22:2:22:3|Boundary register W01.outs_3_.fb (in view: work.topdesplazamientosbarril00(topdesplazamientosbarril0)) is packed into a complex cell. To disable register packing, set syn_keep=1 on the net between the register and the complex cell. 
@A: BN291 :"c:\users\eliot\documents\github\arqui3cm3\desplazamientosbarril00\desplazamientosbarril00.vhdl":22:2:22:3|Boundary register W01.outs_2_.fb (in view: work.topdesplazamientosbarril00(topdesplazamientosbarril0)) is packed into a complex cell. To disable register packing, set syn_keep=1 on the net between the register and the complex cell. 
@A: BN291 :"c:\users\eliot\documents\github\arqui3cm3\desplazamientosbarril00\desplazamientosbarril00.vhdl":22:2:22:3|Boundary register W01.outs_1_.fb (in view: work.topdesplazamientosbarril00(topdesplazamientosbarril0)) is packed into a complex cell. To disable register packing, set syn_keep=1 on the net between the register and the complex cell. 
@A: BN291 :"c:\users\eliot\documents\github\arqui3cm3\desplazamientosbarril00\desplazamientosbarril00.vhdl":22:2:22:3|Boundary register W01.outs_0_.fb (in view: work.topdesplazamientosbarril00(topdesplazamientosbarril0)) is packed into a complex cell. To disable register packing, set syn_keep=1 on the net between the register and the complex cell. 

Finished restoring hierarchy (Real Time elapsed 0h:00m:00s; CPU Time elapsed 0h:00m:00s; Memory used current: 142MB peak: 144MB)

@N: MT611 :|Automatically generated clock div00|outdiv_derived_clock is not used and is being removed


@S |Clock Optimization Summary


#### START OF CLOCK OPTIMIZATION REPORT #####[

0 non-gated/non-generated clock tree(s) driving 0 clock pin(s) of sequential element(s)
1 gated/generated clock tree(s) driving 43 clock pin(s) of sequential element(s)
0 instances converted, 43 sequential instances remain driven by gated/generated clocks

================================================================================================= Gated/Generated Clocks ==================================================================================================
Clock Tree ID     Driving Element      Drive Element Type     Fanout     Sample Instance     Explanation                                                                                                                   
---------------------------------------------------------------------------------------------------------------------------------------------------------------------------------------------------------------------------
@K:CKID0001       W00.D00.OSCInst0     OSCH                   43         W01_outsio[0]       Gating structure creates improper gating logic. See the Gated Clocks description in the user guide for conversion requirements
===========================================================================================================================================================================================================================


##### END OF CLOCK OPTIMIZATION REPORT ######]


Start Writing Netlists (Real Time elapsed 0h:00m:00s; CPU Time elapsed 0h:00m:00s; Memory used current: 110MB peak: 144MB)

Writing Analyst data base C:\Users\eliot\Documents\Github\arqui3CM3\desplazamientosbarril00\desplazamientosbarril00\synwork\desplazamientosbarril00_desplazamientosbarril00_m.srm

Finished Writing Netlist Databases (Real Time elapsed 0h:00m:00s; CPU Time elapsed 0h:00m:00s; Memory used current: 142MB peak: 144MB)

Writing EDIF Netlist and constraint files
@N: FX1056 |Writing EDF file: C:\Users\eliot\Documents\Github\arqui3CM3\desplazamientosbarril00\desplazamientosbarril00\desplazamientosbarril00_desplazamientosbarril00.edi
L-2016.09L-1
@N: BW106 |Synplicity Constraint File capacitance units using default value of 1pF 

Finished Writing EDIF Netlist and constraint files (Real Time elapsed 0h:00m:01s; CPU Time elapsed 0h:00m:01s; Memory used current: 146MB peak: 148MB)


Start final timing analysis (Real Time elapsed 0h:00m:01s; CPU Time elapsed 0h:00m:01s; Memory used current: 146MB peak: 148MB)

@W: MT420 |Found inferred clock osc00|osc_int_inferred_clock with period 480.77ns. Please declare a user-defined clock on object "n:W00.D00.osc_int"


##### START OF TIMING REPORT #####[
# Timing Report written on Tue Sep 26 07:26:25 2017
#


Top view:               topdesplazamientosbarril00
Requested Frequency:    2.1 MHz
Wire load mode:         top
Paths requested:        5
Constraint File(s):    
@N: MT320 |This timing report is an estimate of place and route data. For final timing results, use the FPGA vendor place and route report.

@N: MT322 |Clock constraints include only register-to-register paths associated with each individual clock.



Performance Summary
*******************


Worst slack in design: 469.740

                                 Requested     Estimated     Requested     Estimated                 Clock        Clock              
Starting Clock                   Frequency     Frequency     Period        Period        Slack       Type         Group              
-------------------------------------------------------------------------------------------------------------------------------------
osc00|osc_int_inferred_clock     2.1 MHz       90.7 MHz      480.769       11.029        469.740     inferred     Inferred_clkgroup_0
=====================================================================================================================================





Clock Relationships
*******************

Clocks                                                      |    rise  to  rise     |    fall  to  fall   |    rise  to  fall   |    fall  to  rise 
----------------------------------------------------------------------------------------------------------------------------------------------------
Starting                      Ending                        |  constraint  slack    |  constraint  slack  |  constraint  slack  |  constraint  slack
----------------------------------------------------------------------------------------------------------------------------------------------------
osc00|osc_int_inferred_clock  osc00|osc_int_inferred_clock  |  480.769     469.740  |  No paths    -      |  No paths    -      |  No paths    -    
====================================================================================================================================================
 Note: 'No paths' indicates there are no paths in the design for that pair of clock edges.
       'Diff grp' indicates that paths exist but the starting clock and ending clock are in different clock groups.



Interface Information 
*********************

No IO constraint found



====================================
Detailed Report for Clock: osc00|osc_int_inferred_clock
====================================



Starting Points with Worst Slack
********************************

                     Starting                                                          Arrival            
Instance             Reference                        Type        Pin     Net          Time        Slack  
                     Clock                                                                                
----------------------------------------------------------------------------------------------------------
W00.DO1.sdiv[20]     osc00|osc_int_inferred_clock     FD1S3IX     Q       sdiv[20]     1.148       469.740
W00.DO1.sdiv[21]     osc00|osc_int_inferred_clock     FD1S3IX     Q       sdiv[21]     1.180       469.780
W00.DO1.sdiv[19]     osc00|osc_int_inferred_clock     FD1S3IX     Q       sdiv[19]     1.108       470.519
W00.DO1.sdiv[18]     osc00|osc_int_inferred_clock     FD1S3IX     Q       sdiv[18]     1.108       470.661
W00.DO1.sdiv[12]     osc00|osc_int_inferred_clock     FD1S3IX     Q       sdiv[12]     1.044       470.959
W00.DO1.sdiv[13]     osc00|osc_int_inferred_clock     FD1S3IX     Q       sdiv[13]     1.044       470.959
W00.DO1.sdiv[14]     osc00|osc_int_inferred_clock     FD1S3IX     Q       sdiv[14]     1.044       470.959
W00.DO1.sdiv[15]     osc00|osc_int_inferred_clock     FD1S3IX     Q       sdiv[15]     1.108       470.967
W00.DO1.sdiv[17]     osc00|osc_int_inferred_clock     FD1S3IX     Q       sdiv[17]     1.108       471.814
W00.DO1.sdiv[16]     osc00|osc_int_inferred_clock     FD1S3IX     Q       sdiv[16]     1.044       471.912
==========================================================================================================


Ending Points with Worst Slack
******************************

                     Starting                                                                  Required            
Instance             Reference                        Type         Pin     Net                 Time         Slack  
                     Clock                                                                                         
-------------------------------------------------------------------------------------------------------------------
W01.scont[0]         osc00|osc_int_inferred_clock     FD1P3IX      CD      sins30_RNIHQB02     479.966      469.740
W01.scont[1]         osc00|osc_int_inferred_clock     FD1P3IX      CD      sins30_RNIHQB02     479.966      469.740
W01.scont[2]         osc00|osc_int_inferred_clock     FD1P3IX      CD      sins30_RNIHQB02     479.966      469.740
W01.scont[3]         osc00|osc_int_inferred_clock     FD1P3IX      CD      sins30_RNIHQB02     479.966      469.740
W00.DO1.sdiv[21]     osc00|osc_int_inferred_clock     FD1S3IX      D       un2_sdiv[21]        480.664      470.623
W00.DO1.sdiv[19]     osc00|osc_int_inferred_clock     FD1S3IX      D       un2_sdiv[19]        480.664      470.766
W00.DO1.sdiv[20]     osc00|osc_int_inferred_clock     FD1S3IX      D       un2_sdiv[20]        480.664      470.766
W00.DO1.sdiv[17]     osc00|osc_int_inferred_clock     FD1S3IX      D       un2_sdiv[17]        480.664      470.909
W00.DO1.sdiv[18]     osc00|osc_int_inferred_clock     FD1S3IX      D       un2_sdiv[18]        480.664      470.909
W01_outsio[0]        osc00|osc_int_inferred_clock     OFS1P3IX     CD      G_10                479.966      470.933
===================================================================================================================



Worst Path Information
***********************


Path information for path number 1: 
      Requested Period:                      480.769
    - Setup time:                            0.803
    + Clock delay at ending point:           0.000 (ideal)
    = Required time:                         479.966

    - Propagation time:                      10.226
    - Clock delay at starting point:         0.000 (ideal)
    = Slack (critical) :                     469.740

    Number of logic level(s):                8
    Starting point:                          W00.DO1.sdiv[20] / Q
    Ending point:                            W01.scont[0] / CD
    The start point is clocked by            osc00|osc_int_inferred_clock [rising] on pin CK
    The end   point is clocked by            osc00|osc_int_inferred_clock [rising] on pin CK

Instance / Net                                           Pin      Pin               Arrival     No. of    
Name                                        Type         Name     Dir     Delay     Time        Fan Out(s)
----------------------------------------------------------------------------------------------------------
W00.DO1.sdiv[20]                            FD1S3IX      Q        Out     1.148     1.148       -         
sdiv[20]                                    Net          -        -       -         -           4         
W00.DO1.un1_outdiv_0_sqmuxa_1_0_o2[0]       ORCALUT4     A        In      0.000     1.148       -         
W00.DO1.un1_outdiv_0_sqmuxa_1_0_o2[0]       ORCALUT4     Z        Out     1.017     2.165       -         
N_11                                        Net          -        -       -         -           1         
W00.DO1.un1_outdiv_0_sqmuxa_1_0_a9_0[0]     ORCALUT4     A        In      0.000     2.165       -         
W00.DO1.un1_outdiv_0_sqmuxa_1_0_a9_0[0]     ORCALUT4     Z        Out     1.089     3.253       -         
N_24                                        Net          -        -       -         -           2         
W00.DO1.un1_outdiv_1_sqmuxa_i_2             ORCALUT4     A        In      0.000     3.253       -         
W00.DO1.un1_outdiv_1_sqmuxa_i_2             ORCALUT4     Z        Out     1.017     4.270       -         
un1_outdiv_1_sqmuxa_i_2                     Net          -        -       -         -           1         
W00.DO1.un1_outdiv_1_sqmuxa_i_4             ORCALUT4     C        In      0.000     4.270       -         
W00.DO1.un1_outdiv_1_sqmuxa_i_4             ORCALUT4     Z        Out     1.089     5.359       -         
un1_outdiv_1_sqmuxa_i_4                     Net          -        -       -         -           2         
W00.DO1.un1_outdiv_1_sqmuxa_i               ORCALUT4     B        In      0.000     5.359       -         
W00.DO1.un1_outdiv_1_sqmuxa_i               ORCALUT4     Z        Out     1.153     6.512       -         
N_5                                         Net          -        -       -         -           3         
W01.G_2                                     ORCALUT4     A        In      0.000     6.512       -         
W01.G_2                                     ORCALUT4     Z        Out     1.249     7.761       -         
G_2                                         Net          -        -       -         -           7         
W01.G_10                                    ORCALUT4     A        In      0.000     7.761       -         
W01.G_10                                    ORCALUT4     Z        Out     1.273     9.033       -         
G_10                                        Net          -        -       -         -           9         
W01.ps\.sins30_RNIHQB02                     ORCALUT4     B        In      0.000     9.033       -         
W01.ps\.sins30_RNIHQB02                     ORCALUT4     Z        Out     1.193     10.226      -         
sins30_RNIHQB02                             Net          -        -       -         -           4         
W01.scont[0]                                FD1P3IX      CD       In      0.000     10.226      -         
==========================================================================================================



##### END OF TIMING REPORT #####]

Timing exceptions that could not be applied
None

Finished final timing analysis (Real Time elapsed 0h:00m:01s; CPU Time elapsed 0h:00m:01s; Memory used current: 146MB peak: 148MB)


Finished timing report (Real Time elapsed 0h:00m:01s; CPU Time elapsed 0h:00m:01s; Memory used current: 146MB peak: 148MB)

---------------------------------------
Resource Usage Report
Part: lcmxo2_7000he-4

Register bits: 43 of 6864 (1%)
PIC Latch:       0
I/O cells:       28


Details:
CCU2D:          15
FD1P3AX:        8
FD1P3IX:        4
FD1S3AX:        1
FD1S3IX:        22
GSR:            1
IB:             19
OB:             9
OFS1P3IX:       8
ORCALUT4:       64
OSCH:           1
PFUMX:          2
PUR:            1
VHI:            3
VLO:            4
false:          1
true:           2
Mapper successful!

At Mapper Exit (Real Time elapsed 0h:00m:01s; CPU Time elapsed 0h:00m:01s; Memory used current: 32MB peak: 148MB)

Process took 0h:00m:01s realtime, 0h:00m:01s cputime
# Tue Sep 26 07:26:26 2017

###########################################################]


Synthesis exit by 0.

edif2ngd  -l "MachXO2" -d LCMXO2-7000HE -path "C:/Users/eliot/Documents/Github/arqui3CM3/desplazamientosbarril00/desplazamientosbarril00" -path "C:/Users/eliot/Documents/Github/arqui3CM3/desplazamientosbarril00"   "C:/Users/eliot/Documents/Github/arqui3CM3/desplazamientosbarril00/desplazamientosbarril00/desplazamientosbarril00_desplazamientosbarril00.edi" "desplazamientosbarril00_desplazamientosbarril00.ngo"   
edif2ngd:  version Diamond (64-bit) 3.9.1.119

Copyright (c) 1991-1994 by NeoCAD Inc. All rights reserved.
Copyright (c) 1995 AT&T Corp.   All rights reserved.
Copyright (c) 1995-2001 Lucent Technologies Inc.  All rights reserved.
Copyright (c) 2001 Agere Systems   All rights reserved.
Copyright (c) 2002-2017 Lattice Semiconductor Corporation,  All rights reserved.
Writing the design to desplazamientosbarril00_desplazamientosbarril00.ngo...

Total CPU Time: 0 secs  

Total REAL Time: 0 secs  


ngdbuild  -a "MachXO2" -d LCMXO2-7000HE  -p "C:/lscc/diamond/3.9_x64/ispfpga/xo2c00/data"  -p "C:/Users/eliot/Documents/Github/arqui3CM3/desplazamientosbarril00/desplazamientosbarril00" -p "C:/Users/eliot/Documents/Github/arqui3CM3/desplazamientosbarril00"  "desplazamientosbarril00_desplazamientosbarril00.ngo" "desplazamientosbarril00_desplazamientosbarril00.ngd"  	
ngdbuild:  version Diamond (64-bit) 3.9.1.119

Copyright (c) 1991-1994 by NeoCAD Inc. All rights reserved.
Copyright (c) 1995 AT&T Corp.   All rights reserved.
Copyright (c) 1995-2001 Lucent Technologies Inc.  All rights reserved.
Copyright (c) 2001 Agere Systems   All rights reserved.
Copyright (c) 2002-2017 Lattice Semiconductor Corporation,  All rights reserved.
Reading 'desplazamientosbarril00_desplazamientosbarril00.ngo' ...
Loading NGL library 'C:/lscc/diamond/3.9_x64/ispfpga/xo2c00a/data/xo2alib.ngl'...
Loading NGL library 'C:/lscc/diamond/3.9_x64/ispfpga/xo2c00/data/xo2clib.ngl'...
Loading NGL library 'C:/lscc/diamond/3.9_x64/ispfpga/mg5g00/data/mg5glib.ngl'...
Loading NGL library 'C:/lscc/diamond/3.9_x64/ispfpga/or5g00/data/orc5glib.ngl'...


Running DRC...

    <postMsg mid="1166052" type="Warning" dynamic="2" navigation="1" arg0="logical" arg1="W00/DO1/un2_sdiv_s_21_0_COUT" arg2="W00/DO1/un2_sdiv_s_21_0_COUT"  />
    <postMsg mid="1166052" type="Warning" dynamic="2" navigation="1" arg0="logical" arg1="W00/DO1/un2_sdiv_s_21_0_S1" arg2="W00/DO1/un2_sdiv_s_21_0_S1"  />
    <postMsg mid="1166052" type="Warning" dynamic="2" navigation="1" arg0="logical" arg1="W00/DO1/un2_sdiv_cry_0_0_S0" arg2="W00/DO1/un2_sdiv_cry_0_0_S0"  />
    <postMsg mid="1166052" type="Warning" dynamic="2" navigation="1" arg0="logical" arg1="W00/D00/OSCInst0_SEDSTDBY" arg2="W00/D00/OSCInst0_SEDSTDBY"  />
    <postMsg mid="1166052" type="Warning" dynamic="2" navigation="1" arg0="logical" arg1="W01/un1_scont_cry_3_0_COUT" arg2="W01/un1_scont_cry_3_0_COUT"  />
    <postMsg mid="1166052" type="Warning" dynamic="2" navigation="1" arg0="logical" arg1="W01/un1_scont_cry_3_0_S0" arg2="W01/un1_scont_cry_3_0_S0"  />
    <postMsg mid="1166052" type="Warning" dynamic="2" navigation="1" arg0="logical" arg1="W01/un1_scont_cry_1_0_S0" arg2="W01/un1_scont_cry_1_0_S0"  />
    <postMsg mid="1166052" type="Warning" dynamic="2" navigation="1" arg0="logical" arg1="W01/un1_scont_cry_1_0_S1" arg2="W01/un1_scont_cry_1_0_S1"  />
    <postMsg mid="1166052" type="Warning" dynamic="2" navigation="1" arg0="logical" arg1="W01/un1_scont_cry_0_0_S0" arg2="W01/un1_scont_cry_0_0_S0"  />
    <postMsg mid="1166052" type="Warning" dynamic="2" navigation="1" arg0="logical" arg1="W01/un1_scont_cry_0_0_S1" arg2="W01/un1_scont_cry_0_0_S1"  />
    <postMsg mid="1163101" type="Warning" dynamic="1" navigation="0" arg0="10"  />

Design Results:
    161 blocks expanded
Complete the first expansion.
Writing 'desplazamientosbarril00_desplazamientosbarril00.ngd' ...
Total CPU Time: 0 secs  

Total REAL Time: 0 secs  


map -a "MachXO2" -p LCMXO2-7000HE -t TQFP144 -s 4 -oc Commercial   "desplazamientosbarril00_desplazamientosbarril00.ngd" -o "desplazamientosbarril00_desplazamientosbarril00_map.ncd" -pr "desplazamientosbarril00_desplazamientosbarril00.prf" -mp "desplazamientosbarril00_desplazamientosbarril00.mrp" -lpf "C:/Users/eliot/Documents/Github/arqui3CM3/desplazamientosbarril00/desplazamientosbarril00/desplazamientosbarril00_desplazamientosbarril00_synplify.lpf" -lpf "C:/Users/eliot/Documents/Github/arqui3CM3/desplazamientosbarril00/desplazamientosbarril00.lpf" -c 0            
map:  version Diamond (64-bit) 3.9.1.119

Copyright (c) 1991-1994 by NeoCAD Inc. All rights reserved.
Copyright (c) 1995 AT&T Corp.   All rights reserved.
Copyright (c) 1995-2001 Lucent Technologies Inc.  All rights reserved.
Copyright (c) 2001 Agere Systems   All rights reserved.
Copyright (c) 2002-2017 Lattice Semiconductor Corporation,  All rights reserved.
   Process the file: desplazamientosbarril00_desplazamientosbarril00.ngd
   Picdevice="LCMXO2-7000HE"

   Pictype="TQFP144"

   Picspeed=4

   Remove unused logic

   Do not produce over sized NCDs.

Part used: LCMXO2-7000HETQFP144, Performance used: 4.

Loading device for application map from file 'xo2c7000.nph' in environment: C:/lscc/diamond/3.9_x64/ispfpga.
Package Status:                     Final          Version 1.39.

Running general design DRC...

Removing unused logic...

Optimizing...




Design Summary:
   Number of registers:     43 out of  7209 (1%)
      PFU registers:           35 out of  6864 (1%)
      PIO registers:            8 out of   345 (2%)
   Number of SLICEs:        47 out of  3432 (1%)
      SLICEs as Logic/ROM:     47 out of  3432 (1%)
      SLICEs as RAM:            0 out of  2574 (0%)
      SLICEs as Carry:         15 out of  3432 (0%)
   Number of LUT4s:         94 out of  6864 (1%)
      Number used as logic LUTs:         64
      Number used as distributed RAM:     0
      Number used as ripple logic:       30
      Number used as shift registers:     0
   Number of PIO sites used: 28 + 4(JTAG) out of 115 (28%)
   Number of block RAMs:  0 out of 26 (0%)
   Number of GSRs:  0 out of 1 (0%)
   EFB used :       No
   JTAG used :      No
   Readback used :  No
   Oscillator used :  Yes
   Startup used :   No
   POR :            On
   Bandgap :        On
   Number of Power Controller:  0 out of 1 (0%)
   Number of Dynamic Bank Controller (BCINRD):  0 out of 6 (0%)
   Number of Dynamic Bank Controller (BCLVDSO):  0 out of 1 (0%)
   Number of DCCA:  0 out of 8 (0%)
   Number of DCMA:  0 out of 2 (0%)
   Number of PLLs:  0 out of 2 (0%)
   Number of DQSDLLs:  0 out of 2 (0%)
   Number of CLKDIVC:  0 out of 4 (0%)
   Number of ECLKSYNCA:  0 out of 4 (0%)
   Number of ECLKBRIDGECS:  0 out of 2 (0%)
   Notes:-
      1. Total number of LUT4s = (Number of logic LUT4s) + 2*(Number of distributed RAMs) + 2*(Number of ripple logic)
      2. Number of logic LUT4s does not include count of distributed RAM and ripple logic.
   Number of clocks:  1
     Net W00.sclk_0: 28 loads, 28 rising, 0 falling (Driver: W00/D00/OSCInst0 )
   Number of Clock Enables:  3
     Net ps.un1_scont_cry_3_0_RNICGEJ1_0: 8 loads, 0 LSLICEs
     Net W01/G_2: 2 loads, 2 LSLICEs
     Net W01/un1_scont_cry_3_0_RNICGEJ1: 5 loads, 5 LSLICEs
   Number of LSRs:  3
     Net G_10: 8 loads, 0 LSLICEs
     Net W01/sins30_RNIHQB02: 2 loads, 2 LSLICEs
     Net W00/DO1/N_5_i: 12 loads, 12 LSLICEs
   Number of nets driven by tri-state buffers:  0
   Top 10 highest fanout non-clock nets:
     Net en0_c[2]: 14 loads
     Net W00/DO1/N_5_i: 12 loads
     Net cdiv0_c[1]: 9 loads
     Net G_10: 9 loads
     Net W01/sins30: 9 loads
     Net cdiv0_c[0]: 8 loads
     Net ps.un1_scont_cry_3_0_RNICGEJ1_0: 8 loads
     Net W01/sins_14_sn_N_5: 8 loads
     Net en0_c[0]: 7 loads
     Net en0_c[1]: 7 loads
 

   Number of warnings:  0
   Number of errors:    0



Total CPU Time: 0 secs  
Total REAL Time: 0 secs  
Peak Memory Usage: 58 MB

Dumping design to file desplazamientosbarril00_desplazamientosbarril00_map.ncd.

mpartrce -p "desplazamientosbarril00_desplazamientosbarril00.p2t" -f "desplazamientosbarril00_desplazamientosbarril00.p3t" -tf "desplazamientosbarril00_desplazamientosbarril00.pt" "desplazamientosbarril00_desplazamientosbarril00_map.ncd" "desplazamientosbarril00_desplazamientosbarril00.ncd"

---- MParTrce Tool ----
Removing old design directory at request of -rem command line option to this program.
Running par. Please wait . . .

Lattice Place and Route Report for Design "desplazamientosbarril00_desplazamientosbarril00_map.ncd"
Tue Sep 26 07:26:29 2017

PAR: Place And Route Diamond (64-bit) 3.9.1.119.
Command Line: par -w -l 5 -i 6 -t 1 -c 0 -e 0 -gui -msgset C:/Users/eliot/Documents/Github/arqui3CM3/desplazamientosbarril00/promote.xml -exp parUseNBR=1:parCDP=0:parCDR=0:parPathBased=OFF desplazamientosbarril00_desplazamientosbarril00_map.ncd desplazamientosbarril00_desplazamientosbarril00.dir/5_1.ncd desplazamientosbarril00_desplazamientosbarril00.prf
Preference file: desplazamientosbarril00_desplazamientosbarril00.prf.
Placement level-cost: 5-1.
Routing Iterations: 6

Loading design for application par from file desplazamientosbarril00_desplazamientosbarril00_map.ncd.
Design name: topdesplazamientosbarril00
NCD version: 3.3
Vendor:      LATTICE
Device:      LCMXO2-7000HE
Package:     TQFP144
Performance: 4
Loading device for application par from file 'xo2c7000.nph' in environment: C:/lscc/diamond/3.9_x64/ispfpga.
Package Status:                     Final          Version 1.39.
Performance Hardware Data Status:   Final          Version 34.4.
License checked out.


Ignore Preference Error(s):  True
Device utilization summary:

   PIO (prelim)   28+4(JTAG)/336     10% used
                  28+4(JTAG)/115     28% bonded
   IOLOGIC            8/336           2% used

   SLICE             47/3432          1% used

   OSC                1/1           100% used


Number of Signals: 161
Number of Connections: 366

Pin Constraint Summary:
   27 out of 28 pins locked (96% locked).

The following 1 signal is selected to use the primary clock routing resources:
    W00.sclk_0 (driver: W00/D00/OSCInst0, clk load #: 28)


The following 1 signal is selected to use the secondary clock routing resources:
    W00/DO1/N_5_i (driver: W00/DO1/SLICE_32, clk load #: 0, sr load #: 12, ce load #: 0)

No signal is selected as Global Set/Reset.
.
Starting Placer Phase 0.
..........
Finished Placer Phase 0.  REAL time: 0 secs 

Starting Placer Phase 1.
...................
Placer score = 34472.
Finished Placer Phase 1.  REAL time: 5 secs 

Starting Placer Phase 2.
.
Placer score =  34367
Finished Placer Phase 2.  REAL time: 5 secs 


------------------ Clock Report ------------------

Global Clock Resources:
  CLK_PIN    : 0 out of 8 (0%)
  PLL        : 0 out of 2 (0%)
  DCM        : 0 out of 2 (0%)
  DCC        : 0 out of 8 (0%)

Quadrants All (TL, TR, BL, BR) - Global Clocks:
  PRIMARY "W00.sclk_0" from OSC on comp "W00/D00/OSCInst0" on site "OSC", clk load = 28
  SECONDARY "W00/DO1/N_5_i" from F0 on comp "W00/DO1/SLICE_32" on site "R21C18D", clk load = 0, ce load = 0, sr load = 12

  PRIMARY  : 1 out of 8 (12%)
  SECONDARY: 1 out of 8 (12%)

Edge Clocks:
  No edge clock selected.

--------------- End of Clock Report ---------------


I/O Usage Summary (final):
   28 + 4(JTAG) out of 336 (9.5%) PIO sites used.
   28 + 4(JTAG) out of 115 (27.8%) bonded PIO sites used.
   Number of PIO comps: 28; differential: 0.
   Number of Vref pins used: 0.

I/O Bank Usage Summary:
+----------+----------------+------------+-----------+
| I/O Bank | Usage          | Bank Vccio | Bank Vref |
+----------+----------------+------------+-----------+
| 0        | 0 / 28 (  0%)  | -          | -         |
| 1        | 0 / 29 (  0%)  | -          | -         |
| 2        | 20 / 29 ( 68%) | 2.5V       | -         |
| 3        | 0 / 9 (  0%)   | -          | -         |
| 4        | 8 / 10 ( 80%)  | 2.5V       | -         |
| 5        | 0 / 10 (  0%)  | -          | -         |
+----------+----------------+------------+-----------+

Total placer CPU time: 4 secs 

Dumping design to file desplazamientosbarril00_desplazamientosbarril00.dir/5_1.ncd.

0 connections routed; 366 unrouted.
Starting router resource preassignment

Completed router resource preassignment. Real time: 6 secs 

Start NBR router at 07:26:35 09/26/17

*****************************************************************
Info: NBR allows conflicts(one node used by more than one signal)
      in the earlier iterations. In each iteration, it tries to  
      solve the conflicts while keeping the critical connections 
      routed as short as possible. The routing process is said to
      be completed when no conflicts exist and all connections   
      are routed.                                                
Note: NBR uses a different method to calculate timing slacks. The
      worst slack and total negative slack may not be the same as
      that in TRCE report. You should always run TRCE to verify  
      your design.                                               
*****************************************************************

Start NBR special constraint process at 07:26:35 09/26/17

Start NBR section for initial routing at 07:26:35 09/26/17
Level 4, iteration 1
3(0.00%) conflicts; 0(0.00%) untouched conn; 0 (nbr) score; 
Estimated worst slack/total negative slack<setup>: 467.295ns/0.000ns; real time: 7 secs 

Info: Initial congestion level at 75% usage is 0
Info: Initial congestion area  at 75% usage is 0 (0.00%)

Start NBR section for normal routing at 07:26:36 09/26/17
Level 4, iteration 1
1(0.00%) conflict; 0(0.00%) untouched conn; 0 (nbr) score; 
Estimated worst slack/total negative slack<setup>: 467.295ns/0.000ns; real time: 7 secs 
Level 4, iteration 2
0(0.00%) conflict; 0(0.00%) untouched conn; 0 (nbr) score; 
Estimated worst slack/total negative slack<setup>: 467.295ns/0.000ns; real time: 7 secs 

Start NBR section for setup/hold timing optimization with effort level 3 at 07:26:36 09/26/17

Start NBR section for re-routing at 07:26:36 09/26/17
Level 4, iteration 1
0(0.00%) conflict; 0(0.00%) untouched conn; 0 (nbr) score; 
Estimated worst slack/total negative slack<setup>: 467.295ns/0.000ns; real time: 7 secs 

Start NBR section for post-routing at 07:26:36 09/26/17

End NBR router with 0 unrouted connection

NBR Summary
-----------
  Number of unrouted connections : 0 (0.00%)
  Number of connections with timing violations : 0 (0.00%)
  Estimated worst slack<setup> : 467.295ns
  Timing score<setup> : 0
-----------
Notes: The timing info is calculated for SETUP only and all PAR_ADJs are ignored.



Total CPU time 7 secs 
Total REAL time: 7 secs 
Completely routed.
End of route.  366 routed (100.00%); 0 unrouted.

Hold time timing score: 0, hold timing errors: 0

Timing score: 0 

Dumping design to file desplazamientosbarril00_desplazamientosbarril00.dir/5_1.ncd.


PAR_SUMMARY::Run status = completed
PAR_SUMMARY::Number of unrouted conns = 0
PAR_SUMMARY::Worst  slack<setup/<ns>> = 467.295
PAR_SUMMARY::Timing score<setup/<ns>> = 0.000
PAR_SUMMARY::Worst  slack<hold /<ns>> = 0.377
PAR_SUMMARY::Timing score<hold /<ns>> = 0.000
PAR_SUMMARY::Number of errors = 0

Total CPU  time to completion: 7 secs 
Total REAL time to completion: 7 secs 

par done!

Copyright (c) 1991-1994 by NeoCAD Inc. All rights reserved.
Copyright (c) 1995 AT&T Corp.   All rights reserved.
Copyright (c) 1995-2001 Lucent Technologies Inc.  All rights reserved.
Copyright (c) 2001 Agere Systems   All rights reserved.
Copyright (c) 2002-2017 Lattice Semiconductor Corporation,  All rights reserved.
Exiting par with exit code 0
Exiting mpartrce with exit code 0

bitgen -f "desplazamientosbarril00_desplazamientosbarril00.t2b" -w "desplazamientosbarril00_desplazamientosbarril00.ncd" -jedec "desplazamientosbarril00_desplazamientosbarril00.prf"


BITGEN: Bitstream Generator Diamond (64-bit) 3.9.1.119
Copyright (c) 1991-1994 by NeoCAD Inc. All rights reserved.
Copyright (c) 1995 AT&T Corp.   All rights reserved.
Copyright (c) 1995-2001 Lucent Technologies Inc.  All rights reserved.
Copyright (c) 2001 Agere Systems   All rights reserved.
Copyright (c) 2002-2017 Lattice Semiconductor Corporation,  All rights reserved.


Loading design for application Bitgen from file desplazamientosbarril00_desplazamientosbarril00.ncd.
Design name: topdesplazamientosbarril00
NCD version: 3.3
Vendor:      LATTICE
Device:      LCMXO2-7000HE
Package:     TQFP144
Performance: 4
Loading device for application Bitgen from file 'xo2c7000.nph' in environment: C:/lscc/diamond/3.9_x64/ispfpga.
Package Status:                     Final          Version 1.39.
Performance Hardware Data Status:   Final          Version 34.4.

Running DRC.
DRC detected 0 errors and 0 warnings.
Reading Preference File from desplazamientosbarril00_desplazamientosbarril00.prf.

Preference Summary:
+---------------------------------+---------------------------------+
|  Preference                     |  Current Setting                |
+---------------------------------+---------------------------------+
|                         RamCfg  |                        Reset**  |
+---------------------------------+---------------------------------+
|                     MCCLK_FREQ  |                         2.08**  |
+---------------------------------+---------------------------------+
|                  CONFIG_SECURE  |                          OFF**  |
+---------------------------------+---------------------------------+
|                          INBUF  |                           ON**  |
+---------------------------------+---------------------------------+
|                      JTAG_PORT  |                       ENABLE**  |
+---------------------------------+---------------------------------+
|                       SDM_PORT  |                      DISABLE**  |
+---------------------------------+---------------------------------+
|                 SLAVE_SPI_PORT  |                      DISABLE**  |
+---------------------------------+---------------------------------+
|                MASTER_SPI_PORT  |                      DISABLE**  |
+---------------------------------+---------------------------------+
|                       I2C_PORT  |                      DISABLE**  |
+---------------------------------+---------------------------------+
|        MUX_CONFIGURATION_PORTS  |                      DISABLE**  |
+---------------------------------+---------------------------------+
|                  CONFIGURATION  |                          CFG**  |
+---------------------------------+---------------------------------+
|                COMPRESS_CONFIG  |                           ON**  |
+---------------------------------+---------------------------------+
|                        MY_ASSP  |                          OFF**  |
+---------------------------------+---------------------------------+
|               ONE_TIME_PROGRAM  |                          OFF**  |
+---------------------------------+---------------------------------+
|                 ENABLE_TRANSFR  |                      DISABLE**  |
+---------------------------------+---------------------------------+
|                  SHAREDEBRINIT  |                      DISABLE**  |
+---------------------------------+---------------------------------+
|            BACKGROUND_RECONFIG  |                          OFF**  |
+---------------------------------+---------------------------------+
 *  Default setting.
 ** The specified setting matches the default setting.


Creating bit map...
 
Bitstream Status: Final           Version 1.94.
 
Saving bit stream in "desplazamientosbarril00_desplazamientosbarril00.jed".
 
===========
UFM Summary.
===========
UFM Size:        2046 Pages (128*2046 Bits).
UFM Utilization: General Purpose Flash Memory.
 
Available General Purpose Flash Memory: 2046 Pages (Page 0 to Page 2045).
Initialized UFM Pages:                     0 Page.
 
