
         Lattice Mapping Report File for Design Module 'toposcdiv00'


Design Information
------------------

Command line:   map -a MachXO2 -p LCMXO2-7000HE -t TQFP144 -s 5 -oc Commercial
     divosc00_divosc00.ngd -o divosc00_divosc00_map.ncd -pr
     divosc00_divosc00.prf -mp divosc00_divosc00.mrp -lpf C:/Users/eliot/Documen
     ts/Github/arqui3CM3/divosc00/divosc00/divosc00_divosc00_synplify.lpf -lpf
     C:/Users/eliot/Documents/Github/arqui3CM3/divosc00/divosc00.lpf -c 0 -gui
     -msgset C:/Users/eliot/Documents/Github/arqui3CM3/divosc00/promote.xml 
Target Vendor:  LATTICE
Target Device:  LCMXO2-7000HETQFP144
Target Performance:   5
Mapper:  xo2c00,  version:  Diamond (64-bit) 3.9.1.119
Mapped on:  09/15/17  08:06:10

Design Summary
--------------

   Number of registers:     23 out of  7209 (0%)
      PFU registers:           23 out of  6864 (0%)
      PIO registers:            0 out of   345 (0%)
   Number of SLICEs:        21 out of  3432 (1%)
      SLICEs as Logic/ROM:     21 out of  3432 (1%)
      SLICEs as RAM:            0 out of  2574 (0%)
      SLICEs as Carry:         12 out of  3432 (0%)
   Number of LUT4s:         41 out of  6864 (1%)
      Number used as logic LUTs:         17
      Number used as distributed RAM:     0
      Number used as ripple logic:       24
      Number used as shift registers:     0
   Number of PIO sites used: 5 + 4(JTAG) out of 115 (8%)
   Number of block RAMs:  0 out of 26 (0%)
   Number of GSRs:  0 out of 1 (0%)
   EFB used :       No
   JTAG used :      No
   Readback used :  No
   Oscillator used :  Yes
   Startup used :   No
   POR :            On
   Bandgap :        On
   Number of Power Controller:  0 out of 1 (0%)
   Number of Dynamic Bank Controller (BCINRD):  0 out of 6 (0%)
   Number of Dynamic Bank Controller (BCLVDSO):  0 out of 1 (0%)
   Number of DCCA:  0 out of 8 (0%)
   Number of DCMA:  0 out of 2 (0%)
   Number of PLLs:  0 out of 2 (0%)
   Number of DQSDLLs:  0 out of 2 (0%)
   Number of CLKDIVC:  0 out of 4 (0%)
   Number of ECLKSYNCA:  0 out of 4 (0%)
   Number of ECLKBRIDGECS:  0 out of 2 (0%)
   Notes:-
      1. Total number of LUT4s = (Number of logic LUT4s) + 2*(Number of
     distributed RAMs) + 2*(Number of ripple logic)
      2. Number of logic LUT4s does not include count of distributed RAM and
     ripple logic.
   Number of clocks:  1
     Net sclk: 13 loads, 13 rising, 0 falling (Driver: D00/OSCInst0 )
   Number of Clock Enables:  0

                                    Page 1




Design:  toposcdiv00                                   Date:  09/15/17  08:06:10

Design Summary (cont)
---------------------
   Number of LSRs:  1
     Net DO1/N_6_i: 12 loads, 12 LSLICEs
   Number of nets driven by tri-state buffers:  0
   Top 10 highest fanout non-clock nets:
     Net DO1/N_6_i: 13 loads
     Net indiv0_c[3]: 6 loads
     Net DO1/sdiv[20]: 5 loads
     Net DO1/sdiv[21]: 5 loads
     Net indiv0_c[0]: 5 loads
     Net indiv0_c[1]: 5 loads
     Net indiv0_c[2]: 5 loads
     Net DO1/sdiv[18]: 4 loads
     Net DO1/sdiv[19]: 4 loads
     Net DO1/sdiv[14]: 3 loads




   Number of warnings:  0
   Number of errors:    0
     

Design Errors/Warnings
----------------------

   No errors or warnings present.

IO (PIO) Attributes
-------------------

+---------------------+-----------+-----------+------------+
| IO Name             | Direction | Levelmode | IO         |
|                     |           |  IO_TYPE  | Register   |
+---------------------+-----------+-----------+------------+
| outdiv0             | OUTPUT    | LVCMOS25  |            |
+---------------------+-----------+-----------+------------+
| indiv0[0]           | INPUT     | LVCMOS25  |            |
+---------------------+-----------+-----------+------------+
| indiv0[3]           | INPUT     | LVCMOS25  |            |
+---------------------+-----------+-----------+------------+
| indiv0[2]           | INPUT     | LVCMOS25  |            |
+---------------------+-----------+-----------+------------+
| indiv0[1]           | INPUT     | LVCMOS25  |            |
+---------------------+-----------+-----------+------------+

Removed logic
-------------

Block VCC undriven or does not drive anything - clipped.
Block GSR_INST undriven or does not drive anything - clipped.
Block GND undriven or does not drive anything - clipped.
Block DO1/VCC undriven or does not drive anything - clipped.
Signal D00/GND undriven or does not drive anything - clipped.
Signal DO1/GND undriven or does not drive anything - clipped.
Signal VCC undriven or does not drive anything - clipped.
Signal D00/OSCInst0_SEDSTDBY undriven or does not drive anything - clipped.

                                    Page 2




Design:  toposcdiv00                                   Date:  09/15/17  08:06:10

Removed logic (cont)
--------------------
Signal DO1/un2_sdiv_s_21_0_S1 undriven or does not drive anything - clipped.
Signal DO1/un2_sdiv_s_21_0_COUT undriven or does not drive anything - clipped.
Signal DO1/un2_sdiv_cry_0_0_S0 undriven or does not drive anything - clipped.
Signal DO1/N_1 undriven or does not drive anything - clipped.
Block D00/GND was optimized away.
Block DO1/GND was optimized away.

Memory Usage
------------


     

OSC Summary
-----------

OSC 1:                                     Pin/Node Value
  OSC Instance Name:                                D00/OSCInst0
  OSC Type:                                         OSCH
  STDBY Input:                                      NONE
  OSC Output:                              NODE     sclk
  OSC Nominal Frequency (MHz):                      2.08

ASIC Components
---------------

Instance Name: D00/OSCInst0
         Type: OSCH

Run Time and Memory Usage
-------------------------

   Total CPU Time: 0 secs  
   Total REAL Time: 0 secs  
   Peak Memory Usage: 57 MB
        





















                                    Page 3


Copyright (c) 1991-1994 by NeoCAD Inc. All rights reserved.
     Copyright (c) 1995 AT&T Corp.   All rights reserved.
     Copyright (c) 1995-2001 Lucent Technologies Inc.  All rights reserved.
     Copyright (c) 2001 Agere Systems   All rights reserved.
     Copyright (c) 2002-2017 Lattice Semiconductor Corporation,  All rights
     reserved.
