Active-HDL 10.1.3088.5434  2017-06-04 05:18:26 p. m.

Elaboration top modules:
Architecture                  convertir(bin_bcd)


----------------------------------------------------------------------------------------------
Entity   | Architecture | Library    | Info | Compiler Version          | Compilation Options
----------------------------------------------------------------------------------------------
bin_bcd  | convertir    | BinarioBCD |      | 10.1.3088.5434  (Windows) | -O3
----------------------------------------------------------------------------------------------

----------------------------------------------------------------------------------------------
VHDL Package            | Library    | Info | Compiler Version          | Compilation Options
----------------------------------------------------------------------------------------------
standard                | std        |      |                           | <unavailable>
TEXTIO                  | std        |      | 10.1.3088.5434  (Windows) |  -2008
std_logic_1164          | ieee       |      | 10.1.3088.5434  (Windows) |  -2008
std_logic_arith         | ieee       |      | 10.1.3088.5434  (Windows) | <unavailable>
STD_LOGIC_UNSIGNED      | ieee       |      | 10.1.3088.5434  (Windows) | <unavailable>
----------------------------------------------------------------------------------------------

----------------------------------------------------------------------------------------------
Library                 | Comment
----------------------------------------------------------------------------------------------
BinarioBCD              | None
ieee                    | Standard IEEE packages library
std                     | Standard VHDL library
----------------------------------------------------------------------------------------------
