Running in Lattice mode


Starting:    C:\lscc\diamond\3.9_x64\synpbase\bin64\mbin\synbatch.exe
Install:     C:\lscc\diamond\3.9_x64\synpbase
Hostname:    ELIOTHLAPTOP
Date:        Thu Sep 07 21:42:33 2017
Version:     L-2016.09L-1

Arguments:   -product synplify_pro -batch and00_and00_synplify.tcl
ProductType: synplify_pro





Technology initialized from device list to: LATTICE-XP

Copied C:\Users\eliot\Documents\Github\arqui3CM3\and00\and00\and00_and00.srr to C:\Users\eliot\Documents\Github\arqui3CM3\and00\and00\backup\and00_and00.srr

log file: "C:\Users\eliot\Documents\Github\arqui3CM3\and00\and00\and00_and00.srr"

Running: hdl_info_gen in foreground



Generating HDL info...


hdl_info_gen completed
# Thu Sep 07 21:42:34 2017

Return Code: 0
Run Time:00h:00m:01s

Copied C:\Users\eliot\Documents\Github\arqui3CM3\and00\and00\and00_and00.srr to C:\Users\eliot\Documents\Github\arqui3CM3\and00\and00\and00_and00.srf

log file: "C:\Users\eliot\Documents\Github\arqui3CM3\and00\and00\and00_and00.srr"

Running: and00 in foreground



Running proj_1|and00


Running: compile (Compile) on proj_1|and00
# Thu Sep 07 21:42:34 2017


Running: compile_flow (Compile Process) on proj_1|and00
# Thu Sep 07 21:42:34 2017


Running: compiler (Compile Input) on proj_1|and00
# Thu Sep 07 21:42:34 2017

Copied C:\Users\eliot\Documents\Github\arqui3CM3\and00\and00\synwork\and00_and00_comp.srs to C:\Users\eliot\Documents\Github\arqui3CM3\and00\and00\and00_and00.srs


compiler completed
# Thu Sep 07 21:42:36 2017

Return Code: 0
Run Time:00h:00m:02s


Running: multi_srs_gen (Multi-srs Generator) on proj_1|and00
# Thu Sep 07 21:42:36 2017


multi_srs_gen completed
# Thu Sep 07 21:42:36 2017

Return Code: 0
Run Time:00h:00m:00s

Copied C:\Users\eliot\Documents\Github\arqui3CM3\and00\and00\synwork\and00_and00_mult.srs to C:\Users\eliot\Documents\Github\arqui3CM3\and00\and00\and00_and00.srs

Copied C:\Users\eliot\Documents\Github\arqui3CM3\and00\and00\and00_and00.srr to C:\Users\eliot\Documents\Github\arqui3CM3\and00\and00\and00_and00.srf

Complete: Compile Process on proj_1|and00


Running: premap (Pre-mapping) on proj_1|and00
# Thu Sep 07 21:42:36 2017


premap completed
# Thu Sep 07 21:42:38 2017

Return Code: 0
Run Time:00h:00m:02s

Complete: Compile on proj_1|and00


Running: map (Map) on proj_1|and00
# Thu Sep 07 21:42:38 2017

License granted for 4 parallel jobs


Running: fpga_mapper (Map & Optimize) on proj_1|and00
# Thu Sep 07 21:42:38 2017

Copied C:\Users\eliot\Documents\Github\arqui3CM3\and00\and00\synwork\and00_and00_m.srm to C:\Users\eliot\Documents\Github\arqui3CM3\and00\and00\and00_and00.srm


fpga_mapper completed
# Thu Sep 07 21:42:41 2017

Return Code: 0
Run Time:00h:00m:03s

Complete: Map on proj_1|and00

Copied C:\Users\eliot\Documents\Github\arqui3CM3\and00\and00\and00_and00.srr to C:\Users\eliot\Documents\Github\arqui3CM3\and00\and00\and00_and00.srf

Complete: Logic Synthesis on proj_1|and00

TCL script complete: "and00_and00_synplify.tcl"

exit status=0

exit status=0

Save changes for project:
C:\Users\eliot\Documents\Github\arqui3CM3\and00\and00\proj_1.prj

batch mode default:no

