This is pdfTeX, Version 3.14159265-2.6-1.40.19 (MiKTeX 2.9.6730) (preloaded format=pdflatex 2019.1.19)  25 JAN 2019 08:12
entering extended mode
**./reporte.tex
(reporte.tex
LaTeX2e <2018-12-01>

("/Users/eliothmonroy/Library/Application Support/MiKTeX/texmfs/install/tex/lat
ex/base/article.cls"
Document Class: article 2018/09/03 v1.4i Standard LaTeX document class

("/Users/eliothmonroy/Library/Application Support/MiKTeX/texmfs/install/tex/lat
ex/base/size12.clo"
File: size12.clo 2018/09/03 v1.4i Standard LaTeX file (size option)
)
\c@part=\count80
\c@section=\count81
\c@subsection=\count82
\c@subsubsection=\count83
\c@paragraph=\count84
\c@subparagraph=\count85
\c@figure=\count86
\c@table=\count87
\abovecaptionskip=\skip41
\belowcaptionskip=\skip42
\bibindent=\dimen102
)
("/Users/eliothmonroy/Library/Application Support/MiKTeX/texmfs/install/tex/lat
ex/base/inputenc.sty"
Package: inputenc 2018/08/11 v1.3c Input encoding file
\inpenc@prehook=\toks14
\inpenc@posthook=\toks15
)
("/Users/eliothmonroy/Library/Application Support/MiKTeX/texmfs/install/tex/gen
eric/babel/babel.sty"
Package: babel 2018/11/13 3.27 The Babel package

("/Users/eliothmonroy/Library/Application Support/MiKTeX/texmfs/install/tex/gen
eric/babel/switch.def"
File: switch.def 2018/11/13 3.27 Babel switching mechanism
)
*************************************
* Local config file bblopts.cfg used
*

("/Users/eliothmonroy/Library/Application Support/MiKTeX/texmfs/install/tex/lat
ex/arabi/bblopts.cfg"
File: bblopts.cfg 2005/09/08 v0.1 add Arabic and Farsi to "declared" options of
 babel
)
("/Users/eliothmonroy/Library/Application Support/MiKTeX/texmfs/install/tex/lat
ex/babel-spanish/spanish.ldf"
Language: spanish.ldf 2016/03/03 v5.0p Spanish support from the babel system

("/Users/eliothmonroy/Library/Application Support/MiKTeX/texmfs/install/tex/gen
eric/babel/babel.def"
File: babel.def 2018/11/13 3.27 Babel common definitions
\babel@savecnt=\count88
\U@D=\dimen103

("/Users/eliothmonroy/Library/Application Support/MiKTeX/texmfs/install/tex/gen
eric/babel/txtbabel.def")
\bbl@dirlevel=\count89
)
\es@quottoks=\toks16
\es@quotdepth=\count90
Package babel Info: Making " an active character on input line 561.
Package babel Info: Making . an active character on input line 662.
Package babel Info: Making < an active character on input line 707.
Package babel Info: Making > an active character on input line 707.
))
("/Users/eliothmonroy/Library/Application Support/MiKTeX/texmfs/install/tex/lat
ex/graphics/graphicx.sty"
Package: graphicx 2017/06/01 v1.1a Enhanced LaTeX Graphics (DPC,SPQR)

("/Users/eliothmonroy/Library/Application Support/MiKTeX/texmfs/install/tex/lat
ex/graphics/keyval.sty"
Package: keyval 2014/10/28 v1.15 key=value parser (DPC)
\KV@toks@=\toks17
)
("/Users/eliothmonroy/Library/Application Support/MiKTeX/texmfs/install/tex/lat
ex/graphics/graphics.sty"
Package: graphics 2017/06/25 v1.2c Standard LaTeX Graphics (DPC,SPQR)

("/Users/eliothmonroy/Library/Application Support/MiKTeX/texmfs/install/tex/lat
ex/graphics/trig.sty"
Package: trig 2016/01/03 v1.10 sin cos tan (DPC)
)
("/Users/eliothmonroy/Library/Application Support/MiKTeX/texmfs/install/tex/lat
ex/graphics-cfg/graphics.cfg"
File: graphics.cfg 2016/06/04 v1.11 sample graphics configuration
)
Package graphics Info: Driver file: pdftex.def on input line 99.

("/Users/eliothmonroy/Library/Application Support/MiKTeX/texmfs/install/tex/lat
ex/graphics-def/pdftex.def"
File: pdftex.def 2018/01/08 v1.0l Graphics/color driver for pdftex
))
\Gin@req@height=\dimen104
\Gin@req@width=\dimen105
)
("/Users/eliothmonroy/Library/Application Support/MiKTeX/texmfs/install/tex/lat
ex/float/float.sty"
Package: float 2001/11/08 v1.3d Float enhancements (AL)
\c@float@type=\count91
\float@exts=\toks18
\float@box=\box27
\@float@everytoks=\toks19
\@floatcapt=\box28
)
("/Users/eliothmonroy/Library/Application Support/MiKTeX/texmfs/install/tex/lat
ex/url/url.sty"
\Urlmuskip=\muskip10
Package: url 2013/09/16  ver 3.4  Verb mode for urls, etc.
)
("/Users/eliothmonroy/Library/Application Support/MiKTeX/texmfs/install/tex/lat
ex/oberdiek/listingsutf8.sty"
Package: listingsutf8 2016/05/16 v1.3 Allow UTF-8 in listings input (HO)

("/Users/eliothmonroy/Library/Application Support/MiKTeX/texmfs/install/tex/lat
ex/listings/listings.sty"
\lst@mode=\count92
\lst@gtempboxa=\box29
\lst@token=\toks20
\lst@length=\count93
\lst@currlwidth=\dimen106
\lst@column=\count94
\lst@pos=\count95
\lst@lostspace=\dimen107
\lst@width=\dimen108
\lst@newlines=\count96
\lst@lineno=\count97
\lst@maxwidth=\dimen109

("/Users/eliothmonroy/Library/Application Support/MiKTeX/texmfs/install/tex/lat
ex/listings/lstmisc.sty"
File: lstmisc.sty 2018/09/02 1.7 (Carsten Heinz)
\c@lstnumber=\count98
\lst@skipnumbers=\count99
\lst@framebox=\box30
)
("/Users/eliothmonroy/Library/Application Support/MiKTeX/texmfs/install/tex/lat
ex/listings/listings.cfg"
File: listings.cfg 2018/09/02 1.7 listings configuration
))
Package: listings 2018/09/02 1.7 (Carsten Heinz)

("/Users/eliothmonroy/Library/Application Support/MiKTeX/texmfs/install/tex/gen
eric/oberdiek/pdftexcmds.sty"
Package: pdftexcmds 2018/09/10 v0.29 Utility functions of pdfTeX for LuaTeX (HO
)

("/Users/eliothmonroy/Library/Application Support/MiKTeX/texmfs/install/tex/gen
eric/oberdiek/infwarerr.sty"
Package: infwarerr 2016/05/16 v1.4 Providing info/warning/error messages (HO)
)
("/Users/eliothmonroy/Library/Application Support/MiKTeX/texmfs/install/tex/gen
eric/oberdiek/ifluatex.sty"
Package: ifluatex 2016/05/16 v1.4 Provides the ifluatex switch (HO)
Package ifluatex Info: LuaTeX not detected.
)
("/Users/eliothmonroy/Library/Application Support/MiKTeX/texmfs/install/tex/gen
eric/oberdiek/ltxcmds.sty"
Package: ltxcmds 2016/05/16 v1.23 LaTeX kernel commands for general use (HO)
)
("/Users/eliothmonroy/Library/Application Support/MiKTeX/texmfs/install/tex/gen
eric/oberdiek/ifpdf.sty"
Package: ifpdf 2018/09/07 v3.3 Provides the ifpdf switch
)
Package pdftexcmds Info: LuaTeX not detected.
Package pdftexcmds Info: \pdf@primitive is available.
Package pdftexcmds Info: \pdf@ifprimitive is available.
Package pdftexcmds Info: \pdfdraftmode found.
)
("/Users/eliothmonroy/Library/Application Support/MiKTeX/texmfs/install/tex/gen
eric/oberdiek/stringenc.sty"
Package: stringenc 2016/05/16 v1.11 Convert strings between diff. encodings (HO
)

("/Users/eliothmonroy/Library/Application Support/MiKTeX/texmfs/install/tex/gen
eric/oberdiek/pdfescape.sty"
Package: pdfescape 2016/05/16 v1.14 Implements pdfTeX's escape features (HO)
)))
("/Users/eliothmonroy/Library/Application Support/MiKTeX/texmfs/install/tex/lat
ex/graphics/color.sty"
Package: color 2016/07/10 v1.1e Standard LaTeX Color (DPC)

("/Users/eliothmonroy/Library/Application Support/MiKTeX/texmfs/install/tex/lat
ex/graphics-cfg/color.cfg"
File: color.cfg 2016/01/02 v1.6 sample color configuration
)
Package color Info: Driver file: pdftex.def on input line 147.
)
("/Users/eliothmonroy/Library/Application Support/MiKTeX/texmfs/install/tex/lat
ex/tocbibind/tocbibind.sty"
Package: tocbibind 2010/10/13 v1.5k extra ToC listings
Package tocbibind Info: The document has section divisions on input line 50.


Package tocbibind Note: Using section or other style headings.

) (reporte.aux
LaTeX Info: Redefining \. on input line 6.
LaTeX Info: Redefining \% on input line 6.


LaTeX Warning: Label `fig:gol4' multiply defined.


LaTeX Warning: Label `fig:gol5' multiply defined.


LaTeX Warning: Label `fig:gol4' multiply defined.


LaTeX Warning: Label `fig:gol5' multiply defined.


LaTeX Warning: Label `fig:gol4' multiply defined.


LaTeX Warning: Label `fig:gol5' multiply defined.


LaTeX Warning: Label `fig:gol4' multiply defined.


LaTeX Warning: Label `fig:gol5' multiply defined.


LaTeX Warning: Label `fig:gol5' multiply defined.


LaTeX Warning: Label `fig:gol5' multiply defined.


LaTeX Warning: Label `fig:gol5' multiply defined.


LaTeX Warning: Label `fig:gol5' multiply defined.


LaTeX Warning: Label `fig:gol5' multiply defined.


LaTeX Warning: Label `fig:gol5' multiply defined.


LaTeX Warning: Label `fig:gol5' multiply defined.


LaTeX Warning: Label `fig:gol5' multiply defined.


LaTeX Warning: Label `fig:gol5' multiply defined.


LaTeX Warning: Label `fig:gol5' multiply defined.


LaTeX Warning: Label `fig:gol5' multiply defined.


LaTeX Warning: Label `fig:gol5' multiply defined.


LaTeX Warning: Label `fig:gol5' multiply defined.


LaTeX Warning: Label `fig:gol5' multiply defined.


LaTeX Warning: Label `fig:gol5' multiply defined.


LaTeX Warning: Label `fig:gol5' multiply defined.


LaTeX Warning: Label `fig:gol5' multiply defined.


LaTeX Warning: Label `fig:gol5' multiply defined.


LaTeX Warning: Label `fig:gol5' multiply defined.


LaTeX Warning: Label `fig:gol5' multiply defined.


LaTeX Warning: Label `fig:gol5' multiply defined.


LaTeX Warning: Label `fig:gol5' multiply defined.


LaTeX Warning: Label `fig:gol5' multiply defined.


LaTeX Warning: Label `fig:gol5' multiply defined.


LaTeX Warning: Label `fig:gol5' multiply defined.


LaTeX Warning: Label `fig:gol5' multiply defined.


LaTeX Warning: Label `fig:gol5' multiply defined.


LaTeX Warning: Label `fig:gol5' multiply defined.


LaTeX Warning: Label `fig:gol5' multiply defined.


LaTeX Warning: Label `fig:gol5' multiply defined.


LaTeX Warning: Label `fig:gol5' multiply defined.


LaTeX Warning: Label `fig:gol5' multiply defined.


LaTeX Warning: Label `fig:gol5' multiply defined.


LaTeX Warning: Label `fig:gol5' multiply defined.


LaTeX Warning: Label `fig:gol5' multiply defined.


LaTeX Warning: Label `fig:gol5' multiply defined.


LaTeX Warning: Label `fig:gol5' multiply defined.


LaTeX Warning: Label `fig:gol5' multiply defined.


LaTeX Warning: Label `fig:gol5' multiply defined.


LaTeX Warning: Label `fig:gol5' multiply defined.


LaTeX Warning: Label `fig:gol5' multiply defined.


LaTeX Warning: Label `fig:hl1' multiply defined.


LaTeX Warning: Label `fig:hl1' multiply defined.


LaTeX Warning: Label `fig:hl1' multiply defined.


LaTeX Warning: Label `fig:hl1' multiply defined.


LaTeX Warning: Label `fig:hl1' multiply defined.


LaTeX Warning: Label `fig:hl1' multiply defined.


LaTeX Warning: Label `fig:hl1' multiply defined.


LaTeX Warning: Label `fig:hl1' multiply defined.


LaTeX Warning: Label `fig:hl1' multiply defined.

)
\openout1 = `reporte.aux'.

LaTeX Font Info:    Checking defaults for OML/cmm/m/it on input line 47.
LaTeX Font Info:    ... okay on input line 47.
LaTeX Font Info:    Checking defaults for T1/cmr/m/n on input line 47.
LaTeX Font Info:    ... okay on input line 47.
LaTeX Font Info:    Checking defaults for OT1/cmr/m/n on input line 47.
LaTeX Font Info:    ... okay on input line 47.
LaTeX Font Info:    Checking defaults for OMS/cmsy/m/n on input line 47.
LaTeX Font Info:    ... okay on input line 47.
LaTeX Font Info:    Checking defaults for OMX/cmex/m/n on input line 47.
LaTeX Font Info:    ... okay on input line 47.
LaTeX Font Info:    Checking defaults for U/cmr/m/n on input line 47.
LaTeX Font Info:    ... okay on input line 47.
LaTeX Info: Redefining \. on input line 47.
LaTeX Info: Redefining \% on input line 47.

("/Users/eliothmonroy/Library/Application Support/MiKTeX/texmfs/install/tex/con
text/base/supp-pdf.mkii"
[Loading MPS to PDF converter (version 2006.09.02).]
\scratchcounter=\count100
\scratchdimen=\dimen110
\scratchbox=\box31
\nofMPsegments=\count101
\nofMParguments=\count102
\everyMPshowfont=\toks21
\MPscratchCnt=\count103
\MPscratchDim=\dimen111
\MPnumerator=\count104
\makeMPintoPDFobject=\count105
\everyMPtoPDFconversion=\toks22
)
("/Users/eliothmonroy/Library/Application Support/MiKTeX/texmfs/install/tex/lat
ex/oberdiek/epstopdf-base.sty"
Package: epstopdf-base 2016/05/15 v2.6 Base part for package epstopdf

("/Users/eliothmonroy/Library/Application Support/MiKTeX/texmfs/install/tex/lat
ex/oberdiek/grfext.sty"
Package: grfext 2016/05/16 v1.2 Manage graphics extensions (HO)

("/Users/eliothmonroy/Library/Application Support/MiKTeX/texmfs/install/tex/gen
eric/oberdiek/kvdefinekeys.sty"
Package: kvdefinekeys 2016/05/16 v1.4 Define keys (HO)
))
("/Users/eliothmonroy/Library/Application Support/MiKTeX/texmfs/install/tex/lat
ex/oberdiek/kvoptions.sty"
Package: kvoptions 2016/05/16 v3.12 Key value format for package options (HO)

("/Users/eliothmonroy/Library/Application Support/MiKTeX/texmfs/install/tex/gen
eric/oberdiek/kvsetkeys.sty"
Package: kvsetkeys 2016/05/16 v1.17 Key value parser (HO)

("/Users/eliothmonroy/Library/Application Support/MiKTeX/texmfs/install/tex/gen
eric/oberdiek/etexcmds.sty"
Package: etexcmds 2016/05/16 v1.6 Avoid name clashes with e-TeX commands (HO)
Package etexcmds Info: Could not find \expanded.
(etexcmds)             That can mean that you are not using pdfTeX 1.50 or
(etexcmds)             that some package has redefined \expanded.
(etexcmds)             In the latter case, load this package earlier.
)))
Package epstopdf-base Info: Redefining graphics rule for `.eps' on input line 4
38.
Package grfext Info: Graphics extension search list:
(grfext)             [.pdf,.png,.jpg,.mps,.jpeg,.jbig2,.jb2,.PDF,.PNG,.JPG,.JPE
G,.JBIG2,.JB2,.eps]
(grfext)             \AppendGraphicsExtensions on input line 456.
)
\c@lstlisting=\count106
LaTeX Font Info:    External font `cmex10' loaded for size
(Font)              <14.4> on input line 48.
LaTeX Font Info:    External font `cmex10' loaded for size
(Font)              <7> on input line 48.
 [1

{/Users/eliothmonroy/Library/Application Support/MiKTeX/texmfs/data/pdftex/conf
ig/pdftex.map}] (reporte.toc
LaTeX Info: Redefining \. on input line 1.
LaTeX Info: Redefining \% on input line 1.
LaTeX Font Info:    External font `cmex10' loaded for size
(Font)              <12> on input line 3.
LaTeX Font Info:    External font `cmex10' loaded for size
(Font)              <8> on input line 3.
LaTeX Font Info:    External font `cmex10' loaded for size
(Font)              <6> on input line 3.
 [2])
\tf@toc=\write3
\openout3 = `reporte.toc'.

 [3]
(MT/mt.tex (MT/introduccion.tex [4]
<MT/img/maquina.png, id=19, 963.6pt x 542.025pt>
File: MT/img/maquina.png Graphic file (type png)
<use MT/img/maquina.png>
Package pdftex.def Info: MT/img/maquina.png  used on input line 32.
(pdftex.def)             Requested size: 481.79883pt x 271.01183pt.

Overfull \hbox (91.79883pt too wide) in paragraph at lines 32--33
 [] 
 []

) [5 <./MT/img/maquina.png>] (MT/desarrollo.tex
("/Users/eliothmonroy/Library/Application Support/MiKTeX/texmfs/install/tex/lat
ex/listings/lstlang1.sty"
File: lstlang1.sty 2018/09/02 1.7 listings language file
)
("/Users/eliothmonroy/Library/Application Support/MiKTeX/texmfs/install/tex/lat
ex/base/latin1.def"
File: latin1.def 2018/08/11 v1.3c Input encoding file
)
("/Users/eliothmonroy/Library/Application Support/MiKTeX/texmfs/install/tex/gen
eric/oberdiek/se-utf8.def"
File: se-utf8.def 2016/05/16 v1.11 stringenc: UTF-8
)
("/Users/eliothmonroy/Library/Application Support/MiKTeX/texmfs/install/tex/gen
eric/oberdiek/se-iso-8859-1.def"
File: se-iso-8859-1.def 2016/05/16 v1.11 stringenc: ISO-8859-1
)
LaTeX Font Info:    External font `cmex10' loaded for size
(Font)              <5> on input line 14.
LaTeX Font Info:    Try loading font information for OML+cmr on input line 14.

("/Users/eliothmonroy/Library/Application Support/MiKTeX/texmfs/install/tex/lat
ex/base/omlcmr.fd"
File: omlcmr.fd 2014/09/29 v2.5h Standard LaTeX font definitions
)
LaTeX Font Info:    Font shape `OML/cmr/m/n' in size <10> not available
(Font)              Font shape `OML/cmm/m/it' tried instead on input line 14.
 [6]
("/Users/eliothmonroy/Library/Application Support/MiKTeX/texmfs/install/tex/lat
ex/base/latin1.def"
File: latin1.def 2018/08/11 v1.3c Input encoding file
)
LaTeX Font Info:    Try loading font information for OMS+cmr on input line 1.

("/Users/eliothmonroy/Library/Application Support/MiKTeX/texmfs/install/tex/lat
ex/base/omscmr.fd"
File: omscmr.fd 2014/09/29 v2.5h Standard LaTeX font definitions
)
LaTeX Font Info:    Font shape `OMS/cmr/m/n' in size <10> not available
(Font)              Font shape `OMS/cmsy/m/n' tried instead on input line 1.
 [7]) [8] (MT/resultados.tex
<MT/img/prueba1.png, id=37, 395.4775pt x 338.26375pt>
File: MT/img/prueba1.png Graphic file (type png)
<use MT/img/prueba1.png>
Package pdftex.def Info: MT/img/prueba1.png  used on input line 8.
(pdftex.def)             Requested size: 316.38243pt x 270.61136pt.
<MT/img/prueba2.png, id=39, 342.27875pt x 573.14125pt>
File: MT/img/prueba2.png Graphic file (type png)
<use MT/img/prueba2.png>
Package pdftex.def Info: MT/img/prueba2.png  used on input line 17.
(pdftex.def)             Requested size: 273.82335pt x 458.51363pt.
 [9 <./MT/img/prueba1.png>]
<MT/img/prueba3.png, id=44, 371.3875pt x 289.08pt>
File: MT/img/prueba3.png Graphic file (type png)
<use MT/img/prueba3.png>
Package pdftex.def Info: MT/img/prueba3.png  used on input line 26.
(pdftex.def)             Requested size: 259.96947pt x 202.35461pt.
<MT/img/prueba4.png, id=45, 395.4775pt x 291.0875pt>
File: MT/img/prueba4.png Graphic file (type png)
<use MT/img/prueba4.png>
Package pdftex.def Info: MT/img/prueba4.png  used on input line 33.
(pdftex.def)             Requested size: 276.83235pt x 203.75984pt.

[10 <./MT/img/prueba2.png>]) [11 <./MT/img/prueba3.png> <./MT/img/prueba4.png>]
(MT/conclusiones.tex) [12]) (GOL/gol.tex (GOL/introduccion.tex [13] [14])
[15] (GOL/desarrollo.tex
("/Users/eliothmonroy/Library/Application Support/MiKTeX/texmfs/install/tex/lat
ex/listings/lstlang1.sty"
File: lstlang1.sty 2018/09/02 1.7 listings language file
)
("/Users/eliothmonroy/Library/Application Support/MiKTeX/texmfs/install/tex/lat
ex/listings/lstmisc.sty"
File: lstmisc.sty 2018/09/02 1.7 (Carsten Heinz)
)
("/Users/eliothmonroy/Library/Application Support/MiKTeX/texmfs/install/tex/lat
ex/base/latin1.def"
File: latin1.def 2018/08/11 v1.3c Input encoding file
) [16] [17]
("/Users/eliothmonroy/Library/Application Support/MiKTeX/texmfs/install/tex/lat
ex/listings/lstlang1.sty"
File: lstlang1.sty 2018/09/02 1.7 listings language file
)
("/Users/eliothmonroy/Library/Application Support/MiKTeX/texmfs/install/tex/lat
ex/base/latin1.def"
File: latin1.def 2018/08/11 v1.3c Input encoding file
) [18] [19] [20] [21] [22] [23] [24] [25]) [26]
(GOL/resultados.tex
<GOL/img/interfaz.png, id=103, 1019.81pt x 713.66624pt>
File: GOL/img/interfaz.png Graphic file (type png)
<use GOL/img/interfaz.png>
Package pdftex.def Info: GOL/img/interfaz.png  used on input line 5.
(pdftex.def)             Requested size: 305.94536pt x 214.10152pt.
<GOL/img/1.png, id=104, 235.88126pt x 68.255pt>
File: GOL/img/1.png Graphic file (type png)
<use GOL/img/1.png>
Package pdftex.def Info: GOL/img/1.png  used on input line 13.
(pdftex.def)             Requested size: 117.94034pt x 34.12741pt.
<GOL/img/test1-1.png, id=105, 1010.77625pt x 711.65875pt>
File: GOL/img/test1-1.png Graphic file (type png)
<use GOL/img/test1-1.png>
Package pdftex.def Info: GOL/img/test1-1.png  used on input line 21.
(pdftex.def)             Requested size: 303.23521pt x 213.49927pt.
 [27 <./GOL/img/interfaz.png> <./GOL/img/1.png>]
<GOL/img/test1-2.png, id=111, 1006.76125pt x 700.6175pt>
File: GOL/img/test1-2.png Graphic file (type png)
<use GOL/img/test1-2.png>
Package pdftex.def Info: GOL/img/test1-2.png  used on input line 29.
(pdftex.def)             Requested size: 302.0307pt x 210.18686pt.
<GOL/img/test1-3.png, id=112, 1004.75375pt x 701.62125pt>
File: GOL/img/test1-3.png Graphic file (type png)
<use GOL/img/test1-3.png>
Package pdftex.def Info: GOL/img/test1-3.png  used on input line 37.
(pdftex.def)             Requested size: 301.42845pt x 210.48799pt.
 [28 <./GOL/img/test1-1.png> <./GOL/img/test1-2.png>]
<GOL/img/2.png, id=118, 298.11375pt x 57.21375pt>
File: GOL/img/2.png Graphic file (type png)
<use GOL/img/2.png>
Package pdftex.def Info: GOL/img/2.png  used on input line 45.
(pdftex.def)             Requested size: 149.0565pt x 28.6068pt.
<GOL/img/test2-1.png, id=119, 1013.7875pt x 713.66624pt>
File: GOL/img/test2-1.png Graphic file (type png)
<use GOL/img/test2-1.png>
Package pdftex.def Info: GOL/img/test2-1.png  used on input line 53.
(pdftex.def)             Requested size: 304.1386pt x 214.10152pt.
 [29 <./GOL/img/test1-3.png> <./GOL/img/2.png>]
<GOL/img/test2-2.png, id=125, 1008.76875pt x 702.625pt>
File: GOL/img/test2-2.png Graphic file (type png)
<use GOL/img/test2-2.png>
Package pdftex.def Info: GOL/img/test2-2.png  used on input line 61.
(pdftex.def)             Requested size: 302.63297pt x 210.78912pt.
<GOL/img/test2-3.png, id=126, 1007.765pt x 704.6325pt>
File: GOL/img/test2-3.png Graphic file (type png)
<use GOL/img/test2-3.png>
Package pdftex.def Info: GOL/img/test2-3.png  used on input line 69.
(pdftex.def)             Requested size: 302.33183pt x 211.39139pt.
 [30 <./GOL/img/test2-1.png> <./GOL/img/test2-2.png>]
<GOL/img/3.png, id=132, 321.2pt x 67.25125pt>
File: GOL/img/3.png Graphic file (type png)
<use GOL/img/3.png>
Package pdftex.def Info: GOL/img/3.png  used on input line 77.
(pdftex.def)             Requested size: 160.59961pt x 33.62553pt.
<GOL/img/test3-1.png, id=133, 1002.74625pt x 709.65125pt>
File: GOL/img/test3-1.png Graphic file (type png)
<use GOL/img/test3-1.png>
Package pdftex.def Info: GOL/img/test3-1.png  used on input line 85.
(pdftex.def)             Requested size: 300.82619pt x 212.897pt.
 [31 <./GOL/img/test2-3.png> <./GOL/img/3.png>]
<GOL/img/test3-2.png, id=140, 1003.75pt x 702.625pt>
File: GOL/img/test3-2.png Graphic file (type png)
<use GOL/img/test3-2.png>
Package pdftex.def Info: GOL/img/test3-2.png  used on input line 93.
(pdftex.def)             Requested size: 301.12732pt x 210.78912pt.
<GOL/img/test3-3.png, id=141, 1008.76875pt x 703.62875pt>
File: GOL/img/test3-3.png Graphic file (type png)
<use GOL/img/test3-3.png>
Package pdftex.def Info: GOL/img/test3-3.png  used on input line 101.
(pdftex.def)             Requested size: 302.63297pt x 211.09026pt.
 [32 <./GOL/img/test3-1.png> <./GOL/img/test3-2.png>]
<GOL/img/life1.png, id=147, 1011.78pt x 698.61pt>
File: GOL/img/life1.png Graphic file (type png)
<use GOL/img/life1.png>
Package pdftex.def Info: GOL/img/life1.png  used on input line 109.
(pdftex.def)             Requested size: 303.53633pt x 209.58461pt.
<GOL/img/life2.png, id=148, 1026.83624pt x 961.5925pt>
File: GOL/img/life2.png Graphic file (type png)
<use GOL/img/life2.png>
Package pdftex.def Info: GOL/img/life2.png  used on input line 117.
(pdftex.def)             Requested size: 246.44572pt x 230.78691pt.
 [33 <./GOL/img/test3-3.png> <./GOL/img/life1.png>]
<GOL/img/lifecolores.png, id=154, 1006.76125pt x 701.62125pt>
File: GOL/img/lifecolores.png Graphic file (type png)
<use GOL/img/lifecolores.png>
Package pdftex.def Info: GOL/img/lifecolores.png  used on input line 125.
(pdftex.def)             Requested size: 302.0307pt x 210.48799pt.
<GOL/img/difusion1.png, id=155, 1012.78375pt x 702.625pt>
File: GOL/img/difusion1.png Graphic file (type png)
<use GOL/img/difusion1.png>
Package pdftex.def Info: GOL/img/difusion1.png  used on input line 133.
(pdftex.def)             Requested size: 303.83746pt x 210.78912pt.
 [34 <./GOL/img/life2.png> <./GOL/img/lifecolores.png>]
<GOL/img/difusion2.png, id=161, 1026.83624pt x 980.66376pt>
File: GOL/img/difusion2.png Graphic file (type png)
<use GOL/img/difusion2.png>
Package pdftex.def Info: GOL/img/difusion2.png  used on input line 141.
(pdftex.def)             Requested size: 246.44572pt x 235.3641pt.
 [35 <./GOL/img/difusion1.png> <./GOL/img/difusion2.png>]
<GOL/img/life10-1.png, id=167, 977.6525pt x 703.62875pt>
File: GOL/img/life10-1.png Graphic file (type png)
<use GOL/img/life10-1.png>
Package pdftex.def Info: GOL/img/life10-1.png  used on input line 152.
(pdftex.def)             Requested size: 293.298pt x 211.09026pt.
<GOL/img/life10-2.png, id=168, 995.72pt x 968.61874pt>
File: GOL/img/life10-2.png Graphic file (type png)
<use GOL/img/life10-2.png>
Package pdftex.def Info: GOL/img/life10-2.png  used on input line 160.
(pdftex.def)             Requested size: 238.97768pt x 232.47325pt.
 [36 <./GOL/img/life10-1.png>]
<GOL/img/life20-1.png, id=173, 975.645pt x 702.625pt>
File: GOL/img/life20-1.png Graphic file (type png)
<use GOL/img/life20-1.png>
Package pdftex.def Info: GOL/img/life20-1.png  used on input line 168.
(pdftex.def)             Requested size: 292.69576pt x 210.78912pt.
<GOL/img/life20-2.png, id=174, 996.72375pt x 969.6225pt>
File: GOL/img/life20-2.png Graphic file (type png)
<use GOL/img/life20-2.png>
Package pdftex.def Info: GOL/img/life20-2.png  used on input line 176.
(pdftex.def)             Requested size: 239.21858pt x 232.71416pt.
 [37 <./GOL/img/life10-2.png> <./GOL/img/life20-1.png>]
<GOL/img/life30-1.png, id=181, 967.615pt x 703.62875pt>
File: GOL/img/life30-1.png Graphic file (type png)
<use GOL/img/life30-1.png>
Package pdftex.def Info: GOL/img/life30-1.png  used on input line 184.
(pdftex.def)             Requested size: 290.28674pt x 211.09026pt.
<GOL/img/life30-2.png, id=182, 999.735pt x 974.64125pt>
File: GOL/img/life30-2.png Graphic file (type png)
<use GOL/img/life30-2.png>
Package pdftex.def Info: GOL/img/life30-2.png  used on input line 192.
(pdftex.def)             Requested size: 239.9413pt x 233.91867pt.
 [38 <./GOL/img/life20-2.png> <./GOL/img/life30-1.png>]
<GOL/img/life40-1.png, id=188, 977.6525pt x 703.62875pt>
File: GOL/img/life40-1.png Graphic file (type png)
<use GOL/img/life40-1.png>
Package pdftex.def Info: GOL/img/life40-1.png  used on input line 200.
(pdftex.def)             Requested size: 293.298pt x 211.09026pt.
<GOL/img/life40-2.png, id=189, 998.73125pt x 969.6225pt>
File: GOL/img/life40-2.png Graphic file (type png)
<use GOL/img/life40-2.png>
Package pdftex.def Info: GOL/img/life40-2.png  used on input line 208.
(pdftex.def)             Requested size: 239.7004pt x 232.71416pt.
 [39 <./GOL/img/life30-2.png> <./GOL/img/life40-1.png>]
<GOL/img/life50-1.png, id=195, 977.6525pt x 702.625pt>
File: GOL/img/life50-1.png Graphic file (type png)
<use GOL/img/life50-1.png>
Package pdftex.def Info: GOL/img/life50-1.png  used on input line 216.
(pdftex.def)             Requested size: 293.298pt x 210.78912pt.
<GOL/img/life50-2.png, id=196, 992.70876pt x 970.62625pt>
File: GOL/img/life50-2.png Graphic file (type png)
<use GOL/img/life50-2.png>
Package pdftex.def Info: GOL/img/life50-2.png  used on input line 224.
(pdftex.def)             Requested size: 238.25497pt x 232.95506pt.
 [40 <./GOL/img/life40-2.png> <./GOL/img/life50-1.png>]
<GOL/img/life60-1.png, id=202, 985.6825pt x 700.6175pt>
File: GOL/img/life60-1.png Graphic file (type png)
<use GOL/img/life60-1.png>
Package pdftex.def Info: GOL/img/life60-1.png  used on input line 232.
(pdftex.def)             Requested size: 295.70703pt x 210.18686pt.
<GOL/img/life60-2.png, id=203, 991.705pt x 969.6225pt>
File: GOL/img/life60-2.png Graphic file (type png)
<use GOL/img/life60-2.png>
Package pdftex.def Info: GOL/img/life60-2.png  used on input line 240.
(pdftex.def)             Requested size: 238.01407pt x 232.71416pt.
 [41 <./GOL/img/life50-2.png> <./GOL/img/life60-1.png>]
<GOL/img/life70-1.png, id=209, 972.63374pt x 702.625pt>
File: GOL/img/life70-1.png Graphic file (type png)
<use GOL/img/life70-1.png>
Package pdftex.def Info: GOL/img/life70-1.png  used on input line 248.
(pdftex.def)             Requested size: 291.79237pt x 210.78912pt.
<GOL/img/life70-2.png, id=210, 996.72375pt x 971.63pt>
File: GOL/img/life70-2.png Graphic file (type png)
<use GOL/img/life70-2.png>
Package pdftex.def Info: GOL/img/life70-2.png  used on input line 256.
(pdftex.def)             Requested size: 239.21858pt x 233.19597pt.

[42 <./GOL/img/life60-2.png> <./GOL/img/life70-1.png>]
<GOL/img/life80-1.png, id=216, 966.61125pt x 703.62875pt>
File: GOL/img/life80-1.png Graphic file (type png)
<use GOL/img/life80-1.png>
Package pdftex.def Info: GOL/img/life80-1.png  used on input line 264.
(pdftex.def)             Requested size: 289.98561pt x 211.09026pt.
<GOL/img/life80-2.png, id=217, 994.71625pt x 969.6225pt>
File: GOL/img/life80-2.png Graphic file (type png)
<use GOL/img/life80-2.png>
Package pdftex.def Info: GOL/img/life80-2.png  used on input line 272.
(pdftex.def)             Requested size: 238.73677pt x 232.71416pt.
 [43 <./GOL/img/life70-2.png> <./GOL/img/life80-1.png>]
<GOL/img/life90-1.png, id=224, 979.66pt x 702.625pt>
File: GOL/img/life90-1.png Graphic file (type png)
<use GOL/img/life90-1.png>
Package pdftex.def Info: GOL/img/life90-1.png  used on input line 280.
(pdftex.def)             Requested size: 293.90027pt x 210.78912pt.
<GOL/img/life90-2.png, id=225, 996.72375pt x 968.61874pt>
File: GOL/img/life90-2.png Graphic file (type png)
<use GOL/img/life90-2.png>
Package pdftex.def Info: GOL/img/life90-2.png  used on input line 288.
(pdftex.def)             Requested size: 239.21858pt x 232.47325pt.
 [44 <./GOL/img/life80-2.png> <./GOL/img/life90-1.png>]
<GOL/img/dif10-1.png, id=231, 971.63pt x 701.62125pt>
File: GOL/img/dif10-1.png Graphic file (type png)
<use GOL/img/dif10-1.png>
Package pdftex.def Info: GOL/img/dif10-1.png  used on input line 298.
(pdftex.def)             Requested size: 291.49126pt x 210.48799pt.
 [45 <./GOL/img/life90-2.png>]
<GOL/img/dif10-2.png, id=236, 993.7125pt x 970.62625pt>
File: GOL/img/dif10-2.png Graphic file (type png)
<use GOL/img/dif10-2.png>
Package pdftex.def Info: GOL/img/dif10-2.png  used on input line 306.
(pdftex.def)             Requested size: 238.49586pt x 232.95506pt.
<GOL/img/dif20-1.png, id=237, 972.63374pt x 700.6175pt>
File: GOL/img/dif20-1.png Graphic file (type png)
<use GOL/img/dif20-1.png>
Package pdftex.def Info: GOL/img/dif20-1.png  used on input line 314.
(pdftex.def)             Requested size: 291.79237pt x 210.18686pt.
 [46 <./GOL/img/dif10-1.png> <./GOL/img/dif10-2.png>]
<GOL/img/dif20-2.png, id=243, 997.7275pt x 967.615pt>
File: GOL/img/dif20-2.png Graphic file (type png)
<use GOL/img/dif20-2.png>
Package pdftex.def Info: GOL/img/dif20-2.png  used on input line 322.
(pdftex.def)             Requested size: 239.45949pt x 232.23235pt.
<GOL/img/dif30-1.png, id=244, 969.6225pt x 699.61375pt>
File: GOL/img/dif30-1.png Graphic file (type png)
<use GOL/img/dif30-1.png>
Package pdftex.def Info: GOL/img/dif30-1.png  used on input line 330.
(pdftex.def)             Requested size: 290.88899pt x 209.88574pt.
 [47 <./GOL/img/dif20-1.png> <./GOL/img/dif20-2.png>]
<GOL/img/dif30-2.png, id=250, 996.72375pt x 962.59625pt>
File: GOL/img/dif30-2.png Graphic file (type png)
<use GOL/img/dif30-2.png>
Package pdftex.def Info: GOL/img/dif30-2.png  used on input line 338.
(pdftex.def)             Requested size: 239.21858pt x 231.02782pt.
<GOL/img/dif40-1.png, id=251, 963.6pt x 701.62125pt>
File: GOL/img/dif40-1.png Graphic file (type png)
<use GOL/img/dif40-1.png>
Package pdftex.def Info: GOL/img/dif40-1.png  used on input line 346.
(pdftex.def)             Requested size: 289.08223pt x 210.48799pt.
 [48 <./GOL/img/dif30-1.png> <./GOL/img/dif30-2.png>]
<GOL/img/dif40-2.png, id=257, 992.70876pt x 969.6225pt>
File: GOL/img/dif40-2.png Graphic file (type png)
<use GOL/img/dif40-2.png>
Package pdftex.def Info: GOL/img/dif40-2.png  used on input line 354.
(pdftex.def)             Requested size: 238.25497pt x 232.71416pt.
<GOL/img/dif50-1.png, id=258, 956.57375pt x 708.6475pt>
File: GOL/img/dif50-1.png Graphic file (type png)
<use GOL/img/dif50-1.png>
Package pdftex.def Info: GOL/img/dif50-1.png  used on input line 362.
(pdftex.def)             Requested size: 286.97433pt x 212.59589pt.
 [49 <./GOL/img/dif40-1.png> <./GOL/img/dif40-2.png>]
<GOL/img/dif50-2.png, id=265, 996.72375pt x 965.6075pt>
File: GOL/img/dif50-2.png Graphic file (type png)
<use GOL/img/dif50-2.png>
Package pdftex.def Info: GOL/img/dif50-2.png  used on input line 370.
(pdftex.def)             Requested size: 239.21858pt x 231.75053pt.
<GOL/img/dif60-1.png, id=266, 960.58875pt x 706.64pt>
File: GOL/img/dif60-1.png Graphic file (type png)
<use GOL/img/dif60-1.png>
Package pdftex.def Info: GOL/img/dif60-1.png  used on input line 378.
(pdftex.def)             Requested size: 288.17885pt x 211.99364pt.
 [50 <./GOL/img/dif50-1.png> <./GOL/img/dif50-2.png>]
<GOL/img/dif60-2.png, id=272, 998.73125pt x 962.59625pt>
File: GOL/img/dif60-2.png Graphic file (type png)
<use GOL/img/dif60-2.png>
Package pdftex.def Info: GOL/img/dif60-2.png  used on input line 386.
(pdftex.def)             Requested size: 239.7004pt x 231.02782pt.
<GOL/img/dif70-1.png, id=273, 960.58875pt x 704.6325pt>
File: GOL/img/dif70-1.png Graphic file (type png)
<use GOL/img/dif70-1.png>
Package pdftex.def Info: GOL/img/dif70-1.png  used on input line 394.
(pdftex.def)             Requested size: 288.17885pt x 211.39139pt.
 [51 <./GOL/img/dif60-1.png> <./GOL/img/dif60-2.png>]
<GOL/img/dif70-2.png, id=279, 996.72375pt x 965.6075pt>
File: GOL/img/dif70-2.png Graphic file (type png)
<use GOL/img/dif70-2.png>
Package pdftex.def Info: GOL/img/dif70-2.png  used on input line 402.
(pdftex.def)             Requested size: 239.21858pt x 231.75053pt.
<GOL/img/dif80-1.png, id=280, 961.5925pt x 701.62125pt>
File: GOL/img/dif80-1.png Graphic file (type png)
<use GOL/img/dif80-1.png>
Package pdftex.def Info: GOL/img/dif80-1.png  used on input line 410.
(pdftex.def)             Requested size: 288.47997pt x 210.48799pt.
 [52 <./GOL/img/dif70-1.png> <./GOL/img/dif70-2.png>]
<GOL/img/dif80-2.png, id=286, 996.72375pt x 965.6075pt>
File: GOL/img/dif80-2.png Graphic file (type png)
<use GOL/img/dif80-2.png>
Package pdftex.def Info: GOL/img/dif80-2.png  used on input line 418.
(pdftex.def)             Requested size: 239.21858pt x 231.75053pt.
<GOL/img/dif90-1.png, id=287, 956.57375pt x 703.62875pt>
File: GOL/img/dif90-1.png Graphic file (type png)
<use GOL/img/dif90-1.png>
Package pdftex.def Info: GOL/img/dif90-1.png  used on input line 426.
(pdftex.def)             Requested size: 286.97433pt x 211.09026pt.
 [53 <./GOL/img/dif80-1.png> <./GOL/img/dif80-2.png>]
File: GOL/img/life90-2.png Graphic file (type png)
<use GOL/img/life90-2.png>
Package pdftex.def Info: GOL/img/life90-2.png  used on input line 434.
(pdftex.def)             Requested size: 239.21858pt x 232.47325pt.
) [54 <./GOL/img/dif90-1.png>] [55] (GOL/conclusiones.tex) [56]) (HL/hl.tex
(HL/introduccion.tex [57]) [58] (HL/desarrollo.tex
("/Users/eliothmonroy/Library/Application Support/MiKTeX/texmfs/install/tex/lat
ex/base/latin1.def"
File: latin1.def 2018/08/11 v1.3c Input encoding file
) [59]
("/Users/eliothmonroy/Library/Application Support/MiKTeX/texmfs/install/tex/lat
ex/base/latin1.def"
File: latin1.def 2018/08/11 v1.3c Input encoding file
) [60] [61] [62] [63] [64] [65] [66] [67] [68] [69] [70]
("/Users/eliothmonroy/Library/Application Support/MiKTeX/texmfs/install/tex/lat
ex/base/latin1.def"
File: latin1.def 2018/08/11 v1.3c Input encoding file
) [71] [72]
("/Users/eliothmonroy/Library/Application Support/MiKTeX/texmfs/install/tex/lat
ex/base/latin1.def"
File: latin1.def 2018/08/11 v1.3c Input encoding file
) [73] [74] [75] [76] [77] [78] [79] [80] [81] [82] [83]
[84] [85] [86] [87]) [88] (HL/resultados.tex
<HL/img/interfaz.png, id=405, 964.60374pt x 707.64375pt>
File: HL/img/interfaz.png Graphic file (type png)
<use HL/img/interfaz.png>
Package pdftex.def Info: HL/img/interfaz.png  used on input line 5.
(pdftex.def)             Requested size: 289.38336pt x 212.29475pt.
<HL/img/dos.png, id=406, 968.61874pt x 700.6175pt>
File: HL/img/dos.png Graphic file (type png)
<use HL/img/dos.png>
Package pdftex.def Info: HL/img/dos.png  used on input line 13.
(pdftex.def)             Requested size: 290.58786pt x 210.18686pt.
 [89 <./HL/img/interfaz.png>]
<HL/img/varias.png, id=411, 975.645pt x 709.65125pt>
File: HL/img/varias.png Graphic file (type png)
<use HL/img/varias.png>
Package pdftex.def Info: HL/img/varias.png  used on input line 21.
(pdftex.def)             Requested size: 292.69576pt x 212.897pt.
<HL/img/hormiga.png, id=412, 971.63pt x 709.65125pt>
File: HL/img/hormiga.png Graphic file (type png)
<use HL/img/hormiga.png>
Package pdftex.def Info: HL/img/hormiga.png  used on input line 29.
(pdftex.def)             Requested size: 291.49126pt x 212.897pt.

[90 <./HL/img/dos.png> <./HL/img/varias.png>]
<HL/img/mod1-1.png, id=418, 972.63374pt x 707.64375pt>
File: HL/img/mod1-1.png Graphic file (type png)
<use HL/img/mod1-1.png>
Package pdftex.def Info: HL/img/mod1-1.png  used on input line 38.
(pdftex.def)             Requested size: 291.79237pt x 212.29475pt.
 [91 <./HL/img/hormiga.png>]
<HL/img/mod1-2.png, id=424, 991.705pt x 948.54375pt>
File: HL/img/mod1-2.png Graphic file (type png)
<use HL/img/mod1-2.png>
Package pdftex.def Info: HL/img/mod1-2.png  used on input line 46.
(pdftex.def)             Requested size: 238.01407pt x 227.65515pt.

[92 <./HL/img/mod1-1.png>]
<HL/img/mod2-1.png, id=429, 973.6375pt x 709.65125pt>
File: HL/img/mod2-1.png Graphic file (type png)
<use HL/img/mod2-1.png>
Package pdftex.def Info: HL/img/mod2-1.png  used on input line 54.
(pdftex.def)             Requested size: 292.0935pt x 212.897pt.
<HL/img/mod2-2.png, id=430, 995.72pt x 961.5925pt>
File: HL/img/mod2-2.png Graphic file (type png)
<use HL/img/mod2-2.png>
Package pdftex.def Info: HL/img/mod2-2.png  used on input line 62.
(pdftex.def)             Requested size: 238.97768pt x 230.78691pt.
 [93 <./HL/img/mod1-2.png> <./HL/img/mod2-1.png>]
<HL/img/mod3-1.png, id=436, 960.58875pt x 706.64pt>
File: HL/img/mod3-1.png Graphic file (type png)
<use HL/img/mod3-1.png>
Package pdftex.def Info: HL/img/mod3-1.png  used on input line 70.
(pdftex.def)             Requested size: 288.17885pt x 211.99364pt.
<HL/img/mod3-2.png, id=437, 990.70125pt x 967.615pt>
File: HL/img/mod3-2.png Graphic file (type png)
<use HL/img/mod3-2.png>
Package pdftex.def Info: HL/img/mod3-2.png  used on input line 78.
(pdftex.def)             Requested size: 237.77316pt x 232.23235pt.

[94 <./HL/img/mod2-2.png> <./HL/img/mod3-1.png>]) [95 <./HL/img/mod3-2.png>]
(HL/conclusiones.tex) [96]) (Grafos/grafos.tex (Grafos/introduccion.tex)
[97] (Grafos/desarrollo.tex
("/Users/eliothmonroy/Library/Application Support/MiKTeX/texmfs/install/tex/lat
ex/base/latin1.def"
File: latin1.def 2018/08/11 v1.3c Input encoding file
) [98] [99]) [100] (Grafos/resultados.tex
("/Users/eliothmonroy/Library/Application Support/MiKTeX/texmfs/install/tex/lat
ex/base/latin1.def"
File: latin1.def 2018/08/11 v1.3c Input encoding file
)
("/Users/eliothmonroy/Library/Application Support/MiKTeX/texmfs/install/tex/lat
ex/base/latin1.def"
File: latin1.def 2018/08/11 v1.3c Input encoding file
) [101]
<Grafos/img/tam-2-life.png, id=466, 786.94pt x 70.2625pt>
File: Grafos/img/tam-2-life.png Graphic file (type png)
<use Grafos/img/tam-2-life.png>
Package pdftex.def Info: Grafos/img/tam-2-life.png  used on input line 18.
(pdftex.def)             Requested size: 393.46904pt x 35.13115pt.

Overfull \hbox (3.46904pt too wide) in paragraph at lines 18--19
 [] 
 []

<Grafos/img/tam-2-diffusion.png, id=467, 786.94pt x 165.61874pt>
File: Grafos/img/tam-2-diffusion.png Graphic file (type png)
<use Grafos/img/tam-2-diffusion.png>
Package pdftex.def Info: Grafos/img/tam-2-diffusion.png  used on input line 26.

(pdftex.def)             Requested size: 393.46904pt x 82.80916pt.

Overfull \hbox (3.46904pt too wide) in paragraph at lines 26--27
 [] 
 []

) [102 <./Grafos/img/tam-2-life.png> <./Grafos/img/tam-2-diffusion.png>]
(Grafos/conclusiones.tex) [103]) (GOLM/golm.tex (GOLM/introduccion.tex [104])
[105] (GOLM/desarrollo.tex
("/Users/eliothmonroy/Library/Application Support/MiKTeX/texmfs/install/tex/lat
ex/base/latin1.def"
File: latin1.def 2018/08/11 v1.3c Input encoding file
) [106] [107]
("/Users/eliothmonroy/Library/Application Support/MiKTeX/texmfs/install/tex/lat
ex/base/latin1.def"
File: latin1.def 2018/08/11 v1.3c Input encoding file
) [108] [109] [110] [111] [112] [113] [114] [115] [116]
[117] [118]) [119] (GOLM/resultados.tex
<GOLM/img/regla2746-0.png, id=527, 986.68625pt x 707.64375pt>
File: GOLM/img/regla2746-0.png Graphic file (type png)
<use GOLM/img/regla2746-0.png>
Package pdftex.def Info: GOLM/img/regla2746-0.png  used on input line 8.
(pdftex.def)             Requested size: 296.00815pt x 212.29475pt.
<GOLM/img/regla2746-1.png, id=528, 984.67876pt x 703.62875pt>
File: GOLM/img/regla2746-1.png Graphic file (type png)
<use GOLM/img/regla2746-1.png>
Package pdftex.def Info: GOLM/img/regla2746-1.png  used on input line 17.
(pdftex.def)             Requested size: 295.4059pt x 211.09026pt.

Overfull \hbox (2.83759pt too wide) in paragraph at lines 14--21
[]\OT1/cmr/m/n/12 Como se pue-de ob-ser-var en la fi-gu-ra 73[], el com-por-ta-
mien-to de es-te automa-
 []

[120 <./GOLM/img/regla2746-0.png>]
<GOLM/img/regla2746-1-1.png, id=533, 709.65125pt x 721.69624pt>
File: GOLM/img/regla2746-1-1.png Graphic file (type png)
<use GOLM/img/regla2746-1-1.png>
Package pdftex.def Info: GOLM/img/regla2746-1-1.png  used on input line 26.
(pdftex.def)             Requested size: 212.897pt x 216.51054pt.
 [121 <./GOLM/img/regla2746-1.png>]
<GOLM/img/regla2746-2.png, id=539, 962.59625pt x 700.6175pt>
File: GOLM/img/regla2746-2.png Graphic file (type png)
<use GOLM/img/regla2746-2.png>
Package pdftex.def Info: GOLM/img/regla2746-2.png  used on input line 35.
(pdftex.def)             Requested size: 288.7811pt x 210.18686pt.
 [122 <./GOLM/img/regla2746-1-1.png>]
<GOLM/img/regla2746-2-1.png, id=544, 712.6625pt x 713.66624pt>
File: GOLM/img/regla2746-2-1.png Graphic file (type png)
<use GOLM/img/regla2746-2-1.png>
Package pdftex.def Info: GOLM/img/regla2746-2-1.png  used on input line 44.
(pdftex.def)             Requested size: 213.8004pt x 214.10152pt.
<GOLM/img/regla2746-3.png, id=545, 697.60625pt x 720.6925pt>
File: GOLM/img/regla2746-3.png Graphic file (type png)
<use GOLM/img/regla2746-3.png>
Package pdftex.def Info: GOLM/img/regla2746-3.png  used on input line 53.
(pdftex.def)             Requested size: 209.28348pt x 216.20941pt.
 [123 <./GOLM/img/regla2746-2.png> <./GOLM/img/regla2746-2-1.png>]
<GOLM/img/regla2746-3-1.png, id=551, 701.62125pt x 718.685pt>
File: GOLM/img/regla2746-3-1.png Graphic file (type png)
<use GOLM/img/regla2746-3-1.png>
Package pdftex.def Info: GOLM/img/regla2746-3-1.png  used on input line 61.
(pdftex.def)             Requested size: 210.48799pt x 215.60716pt.
 [124 <./GOLM/img/regla2746-3.png>]
<GOLM/img/regla3634-0.png, id=556, 962.59625pt x 723.70375pt>
File: GOLM/img/regla3634-0.png Graphic file (type png)
<use GOLM/img/regla3634-0.png>
Package pdftex.def Info: GOLM/img/regla3634-0.png  used on input line 73.
(pdftex.def)             Requested size: 288.7811pt x 217.1128pt.
 [125 <./GOLM/img/regla2746-3-1.png>]
<GOLM/img/regla3634-1.png, id=561, 962.59625pt x 702.625pt>
File: GOLM/img/regla3634-1.png Graphic file (type png)
<use GOLM/img/regla3634-1.png>
Package pdftex.def Info: GOLM/img/regla3634-1.png  used on input line 82.
(pdftex.def)             Requested size: 288.7811pt x 210.78912pt.
 [126 <./GOLM/img/regla3634-0.png>]
<GOLM/img/regla3634-1-1.png, id=566, 696.6025pt x 714.67pt>
File: GOLM/img/regla3634-1-1.png Graphic file (type png)
<use GOLM/img/regla3634-1-1.png>
Package pdftex.def Info: GOLM/img/regla3634-1-1.png  used on input line 91.
(pdftex.def)             Requested size: 208.98236pt x 214.40265pt.
 [127 <./GOLM/img/regla3634-1.png>]
<GOLM/img/regla3634-2.png, id=572, 961.5925pt x 704.6325pt>
File: GOLM/img/regla3634-2.png Graphic file (type png)
<use GOLM/img/regla3634-2.png>
Package pdftex.def Info: GOLM/img/regla3634-2.png  used on input line 101.
(pdftex.def)             Requested size: 288.47997pt x 211.39139pt.

[128 <./GOLM/img/regla3634-1-1.png>]
<GOLM/img/regla3634-2-1.png, id=577, 699.61375pt x 714.67pt>
File: GOLM/img/regla3634-2-1.png Graphic file (type png)
<use GOLM/img/regla3634-2-1.png>
Package pdftex.def Info: GOLM/img/regla3634-2-1.png  used on input line 110.
(pdftex.def)             Requested size: 209.88574pt x 214.40265pt.
 [129 <./GOLM/img/regla3634-2.png>]
<GOLM/img/regla3634-3.png, id=582, 962.59625pt x 701.62125pt>
File: GOLM/img/regla3634-3.png Graphic file (type png)
<use GOLM/img/regla3634-3.png>
Package pdftex.def Info: GOLM/img/regla3634-3.png  used on input line 120.
(pdftex.def)             Requested size: 288.7811pt x 210.48799pt.

[130 <./GOLM/img/regla3634-2-1.png>]
<GOLM/img/regla3634-3-1.png, id=587, 695.59875pt x 713.66624pt>
File: GOLM/img/regla3634-3-1.png Graphic file (type png)
<use GOLM/img/regla3634-3-1.png>
Package pdftex.def Info: GOLM/img/regla3634-3-1.png  used on input line 129.
(pdftex.def)             Requested size: 208.68123pt x 214.10152pt.
 [131 <./GOLM/img/regla3634-3.png>]
<GOLM/img/regla1616-0.png, id=592, 957.5775pt x 704.6325pt>
File: GOLM/img/regla1616-0.png Graphic file (type png)
<use GOLM/img/regla1616-0.png>
Package pdftex.def Info: GOLM/img/regla1616-0.png  used on input line 141.
(pdftex.def)             Requested size: 287.27547pt x 211.39139pt.

[132 <./GOLM/img/regla3634-3-1.png>]
<GOLM/img/regla1616-1.png, id=597, 965.6075pt x 704.6325pt>
File: GOLM/img/regla1616-1.png Graphic file (type png)
<use GOLM/img/regla1616-1.png>
Package pdftex.def Info: GOLM/img/regla1616-1.png  used on input line 150.
(pdftex.def)             Requested size: 289.68448pt x 211.39139pt.
 [133 <./GOLM/img/regla1616-0.png>]
<GOLM/img/regla1616-1-1.png, id=603, 701.62125pt x 708.6475pt>
File: GOLM/img/regla1616-1-1.png Graphic file (type png)
<use GOLM/img/regla1616-1-1.png>
Package pdftex.def Info: GOLM/img/regla1616-1-1.png  used on input line 159.
(pdftex.def)             Requested size: 210.48799pt x 212.59589pt.

[134 <./GOLM/img/regla1616-1.png>]
<GOLM/img/regla1616-2.png, id=608, 964.60374pt x 700.6175pt>
File: GOLM/img/regla1616-2.png Graphic file (type png)
<use GOLM/img/regla1616-2.png>
Package pdftex.def Info: GOLM/img/regla1616-2.png  used on input line 168.
(pdftex.def)             Requested size: 289.38336pt x 210.18686pt.
 [135 <./GOLM/img/regla1616-1-1.png>]
<GOLM/img/regla1616-2-1.png, id=613, 706.64pt x 721.69624pt>
File: GOLM/img/regla1616-2-1.png Graphic file (type png)
<use GOLM/img/regla1616-2-1.png>
Package pdftex.def Info: GOLM/img/regla1616-2-1.png  used on input line 177.
(pdftex.def)             Requested size: 211.99364pt x 216.51054pt.
<GOLM/img/regla1616-3.png, id=614, 965.6075pt x 705.63625pt>
File: GOLM/img/regla1616-3.png Graphic file (type png)
<use GOLM/img/regla1616-3.png>
Package pdftex.def Info: GOLM/img/regla1616-3.png  used on input line 186.
(pdftex.def)             Requested size: 289.68448pt x 211.6925pt.

[136 <./GOLM/img/regla1616-2.png> <./GOLM/img/regla1616-2-1.png>]
<GOLM/img/regla1616-3-1.png, id=620, 711.65875pt x 713.66624pt>
File: GOLM/img/regla1616-3-1.png Graphic file (type png)
<use GOLM/img/regla1616-3-1.png>
Package pdftex.def Info: GOLM/img/regla1616-3-1.png  used on input line 195.
(pdftex.def)             Requested size: 213.49927pt x 214.10152pt.
 [137 <./GOLM/img/regla1616-3.png>]
<GOLM/img/regla3318-0.png, id=625, 962.59625pt x 713.66624pt>
File: GOLM/img/regla3318-0.png Graphic file (type png)
<use GOLM/img/regla3318-0.png>
Package pdftex.def Info: GOLM/img/regla3318-0.png  used on input line 208.
(pdftex.def)             Requested size: 288.7811pt x 214.10152pt.
 [138 <./GOLM/img/regla1616-3-1.png>]
<GOLM/img/regla3318-1.png, id=630, 968.61874pt x 704.6325pt>
File: GOLM/img/regla3318-1.png Graphic file (type png)
<use GOLM/img/regla3318-1.png>
Package pdftex.def Info: GOLM/img/regla3318-1.png  used on input line 217.
(pdftex.def)             Requested size: 290.58786pt x 211.39139pt.
 [139 <./GOLM/img/regla3318-0.png>]
<GOLM/img/regla3318-1-1.png, id=636, 713.66624pt x 714.67pt>
File: GOLM/img/regla3318-1-1.png Graphic file (type png)
<use GOLM/img/regla3318-1-1.png>
Package pdftex.def Info: GOLM/img/regla3318-1-1.png  used on input line 226.
(pdftex.def)             Requested size: 214.10152pt x 214.40265pt.
 [140 <./GOLM/img/regla3318-1.png>]
<GOLM/img/regla3318-2.png, id=641, 961.5925pt x 702.625pt>
File: GOLM/img/regla3318-2.png Graphic file (type png)
<use GOLM/img/regla3318-2.png>
Package pdftex.def Info: GOLM/img/regla3318-2.png  used on input line 236.
(pdftex.def)             Requested size: 288.47997pt x 210.78912pt.
 [141 <./GOLM/img/regla3318-1-1.png>]
<GOLM/img/regla3318-2-1.png, id=646, 704.6325pt x 718.685pt>
File: GOLM/img/regla3318-2-1.png Graphic file (type png)
<use GOLM/img/regla3318-2-1.png>
Package pdftex.def Info: GOLM/img/regla3318-2-1.png  used on input line 245.
(pdftex.def)             Requested size: 211.39139pt x 215.60716pt.
 [142 <./GOLM/img/regla3318-2.png>]
<GOLM/img/regla3318-3.png, id=651, 964.60374pt x 705.63625pt>
File: GOLM/img/regla3318-3.png Graphic file (type png)
<use GOLM/img/regla3318-3.png>
Package pdftex.def Info: GOLM/img/regla3318-3.png  used on input line 254.
(pdftex.def)             Requested size: 289.38336pt x 211.6925pt.
 [143 <./GOLM/img/regla3318-2-1.png>]
<GOLM/img/regla3318-3-1.png, id=656, 709.65125pt x 726.715pt>
File: GOLM/img/regla3318-3-1.png Graphic file (type png)
<use GOLM/img/regla3318-3-1.png>
Package pdftex.def Info: GOLM/img/regla3318-3-1.png  used on input line 263.
(pdftex.def)             Requested size: 212.897pt x 218.01617pt.
[144 <./GOLM/img/regla3318-3.png>]
<GOLM/img/regla3317-0.png, id=661, 964.60374pt x 703.62875pt>
File: GOLM/img/regla3317-0.png Graphic file (type png)
<use GOLM/img/regla3317-0.png>
Package pdftex.def Info: GOLM/img/regla3317-0.png  used on input line 275.
(pdftex.def)             Requested size: 289.38336pt x 211.09026pt.
 [145 <./GOLM/img/regla3318-3-1.png>]
<GOLM/img/regla3317-1.png, id=667, 978.65625pt x 713.66624pt>
File: GOLM/img/regla3317-1.png Graphic file (type png)
<use GOLM/img/regla3317-1.png>
Package pdftex.def Info: GOLM/img/regla3317-1.png  used on input line 284.
(pdftex.def)             Requested size: 293.59914pt x 214.10152pt.

[146 <./GOLM/img/regla3317-0.png>]
<GOLM/img/regla3317-1-1.png, id=672, 700.6175pt x 717.68124pt>
File: GOLM/img/regla3317-1-1.png Graphic file (type png)
<use GOLM/img/regla3317-1-1.png>
Package pdftex.def Info: GOLM/img/regla3317-1-1.png  used on input line 293.
(pdftex.def)             Requested size: 210.18686pt x 215.30603pt.
 [147 <./GOLM/img/regla3317-1.png>]
<GOLM/img/regla3317-2.png, id=677, 962.59625pt x 703.62875pt>
File: GOLM/img/regla3317-2.png Graphic file (type png)
<use GOLM/img/regla3317-2.png>
Package pdftex.def Info: GOLM/img/regla3317-2.png  used on input line 303.
(pdftex.def)             Requested size: 288.7811pt x 211.09026pt.
 [148 <./GOLM/img/regla3317-1-1.png>]
<GOLM/img/regla3317-2-1.png, id=682, 702.625pt x 714.67pt>
File: GOLM/img/regla3317-2-1.png Graphic file (type png)
<use GOLM/img/regla3317-2-1.png>
Package pdftex.def Info: GOLM/img/regla3317-2-1.png  used on input line 312.
(pdftex.def)             Requested size: 210.78912pt x 214.40265pt.
 [149 <./GOLM/img/regla3317-2.png>]
<GOLM/img/regla3317-3.png, id=687, 967.615pt x 709.65125pt>
File: GOLM/img/regla3317-3.png Graphic file (type png)
<use GOLM/img/regla3317-3.png>
Package pdftex.def Info: GOLM/img/regla3317-3.png  used on input line 321.
(pdftex.def)             Requested size: 290.28674pt x 212.897pt.
 [150 <./GOLM/img/regla3317-2-1.png>]
<GOLM/img/regla3317-3-1.png, id=692, 699.61375pt x 717.68124pt>
File: GOLM/img/regla3317-3-1.png Graphic file (type png)
<use GOLM/img/regla3317-3-1.png>
Package pdftex.def Info: GOLM/img/regla3317-3-1.png  used on input line 330.
(pdftex.def)             Requested size: 209.88574pt x 215.30603pt.
 [151 <./GOLM/img/regla3317-3.png>]) [152 <./GOLM/img/regla3317-3-1.png>] (GOLM
/conclusiones.tex) [153]) (reporte.bbl
Underfull \hbox (badness 10000) in paragraph at lines 14--19
[]\OT1/cmr/m/n/12 M. Gard-ner, ``Mat-he-ma-ti-cal ga-mes the fan-tas-tic com-bi
-na-
 []


Underfull \hbox (badness 10000) in paragraph at lines 14--19
\OT1/cmr/m/n/12 tions of john con-way's new so-li-tai-re ga-me li-fe.'' $\OT1/c
mtt/m/n/12 https :
 []


Underfull \hbox (badness 10000) in paragraph at lines 14--19
\OT1/cmtt/m/n/12 / / web . archive . org / web / 20090603015231 / http : / / dd
i . cs .
 []


Underfull \hbox (badness 10000) in paragraph at lines 14--19
\OT1/cmtt/m/n/12 uni-[]potsdam . de / HyFISCH / Produzieren / lis _ projekt / p
roj _
 []


Underfull \hbox (badness 10000) in paragraph at lines 14--19
\OT1/cmtt/m/n/12 gamelife / ConwayScientificAmerican . htm$\OT1/cmr/m/n/12 , 19
70.  [Con-sul-ta-do:
 []

) [154] (reporte.aux
LaTeX Info: Redefining \. on input line 6.
LaTeX Info: Redefining \% on input line 6.
)

LaTeX Warning: There were multiply-defined labels.

 ) 
Here is how much of TeX's memory you used:
 5916 strings out of 492948
 93773 string characters out of 3117021
 577056 words of memory out of 3000000
 9517 multiletter control sequences out of 15000+200000
 9324 words of font info for 33 fonts, out of 3000000 for 9000
 1141 hyphenation exceptions out of 8191
 39i,8n,52p,837b,2252s stack positions out of 5000i,500n,10000p,200000b,50000s
</Users/eliothmonroy/Library/Application Support/MiKTeX/texmfs/install/fonts/
type1/public/amsfonts/cm/cmbx12.pfb></Users/eliothmonroy/Library/Application Su
pport/MiKTeX/texmfs/install/fonts/type1/public/amsfonts/cm/cmmi10.pfb></Users/e
liothmonroy/Library/Application Support/MiKTeX/texmfs/install/fonts/type1/publi
c/amsfonts/cm/cmmi12.pfb></Users/eliothmonroy/Library/Application Support/MiKTe
X/texmfs/install/fonts/type1/public/amsfonts/cm/cmr10.pfb></Users/eliothmonroy/
Library/Application Support/MiKTeX/texmfs/install/fonts/type1/public/amsfonts/c
m/cmr12.pfb></Users/eliothmonroy/Library/Application Support/MiKTeX/texmfs/inst
all/fonts/type1/public/amsfonts/cm/cmr17.pfb></Users/eliothmonroy/Library/Appli
cation Support/MiKTeX/texmfs/install/fonts/type1/public/amsfonts/cm/cmr6.pfb></
Users/eliothmonroy/Library/Application Support/MiKTeX/texmfs/install/fonts/type
1/public/amsfonts/cm/cmr8.pfb></Users/eliothmonroy/Library/Application Support/
MiKTeX/texmfs/install/fonts/type1/public/amsfonts/cm/cmsy10.pfb></Users/eliothm
onroy/Library/Application Support/MiKTeX/texmfs/install/fonts/type1/public/amsf
onts/cm/cmti12.pfb></Users/eliothmonroy/Library/Application Support/MiKTeX/texm
fs/install/fonts/type1/public/amsfonts/cm/cmtt12.pfb>
Output written on reporte.pdf (154 pages, 6991496 bytes).
PDF statistics:
 750 PDF objects out of 1000 (max. 8388607)
 0 named destinations out of 1000 (max. 500000)
 526 words of extra memory for PDF output out of 10000 (max. 10000000)

