Running in Lattice mode


Starting:    C:\lscc\diamond\3.9_x64\synpbase\bin64\mbin\synbatch.exe
Install:     C:\lscc\diamond\3.9_x64\synpbase
Hostname:    ELIOTHLAPTOP
Date:        Fri Nov 17 11:13:19 2017
Version:     L-2016.09L-1

Arguments:   -product synplify_pro -batch generic00_generic00_synplify.tcl
ProductType: synplify_pro





Technology initialized from device list to: LATTICE-XP

log file: "C:\Users\eliot\Documents\Github\arqui3CM3\generic00\generic00\generic00_generic00.srr"

Running: hdl_info_gen in foreground



Generating HDL info...


hdl_info_gen completed
# Fri Nov 17 11:13:19 2017

Return Code: 0
Run Time:00h:00m:00s

Copied C:\Users\eliot\Documents\Github\arqui3CM3\generic00\generic00\generic00_generic00.srr to C:\Users\eliot\Documents\Github\arqui3CM3\generic00\generic00\generic00_generic00.srf

log file: "C:\Users\eliot\Documents\Github\arqui3CM3\generic00\generic00\generic00_generic00.srr"

Running: generic00 in foreground



Running proj_1|generic00


Running: compile (Compile) on proj_1|generic00
# Fri Nov 17 11:13:19 2017


Running: compile_flow (Compile Process) on proj_1|generic00
# Fri Nov 17 11:13:19 2017


Running: compiler (Compile Input) on proj_1|generic00
# Fri Nov 17 11:13:19 2017

Copied C:\Users\eliot\Documents\Github\arqui3CM3\generic00\generic00\synwork\generic00_generic00_comp.srs to C:\Users\eliot\Documents\Github\arqui3CM3\generic00\generic00\generic00_generic00.srs


compiler completed
# Fri Nov 17 11:13:21 2017

Return Code: 0
Run Time:00h:00m:02s


Running: multi_srs_gen (Multi-srs Generator) on proj_1|generic00
# Fri Nov 17 11:13:21 2017


multi_srs_gen completed
# Fri Nov 17 11:13:21 2017

Return Code: 0
Run Time:00h:00m:00s

Copied C:\Users\eliot\Documents\Github\arqui3CM3\generic00\generic00\synwork\generic00_generic00_mult.srs to C:\Users\eliot\Documents\Github\arqui3CM3\generic00\generic00\generic00_generic00.srs

Copied C:\Users\eliot\Documents\Github\arqui3CM3\generic00\generic00\generic00_generic00.srr to C:\Users\eliot\Documents\Github\arqui3CM3\generic00\generic00\generic00_generic00.srf

Complete: Compile Process on proj_1|generic00


Running: premap (Pre-mapping) on proj_1|generic00
# Fri Nov 17 11:13:21 2017


premap completed with warnings
# Fri Nov 17 11:13:21 2017

Return Code: 1
Run Time:00h:00m:00s

Complete: Compile on proj_1|generic00


Running: map (Map) on proj_1|generic00
# Fri Nov 17 11:13:21 2017

License granted for 4 parallel jobs


Running: fpga_mapper (Map & Optimize) on proj_1|generic00
# Fri Nov 17 11:13:21 2017

Copied C:\Users\eliot\Documents\Github\arqui3CM3\generic00\generic00\synwork\generic00_generic00_m.srm to C:\Users\eliot\Documents\Github\arqui3CM3\generic00\generic00\generic00_generic00.srm


fpga_mapper completed with warnings
# Fri Nov 17 11:13:23 2017

Return Code: 1
Run Time:00h:00m:02s

Complete: Map on proj_1|generic00

Copied C:\Users\eliot\Documents\Github\arqui3CM3\generic00\generic00\generic00_generic00.srr to C:\Users\eliot\Documents\Github\arqui3CM3\generic00\generic00\generic00_generic00.srf

Complete: Logic Synthesis on proj_1|generic00

TCL script complete: "generic00_generic00_synplify.tcl"

exit status=0

exit status=0

Save changes for project:
C:\Users\eliot\Documents\Github\arqui3CM3\generic00\generic00\proj_1.prj

batch mode default:no

