Running in Lattice mode


Starting:    C:\ispLEVER_Classic2_0\synpbase\win64\mbin\synbatch.exe
Install:     C:\ispLEVER_Classic2_0\synpbase
Date:        Mon Jun 12 21:10:03 2017
Version:     I-2014.03LC 

Arguments:   -product synplify_pro  -batch c:/users/elith/documents/github/vhdl-isp/dsd/examen1\dado.prj
ProductType: synplify_pro





log file: "C:\users\elith\documents\github\vhdl-isp\dsd\examen1\dado.srr"

Generating HDL info...
hdl_info_gen Completed
Return Code: 0
Run Time:0h:00m:00s
log file: "C:\users\elith\documents\github\vhdl-isp\dsd\examen1\dado.srr"

Running dado|examen1

Running: Compile on dado|examen1

Running: Compile Process on dado|examen1

Running: Compile Input on dado|examen1
Copied C:\users\elith\documents\github\vhdl-isp\dsd\examen1\synwork\dado_comp.srs to C:\users\elith\documents\github\vhdl-isp\dsd\examen1\dado.srs
compiler Completed
Return Code: 0
Run Time:0h:00m:01s

Running: Multi-srs Generator on dado|examen1
Copied C:\users\elith\documents\github\vhdl-isp\dsd\examen1\synwork\dado_comp.srs to C:\users\elith\documents\github\vhdl-isp\dsd\examen1\synwork\dado_s.srs
multi_srs_gen Completed
Return Code: 0
Run Time:0h:00m:01s
Copied C:\users\elith\documents\github\vhdl-isp\dsd\examen1\synwork\dado_mult.srs to C:\users\elith\documents\github\vhdl-isp\dsd\examen1\dado.srs
Copied C:\users\elith\documents\github\vhdl-isp\dsd\examen1\dado.srr to C:\users\elith\documents\github\vhdl-isp\dsd\examen1\dado.srf
Complete: Compile Process on dado|examen1
Complete: Compile on dado|examen1

Running: Map on dado|examen1

Running: Map & Optimize on dado|examen1
fpga_mapper Completed with warnings
Return Code: 1
Run Time:0h:00m:00s
Complete: Map on dado|examen1
Complete: Logic Synthesis on dado|examen1

exit status=0

exit status=0

