
synpwrap -msg -prj "lcd00_lcd00_synplify.tcl" -log "lcd00_lcd00.srf"
Copyright (C) 1992-2017 Lattice Semiconductor Corporation. All rights reserved.
Lattice Diamond Version 3.9.1.119
    <postMsg mid="2011000" type="Info"    dynamic="0" navigation="0"  />

==contents of lcd00_lcd00.srf
#Build: Synplify Pro L-2016.09L-1, Build 147R, Mar  7 2017
#install: C:\lscc\diamond\3.9_x64\synpbase
#OS: Windows 8 6.2
#Hostname: ELIOTH

# Tue Nov 21 21:51:06 2017

#Implementation: lcd00

Synopsys HDL Compiler, version comp2016q3p1, Build 284R, built Mar 10 2017
@N|Running in 64-bit mode
Copyright (C) 1994-2016 Synopsys, Inc. All rights reserved. This Synopsys software and all associated documentation are proprietary to Synopsys, Inc. and may only be used pursuant to the terms and conditions of a written license agreement with Synopsys, Inc. All other use, reproduction, modification, or distribution of the Synopsys software or the associated documentation is strictly prohibited.

Synopsys VHDL Compiler, version comp2016q3p1, Build 284R, built Mar 10 2017
@N|Running in 64-bit mode
Copyright (C) 1994-2016 Synopsys, Inc. All rights reserved. This Synopsys software and all associated documentation are proprietary to Synopsys, Inc. and may only be used pursuant to the terms and conditions of a written license agreement with Synopsys, Inc. All other use, reproduction, modification, or distribution of the Synopsys software or the associated documentation is strictly prohibited.

@N: CD720 :"C:\lscc\diamond\3.9_x64\synpbase\lib\vhd\std.vhd":123:18:123:21|Setting time resolution to ps
@N:"C:\Users\ELITH\Documents\GitHub\arqui3CM3\lcd00\toplcd00.vhdl":8:7:8:14|Top entity is set to toplcd00.
File C:\lscc\diamond\3.9_x64\synpbase\lib\cpld\lattice.vhd changed - recompiling
File C:\Users\ELITH\Documents\GitHub\arqui3CM3\lcd00\lcd00\source\osc00.vhdl changed - recompiling
File C:\Users\ELITH\Documents\GitHub\arqui3CM3\lcd00\lcd00\source\packagediv00.vhdl changed - recompiling
File C:\Users\ELITH\Documents\GitHub\arqui3CM3\lcd00\lcdcontconfig00.vhdl changed - recompiling
File C:\Users\ELITH\Documents\GitHub\arqui3CM3\lcd00\lcdconfig00.vhdl changed - recompiling
File C:\Users\ELITH\Documents\GitHub\arqui3CM3\lcd00\lcdcontdata00.vhdl changed - recompiling
File C:\Users\ELITH\Documents\GitHub\arqui3CM3\lcd00\lcddata00.vhdl changed - recompiling
File C:\Users\ELITH\Documents\GitHub\arqui3CM3\lcd00\lcdmux00.vhdl changed - recompiling
File C:\Users\ELITH\Documents\GitHub\arqui3CM3\lcd00\packagelcd00.vhdl changed - recompiling
File C:\Users\ELITH\Documents\GitHub\arqui3CM3\lcd00\lcd00\source\toposcdiv00.vhdl changed - recompiling
File C:\Users\ELITH\Documents\GitHub\arqui3CM3\lcd00\toplcd00.vhdl changed - recompiling
VHDL syntax check successful!
File C:\Users\ELITH\Documents\GitHub\arqui3CM3\lcd00\lcdcontdata00.vhdl changed - recompiling
File C:\Users\ELITH\Documents\GitHub\arqui3CM3\lcd00\lcddata00.vhdl changed - recompiling
@N: CD630 :"C:\Users\ELITH\Documents\GitHub\arqui3CM3\lcd00\toplcd00.vhdl":8:7:8:14|Synthesizing work.toplcd00.arch.
@W: CD638 :"C:\Users\ELITH\Documents\GitHub\arqui3CM3\lcd00\toplcd00.vhdl":50:7:50:10|Signal srwc is undriven. Either assign the signal a value or remove the signal declaration.
@N: CD630 :"C:\Users\ELITH\Documents\GitHub\arqui3CM3\lcd00\lcdmux00.vhdl":7:7:7:14|Synthesizing work.lcdmux00.arch.
Post processing for work.lcdmux00.arch
@N: CD630 :"C:\Users\ELITH\Documents\GitHub\arqui3CM3\lcd00\lcddata00.vhdl":7:7:7:15|Synthesizing work.lcddata00.arch.
Post processing for work.lcddata00.arch
@N: CL189 :"C:\Users\ELITH\Documents\GitHub\arqui3CM3\lcd00\lcddata00.vhdl":47:2:47:3|Register bit outFlagdd is always 0.
@N: CL189 :"C:\Users\ELITH\Documents\GitHub\arqui3CM3\lcd00\lcddata00.vhdl":47:2:47:3|Register bit outworddd(7) is always 0.
@W: CL260 :"C:\Users\ELITH\Documents\GitHub\arqui3CM3\lcd00\lcddata00.vhdl":47:2:47:3|Pruning register bit 7 of outworddd(7 downto 0). If this is not the intended behavior, drive the input with valid values, or an input from the top level.
@N: CD630 :"C:\Users\ELITH\Documents\GitHub\arqui3CM3\lcd00\lcdcontdata00.vhdl":7:7:7:19|Synthesizing work.lcdcontdata00.arch.
Post processing for work.lcdcontdata00.arch
@N: CL189 :"C:\Users\ELITH\Documents\GitHub\arqui3CM3\lcd00\lcdcontdata00.vhdl":24:2:24:3|Register bit RScd is always 1.
@N: CL189 :"C:\Users\ELITH\Documents\GitHub\arqui3CM3\lcd00\lcdcontdata00.vhdl":24:2:24:3|Register bit RWcd is always 0.
@N: CD630 :"C:\Users\ELITH\Documents\GitHub\arqui3CM3\lcd00\lcdconfig00.vhdl":7:7:7:17|Synthesizing work.lcdconfig00.arch.
Post processing for work.lcdconfig00.arch
@N: CD630 :"C:\Users\ELITH\Documents\GitHub\arqui3CM3\lcd00\lcdcontconfig00.vhdl":7:7:7:21|Synthesizing work.lcdcontconfig00.arch.
@N: CD364 :"C:\Users\ELITH\Documents\GitHub\arqui3CM3\lcd00\lcdcontconfig00.vhdl":31:7:31:15|Removing redundant assignment.
Post processing for work.lcdcontconfig00.arch
@N: CD630 :"C:\Users\ELITH\Documents\GitHub\arqui3CM3\lcd00\lcd00\source\toposcdiv00.vhdl":8:7:8:17|Synthesizing work.toposcdiv00.toposcdiv0.
@N: CD630 :"C:\Users\ELITH\Documents\GitHub\arqui3CM3\lcd00\lcd00\source\div00.vhdl":7:7:7:11|Synthesizing work.div00.div0.
Post processing for work.div00.div0
@N: CD630 :"C:\Users\ELITH\Documents\GitHub\arqui3CM3\lcd00\lcd00\source\osc00.vhdl":8:7:8:11|Synthesizing work.osc00.osc0.
@W: CD276 :"C:\lscc\diamond\3.9_x64\cae_library\synthesis\vhdl\machxo2.vhd":2297:8:2297:15|Map for port sedstdby of component osch not found
@N: CD630 :"C:\lscc\diamond\3.9_x64\cae_library\synthesis\vhdl\machxo2.vhd":2291:10:2291:13|Synthesizing work.osch.syn_black_box.
Post processing for work.osch.syn_black_box
Post processing for work.osc00.osc0
Post processing for work.toposcdiv00.toposcdiv0
Post processing for work.toplcd00.arch
@W: CL240 :"C:\Users\ELITH\Documents\GitHub\arqui3CM3\lcd00\toplcd00.vhdl":50:7:50:10|Signal sRWc is floating; a simulation mismatch is possible.
@W: CL167 :"C:\Users\ELITH\Documents\GitHub\arqui3CM3\lcd00\toplcd00.vhdl":97:1:97:3|Input rwc of instance L05 is floating
@W: CL138 :"C:\Users\ELITH\Documents\GitHub\arqui3CM3\lcd00\lcdconfig00.vhdl":24:2:24:3|Removing register 'RSc' because it is only assigned 0 or its original value.
@W: CL138 :"C:\Users\ELITH\Documents\GitHub\arqui3CM3\lcd00\lcdconfig00.vhdl":24:2:24:3|Removing register 'RWc' because it is only assigned 0 or its original value.
@N: CL189 :"C:\Users\ELITH\Documents\GitHub\arqui3CM3\lcd00\lcdconfig00.vhdl":24:2:24:3|Register bit comandoc(6) is always 0.
@W: CL260 :"C:\Users\ELITH\Documents\GitHub\arqui3CM3\lcd00\lcdconfig00.vhdl":24:2:24:3|Pruning register bit 6 of comandoc(7 downto 0). If this is not the intended behavior, drive the input with valid values, or an input from the top level.
@N: CL159 :"C:\Users\ELITH\Documents\GitHub\arqui3CM3\lcd00\lcdmux00.vhdl":12:2:12:10|Input inflagdlm is unused.

At c_vhdl Exit (Real Time elapsed 0h:00m:00s; CPU Time elapsed 0h:00m:00s; Memory used current: 76MB peak: 79MB)

Process took 0h:00m:01s realtime, 0h:00m:01s cputime

Process completed successfully.
# Tue Nov 21 21:51:06 2017

###########################################################]
Synopsys Netlist Linker, version comp2016q3p1, Build 279R, built Mar  8 2017
@N|Running in 64-bit mode
File C:\Users\ELITH\Documents\GitHub\arqui3CM3\lcd00\lcd00\synwork\layer0.srs changed - recompiling

At syn_nfilter Exit (Real Time elapsed 0h:00m:00s; CPU Time elapsed 0h:00m:00s; Memory used current: 67MB peak: 68MB)

Process took 0h:00m:01s realtime, 0h:00m:01s cputime

Process completed successfully.
# Tue Nov 21 21:51:06 2017

###########################################################]
@END

At c_hdl Exit (Real Time elapsed 0h:00m:00s; CPU Time elapsed 0h:00m:00s; Memory used current: 3MB peak: 4MB)

Process took 0h:00m:01s realtime, 0h:00m:01s cputime

Process completed successfully.
# Tue Nov 21 21:51:06 2017

###########################################################]
Synopsys Netlist Linker, version comp2016q3p1, Build 279R, built Mar  8 2017
@N|Running in 64-bit mode
File C:\Users\ELITH\Documents\GitHub\arqui3CM3\lcd00\lcd00\synwork\lcd00_lcd00_comp.srs changed - recompiling

At syn_nfilter Exit (Real Time elapsed 0h:00m:00s; CPU Time elapsed 0h:00m:00s; Memory used current: 67MB peak: 68MB)

Process took 0h:00m:01s realtime, 0h:00m:01s cputime

Process completed successfully.
# Tue Nov 21 21:51:08 2017

###########################################################]
Pre-mapping Report

# Tue Nov 21 21:51:08 2017

Synopsys Lattice Technology Pre-mapping, Version maplat, Build 1682R, Built Mar 10 2017 10:47:08
Copyright (C) 1994-2017 Synopsys, Inc. This Synopsys software and all associated documentation are proprietary to Synopsys, Inc. and may only be used pursuant to the terms and conditions of a written license agreement with Synopsys, Inc. All other use, reproduction, modification, or distribution of the Synopsys software or the associated documentation is strictly prohibited.
Product Version L-2016.09L-1

Mapper Startup Complete (Real Time elapsed 0h:00m:00s; CPU Time elapsed 0h:00m:00s; Memory used current: 99MB peak: 99MB)

@A: MF827 |No constraint file specified.
@L: C:\Users\ELITH\Documents\GitHub\arqui3CM3\lcd00\lcd00\lcd00_lcd00_scck.rpt 
Printing clock  summary report in "C:\Users\ELITH\Documents\GitHub\arqui3CM3\lcd00\lcd00\lcd00_lcd00_scck.rpt" file 
@N: MF248 |Running in 64-bit mode.
@N: MF666 |Clock conversion enabled. (Command "set_option -fix_gated_and_generated_clocks 1" in the project file.)

Design Input Complete (Real Time elapsed 0h:00m:00s; CPU Time elapsed 0h:00m:00s; Memory used current: 100MB peak: 102MB)


Mapper Initialization Complete (Real Time elapsed 0h:00m:00s; CPU Time elapsed 0h:00m:00s; Memory used current: 100MB peak: 102MB)


Start loading timing files (Real Time elapsed 0h:00m:00s; CPU Time elapsed 0h:00m:00s; Memory used current: 112MB peak: 112MB)


Finished loading timing files (Real Time elapsed 0h:00m:00s; CPU Time elapsed 0h:00m:00s; Memory used current: 112MB peak: 114MB)

@W: FX474 |User-specified initial value defined for some sequential elements which can prevent optimum synthesis results from being achieved. 
Fixing fake multiple drivers on net sRSc.
ICG Latch Removal Summary:
Number of ICG latches removed:	0
Number of ICG latches not removed:	0
syn_allowed_resources : blockrams=26  set on top level netlist toplcd00

Finished netlist restructuring (Real Time elapsed 0h:00m:00s; CPU Time elapsed 0h:00m:00s; Memory used current: 139MB peak: 141MB)



Clock Summary
*****************

Start                            Requested     Requested     Clock                                           Clock                   Clock
Clock                            Frequency     Period        Type                                            Group                   Load 
------------------------------------------------------------------------------------------------------------------------------------------
div00|outdiv_derived_clock       2.1 MHz       480.769       derived (from osc00|osc_int_inferred_clock)     Inferred_clkgroup_0     40   
osc00|osc_int_inferred_clock     2.1 MHz       480.769       inferred                                        Inferred_clkgroup_0     23   
==========================================================================================================================================

@W: MT529 :"c:\users\elith\documents\github\arqui3cm3\lcd00\lcd00\source\div00.vhdl":20:2:20:3|Found inferred clock osc00|osc_int_inferred_clock which controls 23 sequential elements including L00.DO1.sdiv[21:0]. This clock has no specified timing constraint which may prevent conversion of gated or generated clocks and may adversely impact design performance. 

Finished Pre Mapping Phase.

Starting constraint checker (Real Time elapsed 0h:00m:00s; CPU Time elapsed 0h:00m:00s; Memory used current: 139MB peak: 141MB)

None
None

Finished constraint checker (Real Time elapsed 0h:00m:00s; CPU Time elapsed 0h:00m:00s; Memory used current: 139MB peak: 141MB)

Pre-mapping successful!

At Mapper Exit (Real Time elapsed 0h:00m:00s; CPU Time elapsed 0h:00m:00s; Memory used current: 55MB peak: 141MB)

Process took 0h:00m:01s realtime, 0h:00m:01s cputime
# Tue Nov 21 21:51:09 2017

###########################################################]
Map & Optimize Report

# Tue Nov 21 21:51:09 2017

Synopsys Lattice Technology Mapper, Version maplat, Build 1682R, Built Mar 10 2017 10:47:08
Copyright (C) 1994-2017 Synopsys, Inc. This Synopsys software and all associated documentation are proprietary to Synopsys, Inc. and may only be used pursuant to the terms and conditions of a written license agreement with Synopsys, Inc. All other use, reproduction, modification, or distribution of the Synopsys software or the associated documentation is strictly prohibited.
Product Version L-2016.09L-1

Mapper Startup Complete (Real Time elapsed 0h:00m:00s; CPU Time elapsed 0h:00m:00s; Memory used current: 99MB peak: 99MB)

@N: MF248 |Running in 64-bit mode.
@N: MF666 |Clock conversion enabled. (Command "set_option -fix_gated_and_generated_clocks 1" in the project file.)

Design Input Complete (Real Time elapsed 0h:00m:00s; CPU Time elapsed 0h:00m:00s; Memory used current: 98MB peak: 100MB)


Mapper Initialization Complete (Real Time elapsed 0h:00m:00s; CPU Time elapsed 0h:00m:00s; Memory used current: 98MB peak: 100MB)


Start loading timing files (Real Time elapsed 0h:00m:00s; CPU Time elapsed 0h:00m:00s; Memory used current: 111MB peak: 111MB)


Finished loading timing files (Real Time elapsed 0h:00m:00s; CPU Time elapsed 0h:00m:00s; Memory used current: 111MB peak: 114MB)



Starting Optimization and Mapping (Real Time elapsed 0h:00m:00s; CPU Time elapsed 0h:00m:00s; Memory used current: 139MB peak: 141MB)


Available hyper_sources - for debug and ip models
	None Found

@W: FA239 :"c:\users\elith\documents\github\arqui3cm3\lcd00\lcddata00.vhdl":61:19:61:26|ROM outworddd_2[6:0] (in view: work.lcddata00(arch)) mapped in logic. To map to a technology ROM, apply attribute syn_romstyle on this instance.
@W: FA239 :"c:\users\elith\documents\github\arqui3cm3\lcd00\lcddata00.vhdl":61:19:61:26|ROM outworddd_2[6:0] (in view: work.lcddata00(arch)) mapped in logic. To map to a technology ROM, apply attribute syn_romstyle on this instance.
@N: MO106 :"c:\users\elith\documents\github\arqui3cm3\lcd00\lcddata00.vhdl":61:19:61:26|Found ROM .delname. (in view: work.lcddata00(arch)) with 32 words by 7 bits.

Finished RTL optimizations (Real Time elapsed 0h:00m:00s; CPU Time elapsed 0h:00m:00s; Memory used current: 140MB peak: 141MB)


Starting factoring (Real Time elapsed 0h:00m:00s; CPU Time elapsed 0h:00m:00s; Memory used current: 140MB peak: 141MB)


Finished factoring (Real Time elapsed 0h:00m:00s; CPU Time elapsed 0h:00m:00s; Memory used current: 140MB peak: 141MB)


Finished gated-clock and generated-clock conversion (Real Time elapsed 0h:00m:00s; CPU Time elapsed 0h:00m:00s; Memory used current: 140MB peak: 141MB)


Finished generic timing optimizations - Pass 1 (Real Time elapsed 0h:00m:00s; CPU Time elapsed 0h:00m:00s; Memory used current: 140MB peak: 141MB)


Starting Early Timing Optimization (Real Time elapsed 0h:00m:00s; CPU Time elapsed 0h:00m:00s; Memory used current: 140MB peak: 141MB)


Finished Early Timing Optimization (Real Time elapsed 0h:00m:00s; CPU Time elapsed 0h:00m:00s; Memory used current: 140MB peak: 141MB)


Finished generic timing optimizations - Pass 2 (Real Time elapsed 0h:00m:00s; CPU Time elapsed 0h:00m:00s; Memory used current: 140MB peak: 141MB)


Finished preparing to map (Real Time elapsed 0h:00m:00s; CPU Time elapsed 0h:00m:00s; Memory used current: 140MB peak: 141MB)


Finished technology mapping (Real Time elapsed 0h:00m:00s; CPU Time elapsed 0h:00m:00s; Memory used current: 141MB peak: 143MB)

Pass		 CPU time		Worst Slack		Luts / Registers
------------------------------------------------------------
   1		0h:00m:00s		   471.70ns		  86 /        63

Finished technology timing optimizations and critical path resynthesis (Real Time elapsed 0h:00m:00s; CPU Time elapsed 0h:00m:00s; Memory used current: 141MB peak: 143MB)

@N: FX164 |The option to pack registers in the IOB has not been specified. Please set syn_useioff attribute.  
@A: BN291 :"c:\users\elith\documents\github\arqui3cm3\lcd00\lcdcontconfig00.vhdl":20:2:20:3|Boundary register L01.outcontcc_4_.fb (in view: work.toplcd00(arch)) is packed into a complex cell. To disable register packing, set syn_keep=1 on the net between the register and the complex cell. 
@A: BN291 :"c:\users\elith\documents\github\arqui3cm3\lcd00\lcdcontconfig00.vhdl":20:2:20:3|Boundary register L01.outcontcc_3_.fb (in view: work.toplcd00(arch)) is packed into a complex cell. To disable register packing, set syn_keep=1 on the net between the register and the complex cell. 
@A: BN291 :"c:\users\elith\documents\github\arqui3cm3\lcd00\lcdcontconfig00.vhdl":20:2:20:3|Boundary register L01.outcontcc_2_.fb (in view: work.toplcd00(arch)) is packed into a complex cell. To disable register packing, set syn_keep=1 on the net between the register and the complex cell. 
@A: BN291 :"c:\users\elith\documents\github\arqui3cm3\lcd00\lcdcontconfig00.vhdl":20:2:20:3|Boundary register L01.outcontcc_1_.fb (in view: work.toplcd00(arch)) is packed into a complex cell. To disable register packing, set syn_keep=1 on the net between the register and the complex cell. 
@A: BN291 :"c:\users\elith\documents\github\arqui3cm3\lcd00\lcdcontconfig00.vhdl":20:2:20:3|Boundary register L01.outcontcc_0_.fb (in view: work.toplcd00(arch)) is packed into a complex cell. To disable register packing, set syn_keep=1 on the net between the register and the complex cell. 
@A: BN291 :"c:\users\elith\documents\github\arqui3cm3\lcd00\lcdmux00.vhdl":31:2:31:3|Boundary register L05.ENlm.fb (in view: work.toplcd00(arch)) is packed into a complex cell. To disable register packing, set syn_keep=1 on the net between the register and the complex cell. 
@A: BN291 :"c:\users\elith\documents\github\arqui3cm3\lcd00\lcdmux00.vhdl":31:2:31:3|Boundary register L05.RSlm.fb (in view: work.toplcd00(arch)) is packed into a complex cell. To disable register packing, set syn_keep=1 on the net between the register and the complex cell. 
@A: BN291 :"c:\users\elith\documents\github\arqui3cm3\lcd00\lcdmux00.vhdl":31:2:31:3|Boundary register L05.outwordlm_7_.fb (in view: work.toplcd00(arch)) is packed into a complex cell. To disable register packing, set syn_keep=1 on the net between the register and the complex cell. 
@A: BN291 :"c:\users\elith\documents\github\arqui3cm3\lcd00\lcdmux00.vhdl":31:2:31:3|Boundary register L05.outwordlm_6_.fb (in view: work.toplcd00(arch)) is packed into a complex cell. To disable register packing, set syn_keep=1 on the net between the register and the complex cell. 
@A: BN291 :"c:\users\elith\documents\github\arqui3cm3\lcd00\lcdmux00.vhdl":31:2:31:3|Boundary register L05.outwordlm_5_.fb (in view: work.toplcd00(arch)) is packed into a complex cell. To disable register packing, set syn_keep=1 on the net between the register and the complex cell. 
@A: BN291 :"c:\users\elith\documents\github\arqui3cm3\lcd00\lcdmux00.vhdl":31:2:31:3|Boundary register L05.outwordlm_4_.fb (in view: work.toplcd00(arch)) is packed into a complex cell. To disable register packing, set syn_keep=1 on the net between the register and the complex cell. 
@A: BN291 :"c:\users\elith\documents\github\arqui3cm3\lcd00\lcdmux00.vhdl":31:2:31:3|Boundary register L05.outwordlm_3_.fb (in view: work.toplcd00(arch)) is packed into a complex cell. To disable register packing, set syn_keep=1 on the net between the register and the complex cell. 
@A: BN291 :"c:\users\elith\documents\github\arqui3cm3\lcd00\lcdmux00.vhdl":31:2:31:3|Boundary register L05.outwordlm_2_.fb (in view: work.toplcd00(arch)) is packed into a complex cell. To disable register packing, set syn_keep=1 on the net between the register and the complex cell. 
@A: BN291 :"c:\users\elith\documents\github\arqui3cm3\lcd00\lcdmux00.vhdl":31:2:31:3|Boundary register L05.outwordlm_1_.fb (in view: work.toplcd00(arch)) is packed into a complex cell. To disable register packing, set syn_keep=1 on the net between the register and the complex cell. 
@A: BN291 :"c:\users\elith\documents\github\arqui3cm3\lcd00\lcdmux00.vhdl":31:2:31:3|Boundary register L05.outwordlm_0_.fb (in view: work.toplcd00(arch)) is packed into a complex cell. To disable register packing, set syn_keep=1 on the net between the register and the complex cell. 
@A: BN291 :"c:\users\elith\documents\github\arqui3cm3\lcd00\lcdcontdata00.vhdl":24:2:24:3|Boundary register L03.outcd_0_.fb (in view: work.toplcd00(arch)) is packed into a complex cell. To disable register packing, set syn_keep=1 on the net between the register and the complex cell. 
@A: BN291 :"c:\users\elith\documents\github\arqui3cm3\lcd00\lcdcontdata00.vhdl":24:2:24:3|Boundary register L03.outcd_1_.fb (in view: work.toplcd00(arch)) is packed into a complex cell. To disable register packing, set syn_keep=1 on the net between the register and the complex cell. 
@A: BN291 :"c:\users\elith\documents\github\arqui3cm3\lcd00\lcdcontdata00.vhdl":24:2:24:3|Boundary register L03.outcd_2_.fb (in view: work.toplcd00(arch)) is packed into a complex cell. To disable register packing, set syn_keep=1 on the net between the register and the complex cell. 
@A: BN291 :"c:\users\elith\documents\github\arqui3cm3\lcd00\lcdcontdata00.vhdl":24:2:24:3|Boundary register L03.outcd_3_.fb (in view: work.toplcd00(arch)) is packed into a complex cell. To disable register packing, set syn_keep=1 on the net between the register and the complex cell. 
@A: BN291 :"c:\users\elith\documents\github\arqui3cm3\lcd00\lcdcontdata00.vhdl":24:2:24:3|Boundary register L03.outcd_4_.fb (in view: work.toplcd00(arch)) is packed into a complex cell. To disable register packing, set syn_keep=1 on the net between the register and the complex cell. 
@A: BN291 :"c:\users\elith\documents\github\arqui3cm3\lcd00\lcdconfig00.vhdl":24:2:24:3|Boundary register L02.outFlagc.fb (in view: work.toplcd00(arch)) is packed into a complex cell. To disable register packing, set syn_keep=1 on the net between the register and the complex cell. 

Finished restoring hierarchy (Real Time elapsed 0h:00m:00s; CPU Time elapsed 0h:00m:00s; Memory used current: 141MB peak: 143MB)

@N: MT611 :|Automatically generated clock div00|outdiv_derived_clock is not used and is being removed


@S |Clock Optimization Summary


#### START OF CLOCK OPTIMIZATION REPORT #####[

0 non-gated/non-generated clock tree(s) driving 0 clock pin(s) of sequential element(s)
1 gated/generated clock tree(s) driving 63 clock pin(s) of sequential element(s)
0 instances converted, 63 sequential instances remain driven by gated/generated clocks

================================================================================================= Gated/Generated Clocks ==================================================================================================
Clock Tree ID     Driving Element      Drive Element Type     Fanout     Sample Instance     Explanation                                                                                                                   
---------------------------------------------------------------------------------------------------------------------------------------------------------------------------------------------------------------------------
@K:CKID0001       L00.D00.OSCInst0     OSCH                   63         L05_ENlmio          Gating structure creates improper gating logic. See the Gated Clocks description in the user guide for conversion requirements
===========================================================================================================================================================================================================================


##### END OF CLOCK OPTIMIZATION REPORT ######]


Start Writing Netlists (Real Time elapsed 0h:00m:00s; CPU Time elapsed 0h:00m:00s; Memory used current: 108MB peak: 143MB)

Writing Analyst data base C:\Users\ELITH\Documents\GitHub\arqui3CM3\lcd00\lcd00\synwork\lcd00_lcd00_m.srm

Finished Writing Netlist Databases (Real Time elapsed 0h:00m:01s; CPU Time elapsed 0h:00m:01s; Memory used current: 140MB peak: 143MB)

Writing EDIF Netlist and constraint files
@N: FX1056 |Writing EDF file: C:\Users\ELITH\Documents\GitHub\arqui3CM3\lcd00\lcd00\lcd00_lcd00.edi
L-2016.09L-1
@N: BW106 |Synplicity Constraint File capacitance units using default value of 1pF 

Finished Writing EDIF Netlist and constraint files (Real Time elapsed 0h:00m:01s; CPU Time elapsed 0h:00m:01s; Memory used current: 144MB peak: 146MB)


Start final timing analysis (Real Time elapsed 0h:00m:01s; CPU Time elapsed 0h:00m:01s; Memory used current: 145MB peak: 146MB)

@W: MT420 |Found inferred clock osc00|osc_int_inferred_clock with period 480.77ns. Please declare a user-defined clock on object "n:L00.D00.osc_int"


##### START OF TIMING REPORT #####[
# Timing Report written on Tue Nov 21 21:51:10 2017
#


Top view:               toplcd00
Requested Frequency:    2.1 MHz
Wire load mode:         top
Paths requested:        5
Constraint File(s):    
@N: MT320 |This timing report is an estimate of place and route data. For final timing results, use the FPGA vendor place and route report.

@N: MT322 |Clock constraints include only register-to-register paths associated with each individual clock.



Performance Summary
*******************


Worst slack in design: 469.852

                                 Requested     Estimated     Requested     Estimated                 Clock        Clock              
Starting Clock                   Frequency     Frequency     Period        Period        Slack       Type         Group              
-------------------------------------------------------------------------------------------------------------------------------------
osc00|osc_int_inferred_clock     2.1 MHz       91.6 MHz      480.769       10.917        469.852     inferred     Inferred_clkgroup_0
=====================================================================================================================================





Clock Relationships
*******************

Clocks                                                      |    rise  to  rise     |    fall  to  fall   |    rise  to  fall   |    fall  to  rise 
----------------------------------------------------------------------------------------------------------------------------------------------------
Starting                      Ending                        |  constraint  slack    |  constraint  slack  |  constraint  slack  |  constraint  slack
----------------------------------------------------------------------------------------------------------------------------------------------------
osc00|osc_int_inferred_clock  osc00|osc_int_inferred_clock  |  480.769     469.852  |  No paths    -      |  No paths    -      |  No paths    -    
====================================================================================================================================================
 Note: 'No paths' indicates there are no paths in the design for that pair of clock edges.
       'Diff grp' indicates that paths exist but the starting clock and ending clock are in different clock groups.



Interface Information 
*********************

No IO constraint found



====================================
Detailed Report for Clock: osc00|osc_int_inferred_clock
====================================



Starting Points with Worst Slack
********************************

                     Starting                                                          Arrival            
Instance             Reference                        Type        Pin     Net          Time        Slack  
                     Clock                                                                                
----------------------------------------------------------------------------------------------------------
L00.DO1.sdiv[21]     osc00|osc_int_inferred_clock     FD1S3IX     Q       sdiv[21]     1.180       469.852
L00.DO1.sdiv[19]     osc00|osc_int_inferred_clock     FD1S3IX     Q       sdiv[19]     1.108       469.924
L00.DO1.sdiv[20]     osc00|osc_int_inferred_clock     FD1S3IX     Q       sdiv[20]     1.108       469.924
L00.DO1.sdiv[18]     osc00|osc_int_inferred_clock     FD1S3IX     Q       sdiv[18]     1.044       469.988
L00.DO1.sdiv[17]     osc00|osc_int_inferred_clock     FD1S3IX     Q       sdiv[17]     1.148       471.037
L00.DO1.sdiv[16]     osc00|osc_int_inferred_clock     FD1S3IX     Q       sdiv[16]     1.044       471.141
L00.DO1.sdiv[15]     osc00|osc_int_inferred_clock     FD1S3IX     Q       sdiv[15]     1.148       472.190
L00.DO1.sdiv[14]     osc00|osc_int_inferred_clock     FD1S3IX     Q       sdiv[14]     1.044       472.294
L00.DO1.sdiv[0]      osc00|osc_int_inferred_clock     FD1S3IX     Q       sdiv[0]      0.972       475.170
L00.DO1.sdiv[1]      osc00|osc_int_inferred_clock     FD1S3IX     Q       sdiv[1]      0.972       475.313
==========================================================================================================


Ending Points with Worst Slack
******************************

                     Starting                                                              Required            
Instance             Reference                        Type        Pin     Net              Time         Slack  
                     Clock                                                                                     
---------------------------------------------------------------------------------------------------------------
L00.DO1.sdiv[21]     osc00|osc_int_inferred_clock     FD1S3IX     D       un2_sdiv[21]     480.664      469.852
L00.DO1.sdiv[19]     osc00|osc_int_inferred_clock     FD1S3IX     D       un2_sdiv[19]     480.664      469.995
L00.DO1.sdiv[20]     osc00|osc_int_inferred_clock     FD1S3IX     D       un2_sdiv[20]     480.664      469.995
L00.DO1.sdiv[17]     osc00|osc_int_inferred_clock     FD1S3IX     D       un2_sdiv[17]     480.664      470.138
L00.DO1.sdiv[18]     osc00|osc_int_inferred_clock     FD1S3IX     D       un2_sdiv[18]     480.664      470.138
L00.DO1.sdiv[15]     osc00|osc_int_inferred_clock     FD1S3IX     D       un2_sdiv[15]     480.664      470.281
L00.DO1.sdiv[16]     osc00|osc_int_inferred_clock     FD1S3IX     D       un2_sdiv[16]     480.664      470.281
L00.DO1.sdiv[13]     osc00|osc_int_inferred_clock     FD1S3IX     D       un2_sdiv[13]     480.664      470.423
L00.DO1.sdiv[14]     osc00|osc_int_inferred_clock     FD1S3IX     D       un2_sdiv[14]     480.664      470.423
L00.DO1.sdiv[11]     osc00|osc_int_inferred_clock     FD1S3IX     D       un2_sdiv[11]     480.664      470.566
===============================================================================================================



Worst Path Information
***********************


Path information for path number 1: 
      Requested Period:                      480.769
    - Setup time:                            0.106
    + Clock delay at ending point:           0.000 (ideal)
    = Required time:                         480.664

    - Propagation time:                      10.811
    - Clock delay at starting point:         0.000 (ideal)
    = Slack (critical) :                     469.852

    Number of logic level(s):                18
    Starting point:                          L00.DO1.sdiv[21] / Q
    Ending point:                            L00.DO1.sdiv[21] / D
    The start point is clocked by            osc00|osc_int_inferred_clock [rising] on pin CK
    The end   point is clocked by            osc00|osc_int_inferred_clock [rising] on pin CK

Instance / Net                                  Pin      Pin                Arrival     No. of    
Name                               Type         Name     Dir     Delay      Time        Fan Out(s)
--------------------------------------------------------------------------------------------------
L00.DO1.sdiv[21]                   FD1S3IX      Q        Out     1.180      1.180       -         
sdiv[21]                           Net          -        -       -          -           5         
L00.DO1.sdiv_RNI0QQP1[18]          ORCALUT4     D        In      0.000      1.180       -         
L00.DO1.sdiv_RNI0QQP1[18]          ORCALUT4     Z        Out     1.153      2.333       -         
N_18                               Net          -        -       -          -           3         
L00.DO1.sdiv_RNI39NM2[16]          ORCALUT4     C        In      0.000      2.333       -         
L00.DO1.sdiv_RNI39NM2[16]          ORCALUT4     Z        Out     1.153      3.485       -         
N_20                               Net          -        -       -          -           3         
L00.DO1.sdiv_RNI2KJJ3[14]          ORCALUT4     C        In      0.000      3.485       -         
L00.DO1.sdiv_RNI2KJJ3[14]          ORCALUT4     Z        Out     1.089      4.574       -         
N_9                                Net          -        -       -          -           2         
L00.DO1.un2_sdiv_cry_0_0_RNO_5     ORCALUT4     B        In      0.000      4.574       -         
L00.DO1.un2_sdiv_cry_0_0_RNO_5     ORCALUT4     Z        Out     1.017      5.591       -         
un2_sdiv_cry_0_0_RNO_5             Net          -        -       -          -           1         
L00.DO1.un2_sdiv_cry_0_0_RNO_1     PFUMX        BLUT     In      0.000      5.591       -         
L00.DO1.un2_sdiv_cry_0_0_RNO_1     PFUMX        Z        Out     -0.033     5.558       -         
N_14                               Net          -        -       -          -           1         
L00.DO1.un2_sdiv_cry_0_0_RNO       L6MUX21      D0       In      0.000      5.558       -         
L00.DO1.un2_sdiv_cry_0_0_RNO       L6MUX21      Z        Out     0.732      6.290       -         
un1_outdiv_0_sqmuxa_1[0]           Net          -        -       -          -           1         
L00.DO1.un2_sdiv_cry_0_0           CCU2D        B0       In      0.000      6.290       -         
L00.DO1.un2_sdiv_cry_0_0           CCU2D        COUT     Out     1.545      7.834       -         
un2_sdiv_cry_0                     Net          -        -       -          -           1         
L00.DO1.un2_sdiv_cry_1_0           CCU2D        CIN      In      0.000      7.834       -         
L00.DO1.un2_sdiv_cry_1_0           CCU2D        COUT     Out     0.143      7.977       -         
un2_sdiv_cry_2                     Net          -        -       -          -           1         
L00.DO1.un2_sdiv_cry_3_0           CCU2D        CIN      In      0.000      7.977       -         
L00.DO1.un2_sdiv_cry_3_0           CCU2D        COUT     Out     0.143      8.120       -         
un2_sdiv_cry_4                     Net          -        -       -          -           1         
L00.DO1.un2_sdiv_cry_5_0           CCU2D        CIN      In      0.000      8.120       -         
L00.DO1.un2_sdiv_cry_5_0           CCU2D        COUT     Out     0.143      8.263       -         
un2_sdiv_cry_6                     Net          -        -       -          -           1         
L00.DO1.un2_sdiv_cry_7_0           CCU2D        CIN      In      0.000      8.263       -         
L00.DO1.un2_sdiv_cry_7_0           CCU2D        COUT     Out     0.143      8.406       -         
un2_sdiv_cry_8                     Net          -        -       -          -           1         
L00.DO1.un2_sdiv_cry_9_0           CCU2D        CIN      In      0.000      8.406       -         
L00.DO1.un2_sdiv_cry_9_0           CCU2D        COUT     Out     0.143      8.548       -         
un2_sdiv_cry_10                    Net          -        -       -          -           1         
L00.DO1.un2_sdiv_cry_11_0          CCU2D        CIN      In      0.000      8.548       -         
L00.DO1.un2_sdiv_cry_11_0          CCU2D        COUT     Out     0.143      8.691       -         
un2_sdiv_cry_12                    Net          -        -       -          -           1         
L00.DO1.un2_sdiv_cry_13_0          CCU2D        CIN      In      0.000      8.691       -         
L00.DO1.un2_sdiv_cry_13_0          CCU2D        COUT     Out     0.143      8.834       -         
un2_sdiv_cry_14                    Net          -        -       -          -           1         
L00.DO1.un2_sdiv_cry_15_0          CCU2D        CIN      In      0.000      8.834       -         
L00.DO1.un2_sdiv_cry_15_0          CCU2D        COUT     Out     0.143      8.977       -         
un2_sdiv_cry_16                    Net          -        -       -          -           1         
L00.DO1.un2_sdiv_cry_17_0          CCU2D        CIN      In      0.000      8.977       -         
L00.DO1.un2_sdiv_cry_17_0          CCU2D        COUT     Out     0.143      9.120       -         
un2_sdiv_cry_18                    Net          -        -       -          -           1         
L00.DO1.un2_sdiv_cry_19_0          CCU2D        CIN      In      0.000      9.120       -         
L00.DO1.un2_sdiv_cry_19_0          CCU2D        COUT     Out     0.143      9.262       -         
un2_sdiv_cry_20                    Net          -        -       -          -           1         
L00.DO1.un2_sdiv_s_21_0            CCU2D        CIN      In      0.000      9.262       -         
L00.DO1.un2_sdiv_s_21_0            CCU2D        S0       Out     1.549      10.811      -         
un2_sdiv[21]                       Net          -        -       -          -           1         
L00.DO1.sdiv[21]                   FD1S3IX      D        In      0.000      10.811      -         
==================================================================================================



##### END OF TIMING REPORT #####]

Timing exceptions that could not be applied
None

Finished final timing analysis (Real Time elapsed 0h:00m:01s; CPU Time elapsed 0h:00m:01s; Memory used current: 145MB peak: 146MB)


Finished timing report (Real Time elapsed 0h:00m:01s; CPU Time elapsed 0h:00m:01s; Memory used current: 145MB peak: 146MB)

---------------------------------------
Resource Usage Report
Part: lcmxo2_7000he-4

Register bits: 63 of 6864 (1%)
PIC Latch:       0
I/O cells:       39


Details:
CCU2D:          12
FD1P3AX:        11
FD1P3IX:        25
FD1P3JX:        2
FD1S3AX:        1
FD1S3IX:        22
GSR:            1
IB:             5
L6MUX21:        1
OB:             34
OFS1P3IX:       2
ORCALUT4:       84
OSCH:           1
PFUMX:          6
PUR:            1
VHI:            7
VLO:            8
false:          1
true:           2
Mapper successful!

At Mapper Exit (Real Time elapsed 0h:00m:01s; CPU Time elapsed 0h:00m:01s; Memory used current: 31MB peak: 146MB)

Process took 0h:00m:01s realtime, 0h:00m:01s cputime
# Tue Nov 21 21:51:11 2017

###########################################################]


Synthesis exit by 0.

edif2ngd  -l "MachXO2" -d LCMXO2-7000HE -path "C:/Users/ELITH/Documents/GitHub/arqui3CM3/lcd00/lcd00" -path "C:/Users/ELITH/Documents/GitHub/arqui3CM3/lcd00"   "C:/Users/ELITH/Documents/GitHub/arqui3CM3/lcd00/lcd00/lcd00_lcd00.edi" "lcd00_lcd00.ngo"   
edif2ngd:  version Diamond (64-bit) 3.9.1.119

Copyright (c) 1991-1994 by NeoCAD Inc. All rights reserved.
Copyright (c) 1995 AT&T Corp.   All rights reserved.
Copyright (c) 1995-2001 Lucent Technologies Inc.  All rights reserved.
Copyright (c) 2001 Agere Systems   All rights reserved.
Copyright (c) 2002-2017 Lattice Semiconductor Corporation,  All rights reserved.
Writing the design to lcd00_lcd00.ngo...

Total CPU Time: 0 secs  

Total REAL Time: 0 secs  


ngdbuild  -a "MachXO2" -d LCMXO2-7000HE  -p "C:/lscc/diamond/3.9_x64/ispfpga/xo2c00/data"  -p "C:/Users/ELITH/Documents/GitHub/arqui3CM3/lcd00/lcd00" -p "C:/Users/ELITH/Documents/GitHub/arqui3CM3/lcd00"  "lcd00_lcd00.ngo" "lcd00_lcd00.ngd"  	
ngdbuild:  version Diamond (64-bit) 3.9.1.119

Copyright (c) 1991-1994 by NeoCAD Inc. All rights reserved.
Copyright (c) 1995 AT&T Corp.   All rights reserved.
Copyright (c) 1995-2001 Lucent Technologies Inc.  All rights reserved.
Copyright (c) 2001 Agere Systems   All rights reserved.
Copyright (c) 2002-2017 Lattice Semiconductor Corporation,  All rights reserved.
Reading 'lcd00_lcd00.ngo' ...
Loading NGL library 'C:/lscc/diamond/3.9_x64/ispfpga/xo2c00a/data/xo2alib.ngl'...
Loading NGL library 'C:/lscc/diamond/3.9_x64/ispfpga/xo2c00/data/xo2clib.ngl'...
Loading NGL library 'C:/lscc/diamond/3.9_x64/ispfpga/mg5g00/data/mg5glib.ngl'...
Loading NGL library 'C:/lscc/diamond/3.9_x64/ispfpga/or5g00/data/orc5glib.ngl'...


Running DRC...

    <postMsg mid="1166052" type="Warning" dynamic="2" navigation="1" arg0="logical" arg1="L00/DO1/un2_sdiv_s_21_0_COUT" arg2="L00/DO1/un2_sdiv_s_21_0_COUT"  />
    <postMsg mid="1166052" type="Warning" dynamic="2" navigation="1" arg0="logical" arg1="L00/DO1/un2_sdiv_s_21_0_S1" arg2="L00/DO1/un2_sdiv_s_21_0_S1"  />
    <postMsg mid="1166052" type="Warning" dynamic="2" navigation="1" arg0="logical" arg1="L00/DO1/un2_sdiv_cry_0_0_S0" arg2="L00/DO1/un2_sdiv_cry_0_0_S0"  />
    <postMsg mid="1166052" type="Warning" dynamic="2" navigation="1" arg0="logical" arg1="L00/D00/OSCInst0_SEDSTDBY" arg2="L00/D00/OSCInst0_SEDSTDBY"  />
    <postMsg mid="1163101" type="Warning" dynamic="1" navigation="0" arg0="4"  />

Design Results:
    222 blocks expanded
Complete the first expansion.
Writing 'lcd00_lcd00.ngd' ...
Total CPU Time: 0 secs  

Total REAL Time: 0 secs  


map -a "MachXO2" -p LCMXO2-7000HE -t TQFP144 -s 4 -oc Commercial   "lcd00_lcd00.ngd" -o "lcd00_lcd00_map.ncd" -pr "lcd00_lcd00.prf" -mp "lcd00_lcd00.mrp" -lpf "C:/Users/ELITH/Documents/GitHub/arqui3CM3/lcd00/lcd00/lcd00_lcd00_synplify.lpf" -lpf "C:/Users/ELITH/Documents/GitHub/arqui3CM3/lcd00/lcd00.lpf" -c 0            
map:  version Diamond (64-bit) 3.9.1.119

Copyright (c) 1991-1994 by NeoCAD Inc. All rights reserved.
Copyright (c) 1995 AT&T Corp.   All rights reserved.
Copyright (c) 1995-2001 Lucent Technologies Inc.  All rights reserved.
Copyright (c) 2001 Agere Systems   All rights reserved.
Copyright (c) 2002-2017 Lattice Semiconductor Corporation,  All rights reserved.
   Process the file: lcd00_lcd00.ngd
   Picdevice="LCMXO2-7000HE"

   Pictype="TQFP144"

   Picspeed=4

   Remove unused logic

   Do not produce over sized NCDs.

Part used: LCMXO2-7000HETQFP144, Performance used: 4.

Loading device for application map from file 'xo2c7000.nph' in environment: C:/lscc/diamond/3.9_x64/ispfpga.
Package Status:                     Final          Version 1.39.

Running general design DRC...

Removing unused logic...

Optimizing...




Design Summary:
   Number of registers:     63 out of  7209 (1%)
      PFU registers:           61 out of  6864 (1%)
      PIO registers:            2 out of   345 (1%)
   Number of SLICEs:        55 out of  3432 (2%)
      SLICEs as Logic/ROM:     55 out of  3432 (2%)
      SLICEs as RAM:            0 out of  2574 (0%)
      SLICEs as Carry:         12 out of  3432 (0%)
   Number of LUT4s:        109 out of  6864 (2%)
      Number used as logic LUTs:         85
      Number used as distributed RAM:     0
      Number used as ripple logic:       24
      Number used as shift registers:     0
   Number of PIO sites used: 39 + 4(JTAG) out of 115 (37%)
   Number of block RAMs:  0 out of 26 (0%)
   Number of GSRs:  0 out of 1 (0%)
   EFB used :       No
   JTAG used :      No
   Readback used :  No
   Oscillator used :  Yes
   Startup used :   No
   POR :            On
   Bandgap :        On
   Number of Power Controller:  0 out of 1 (0%)
   Number of Dynamic Bank Controller (BCINRD):  0 out of 6 (0%)
   Number of Dynamic Bank Controller (BCLVDSO):  0 out of 1 (0%)
   Number of DCCA:  0 out of 8 (0%)
   Number of DCMA:  0 out of 2 (0%)
   Number of PLLs:  0 out of 2 (0%)
   Number of DQSDLLs:  0 out of 2 (0%)
   Number of CLKDIVC:  0 out of 4 (0%)
   Number of ECLKSYNCA:  0 out of 4 (0%)
   Number of ECLKBRIDGECS:  0 out of 2 (0%)
   Notes:-
      1. Total number of LUT4s = (Number of logic LUT4s) + 2*(Number of distributed RAMs) + 2*(Number of ripple logic)
      2. Number of logic LUT4s does not include count of distributed RAM and ripple logic.
   Number of clocks:  1
     Net L00.sclk_0: 40 loads, 40 rising, 0 falling (Driver: L00/D00/OSCInst0 )
   Number of Clock Enables:  7
     Net G_14: 13 loads, 11 LSLICEs
     Net L04/outworddd_1_cnv[0]: 4 loads, 4 LSLICEs
     Net L03/aux_cnv: 3 loads, 3 LSLICEs
     Net L02/outFlagc_RNO: 1 loads, 1 LSLICEs
     Net L02/ENc_17_sqmuxa_RNIPVVJG: 4 loads, 4 LSLICEs
     Net L02/comandoc_1_RNO[7]: 1 loads, 1 LSLICEs
     Net L02/ENc_RNO: 1 loads, 1 LSLICEs
   Number of LSRs:  5
     Net G_16: 10 loads, 8 LSLICEs
     Net G_31: 4 loads, 4 LSLICEs
     Net L03/outcd_48: 3 loads, 3 LSLICEs
     Net L02/G_44: 1 loads, 1 LSLICEs
     Net L00/DO1/N_32_i: 12 loads, 12 LSLICEs
   Number of nets driven by tri-state buffers:  0
   Top 10 highest fanout non-clock nets:
     Net G_14: 23 loads
     Net outflagc0_c: 22 loads
     Net outcd0_c[2]: 14 loads
     Net outcontcc0_c[1]: 14 loads
     Net outcd0_c[0]: 13 loads
     Net outcd0_c[1]: 13 loads
     Net L00/DO1/N_32_i: 12 loads
     Net outcd0_c[3]: 12 loads
     Net outcontcc0_c[3]: 12 loads
     Net outcd0_c[4]: 11 loads
 

   Number of warnings:  0
   Number of errors:    0



Total CPU Time: 1 secs  
Total REAL Time: 0 secs  
Peak Memory Usage: 58 MB

Dumping design to file lcd00_lcd00_map.ncd.

mpartrce -p "lcd00_lcd00.p2t" -f "lcd00_lcd00.p3t" -tf "lcd00_lcd00.pt" "lcd00_lcd00_map.ncd" "lcd00_lcd00.ncd"

---- MParTrce Tool ----
Removing old design directory at request of -rem command line option to this program.
Running par. Please wait . . .

Lattice Place and Route Report for Design "lcd00_lcd00_map.ncd"
Tue Nov 21 21:51:16 2017

PAR: Place And Route Diamond (64-bit) 3.9.1.119.
Command Line: par -w -l 5 -i 6 -t 1 -c 0 -e 0 -gui -msgset C:/Users/ELITH/Documents/GitHub/arqui3CM3/lcd00/promote.xml -exp parUseNBR=1:parCDP=0:parCDR=0:parPathBased=OFF lcd00_lcd00_map.ncd lcd00_lcd00.dir/5_1.ncd lcd00_lcd00.prf
Preference file: lcd00_lcd00.prf.
Placement level-cost: 5-1.
Routing Iterations: 6

Loading design for application par from file lcd00_lcd00_map.ncd.
Design name: toplcd00
NCD version: 3.3
Vendor:      LATTICE
Device:      LCMXO2-7000HE
Package:     TQFP144
Performance: 4
Loading device for application par from file 'xo2c7000.nph' in environment: C:/lscc/diamond/3.9_x64/ispfpga.
Package Status:                     Final          Version 1.39.
Performance Hardware Data Status:   Final          Version 34.4.
License checked out.


Ignore Preference Error(s):  True
Device utilization summary:

   PIO (prelim)   39+4(JTAG)/336     13% used
                  39+4(JTAG)/115     37% bonded
   IOLOGIC            2/336          <1% used

   SLICE             55/3432          1% used

   OSC                1/1           100% used


Number of Signals: 182
Number of Connections: 507

Pin Constraint Summary:
   30 out of 39 pins locked (76% locked).

The following 1 signal is selected to use the primary clock routing resources:
    L00.sclk_0 (driver: L00/D00/OSCInst0, clk load #: 40)


The following 3 signals are selected to use the secondary clock routing resources:
    G_14 (driver: SLICE_43, clk load #: 0, sr load #: 0, ce load #: 13)
    L00/DO1/N_32_i (driver: L00/DO1/SLICE_13, clk load #: 0, sr load #: 12, ce load #: 0)
    G_16 (driver: SLICE_21, clk load #: 0, sr load #: 10, ce load #: 0)

No signal is selected as Global Set/Reset.
.
Starting Placer Phase 0.
..........
Finished Placer Phase 0.  REAL time: 2 secs 

Starting Placer Phase 1.
..................
Placer score = 43868.
Finished Placer Phase 1.  REAL time: 13 secs 

Starting Placer Phase 2.
.
Placer score =  43407
Finished Placer Phase 2.  REAL time: 13 secs 


------------------ Clock Report ------------------

Global Clock Resources:
  CLK_PIN    : 0 out of 8 (0%)
  PLL        : 0 out of 2 (0%)
  DCM        : 0 out of 2 (0%)
  DCC        : 0 out of 8 (0%)

Quadrants All (TL, TR, BL, BR) - Global Clocks:
  PRIMARY "L00.sclk_0" from OSC on comp "L00/D00/OSCInst0" on site "OSC", clk load = 40
  SECONDARY "G_14" from F1 on comp "SLICE_43" on site "R14C18B", clk load = 0, ce load = 13, sr load = 0
  SECONDARY "L00/DO1/N_32_i" from F1 on comp "L00/DO1/SLICE_13" on site "R14C18D", clk load = 0, ce load = 0, sr load = 12
  SECONDARY "G_16" from F1 on comp "SLICE_21" on site "R21C18C", clk load = 0, ce load = 0, sr load = 10

  PRIMARY  : 1 out of 8 (12%)
  SECONDARY: 3 out of 8 (37%)

Edge Clocks:
  No edge clock selected.

--------------- End of Clock Report ---------------


I/O Usage Summary (final):
   39 + 4(JTAG) out of 336 (12.8%) PIO sites used.
   39 + 4(JTAG) out of 115 (37.4%) bonded PIO sites used.
   Number of PIO comps: 39; differential: 0.
   Number of Vref pins used: 0.

I/O Bank Usage Summary:
+----------+----------------+------------+-----------+
| I/O Bank | Usage          | Bank Vccio | Bank Vref |
+----------+----------------+------------+-----------+
| 0        | 8 / 28 ( 28%)  | 2.5V       | -         |
| 1        | 2 / 29 (  6%)  | 2.5V       | -         |
| 2        | 6 / 29 ( 20%)  | 2.5V       | -         |
| 3        | 3 / 9 ( 33%)   | 2.5V       | -         |
| 4        | 10 / 10 (100%) | 2.5V       | -         |
| 5        | 10 / 10 (100%) | 2.5V       | -         |
+----------+----------------+------------+-----------+

Total placer CPU time: 12 secs 

Dumping design to file lcd00_lcd00.dir/5_1.ncd.

0 connections routed; 507 unrouted.
Starting router resource preassignment

Completed router resource preassignment. Real time: 16 secs 

Start NBR router at 21:51:32 11/21/17

*****************************************************************
Info: NBR allows conflicts(one node used by more than one signal)
      in the earlier iterations. In each iteration, it tries to  
      solve the conflicts while keeping the critical connections 
      routed as short as possible. The routing process is said to
      be completed when no conflicts exist and all connections   
      are routed.                                                
Note: NBR uses a different method to calculate timing slacks. The
      worst slack and total negative slack may not be the same as
      that in TRCE report. You should always run TRCE to verify  
      your design.                                               
*****************************************************************

Start NBR special constraint process at 21:51:32 11/21/17

Start NBR section for initial routing at 21:51:32 11/21/17
Level 4, iteration 1
4(0.00%) conflicts; 0(0.00%) untouched conn; 0 (nbr) score; 
Estimated worst slack/total negative slack<setup>: 465.059ns/0.000ns; real time: 16 secs 

Info: Initial congestion level at 75% usage is 0
Info: Initial congestion area  at 75% usage is 0 (0.00%)

Start NBR section for normal routing at 21:51:32 11/21/17
Level 4, iteration 1
1(0.00%) conflict; 0(0.00%) untouched conn; 0 (nbr) score; 
Estimated worst slack/total negative slack<setup>: 465.059ns/0.000ns; real time: 16 secs 
Level 4, iteration 2
0(0.00%) conflict; 0(0.00%) untouched conn; 0 (nbr) score; 
Estimated worst slack/total negative slack<setup>: 465.059ns/0.000ns; real time: 16 secs 

Start NBR section for setup/hold timing optimization with effort level 3 at 21:51:32 11/21/17

Start NBR section for re-routing at 21:51:33 11/21/17
Level 4, iteration 1
0(0.00%) conflict; 0(0.00%) untouched conn; 0 (nbr) score; 
Estimated worst slack/total negative slack<setup>: 465.059ns/0.000ns; real time: 17 secs 

Start NBR section for post-routing at 21:51:33 11/21/17

End NBR router with 0 unrouted connection

NBR Summary
-----------
  Number of unrouted connections : 0 (0.00%)
  Number of connections with timing violations : 0 (0.00%)
  Estimated worst slack<setup> : 465.059ns
  Timing score<setup> : 0
-----------
Notes: The timing info is calculated for SETUP only and all PAR_ADJs are ignored.



Total CPU time 17 secs 
Total REAL time: 17 secs 
Completely routed.
End of route.  507 routed (100.00%); 0 unrouted.

Hold time timing score: 0, hold timing errors: 0

Timing score: 0 

Dumping design to file lcd00_lcd00.dir/5_1.ncd.


PAR_SUMMARY::Run status = completed
PAR_SUMMARY::Number of unrouted conns = 0
PAR_SUMMARY::Worst  slack<setup/<ns>> = 465.059
PAR_SUMMARY::Timing score<setup/<ns>> = 0.000
PAR_SUMMARY::Worst  slack<hold /<ns>> = 0.377
PAR_SUMMARY::Timing score<hold /<ns>> = 0.000
PAR_SUMMARY::Number of errors = 0

Total CPU  time to completion: 17 secs 
Total REAL time to completion: 18 secs 

par done!

Copyright (c) 1991-1994 by NeoCAD Inc. All rights reserved.
Copyright (c) 1995 AT&T Corp.   All rights reserved.
Copyright (c) 1995-2001 Lucent Technologies Inc.  All rights reserved.
Copyright (c) 2001 Agere Systems   All rights reserved.
Copyright (c) 2002-2017 Lattice Semiconductor Corporation,  All rights reserved.
Exiting par with exit code 0
Exiting mpartrce with exit code 0

bitgen -f "lcd00_lcd00.t2b" -w "lcd00_lcd00.ncd" -jedec "lcd00_lcd00.prf"


BITGEN: Bitstream Generator Diamond (64-bit) 3.9.1.119
Copyright (c) 1991-1994 by NeoCAD Inc. All rights reserved.
Copyright (c) 1995 AT&T Corp.   All rights reserved.
Copyright (c) 1995-2001 Lucent Technologies Inc.  All rights reserved.
Copyright (c) 2001 Agere Systems   All rights reserved.
Copyright (c) 2002-2017 Lattice Semiconductor Corporation,  All rights reserved.


Loading design for application Bitgen from file lcd00_lcd00.ncd.
Design name: toplcd00
NCD version: 3.3
Vendor:      LATTICE
Device:      LCMXO2-7000HE
Package:     TQFP144
Performance: 4
Loading device for application Bitgen from file 'xo2c7000.nph' in environment: C:/lscc/diamond/3.9_x64/ispfpga.
Package Status:                     Final          Version 1.39.
Performance Hardware Data Status:   Final          Version 34.4.

Running DRC.
DRC detected 0 errors and 0 warnings.
Reading Preference File from lcd00_lcd00.prf.

Preference Summary:
+---------------------------------+---------------------------------+
|  Preference                     |  Current Setting                |
+---------------------------------+---------------------------------+
|                         RamCfg  |                        Reset**  |
+---------------------------------+---------------------------------+
|                     MCCLK_FREQ  |                         2.08**  |
+---------------------------------+---------------------------------+
|                  CONFIG_SECURE  |                          OFF**  |
+---------------------------------+---------------------------------+
|                          INBUF  |                           ON**  |
+---------------------------------+---------------------------------+
|                      JTAG_PORT  |                       ENABLE**  |
+---------------------------------+---------------------------------+
|                       SDM_PORT  |                      DISABLE**  |
+---------------------------------+---------------------------------+
|                 SLAVE_SPI_PORT  |                      DISABLE**  |
+---------------------------------+---------------------------------+
|                MASTER_SPI_PORT  |                      DISABLE**  |
+---------------------------------+---------------------------------+
|                       I2C_PORT  |                      DISABLE**  |
+---------------------------------+---------------------------------+
|        MUX_CONFIGURATION_PORTS  |                      DISABLE**  |
+---------------------------------+---------------------------------+
|                  CONFIGURATION  |                          CFG**  |
+---------------------------------+---------------------------------+
|                COMPRESS_CONFIG  |                           ON**  |
+---------------------------------+---------------------------------+
|                        MY_ASSP  |                          OFF**  |
+---------------------------------+---------------------------------+
|               ONE_TIME_PROGRAM  |                          OFF**  |
+---------------------------------+---------------------------------+
|                 ENABLE_TRANSFR  |                      DISABLE**  |
+---------------------------------+---------------------------------+
|                  SHAREDEBRINIT  |                      DISABLE**  |
+---------------------------------+---------------------------------+
|            BACKGROUND_RECONFIG  |                          OFF**  |
+---------------------------------+---------------------------------+
 *  Default setting.
 ** The specified setting matches the default setting.


Creating bit map...
 
Bitstream Status: Final           Version 1.94.
 
Saving bit stream in "lcd00_lcd00.jed".
 
===========
UFM Summary.
===========
UFM Size:        2046 Pages (128*2046 Bits).
UFM Utilization: General Purpose Flash Memory.
 
Available General Purpose Flash Memory: 2046 Pages (Page 0 to Page 2045).
Initialized UFM Pages:                     0 Page.
 
